----- Optimized Parameters (2 sig. digits) -----
[0.5431, 5636.0, 0.5525, 0.8549, 1395.0, 0.4923, 0.9829, 0.1038, 3.543e-05]
Cost = 2.76e+04
----- Optimized Parameters (2 sig. digits) -----
[0.5431, 5636.0, 0.5525, 0.8549, 1395.0, 0.4923, 0.9829, 0.1038, 3.543e-05]
Cost = 2.76e+04
----- Optimized Parameters (2 sig. digits) -----
[0.5431, 5636.0, 0.5525, 0.8549, 1395.0, 0.4923, 0.9829, 0.1038, 3.543e-05]
Cost = 2.76e+04
----- Optimized Parameters (2 sig. digits) -----
[0.5431, 5636.0, 0.5525, 0.8549, 1395.0, 0.4923, 0.9829, 0.1038, 3.543e-05]
Cost = 2.76e+04
----- Optimized Parameters (2 sig. digits) -----
[0.5431, 5636.0, 0.5525, 0.8549, 1395.0, 0.4923, 0.9829, 0.1038, 3.543e-05]
Cost = 2.76e+04
----- Optimized Parameters (2 sig. digits) -----
[0.5431, 5636.0, 0.5525, 0.8549, 1395.0, 0.4923, 0.9829, 0.1038, 3.543e-05]
Cost = 2.76e+04
----- Optimized Parameters (2 sig. digits) -----
[0.5431, 5636.0, 0.5525, 0.8549, 1395.0, 0.4923, 0.9829, 0.1038, 3.543e-05]
Cost = 2.76e+04
----- Optimized Parameters (2 sig. digits) -----
[0.5431, 5636.0, 0.5525, 0.8549, 1395.0, 0.4923, 0.9829, 0.1038, 3.543e-05]
Cost = 2.76e+04
----- Optimized Parameters (2 sig. digits) -----
[0.5431, 5636.0, 0.5525, 0.8549, 1395.0, 0.4923, 0.9829, 0.1038, 3.543e-05]
Cost = 2.76e+04
----- Optimized Parameters (2 sig. digits) -----
[0.5431, 5636.0, 0.5525, 0.8549, 1395.0, 0.4923, 0.9829, 0.1038, 3.543e-05]
Cost = 2.76e+04
----- Optimized Parameters (2 sig. digits) -----
[0.5431, 5636.0, 0.5525, 0.8549, 1395.0, 0.4923, 0.9829, 0.1038, 3.544e-05]
Cost = 2.76e+04
----- Optimized Parameters (2 sig. digits) -----
[0.3524, 3473.0, 0.3486, 0.9081, 1636.0, 0.3057, 0.9895, 0.06675, 2.217e-05]
Cost = 1.79e+03
----- Optimized Parameters (2 sig. digits) -----
[0.3524, 3473.0, 0.3486, 0.9081, 1636.0, 0.3057, 0.9895, 0.06675, 2.217e-05]
Cost = 1.79e+03
----- Optimized Parameters (2 sig. digits) -----
[0.3524, 3473.0, 0.3486, 0.9081, 1636.0, 0.3057, 0.9895, 0.06675, 2.217e-05]
Cost = 1.79e+03
----- Optimized Parameters (2 sig. digits) -----
[0.3524, 3473.0, 0.3486, 0.9081, 1636.0, 0.3057, 0.9895, 0.06675, 2.217e-05]
Cost = 1.79e+03
----- Optimized Parameters (2 sig. digits) -----
[0.3524, 3473.0, 0.3486, 0.9081, 1636.0, 0.3057, 0.9895, 0.06675, 2.217e-05]
Cost = 1.79e+03
----- Optimized Parameters (2 sig. digits) -----
[0.3524, 3473.0, 0.3486, 0.9081, 1636.0, 0.3057, 0.9895, 0.06675, 2.217e-05]
Cost = 1.79e+03
----- Optimized Parameters (2 sig. digits) -----
[0.3524, 3473.0, 0.3486, 0.9081, 1636.0, 0.3057, 0.9895, 0.06675, 2.217e-05]
Cost = 1.79e+03
----- Optimized Parameters (2 sig. digits) -----
[0.3524, 3473.0, 0.3486, 0.9081, 1636.0, 0.3057, 0.9895, 0.06675, 2.217e-05]
Cost = 1.79e+03
----- Optimized Parameters (2 sig. digits) -----
[0.3524, 3473.0, 0.3486, 0.9081, 1636.0, 0.3057, 0.9895, 0.06675, 2.217e-05]
Cost = 1.79e+03
----- Optimized Parameters (2 sig. digits) -----
[0.3524, 3473.0, 0.3486, 0.9081, 1636.0, 0.3057, 0.9895, 0.06675, 2.218e-05]
Cost = 1.79e+03
----- Optimized Parameters (2 sig. digits) -----
[0.3979, 3121.0, 0.3217, 0.9104, 1665.0, 0.2825, 0.9902, 0.06002, 2.114e-05]
Cost = 573
----- Optimized Parameters (2 sig. digits) -----
[0.3979, 3121.0, 0.3217, 0.9104, 1665.0, 0.2825, 0.9902, 0.06002, 2.114e-05]
Cost = 573
----- Optimized Parameters (2 sig. digits) -----
[0.3979, 3121.0, 0.3217, 0.9104, 1665.0, 0.2825, 0.9902, 0.06002, 2.114e-05]
Cost = 573
----- Optimized Parameters (2 sig. digits) -----
[0.3979, 3121.0, 0.3217, 0.9104, 1665.0, 0.2825, 0.9902, 0.06002, 2.114e-05]
Cost = 573
----- Optimized Parameters (2 sig. digits) -----
[0.3979, 3121.0, 0.3217, 0.9104, 1665.0, 0.2825, 0.9902, 0.06002, 2.114e-05]
Cost = 573
----- Optimized Parameters (2 sig. digits) -----
[0.3979, 3121.0, 0.3217, 0.9104, 1665.0, 0.2825, 0.9902, 0.06002, 2.114e-05]
Cost = 573
----- Optimized Parameters (2 sig. digits) -----
[0.3979, 3121.0, 0.3217, 0.9104, 1665.0, 0.2825, 0.9902, 0.06002, 2.114e-05]
Cost = 573
----- Optimized Parameters (2 sig. digits) -----
[0.3979, 3121.0, 0.3217, 0.9104, 1665.0, 0.2825, 0.9902, 0.06002, 2.114e-05]
Cost = 573
----- Optimized Parameters (2 sig. digits) -----
[0.3979, 3121.0, 0.3217, 0.9104, 1665.0, 0.2825, 0.9902, 0.06002, 2.114e-05]
Cost = 573
----- Optimized Parameters (2 sig. digits) -----
[0.3979, 3121.0, 0.3217, 0.9104, 1665.0, 0.2825, 0.9902, 0.06002, 2.115e-05]
Cost = 573
----- Optimized Parameters (2 sig. digits) -----
[0.5392, 2694.0, 0.3328, 0.8996, 1676.0, 0.2753, 0.99, 0.05092, 2.258e-05]
Cost = 489
----- Optimized Parameters (2 sig. digits) -----
[0.5392, 2694.0, 0.3328, 0.8996, 1676.0, 0.2753, 0.99, 0.05092, 2.258e-05]
Cost = 489
----- Optimized Parameters (2 sig. digits) -----
[0.5392, 2694.0, 0.3328, 0.8996, 1676.0, 0.2753, 0.99, 0.05092, 2.258e-05]
Cost = 489
----- Optimized Parameters (2 sig. digits) -----
[0.5392, 2694.0, 0.3328, 0.8996, 1676.0, 0.2753, 0.99, 0.05092, 2.258e-05]
Cost = 489
----- Optimized Parameters (2 sig. digits) -----
[0.5392, 2694.0, 0.3328, 0.8996, 1676.0, 0.2753, 0.99, 0.05092, 2.258e-05]
Cost = 489
----- Optimized Parameters (2 sig. digits) -----
[0.5392, 2694.0, 0.3328, 0.8996, 1676.0, 0.2753, 0.99, 0.05092, 2.258e-05]
Cost = 489
----- Optimized Parameters (2 sig. digits) -----
[0.5392, 2694.0, 0.3328, 0.8996, 1676.0, 0.2753, 0.99, 0.05092, 2.258e-05]
Cost = 489
----- Optimized Parameters (2 sig. digits) -----
[0.5392, 2694.0, 0.3328, 0.8996, 1676.0, 0.2753, 0.99, 0.05092, 2.258e-05]
Cost = 489
----- Optimized Parameters (2 sig. digits) -----
[0.5392, 2694.0, 0.3328, 0.8996, 1676.0, 0.2753, 0.99, 0.05092, 2.258e-05]
Cost = 489
----- Optimized Parameters (2 sig. digits) -----
[0.5392, 2694.0, 0.3328, 0.8996, 1676.0, 0.2753, 0.99, 0.05092, 2.26e-05]
Cost = 489
----- Optimized Parameters (2 sig. digits) -----
[0.5918, 312.0, 0.5005, 0.6384, 1514.0, 0.3192, 0.8248, 0.02753, 8.675e-06]
Cost = 839
----- Optimized Parameters (2 sig. digits) -----
[0.6593, 2210.0, 0.5083, 0.5716, 1559.0, 0.3239, 0.7763, 0.01391, 2.124e-07]
Cost = 8.77e+03
----- Optimized Parameters (2 sig. digits) -----
[0.6696, 2607.0, 0.5056, 0.5731, 1631.0, 0.3253, 0.7714, 0.01294, 2.124e-07]
Cost = 8.77e+03
----- Optimized Parameters (2 sig. digits) -----
[0.6727, 2692.0, 0.5107, 0.7073, 1675.0, 0.3316, 0.7728, 0.01136, 2.124e-07]
Cost = 8.79e+03
----- Optimized Parameters (2 sig. digits) -----
[0.5581, 2694.0, 0.3786, 0.8951, 1676.0, 0.3123, 0.9619, 0.0354, 1.544e-05]
Cost = 507
----- Optimized Parameters (2 sig. digits) -----
[0.5434, 2694.0, 0.3438, 0.8986, 1676.0, 0.2852, 0.9837, 0.04701, 2.082e-05]
Cost = 486
----- Optimized Parameters (2 sig. digits) -----
[0.5434, 2694.0, 0.3438, 0.8986, 1676.0, 0.2852, 0.9837, 0.04701, 2.082e-05]
Cost = 486
----- Optimized Parameters (2 sig. digits) -----
[0.5434, 2694.0, 0.3438, 0.8986, 1676.0, 0.2852, 0.9837, 0.04701, 2.082e-05]
Cost = 486
----- Optimized Parameters (2 sig. digits) -----
[0.5434, 2694.0, 0.3438, 0.8986, 1676.0, 0.2852, 0.9837, 0.04701, 2.082e-05]
Cost = 486
----- Optimized Parameters (2 sig. digits) -----
[0.5434, 2694.0, 0.3438, 0.8986, 1676.0, 0.2852, 0.9837, 0.04701, 2.082e-05]
Cost = 486
----- Optimized Parameters (2 sig. digits) -----
[0.5434, 2694.0, 0.3438, 0.8986, 1676.0, 0.2852, 0.9837, 0.04701, 2.082e-05]
Cost = 486
----- Optimized Parameters (2 sig. digits) -----
[0.5434, 2694.0, 0.3438, 0.8986, 1676.0, 0.2852, 0.9837, 0.04701, 2.082e-05]
Cost = 486
----- Optimized Parameters (2 sig. digits) -----
[0.5434, 2694.0, 0.3438, 0.8986, 1676.0, 0.2852, 0.9837, 0.04701, 2.082e-05]
Cost = 486
----- Optimized Parameters (2 sig. digits) -----
[0.5434, 2694.0, 0.3438, 0.8986, 1676.0, 0.2852, 0.9837, 0.04701, 2.082e-05]
Cost = 486
----- Optimized Parameters (2 sig. digits) -----
[0.5434, 2694.0, 0.3438, 0.8986, 1676.0, 0.2852, 0.9837, 0.04701, 2.083e-05]
Cost = 486
----- Optimized Parameters (2 sig. digits) -----
[0.5421, 2694.0, 0.3405, 0.8984, 1676.0, 0.2745, 0.9863, 0.04247, 2.433e-05]
Cost = 472
----- Optimized Parameters (2 sig. digits) -----
[0.5421, 2694.0, 0.3405, 0.8984, 1676.0, 0.2745, 0.9863, 0.04247, 2.433e-05]
Cost = 472
----- Optimized Parameters (2 sig. digits) -----
[0.5421, 2694.0, 0.3405, 0.8984, 1676.0, 0.2745, 0.9863, 0.04247, 2.433e-05]
Cost = 472
----- Optimized Parameters (2 sig. digits) -----
[0.5421, 2694.0, 0.3405, 0.8984, 1676.0, 0.2745, 0.9863, 0.04247, 2.433e-05]
Cost = 472
----- Optimized Parameters (2 sig. digits) -----
[0.5421, 2694.0, 0.3405, 0.8984, 1676.0, 0.2745, 0.9863, 0.04247, 2.433e-05]
Cost = 472
----- Optimized Parameters (2 sig. digits) -----
[0.5421, 2694.0, 0.3405, 0.8984, 1676.0, 0.2745, 0.9863, 0.04247, 2.433e-05]
Cost = 472
----- Optimized Parameters (2 sig. digits) -----
[0.5421, 2694.0, 0.3405, 0.8984, 1676.0, 0.2745, 0.9863, 0.04247, 2.433e-05]
Cost = 472
----- Optimized Parameters (2 sig. digits) -----
[0.5421, 2694.0, 0.3405, 0.8984, 1676.0, 0.2745, 0.9863, 0.04247, 2.433e-05]
Cost = 472
----- Optimized Parameters (2 sig. digits) -----
[0.5421, 2694.0, 0.3405, 0.8984, 1676.0, 0.2745, 0.9863, 0.04247, 2.433e-05]
Cost = 472
----- Optimized Parameters (2 sig. digits) -----
[0.5421, 2694.0, 0.3405, 0.8984, 1676.0, 0.2745, 0.9863, 0.04247, 2.434e-05]
Cost = 471
----- Optimized Parameters (2 sig. digits) -----
[0.5268, 2694.0, 0.3664, 0.8977, 1676.0, 0.2677, 0.9883, 0.01016, 3.526e-05]
Cost = 879
----- Optimized Parameters (2 sig. digits) -----
[0.5414, 2694.0, 0.3413, 0.8983, 1676.0, 0.2734, 0.9866, 0.02987, 2.942e-05]
Cost = 447
----- Optimized Parameters (2 sig. digits) -----
[0.5414, 2694.0, 0.3413, 0.8983, 1676.0, 0.2734, 0.9866, 0.02987, 2.942e-05]
Cost = 447
----- Optimized Parameters (2 sig. digits) -----
[0.5414, 2694.0, 0.3413, 0.8983, 1676.0, 0.2734, 0.9866, 0.02987, 2.942e-05]
Cost = 447
----- Optimized Parameters (2 sig. digits) -----
[0.5414, 2694.0, 0.3413, 0.8983, 1676.0, 0.2734, 0.9866, 0.02987, 2.942e-05]
Cost = 447
----- Optimized Parameters (2 sig. digits) -----
[0.5414, 2694.0, 0.3413, 0.8983, 1676.0, 0.2734, 0.9866, 0.02987, 2.942e-05]
Cost = 447
----- Optimized Parameters (2 sig. digits) -----
[0.5414, 2694.0, 0.3413, 0.8983, 1676.0, 0.2734, 0.9866, 0.02987, 2.942e-05]
Cost = 447
----- Optimized Parameters (2 sig. digits) -----
[0.5414, 2694.0, 0.3413, 0.8983, 1676.0, 0.2734, 0.9866, 0.02987, 2.942e-05]
Cost = 447
----- Optimized Parameters (2 sig. digits) -----
[0.5414, 2694.0, 0.3413, 0.8983, 1676.0, 0.2734, 0.9866, 0.02987, 2.942e-05]
Cost = 447
----- Optimized Parameters (2 sig. digits) -----
[0.5414, 2694.0, 0.3413, 0.8983, 1676.0, 0.2734, 0.9866, 0.02987, 2.942e-05]
Cost = 447
----- Optimized Parameters (2 sig. digits) -----
[0.5414, 2694.0, 0.3413, 0.8983, 1676.0, 0.2734, 0.9866, 0.02987, 2.943e-05]
Cost = 447
----- Optimized Parameters (2 sig. digits) -----
[0.5333, 2694.0, 0.3554, 0.898, 1676.0, 0.2704, 0.9873, 0.01539, 3.889e-05]
Cost = 451
----- Optimized Parameters (2 sig. digits) -----
[0.5407, 2694.0, 0.3423, 0.8983, 1676.0, 0.2728, 0.9867, 0.0237, 3.482e-05]
Cost = 420
----- Optimized Parameters (2 sig. digits) -----
[0.5407, 2694.0, 0.3423, 0.8983, 1676.0, 0.2728, 0.9867, 0.0237, 3.482e-05]
Cost = 420
----- Optimized Parameters (2 sig. digits) -----
[0.5407, 2694.0, 0.3423, 0.8983, 1676.0, 0.2728, 0.9867, 0.0237, 3.482e-05]
Cost = 420
----- Optimized Parameters (2 sig. digits) -----
[0.5407, 2694.0, 0.3423, 0.8983, 1676.0, 0.2728, 0.9867, 0.0237, 3.482e-05]
Cost = 420
----- Optimized Parameters (2 sig. digits) -----
[0.5407, 2694.0, 0.3423, 0.8983, 1676.0, 0.2728, 0.9867, 0.0237, 3.482e-05]
Cost = 420
----- Optimized Parameters (2 sig. digits) -----
[0.5407, 2694.0, 0.3423, 0.8983, 1676.0, 0.2728, 0.9867, 0.0237, 3.482e-05]
Cost = 420
----- Optimized Parameters (2 sig. digits) -----
[0.5407, 2694.0, 0.3423, 0.8983, 1676.0, 0.2728, 0.9867, 0.0237, 3.482e-05]
Cost = 420
----- Optimized Parameters (2 sig. digits) -----
[0.5407, 2694.0, 0.3423, 0.8983, 1676.0, 0.2728, 0.9867, 0.0237, 3.482e-05]
Cost = 420
----- Optimized Parameters (2 sig. digits) -----
[0.5407, 2694.0, 0.3423, 0.8983, 1676.0, 0.2728, 0.9867, 0.0237, 3.482e-05]
Cost = 420
----- Optimized Parameters (2 sig. digits) -----
[0.5407, 2694.0, 0.3423, 0.8983, 1676.0, 0.2728, 0.9867, 0.0237, 3.483e-05]
Cost = 420
----- Optimized Parameters (2 sig. digits) -----
[0.5364, 2694.0, 0.3478, 0.8982, 1676.0, 0.2702, 0.9875, 0.01537, 4.371e-05]
Cost = 405
----- Optimized Parameters (2 sig. digits) -----
[0.5364, 2694.0, 0.3478, 0.8982, 1676.0, 0.2702, 0.9875, 0.01537, 4.371e-05]
Cost = 405
----- Optimized Parameters (2 sig. digits) -----
[0.5364, 2694.0, 0.3478, 0.8982, 1676.0, 0.2702, 0.9875, 0.01537, 4.371e-05]
Cost = 405
----- Optimized Parameters (2 sig. digits) -----
[0.5364, 2694.0, 0.3478, 0.8982, 1676.0, 0.2702, 0.9875, 0.01537, 4.371e-05]
Cost = 405
----- Optimized Parameters (2 sig. digits) -----
[0.5364, 2694.0, 0.3478, 0.8982, 1676.0, 0.2702, 0.9875, 0.01537, 4.371e-05]
Cost = 405
----- Optimized Parameters (2 sig. digits) -----
[0.5364, 2694.0, 0.3478, 0.8982, 1676.0, 0.2702, 0.9875, 0.01537, 4.371e-05]
Cost = 405
----- Optimized Parameters (2 sig. digits) -----
[0.5364, 2694.0, 0.3478, 0.8982, 1676.0, 0.2702, 0.9875, 0.01537, 4.371e-05]
Cost = 405
----- Optimized Parameters (2 sig. digits) -----
[0.5364, 2694.0, 0.3478, 0.8982, 1676.0, 0.2702, 0.9875, 0.01537, 4.371e-05]
Cost = 405
----- Optimized Parameters (2 sig. digits) -----
[0.5364, 2694.0, 0.3478, 0.8982, 1676.0, 0.2702, 0.9875, 0.01537, 4.371e-05]
Cost = 405
----- Optimized Parameters (2 sig. digits) -----
[0.5364, 2694.0, 0.3478, 0.8982, 1676.0, 0.2702, 0.9875, 0.01537, 4.372e-05]
Cost = 405
----- Optimized Parameters (2 sig. digits) -----
[0.5305, 2694.0, 0.355, 0.8981, 1676.0, 0.2674, 0.9884, 0.01306, 5.142e-05]
Cost = 367
----- Optimized Parameters (2 sig. digits) -----
[0.5305, 2694.0, 0.355, 0.8981, 1676.0, 0.2674, 0.9884, 0.01306, 5.142e-05]
Cost = 367
----- Optimized Parameters (2 sig. digits) -----
[0.5305, 2694.0, 0.355, 0.8981, 1676.0, 0.2674, 0.9884, 0.01306, 5.142e-05]
Cost = 367
----- Optimized Parameters (2 sig. digits) -----
[0.5305, 2694.0, 0.355, 0.8981, 1676.0, 0.2674, 0.9884, 0.01306, 5.142e-05]
Cost = 367
----- Optimized Parameters (2 sig. digits) -----
[0.5305, 2694.0, 0.355, 0.8981, 1676.0, 0.2674, 0.9884, 0.01306, 5.142e-05]
Cost = 367
----- Optimized Parameters (2 sig. digits) -----
[0.5305, 2694.0, 0.355, 0.8981, 1676.0, 0.2674, 0.9884, 0.01306, 5.142e-05]
Cost = 367
----- Optimized Parameters (2 sig. digits) -----
[0.5305, 2694.0, 0.355, 0.8981, 1676.0, 0.2674, 0.9884, 0.01306, 5.142e-05]
Cost = 367
----- Optimized Parameters (2 sig. digits) -----
[0.5305, 2694.0, 0.355, 0.8981, 1676.0, 0.2674, 0.9884, 0.01306, 5.142e-05]
Cost = 367
----- Optimized Parameters (2 sig. digits) -----
[0.5305, 2694.0, 0.355, 0.8981, 1676.0, 0.2674, 0.9884, 0.01306, 5.142e-05]
Cost = 367
----- Optimized Parameters (2 sig. digits) -----
[0.5305, 2694.0, 0.355, 0.8981, 1676.0, 0.2674, 0.9884, 0.01306, 5.143e-05]
Cost = 367
----- Optimized Parameters (2 sig. digits) -----
[0.5195, 2694.0, 0.3672, 0.898, 1676.0, 0.2605, 0.9906, 0.01002, 6.239e-05]
Cost = 337
----- Optimized Parameters (2 sig. digits) -----
[0.5195, 2694.0, 0.3672, 0.898, 1676.0, 0.2605, 0.9906, 0.01002, 6.239e-05]
Cost = 337
----- Optimized Parameters (2 sig. digits) -----
[0.5195, 2694.0, 0.3672, 0.898, 1676.0, 0.2605, 0.9906, 0.01002, 6.239e-05]
Cost = 337
----- Optimized Parameters (2 sig. digits) -----
[0.5195, 2694.0, 0.3672, 0.898, 1676.0, 0.2605, 0.9906, 0.01002, 6.239e-05]
Cost = 337
----- Optimized Parameters (2 sig. digits) -----
[0.5195, 2694.0, 0.3672, 0.898, 1676.0, 0.2605, 0.9906, 0.01002, 6.239e-05]
Cost = 337
----- Optimized Parameters (2 sig. digits) -----
[0.5195, 2694.0, 0.3672, 0.898, 1676.0, 0.2605, 0.9906, 0.01002, 6.239e-05]
Cost = 337
----- Optimized Parameters (2 sig. digits) -----
[0.5195, 2694.0, 0.3672, 0.898, 1676.0, 0.2605, 0.9906, 0.01002, 6.239e-05]
Cost = 337
----- Optimized Parameters (2 sig. digits) -----
[0.5195, 2694.0, 0.3672, 0.898, 1676.0, 0.2605, 0.9906, 0.01002, 6.239e-05]
Cost = 337
----- Optimized Parameters (2 sig. digits) -----
[0.5195, 2694.0, 0.3672, 0.898, 1676.0, 0.2605, 0.9906, 0.01002, 6.239e-05]
Cost = 337
----- Optimized Parameters (2 sig. digits) -----
[0.5195, 2694.0, 0.3672, 0.898, 1676.0, 0.2605, 0.9906, 0.01002, 6.24e-05]
Cost = 337
----- Optimized Parameters (2 sig. digits) -----
[0.5162, 2694.0, 0.3711, 0.8979, 1676.0, 0.2591, 0.991, 0.01044, 6.521e-05]
Cost = 323
----- Optimized Parameters (2 sig. digits) -----
[0.5162, 2694.0, 0.3711, 0.8979, 1676.0, 0.2591, 0.991, 0.01044, 6.521e-05]
Cost = 323
----- Optimized Parameters (2 sig. digits) -----
[0.5162, 2694.0, 0.3711, 0.8979, 1676.0, 0.2591, 0.991, 0.01044, 6.521e-05]
Cost = 323
----- Optimized Parameters (2 sig. digits) -----
[0.5162, 2694.0, 0.3711, 0.8979, 1676.0, 0.2591, 0.991, 0.01044, 6.521e-05]
Cost = 323
----- Optimized Parameters (2 sig. digits) -----
[0.5162, 2694.0, 0.3711, 0.8979, 1676.0, 0.2591, 0.991, 0.01044, 6.521e-05]
Cost = 323
----- Optimized Parameters (2 sig. digits) -----
[0.5162, 2694.0, 0.3711, 0.8979, 1676.0, 0.2591, 0.991, 0.01044, 6.521e-05]
Cost = 323
----- Optimized Parameters (2 sig. digits) -----
[0.5162, 2694.0, 0.3711, 0.8979, 1676.0, 0.2591, 0.991, 0.01044, 6.521e-05]
Cost = 323
----- Optimized Parameters (2 sig. digits) -----
[0.5162, 2694.0, 0.3711, 0.8979, 1676.0, 0.2591, 0.991, 0.01044, 6.521e-05]
Cost = 323
----- Optimized Parameters (2 sig. digits) -----
[0.5162, 2694.0, 0.3711, 0.8979, 1676.0, 0.2591, 0.991, 0.01044, 6.521e-05]
Cost = 323
----- Optimized Parameters (2 sig. digits) -----
[0.5162, 2694.0, 0.3711, 0.8979, 1676.0, 0.2591, 0.991, 0.01044, 6.522e-05]
Cost = 324
----- Optimized Parameters (2 sig. digits) -----
[0.5046, 2694.0, 0.3802, 0.8979, 1676.0, 0.2507, 0.991, 0.01036, 7.106e-05]
Cost = 303
----- Optimized Parameters (2 sig. digits) -----
[0.5046, 2694.0, 0.3802, 0.8979, 1676.0, 0.2507, 0.991, 0.01036, 7.106e-05]
Cost = 303
----- Optimized Parameters (2 sig. digits) -----
[0.5046, 2694.0, 0.3802, 0.8979, 1676.0, 0.2507, 0.991, 0.01036, 7.106e-05]
Cost = 303
----- Optimized Parameters (2 sig. digits) -----
[0.5046, 2694.0, 0.3802, 0.8979, 1676.0, 0.2507, 0.991, 0.01036, 7.106e-05]
Cost = 303
----- Optimized Parameters (2 sig. digits) -----
[0.5046, 2694.0, 0.3802, 0.8979, 1676.0, 0.2507, 0.991, 0.01036, 7.106e-05]
Cost = 303
----- Optimized Parameters (2 sig. digits) -----
[0.5046, 2694.0, 0.3802, 0.8979, 1676.0, 0.2507, 0.991, 0.01036, 7.106e-05]
Cost = 303
----- Optimized Parameters (2 sig. digits) -----
[0.5046, 2694.0, 0.3802, 0.8979, 1676.0, 0.2507, 0.991, 0.01036, 7.106e-05]
Cost = 303
----- Optimized Parameters (2 sig. digits) -----
[0.5046, 2694.0, 0.3802, 0.8979, 1676.0, 0.2507, 0.991, 0.01036, 7.106e-05]
Cost = 303
----- Optimized Parameters (2 sig. digits) -----
[0.5046, 2694.0, 0.3802, 0.8979, 1676.0, 0.2507, 0.991, 0.01036, 7.106e-05]
Cost = 303
----- Optimized Parameters (2 sig. digits) -----
[0.5046, 2694.0, 0.3802, 0.8979, 1676.0, 0.2507, 0.991, 0.01036, 7.108e-05]
Cost = 303
----- Optimized Parameters (2 sig. digits) -----
[0.484, 2694.0, 0.3998, 0.8984, 1676.0, 0.2345, 0.9911, 0.01011, 8.464e-05]
Cost = 278
----- Optimized Parameters (2 sig. digits) -----
[0.484, 2694.0, 0.3998, 0.8984, 1676.0, 0.2345, 0.9911, 0.01011, 8.464e-05]
Cost = 278
----- Optimized Parameters (2 sig. digits) -----
[0.484, 2694.0, 0.3998, 0.8984, 1676.0, 0.2345, 0.9911, 0.01011, 8.464e-05]
Cost = 278
----- Optimized Parameters (2 sig. digits) -----
[0.484, 2694.0, 0.3998, 0.8984, 1676.0, 0.2345, 0.9911, 0.01011, 8.464e-05]
Cost = 278
----- Optimized Parameters (2 sig. digits) -----
[0.484, 2694.0, 0.3998, 0.8984, 1676.0, 0.2345, 0.9911, 0.01011, 8.464e-05]
Cost = 278
----- Optimized Parameters (2 sig. digits) -----
[0.484, 2694.0, 0.3998, 0.8984, 1676.0, 0.2345, 0.9911, 0.01011, 8.464e-05]
Cost = 278
----- Optimized Parameters (2 sig. digits) -----
[0.484, 2694.0, 0.3998, 0.8984, 1676.0, 0.2345, 0.9911, 0.01011, 8.464e-05]
Cost = 278
----- Optimized Parameters (2 sig. digits) -----
[0.484, 2694.0, 0.3998, 0.8984, 1676.0, 0.2345, 0.9911, 0.01011, 8.464e-05]
Cost = 278
----- Optimized Parameters (2 sig. digits) -----
[0.484, 2694.0, 0.3998, 0.8984, 1676.0, 0.2345, 0.9911, 0.01011, 8.464e-05]
Cost = 278
----- Optimized Parameters (2 sig. digits) -----
[0.484, 2694.0, 0.3998, 0.8984, 1676.0, 0.2345, 0.9911, 0.01011, 8.465e-05]
Cost = 278
----- Optimized Parameters (2 sig. digits) -----
[0.4824, 2694.0, 0.4016, 0.8984, 1676.0, 0.2346, 0.9909, 0.01013, 8.505e-05]
Cost = 276
----- Optimized Parameters (2 sig. digits) -----
[0.4824, 2694.0, 0.4016, 0.8984, 1676.0, 0.2346, 0.9909, 0.01013, 8.505e-05]
Cost = 276
----- Optimized Parameters (2 sig. digits) -----
[0.4824, 2694.0, 0.4016, 0.8984, 1676.0, 0.2346, 0.9909, 0.01013, 8.505e-05]
Cost = 276
----- Optimized Parameters (2 sig. digits) -----
[0.4824, 2694.0, 0.4016, 0.8984, 1676.0, 0.2346, 0.9909, 0.01013, 8.505e-05]
Cost = 276
----- Optimized Parameters (2 sig. digits) -----
[0.4824, 2694.0, 0.4016, 0.8984, 1676.0, 0.2346, 0.9909, 0.01013, 8.505e-05]
Cost = 276
----- Optimized Parameters (2 sig. digits) -----
[0.4824, 2694.0, 0.4016, 0.8984, 1676.0, 0.2346, 0.9909, 0.01013, 8.505e-05]
Cost = 276
----- Optimized Parameters (2 sig. digits) -----
[0.4824, 2694.0, 0.4016, 0.8984, 1676.0, 0.2346, 0.9909, 0.01013, 8.505e-05]
Cost = 276
----- Optimized Parameters (2 sig. digits) -----
[0.4824, 2694.0, 0.4016, 0.8984, 1676.0, 0.2346, 0.9909, 0.01013, 8.505e-05]
Cost = 276
----- Optimized Parameters (2 sig. digits) -----
[0.4824, 2694.0, 0.4016, 0.8984, 1676.0, 0.2346, 0.9909, 0.01013, 8.505e-05]
Cost = 276
----- Optimized Parameters (2 sig. digits) -----
[0.4824, 2694.0, 0.4016, 0.8984, 1676.0, 0.2346, 0.9909, 0.01013, 8.507e-05]
Cost = 276
----- Optimized Parameters (2 sig. digits) -----
[0.4819, 2694.0, 0.462, 0.9006, 1676.0, 0.2125, 0.94, 0.01008, 7.881e-05]
Cost = 260
----- Optimized Parameters (2 sig. digits) -----
[0.4819, 2694.0, 0.462, 0.9006, 1676.0, 0.2125, 0.94, 0.01008, 7.881e-05]
Cost = 260
----- Optimized Parameters (2 sig. digits) -----
[0.4819, 2694.0, 0.462, 0.9006, 1676.0, 0.2125, 0.94, 0.01008, 7.881e-05]
Cost = 260
----- Optimized Parameters (2 sig. digits) -----
[0.4819, 2694.0, 0.462, 0.9006, 1676.0, 0.2125, 0.94, 0.01008, 7.881e-05]
Cost = 260
----- Optimized Parameters (2 sig. digits) -----
[0.4819, 2694.0, 0.462, 0.9006, 1676.0, 0.2125, 0.94, 0.01008, 7.881e-05]
Cost = 260
----- Optimized Parameters (2 sig. digits) -----
[0.4819, 2694.0, 0.462, 0.9006, 1676.0, 0.2125, 0.94, 0.01008, 7.881e-05]
Cost = 260
----- Optimized Parameters (2 sig. digits) -----
[0.4819, 2694.0, 0.462, 0.9006, 1676.0, 0.2125, 0.94, 0.01008, 7.881e-05]
Cost = 260
----- Optimized Parameters (2 sig. digits) -----
[0.4819, 2694.0, 0.462, 0.9006, 1676.0, 0.2125, 0.94, 0.01008, 7.881e-05]
Cost = 260
----- Optimized Parameters (2 sig. digits) -----
[0.4819, 2694.0, 0.462, 0.9006, 1676.0, 0.2125, 0.94, 0.01008, 7.881e-05]
Cost = 260
----- Optimized Parameters (2 sig. digits) -----
[0.4819, 2694.0, 0.462, 0.9006, 1676.0, 0.2125, 0.94, 0.01008, 7.882e-05]
Cost = 260
----- Optimized Parameters (2 sig. digits) -----
[0.4905, 2693.0, 0.4825, 0.9997, 1676.0, 0.2036, 0.9033, 0.01009, 7.846e-05]
Cost = 254
----- Optimized Parameters (2 sig. digits) -----
[0.4905, 2693.0, 0.4825, 0.9997, 1676.0, 0.2036, 0.9033, 0.01009, 7.846e-05]
Cost = 254
----- Optimized Parameters (2 sig. digits) -----
[0.4905, 2693.0, 0.4825, 0.9997, 1676.0, 0.2036, 0.9033, 0.01009, 7.846e-05]
Cost = 254
----- Optimized Parameters (2 sig. digits) -----
[0.4905, 2693.0, 0.4825, 0.9997, 1676.0, 0.2036, 0.9033, 0.01009, 7.846e-05]
Cost = 254
----- Optimized Parameters (2 sig. digits) -----
[0.4905, 2693.0, 0.4825, 0.9997, 1676.0, 0.2036, 0.9033, 0.01009, 7.846e-05]
Cost = 254
----- Optimized Parameters (2 sig. digits) -----
[0.4905, 2693.0, 0.4825, 0.9997, 1676.0, 0.2036, 0.9033, 0.01009, 7.846e-05]
Cost = 254
----- Optimized Parameters (2 sig. digits) -----
[0.4905, 2693.0, 0.4825, 0.9997, 1676.0, 0.2036, 0.9033, 0.01009, 7.846e-05]
Cost = 254
----- Optimized Parameters (2 sig. digits) -----
[0.4905, 2693.0, 0.4825, 0.9997, 1676.0, 0.2036, 0.9033, 0.01009, 7.846e-05]
Cost = 254
----- Optimized Parameters (2 sig. digits) -----
[0.4905, 2693.0, 0.4825, 0.9997, 1676.0, 0.2036, 0.9033, 0.01009, 7.846e-05]
Cost = 254
----- Optimized Parameters (2 sig. digits) -----
[0.4905, 2693.0, 0.4825, 0.9997, 1676.0, 0.2036, 0.9033, 0.01009, 7.848e-05]
Cost = 254
----- Optimized Parameters (2 sig. digits) -----
[0.5555, 2693.0, 0.5631, 0.9998, 1676.0, 0.1615, 0.7836, 0.01, 8.279e-05]
Cost = 280
----- Optimized Parameters (2 sig. digits) -----
[0.5031, 2693.0, 0.5054, 0.9997, 1676.0, 0.1917, 0.8769, 0.01, 8.206e-05]
Cost = 250
----- Optimized Parameters (2 sig. digits) -----
[0.5031, 2693.0, 0.5054, 0.9997, 1676.0, 0.1917, 0.8769, 0.01, 8.206e-05]
Cost = 250
----- Optimized Parameters (2 sig. digits) -----
[0.5031, 2693.0, 0.5054, 0.9997, 1676.0, 0.1917, 0.8769, 0.01, 8.206e-05]
Cost = 250
----- Optimized Parameters (2 sig. digits) -----
[0.5031, 2693.0, 0.5054, 0.9997, 1676.0, 0.1917, 0.8769, 0.01, 8.206e-05]
Cost = 250
----- Optimized Parameters (2 sig. digits) -----
[0.5031, 2693.0, 0.5054, 0.9997, 1676.0, 0.1917, 0.8769, 0.01, 8.206e-05]
Cost = 250
----- Optimized Parameters (2 sig. digits) -----
[0.5031, 2693.0, 0.5054, 0.9997, 1676.0, 0.1917, 0.8769, 0.01, 8.206e-05]
Cost = 250
----- Optimized Parameters (2 sig. digits) -----
[0.5031, 2693.0, 0.5054, 0.9997, 1676.0, 0.1917, 0.8769, 0.01, 8.206e-05]
Cost = 250
----- Optimized Parameters (2 sig. digits) -----
[0.5031, 2693.0, 0.5054, 0.9997, 1676.0, 0.1917, 0.8769, 0.01, 8.206e-05]
Cost = 250
----- Optimized Parameters (2 sig. digits) -----
[0.5031, 2693.0, 0.5054, 0.9997, 1676.0, 0.1917, 0.8769, 0.01, 8.206e-05]
Cost = 250
----- Optimized Parameters (2 sig. digits) -----
[0.5031, 2693.0, 0.5054, 0.9997, 1676.0, 0.1917, 0.8769, 0.01, 8.207e-05]
Cost = 250
----- Optimized Parameters (2 sig. digits) -----
[0.5336, 2693.0, 0.543, 0.9997, 1676.0, 0.1761, 0.8121, 0.01, 7.851e-05]
Cost = 245
----- Optimized Parameters (2 sig. digits) -----
[0.5336, 2693.0, 0.543, 0.9997, 1676.0, 0.1761, 0.8121, 0.01, 7.851e-05]
Cost = 245
----- Optimized Parameters (2 sig. digits) -----
[0.5336, 2693.0, 0.543, 0.9997, 1676.0, 0.1761, 0.8121, 0.01, 7.851e-05]
Cost = 245
----- Optimized Parameters (2 sig. digits) -----
[0.5336, 2693.0, 0.543, 0.9997, 1676.0, 0.1761, 0.8121, 0.01, 7.851e-05]
Cost = 245
----- Optimized Parameters (2 sig. digits) -----
[0.5336, 2693.0, 0.543, 0.9997, 1676.0, 0.1761, 0.8121, 0.01, 7.851e-05]
Cost = 245
----- Optimized Parameters (2 sig. digits) -----
[0.5336, 2693.0, 0.543, 0.9997, 1676.0, 0.1761, 0.8121, 0.01, 7.851e-05]
Cost = 245
----- Optimized Parameters (2 sig. digits) -----
[0.5336, 2693.0, 0.543, 0.9997, 1676.0, 0.1761, 0.8121, 0.01, 7.851e-05]
Cost = 245
----- Optimized Parameters (2 sig. digits) -----
[0.5336, 2693.0, 0.543, 0.9997, 1676.0, 0.1761, 0.8121, 0.01, 7.851e-05]
Cost = 245
----- Optimized Parameters (2 sig. digits) -----
[0.5336, 2693.0, 0.543, 0.9997, 1676.0, 0.1761, 0.8121, 0.01, 7.851e-05]
Cost = 245
----- Optimized Parameters (2 sig. digits) -----
[0.5336, 2693.0, 0.543, 0.9997, 1676.0, 0.1761, 0.8121, 0.01, 7.852e-05]
Cost = 245
----- Optimized Parameters (2 sig. digits) -----
[0.5609, 2682.0, 0.5744, 1.0, 1678.0, 0.16, 0.7285, 0.01, 7.895e-05]
Cost = 239
----- Optimized Parameters (2 sig. digits) -----
[0.5609, 2682.0, 0.5744, 1.0, 1678.0, 0.16, 0.7285, 0.01, 7.895e-05]
Cost = 239
----- Optimized Parameters (2 sig. digits) -----
[0.5609, 2682.0, 0.5744, 1.0, 1678.0, 0.16, 0.7285, 0.01, 7.895e-05]
Cost = 239
----- Optimized Parameters (2 sig. digits) -----
[0.5609, 2682.0, 0.5744, 1.0, 1678.0, 0.16, 0.7285, 0.01, 7.895e-05]
Cost = 239
----- Optimized Parameters (2 sig. digits) -----
[0.5609, 2682.0, 0.5744, 1.0, 1678.0, 0.16, 0.7285, 0.01, 7.895e-05]
Cost = 239
----- Optimized Parameters (2 sig. digits) -----
[0.5609, 2682.0, 0.5744, 1.0, 1678.0, 0.16, 0.7285, 0.01, 7.895e-05]
Cost = 239
----- Optimized Parameters (2 sig. digits) -----
[0.5609, 2682.0, 0.5744, 1.0, 1678.0, 0.16, 0.7285, 0.01, 7.895e-05]
Cost = 239
----- Optimized Parameters (2 sig. digits) -----
[0.5609, 2682.0, 0.5744, 1.0, 1678.0, 0.16, 0.7285, 0.01, 7.895e-05]
Cost = 239
----- Optimized Parameters (2 sig. digits) -----
[0.5609, 2682.0, 0.5744, 1.0, 1678.0, 0.16, 0.7285, 0.01, 7.895e-05]
Cost = 239
----- Optimized Parameters (2 sig. digits) -----
[0.5609, 2682.0, 0.5744, 1.0, 1678.0, 0.16, 0.7285, 0.01, 7.897e-05]
Cost = 239
----- Optimized Parameters (2 sig. digits) -----
[0.5735, 2669.0, 0.59, 1.0, 1678.0, 0.1525, 0.6838, 0.01, 7.927e-05]
Cost = 235
----- Optimized Parameters (2 sig. digits) -----
[0.5735, 2669.0, 0.59, 1.0, 1678.0, 0.1525, 0.6838, 0.01, 7.927e-05]
Cost = 235
----- Optimized Parameters (2 sig. digits) -----
[0.5735, 2669.0, 0.59, 1.0, 1678.0, 0.1525, 0.6838, 0.01, 7.927e-05]
Cost = 235
----- Optimized Parameters (2 sig. digits) -----
[0.5735, 2669.0, 0.59, 1.0, 1678.0, 0.1525, 0.6838, 0.01, 7.927e-05]
Cost = 235
----- Optimized Parameters (2 sig. digits) -----
[0.5735, 2669.0, 0.59, 1.0, 1678.0, 0.1525, 0.6838, 0.01, 7.927e-05]
Cost = 235
----- Optimized Parameters (2 sig. digits) -----
[0.5735, 2669.0, 0.59, 1.0, 1678.0, 0.1525, 0.6838, 0.01, 7.927e-05]
Cost = 235
----- Optimized Parameters (2 sig. digits) -----
[0.5735, 2669.0, 0.59, 1.0, 1678.0, 0.1525, 0.6838, 0.01, 7.927e-05]
Cost = 235
----- Optimized Parameters (2 sig. digits) -----
[0.5735, 2669.0, 0.59, 1.0, 1678.0, 0.1525, 0.6838, 0.01, 7.927e-05]
Cost = 235
----- Optimized Parameters (2 sig. digits) -----
[0.5735, 2669.0, 0.59, 1.0, 1678.0, 0.1525, 0.6838, 0.01, 7.927e-05]
Cost = 235
----- Optimized Parameters (2 sig. digits) -----
[0.5735, 2669.0, 0.59, 1.0, 1678.0, 0.1525, 0.6838, 0.01, 7.929e-05]
Cost = 235
----- Optimized Parameters (2 sig. digits) -----
[0.5953, 2650.0, 0.6177, 1.0, 1679.0, 0.1394, 0.6046, 0.01, 7.987e-05]
Cost = 229
----- Optimized Parameters (2 sig. digits) -----
[0.5953, 2650.0, 0.6177, 1.0, 1679.0, 0.1394, 0.6046, 0.01, 7.987e-05]
Cost = 229
----- Optimized Parameters (2 sig. digits) -----
[0.5953, 2650.0, 0.6177, 1.0, 1679.0, 0.1394, 0.6046, 0.01, 7.987e-05]
Cost = 229
----- Optimized Parameters (2 sig. digits) -----
[0.5953, 2650.0, 0.6177, 1.0, 1679.0, 0.1394, 0.6046, 0.01, 7.987e-05]
Cost = 229
----- Optimized Parameters (2 sig. digits) -----
[0.5953, 2650.0, 0.6177, 1.0, 1679.0, 0.1394, 0.6046, 0.01, 7.987e-05]
Cost = 229
----- Optimized Parameters (2 sig. digits) -----
[0.5953, 2650.0, 0.6177, 1.0, 1679.0, 0.1394, 0.6046, 0.01, 7.987e-05]
Cost = 229
----- Optimized Parameters (2 sig. digits) -----
[0.5953, 2650.0, 0.6177, 1.0, 1679.0, 0.1394, 0.6046, 0.01, 7.987e-05]
Cost = 229
----- Optimized Parameters (2 sig. digits) -----
[0.5953, 2650.0, 0.6177, 1.0, 1679.0, 0.1394, 0.6046, 0.01, 7.987e-05]
Cost = 229
----- Optimized Parameters (2 sig. digits) -----
[0.5953, 2650.0, 0.6177, 1.0, 1679.0, 0.1394, 0.6046, 0.01, 7.987e-05]
Cost = 229
----- Optimized Parameters (2 sig. digits) -----
[0.5953, 2650.0, 0.6177, 1.0, 1679.0, 0.1394, 0.6046, 0.01, 7.989e-05]
Cost = 229
----- Optimized Parameters (2 sig. digits) -----
[0.6049, 2637.0, 0.6307, 1.0, 1680.0, 0.1336, 0.5646, 0.01, 8.008e-05]
Cost = 225
----- Optimized Parameters (2 sig. digits) -----
[0.6049, 2637.0, 0.6307, 1.0, 1680.0, 0.1336, 0.5646, 0.01, 8.008e-05]
Cost = 225
----- Optimized Parameters (2 sig. digits) -----
[0.6049, 2637.0, 0.6307, 1.0, 1680.0, 0.1336, 0.5646, 0.01, 8.008e-05]
Cost = 225
----- Optimized Parameters (2 sig. digits) -----
[0.6049, 2637.0, 0.6307, 1.0, 1680.0, 0.1336, 0.5646, 0.01, 8.008e-05]
Cost = 225
----- Optimized Parameters (2 sig. digits) -----
[0.6049, 2637.0, 0.6307, 1.0, 1680.0, 0.1336, 0.5646, 0.01, 8.008e-05]
Cost = 225
----- Optimized Parameters (2 sig. digits) -----
[0.6049, 2637.0, 0.6307, 1.0, 1680.0, 0.1336, 0.5646, 0.01, 8.008e-05]
Cost = 225
----- Optimized Parameters (2 sig. digits) -----
[0.6049, 2637.0, 0.6307, 1.0, 1680.0, 0.1336, 0.5646, 0.01, 8.008e-05]
Cost = 225
----- Optimized Parameters (2 sig. digits) -----
[0.6049, 2637.0, 0.6307, 1.0, 1680.0, 0.1336, 0.5646, 0.01, 8.008e-05]
Cost = 225
----- Optimized Parameters (2 sig. digits) -----
[0.6049, 2637.0, 0.6307, 1.0, 1680.0, 0.1336, 0.5646, 0.01, 8.008e-05]
Cost = 225
----- Optimized Parameters (2 sig. digits) -----
[0.6049, 2637.0, 0.6307, 1.0, 1680.0, 0.1336, 0.5646, 0.01, 8.01e-05]
Cost = 225
----- Optimized Parameters (2 sig. digits) -----
[0.6273, 2614.0, 0.6611, 1.0, 1680.0, 0.1203, 0.4743, 0.01, 8.065e-05]
Cost = 219
----- Optimized Parameters (2 sig. digits) -----
[0.6273, 2614.0, 0.6611, 1.0, 1680.0, 0.1203, 0.4743, 0.01, 8.065e-05]
Cost = 219
----- Optimized Parameters (2 sig. digits) -----
[0.6273, 2614.0, 0.6611, 1.0, 1680.0, 0.1203, 0.4743, 0.01, 8.065e-05]
Cost = 219
----- Optimized Parameters (2 sig. digits) -----
[0.6273, 2614.0, 0.6611, 1.0, 1680.0, 0.1203, 0.4743, 0.01, 8.065e-05]
Cost = 219
----- Optimized Parameters (2 sig. digits) -----
[0.6273, 2614.0, 0.6611, 1.0, 1680.0, 0.1203, 0.4743, 0.01, 8.065e-05]
Cost = 219
----- Optimized Parameters (2 sig. digits) -----
[0.6273, 2614.0, 0.6611, 1.0, 1680.0, 0.1203, 0.4743, 0.01, 8.065e-05]
Cost = 219
----- Optimized Parameters (2 sig. digits) -----
[0.6273, 2614.0, 0.6611, 1.0, 1680.0, 0.1203, 0.4743, 0.01, 8.065e-05]
Cost = 219
----- Optimized Parameters (2 sig. digits) -----
[0.6273, 2614.0, 0.6611, 1.0, 1680.0, 0.1203, 0.4743, 0.01, 8.065e-05]
Cost = 219
----- Optimized Parameters (2 sig. digits) -----
[0.6273, 2614.0, 0.6611, 1.0, 1680.0, 0.1203, 0.4743, 0.01, 8.065e-05]
Cost = 219
----- Optimized Parameters (2 sig. digits) -----
[0.6273, 2614.0, 0.6611, 1.0, 1680.0, 0.1203, 0.4743, 0.01, 8.067e-05]
Cost = 219
----- Optimized Parameters (2 sig. digits) -----
[0.6317, 2604.0, 0.6679, 1.0, 1680.0, 0.1176, 0.4528, 0.01, 8.08e-05]
Cost = 216
----- Optimized Parameters (2 sig. digits) -----
[0.6317, 2604.0, 0.6679, 1.0, 1680.0, 0.1176, 0.4528, 0.01, 8.08e-05]
Cost = 216
----- Optimized Parameters (2 sig. digits) -----
[0.6317, 2604.0, 0.6679, 1.0, 1680.0, 0.1176, 0.4528, 0.01, 8.08e-05]
Cost = 216
----- Optimized Parameters (2 sig. digits) -----
[0.6317, 2604.0, 0.6679, 1.0, 1680.0, 0.1176, 0.4528, 0.01, 8.08e-05]
Cost = 216
----- Optimized Parameters (2 sig. digits) -----
[0.6317, 2604.0, 0.6679, 1.0, 1680.0, 0.1176, 0.4528, 0.01, 8.08e-05]
Cost = 216
----- Optimized Parameters (2 sig. digits) -----
[0.6317, 2604.0, 0.6679, 1.0, 1680.0, 0.1176, 0.4528, 0.01, 8.08e-05]
Cost = 216
----- Optimized Parameters (2 sig. digits) -----
[0.6317, 2604.0, 0.6679, 1.0, 1680.0, 0.1176, 0.4528, 0.01, 8.08e-05]
Cost = 216
----- Optimized Parameters (2 sig. digits) -----
[0.6317, 2604.0, 0.6679, 1.0, 1680.0, 0.1176, 0.4528, 0.01, 8.08e-05]
Cost = 216
----- Optimized Parameters (2 sig. digits) -----
[0.6317, 2604.0, 0.6679, 1.0, 1680.0, 0.1176, 0.4528, 0.01, 8.08e-05]
Cost = 216
----- Optimized Parameters (2 sig. digits) -----
[0.6317, 2604.0, 0.6679, 1.0, 1680.0, 0.1176, 0.4528, 0.01, 8.081e-05]
Cost = 216
----- Optimized Parameters (2 sig. digits) -----
[0.6409, 2590.0, 0.6818, 1.0, 1680.0, 0.112, 0.4103, 0.01, 8.111e-05]
Cost = 213
----- Optimized Parameters (2 sig. digits) -----
[0.6409, 2590.0, 0.6818, 1.0, 1680.0, 0.112, 0.4103, 0.01, 8.111e-05]
Cost = 213
----- Optimized Parameters (2 sig. digits) -----
[0.6409, 2590.0, 0.6818, 1.0, 1680.0, 0.112, 0.4103, 0.01, 8.111e-05]
Cost = 213
----- Optimized Parameters (2 sig. digits) -----
[0.6409, 2590.0, 0.6818, 1.0, 1680.0, 0.112, 0.4103, 0.01, 8.111e-05]
Cost = 213
----- Optimized Parameters (2 sig. digits) -----
[0.6409, 2590.0, 0.6818, 1.0, 1680.0, 0.112, 0.4103, 0.01, 8.111e-05]
Cost = 213
----- Optimized Parameters (2 sig. digits) -----
[0.6409, 2590.0, 0.6818, 1.0, 1680.0, 0.112, 0.4103, 0.01, 8.111e-05]
Cost = 213
----- Optimized Parameters (2 sig. digits) -----
[0.6409, 2590.0, 0.6818, 1.0, 1680.0, 0.112, 0.4103, 0.01, 8.111e-05]
Cost = 213
----- Optimized Parameters (2 sig. digits) -----
[0.6409, 2590.0, 0.6818, 1.0, 1680.0, 0.112, 0.4103, 0.01, 8.111e-05]
Cost = 213
----- Optimized Parameters (2 sig. digits) -----
[0.6409, 2590.0, 0.6818, 1.0, 1680.0, 0.112, 0.4103, 0.01, 8.111e-05]
Cost = 213
----- Optimized Parameters (2 sig. digits) -----
[0.6409, 2590.0, 0.6818, 1.0, 1680.0, 0.112, 0.4103, 0.01, 8.112e-05]
Cost = 213
----- Optimized Parameters (2 sig. digits) -----
[0.6545, 2571.0, 0.7027, 1.0, 1679.0, 0.1041, 0.3516, 0.01, 8.166e-05]
Cost = 207
----- Optimized Parameters (2 sig. digits) -----
[0.6545, 2571.0, 0.7027, 1.0, 1679.0, 0.1041, 0.3516, 0.01, 8.166e-05]
Cost = 207
----- Optimized Parameters (2 sig. digits) -----
[0.6545, 2571.0, 0.7027, 1.0, 1679.0, 0.1041, 0.3516, 0.01, 8.166e-05]
Cost = 207
----- Optimized Parameters (2 sig. digits) -----
[0.6545, 2571.0, 0.7027, 1.0, 1679.0, 0.1041, 0.3516, 0.01, 8.166e-05]
Cost = 207
----- Optimized Parameters (2 sig. digits) -----
[0.6545, 2571.0, 0.7027, 1.0, 1679.0, 0.1041, 0.3516, 0.01, 8.166e-05]
Cost = 207
----- Optimized Parameters (2 sig. digits) -----
[0.6545, 2571.0, 0.7027, 1.0, 1679.0, 0.1041, 0.3516, 0.01, 8.166e-05]
Cost = 207
----- Optimized Parameters (2 sig. digits) -----
[0.6545, 2571.0, 0.7027, 1.0, 1679.0, 0.1041, 0.3516, 0.01, 8.166e-05]
Cost = 207
----- Optimized Parameters (2 sig. digits) -----
[0.6545, 2571.0, 0.7027, 1.0, 1679.0, 0.1041, 0.3516, 0.01, 8.166e-05]
Cost = 207
----- Optimized Parameters (2 sig. digits) -----
[0.6545, 2571.0, 0.7027, 1.0, 1679.0, 0.1041, 0.3516, 0.01, 8.166e-05]
Cost = 207
----- Optimized Parameters (2 sig. digits) -----
[0.6545, 2571.0, 0.7027, 1.0, 1679.0, 0.1041, 0.3516, 0.01, 8.168e-05]
Cost = 207
----- Optimized Parameters (2 sig. digits) -----
[0.6624, 2555.0, 0.7159, 1.0, 1678.0, 0.09944, 0.3146, 0.01, 8.218e-05]
Cost = 204
----- Optimized Parameters (2 sig. digits) -----
[0.6624, 2555.0, 0.7159, 1.0, 1678.0, 0.09944, 0.3146, 0.01, 8.218e-05]
Cost = 204
----- Optimized Parameters (2 sig. digits) -----
[0.6624, 2555.0, 0.7159, 1.0, 1678.0, 0.09944, 0.3146, 0.01, 8.218e-05]
Cost = 204
----- Optimized Parameters (2 sig. digits) -----
[0.6624, 2555.0, 0.7159, 1.0, 1678.0, 0.09944, 0.3146, 0.01, 8.218e-05]
Cost = 204
----- Optimized Parameters (2 sig. digits) -----
[0.6624, 2555.0, 0.7159, 1.0, 1678.0, 0.09944, 0.3146, 0.01, 8.218e-05]
Cost = 204
----- Optimized Parameters (2 sig. digits) -----
[0.6624, 2555.0, 0.7159, 1.0, 1678.0, 0.09944, 0.3146, 0.01, 8.218e-05]
Cost = 204
----- Optimized Parameters (2 sig. digits) -----
[0.6624, 2555.0, 0.7159, 1.0, 1678.0, 0.09944, 0.3146, 0.01, 8.218e-05]
Cost = 204
----- Optimized Parameters (2 sig. digits) -----
[0.6624, 2555.0, 0.7159, 1.0, 1678.0, 0.09944, 0.3146, 0.01, 8.218e-05]
Cost = 204
----- Optimized Parameters (2 sig. digits) -----
[0.6624, 2555.0, 0.7159, 1.0, 1678.0, 0.09944, 0.3146, 0.01, 8.218e-05]
Cost = 204
----- Optimized Parameters (2 sig. digits) -----
[0.6624, 2555.0, 0.7159, 1.0, 1678.0, 0.09944, 0.3146, 0.01, 8.219e-05]
Cost = 204
----- Optimized Parameters (2 sig. digits) -----
[0.6776, 2530.0, 0.7412, 1.0, 1676.0, 0.09113, 0.2516, 0.01, 8.335e-05]
Cost = 198
----- Optimized Parameters (2 sig. digits) -----
[0.6776, 2530.0, 0.7412, 1.0, 1676.0, 0.09113, 0.2516, 0.01, 8.335e-05]
Cost = 198
----- Optimized Parameters (2 sig. digits) -----
[0.6776, 2530.0, 0.7412, 1.0, 1676.0, 0.09113, 0.2516, 0.01, 8.335e-05]
Cost = 198
----- Optimized Parameters (2 sig. digits) -----
[0.6776, 2530.0, 0.7412, 1.0, 1676.0, 0.09113, 0.2516, 0.01, 8.335e-05]
Cost = 198
----- Optimized Parameters (2 sig. digits) -----
[0.6776, 2530.0, 0.7412, 1.0, 1676.0, 0.09113, 0.2516, 0.01, 8.335e-05]
Cost = 198
----- Optimized Parameters (2 sig. digits) -----
[0.6776, 2530.0, 0.7412, 1.0, 1676.0, 0.09113, 0.2516, 0.01, 8.335e-05]
Cost = 198
----- Optimized Parameters (2 sig. digits) -----
[0.6776, 2530.0, 0.7412, 1.0, 1676.0, 0.09113, 0.2516, 0.01, 8.335e-05]
Cost = 198
----- Optimized Parameters (2 sig. digits) -----
[0.6776, 2530.0, 0.7412, 1.0, 1676.0, 0.09113, 0.2516, 0.01, 8.335e-05]
Cost = 198
----- Optimized Parameters (2 sig. digits) -----
[0.6776, 2530.0, 0.7412, 1.0, 1676.0, 0.09113, 0.2516, 0.01, 8.335e-05]
Cost = 198
----- Optimized Parameters (2 sig. digits) -----
[0.6776, 2530.0, 0.7412, 1.0, 1676.0, 0.09113, 0.2516, 0.01, 8.336e-05]
Cost = 198
----- Optimized Parameters (2 sig. digits) -----
[0.68, 2509.0, 0.7464, 1.0, 1675.0, 0.08957, 0.2389, 0.01, 8.387e-05]
Cost = 197
----- Optimized Parameters (2 sig. digits) -----
[0.68, 2509.0, 0.7464, 1.0, 1675.0, 0.08957, 0.2389, 0.01, 8.387e-05]
Cost = 197
----- Optimized Parameters (2 sig. digits) -----
[0.68, 2509.0, 0.7464, 1.0, 1675.0, 0.08957, 0.2389, 0.01, 8.387e-05]
Cost = 197
----- Optimized Parameters (2 sig. digits) -----
[0.68, 2509.0, 0.7464, 1.0, 1675.0, 0.08957, 0.2389, 0.01, 8.387e-05]
Cost = 197
----- Optimized Parameters (2 sig. digits) -----
[0.68, 2509.0, 0.7464, 1.0, 1675.0, 0.08957, 0.2389, 0.01, 8.387e-05]
Cost = 197
----- Optimized Parameters (2 sig. digits) -----
[0.68, 2509.0, 0.7464, 1.0, 1675.0, 0.08957, 0.2389, 0.01, 8.387e-05]
Cost = 197
----- Optimized Parameters (2 sig. digits) -----
[0.68, 2509.0, 0.7464, 1.0, 1675.0, 0.08957, 0.2389, 0.01, 8.387e-05]
Cost = 197
----- Optimized Parameters (2 sig. digits) -----
[0.68, 2509.0, 0.7464, 1.0, 1675.0, 0.08957, 0.2389, 0.01, 8.387e-05]
Cost = 197
----- Optimized Parameters (2 sig. digits) -----
[0.68, 2509.0, 0.7464, 1.0, 1675.0, 0.08957, 0.2389, 0.01, 8.387e-05]
Cost = 197
----- Optimized Parameters (2 sig. digits) -----
[0.68, 2509.0, 0.7464, 1.0, 1675.0, 0.08957, 0.2389, 0.01, 8.388e-05]
Cost = 197
----- Optimized Parameters (2 sig. digits) -----
[0.6856, 2474.0, 0.7574, 1.0, 1672.0, 0.08637, 0.2147, 0.01, 8.494e-05]
Cost = 194
----- Optimized Parameters (2 sig. digits) -----
[0.6856, 2474.0, 0.7574, 1.0, 1672.0, 0.08637, 0.2147, 0.01, 8.494e-05]
Cost = 194
----- Optimized Parameters (2 sig. digits) -----
[0.6856, 2474.0, 0.7574, 1.0, 1672.0, 0.08637, 0.2147, 0.01, 8.494e-05]
Cost = 194
----- Optimized Parameters (2 sig. digits) -----
[0.6856, 2474.0, 0.7574, 1.0, 1672.0, 0.08637, 0.2147, 0.01, 8.494e-05]
Cost = 194
----- Optimized Parameters (2 sig. digits) -----
[0.6856, 2474.0, 0.7574, 1.0, 1672.0, 0.08637, 0.2147, 0.01, 8.494e-05]
Cost = 194
----- Optimized Parameters (2 sig. digits) -----
[0.6856, 2474.0, 0.7574, 1.0, 1672.0, 0.08637, 0.2147, 0.01, 8.494e-05]
Cost = 194
----- Optimized Parameters (2 sig. digits) -----
[0.6856, 2474.0, 0.7574, 1.0, 1672.0, 0.08637, 0.2147, 0.01, 8.494e-05]
Cost = 194
----- Optimized Parameters (2 sig. digits) -----
[0.6856, 2474.0, 0.7574, 1.0, 1672.0, 0.08637, 0.2147, 0.01, 8.494e-05]
Cost = 194
----- Optimized Parameters (2 sig. digits) -----
[0.6856, 2474.0, 0.7574, 1.0, 1672.0, 0.08637, 0.2147, 0.01, 8.494e-05]
Cost = 194
----- Optimized Parameters (2 sig. digits) -----
[0.6856, 2474.0, 0.7574, 1.0, 1672.0, 0.08637, 0.2147, 0.01, 8.496e-05]
Cost = 194
----- Optimized Parameters (2 sig. digits) -----
[0.6974, 2420.0, 0.7787, 1.0, 1666.0, 0.08092, 0.1772, 0.01, 8.719e-05]
Cost = 191
----- Optimized Parameters (2 sig. digits) -----
[0.6974, 2420.0, 0.7787, 1.0, 1666.0, 0.08092, 0.1772, 0.01, 8.719e-05]
Cost = 191
----- Optimized Parameters (2 sig. digits) -----
[0.6974, 2420.0, 0.7787, 1.0, 1666.0, 0.08092, 0.1772, 0.01, 8.719e-05]
Cost = 191
----- Optimized Parameters (2 sig. digits) -----
[0.6974, 2420.0, 0.7787, 1.0, 1666.0, 0.08092, 0.1772, 0.01, 8.719e-05]
Cost = 191
----- Optimized Parameters (2 sig. digits) -----
[0.6974, 2420.0, 0.7787, 1.0, 1666.0, 0.08092, 0.1772, 0.01, 8.719e-05]
Cost = 191
----- Optimized Parameters (2 sig. digits) -----
[0.6974, 2420.0, 0.7787, 1.0, 1666.0, 0.08092, 0.1772, 0.01, 8.719e-05]
Cost = 191
----- Optimized Parameters (2 sig. digits) -----
[0.6974, 2420.0, 0.7787, 1.0, 1666.0, 0.08092, 0.1772, 0.01, 8.719e-05]
Cost = 191
----- Optimized Parameters (2 sig. digits) -----
[0.6974, 2420.0, 0.7787, 1.0, 1666.0, 0.08092, 0.1772, 0.01, 8.719e-05]
Cost = 191
----- Optimized Parameters (2 sig. digits) -----
[0.6974, 2420.0, 0.7787, 1.0, 1666.0, 0.08092, 0.1772, 0.01, 8.719e-05]
Cost = 191
----- Optimized Parameters (2 sig. digits) -----
[0.6974, 2420.0, 0.7787, 1.0, 1666.0, 0.08092, 0.1772, 0.01, 8.721e-05]
Cost = 191
----- Optimized Parameters (2 sig. digits) -----
[0.6995, 2375.0, 0.7832, 1.0, 1663.0, 0.07981, 0.1696, 0.01, 8.827e-05]
Cost = 190
----- Optimized Parameters (2 sig. digits) -----
[0.6995, 2375.0, 0.7832, 1.0, 1663.0, 0.07981, 0.1696, 0.01, 8.827e-05]
Cost = 190
----- Optimized Parameters (2 sig. digits) -----
[0.6995, 2375.0, 0.7832, 1.0, 1663.0, 0.07981, 0.1696, 0.01, 8.827e-05]
Cost = 190
----- Optimized Parameters (2 sig. digits) -----
[0.6995, 2375.0, 0.7832, 1.0, 1663.0, 0.07981, 0.1696, 0.01, 8.827e-05]
Cost = 190
----- Optimized Parameters (2 sig. digits) -----
[0.6995, 2375.0, 0.7832, 1.0, 1663.0, 0.07981, 0.1696, 0.01, 8.827e-05]
Cost = 190
----- Optimized Parameters (2 sig. digits) -----
[0.6995, 2375.0, 0.7832, 1.0, 1663.0, 0.07981, 0.1696, 0.01, 8.827e-05]
Cost = 190
----- Optimized Parameters (2 sig. digits) -----
[0.6995, 2375.0, 0.7832, 1.0, 1663.0, 0.07981, 0.1696, 0.01, 8.827e-05]
Cost = 190
----- Optimized Parameters (2 sig. digits) -----
[0.6995, 2375.0, 0.7832, 1.0, 1663.0, 0.07981, 0.1696, 0.01, 8.827e-05]
Cost = 190
----- Optimized Parameters (2 sig. digits) -----
[0.6995, 2375.0, 0.7832, 1.0, 1663.0, 0.07981, 0.1696, 0.01, 8.827e-05]
Cost = 190
----- Optimized Parameters (2 sig. digits) -----
[0.6995, 2375.0, 0.7832, 1.0, 1663.0, 0.07981, 0.1696, 0.01, 8.829e-05]
Cost = 190
----- Optimized Parameters (2 sig. digits) -----
[0.7072, 2264.0, 0.7978, 1.0, 1652.0, 0.07641, 0.1492, 0.01, 9.152e-05]
Cost = 188
----- Optimized Parameters (2 sig. digits) -----
[0.7072, 2264.0, 0.7978, 1.0, 1652.0, 0.07641, 0.1492, 0.01, 9.152e-05]
Cost = 188
----- Optimized Parameters (2 sig. digits) -----
[0.7072, 2264.0, 0.7978, 1.0, 1652.0, 0.07641, 0.1492, 0.01, 9.152e-05]
Cost = 188
----- Optimized Parameters (2 sig. digits) -----
[0.7072, 2264.0, 0.7978, 1.0, 1652.0, 0.07641, 0.1492, 0.01, 9.152e-05]
Cost = 188
----- Optimized Parameters (2 sig. digits) -----
[0.7072, 2264.0, 0.7978, 1.0, 1652.0, 0.07641, 0.1492, 0.01, 9.152e-05]
Cost = 188
----- Optimized Parameters (2 sig. digits) -----
[0.7072, 2264.0, 0.7978, 1.0, 1652.0, 0.07641, 0.1492, 0.01, 9.152e-05]
Cost = 188
----- Optimized Parameters (2 sig. digits) -----
[0.7072, 2264.0, 0.7978, 1.0, 1652.0, 0.07641, 0.1492, 0.01, 9.152e-05]
Cost = 188
----- Optimized Parameters (2 sig. digits) -----
[0.7072, 2264.0, 0.7978, 1.0, 1652.0, 0.07641, 0.1492, 0.01, 9.152e-05]
Cost = 188
----- Optimized Parameters (2 sig. digits) -----
[0.7072, 2264.0, 0.7978, 1.0, 1652.0, 0.07641, 0.1492, 0.01, 9.152e-05]
Cost = 188
----- Optimized Parameters (2 sig. digits) -----
[0.7072, 2264.0, 0.7978, 1.0, 1652.0, 0.07641, 0.1492, 0.01, 9.153e-05]
Cost = 188
----- Optimized Parameters (2 sig. digits) -----
[0.7149, 2038.0, 0.8117, 1.0, 1636.0, 0.07356, 0.135, 0.01, 9.612e-05]
Cost = 187
----- Optimized Parameters (2 sig. digits) -----
[0.7149, 2038.0, 0.8117, 1.0, 1636.0, 0.07356, 0.135, 0.01, 9.612e-05]
Cost = 187
----- Optimized Parameters (2 sig. digits) -----
[0.7149, 2038.0, 0.8117, 1.0, 1636.0, 0.07356, 0.135, 0.01, 9.612e-05]
Cost = 187
----- Optimized Parameters (2 sig. digits) -----
[0.7149, 2038.0, 0.8117, 1.0, 1636.0, 0.07356, 0.135, 0.01, 9.612e-05]
Cost = 187
----- Optimized Parameters (2 sig. digits) -----
[0.7149, 2038.0, 0.8117, 1.0, 1636.0, 0.07356, 0.135, 0.01, 9.612e-05]
Cost = 187
----- Optimized Parameters (2 sig. digits) -----
[0.7149, 2038.0, 0.8117, 1.0, 1636.0, 0.07356, 0.135, 0.01, 9.612e-05]
Cost = 187
----- Optimized Parameters (2 sig. digits) -----
[0.7149, 2038.0, 0.8117, 1.0, 1636.0, 0.07356, 0.135, 0.01, 9.612e-05]
Cost = 187
----- Optimized Parameters (2 sig. digits) -----
[0.7149, 2038.0, 0.8117, 1.0, 1636.0, 0.07356, 0.135, 0.01, 9.612e-05]
Cost = 187
----- Optimized Parameters (2 sig. digits) -----
[0.7149, 2038.0, 0.8117, 1.0, 1636.0, 0.07356, 0.135, 0.01, 9.612e-05]
Cost = 187
----- Optimized Parameters (2 sig. digits) -----
[0.7149, 2038.0, 0.8117, 1.0, 1636.0, 0.07356, 0.135, 0.01, 9.614e-05]
Cost = 187
----- Optimized Parameters (2 sig. digits) -----
[0.72, 1573.0, 0.8226, 1.0, 1614.0, 0.07183, 0.127, 0.01, 0.0001027]
Cost = 185
----- Optimized Parameters (2 sig. digits) -----
[0.72, 1573.0, 0.8226, 1.0, 1614.0, 0.07183, 0.127, 0.01, 0.0001027]
Cost = 185
----- Optimized Parameters (2 sig. digits) -----
[0.72, 1573.0, 0.8226, 1.0, 1614.0, 0.07183, 0.127, 0.01, 0.0001027]
Cost = 185
----- Optimized Parameters (2 sig. digits) -----
[0.72, 1573.0, 0.8226, 1.0, 1614.0, 0.07183, 0.127, 0.01, 0.0001027]
Cost = 185
----- Optimized Parameters (2 sig. digits) -----
[0.72, 1573.0, 0.8226, 1.0, 1614.0, 0.07183, 0.127, 0.01, 0.0001027]
Cost = 185
----- Optimized Parameters (2 sig. digits) -----
[0.72, 1573.0, 0.8226, 1.0, 1614.0, 0.07183, 0.127, 0.01, 0.0001027]
Cost = 185
----- Optimized Parameters (2 sig. digits) -----
[0.72, 1573.0, 0.8226, 1.0, 1614.0, 0.07183, 0.127, 0.01, 0.0001027]
Cost = 185
----- Optimized Parameters (2 sig. digits) -----
[0.72, 1573.0, 0.8226, 1.0, 1614.0, 0.07183, 0.127, 0.01, 0.0001027]
Cost = 185
----- Optimized Parameters (2 sig. digits) -----
[0.72, 1573.0, 0.8226, 1.0, 1614.0, 0.07183, 0.127, 0.01, 0.0001027]
Cost = 185
----- Optimized Parameters (2 sig. digits) -----
[0.72, 1573.0, 0.8226, 1.0, 1614.0, 0.07183, 0.127, 0.01, 0.0001027]
Cost = 185
----- Optimized Parameters (2 sig. digits) -----
[0.7197, 598.8, 0.8301, 1.0, 1594.0, 0.07217, 0.1263, 0.01, 0.0001138]
Cost = 184
----- Optimized Parameters (2 sig. digits) -----
[0.7197, 598.8, 0.8301, 1.0, 1594.0, 0.07217, 0.1263, 0.01, 0.0001138]
Cost = 184
----- Optimized Parameters (2 sig. digits) -----
[0.7197, 598.8, 0.8301, 1.0, 1594.0, 0.07217, 0.1263, 0.01, 0.0001138]
Cost = 184
----- Optimized Parameters (2 sig. digits) -----
[0.7197, 598.8, 0.8301, 1.0, 1594.0, 0.07217, 0.1263, 0.01, 0.0001138]
Cost = 184
----- Optimized Parameters (2 sig. digits) -----
[0.7197, 598.8, 0.8301, 1.0, 1594.0, 0.07217, 0.1263, 0.01, 0.0001138]
Cost = 184
----- Optimized Parameters (2 sig. digits) -----
[0.7197, 598.8, 0.8301, 1.0, 1594.0, 0.07217, 0.1263, 0.01, 0.0001138]
Cost = 184
----- Optimized Parameters (2 sig. digits) -----
[0.7197, 598.8, 0.8301, 1.0, 1594.0, 0.07217, 0.1263, 0.01, 0.0001138]
Cost = 184
----- Optimized Parameters (2 sig. digits) -----
[0.7197, 598.8, 0.8301, 1.0, 1594.0, 0.07217, 0.1263, 0.01, 0.0001138]
Cost = 184
----- Optimized Parameters (2 sig. digits) -----
[0.7197, 598.8, 0.8301, 1.0, 1594.0, 0.07217, 0.1263, 0.01, 0.0001138]
Cost = 184
----- Optimized Parameters (2 sig. digits) -----
[0.7197, 598.8, 0.8301, 1.0, 1594.0, 0.07217, 0.1263, 0.01, 0.0001138]
Cost = 184
----- Optimized Parameters (2 sig. digits) -----
[0.7189, 301.5, 0.8306, 0.981, 1592.0, 0.07271, 0.1268, 0.01008, 0.0001168]
Cost = 183
----- Optimized Parameters (2 sig. digits) -----
[0.7189, 301.5, 0.8306, 0.981, 1592.0, 0.07271, 0.1268, 0.01008, 0.0001168]
Cost = 183
----- Optimized Parameters (2 sig. digits) -----
[0.7189, 301.5, 0.8306, 0.981, 1592.0, 0.07271, 0.1268, 0.01008, 0.0001168]
Cost = 183
----- Optimized Parameters (2 sig. digits) -----
[0.7189, 301.5, 0.8306, 0.981, 1592.0, 0.07271, 0.1268, 0.01008, 0.0001168]
Cost = 183
----- Optimized Parameters (2 sig. digits) -----
[0.7189, 301.5, 0.8306, 0.981, 1592.0, 0.07271, 0.1268, 0.01008, 0.0001168]
Cost = 183
----- Optimized Parameters (2 sig. digits) -----
[0.7189, 301.5, 0.8306, 0.981, 1592.0, 0.07271, 0.1268, 0.01008, 0.0001168]
Cost = 183
----- Optimized Parameters (2 sig. digits) -----
[0.7189, 301.5, 0.8306, 0.981, 1592.0, 0.07271, 0.1268, 0.01008, 0.0001168]
Cost = 183
----- Optimized Parameters (2 sig. digits) -----
[0.7189, 301.5, 0.8306, 0.981, 1592.0, 0.07271, 0.1268, 0.01008, 0.0001168]
Cost = 183
----- Optimized Parameters (2 sig. digits) -----
[0.7189, 301.5, 0.8306, 0.981, 1592.0, 0.07271, 0.1268, 0.01008, 0.0001168]
Cost = 183
----- Optimized Parameters (2 sig. digits) -----
[0.7189, 301.5, 0.8306, 0.981, 1592.0, 0.07271, 0.1268, 0.01008, 0.0001169]
Cost = 183
----- Optimized Parameters (2 sig. digits) -----
[0.7189, 301.5, 0.8306, 0.981, 1592.0, 0.07272, 0.1268, 0.01009, 0.000117]
Cost = 183
----- Optimized Parameters (2 sig. digits) -----
[0.7189, 301.5, 0.8306, 0.981, 1592.0, 0.07272, 0.1268, 0.01009, 0.000117]
Cost = 183
----- Optimized Parameters (2 sig. digits) -----
[0.7189, 301.5, 0.8306, 0.981, 1592.0, 0.07272, 0.1268, 0.01009, 0.000117]
Cost = 183
----- Optimized Parameters (2 sig. digits) -----
[0.7189, 301.5, 0.8306, 0.981, 1592.0, 0.07272, 0.1268, 0.01009, 0.000117]
Cost = 183
----- Optimized Parameters (2 sig. digits) -----
[0.7189, 301.5, 0.8306, 0.981, 1592.0, 0.07272, 0.1268, 0.01009, 0.000117]
Cost = 183
----- Optimized Parameters (2 sig. digits) -----
[0.7189, 301.5, 0.8306, 0.981, 1592.0, 0.07272, 0.1268, 0.01009, 0.000117]
Cost = 183
----- Optimized Parameters (2 sig. digits) -----
[0.7189, 301.5, 0.8306, 0.981, 1592.0, 0.07272, 0.1268, 0.01009, 0.000117]
Cost = 183
----- Optimized Parameters (2 sig. digits) -----
[0.7189, 301.5, 0.8306, 0.981, 1592.0, 0.07272, 0.1268, 0.01009, 0.000117]
Cost = 183
----- Optimized Parameters (2 sig. digits) -----
[0.7189, 301.5, 0.8306, 0.981, 1592.0, 0.07272, 0.1268, 0.01009, 0.000117]
Cost = 183
----- Optimized Parameters (2 sig. digits) -----
[0.7189, 301.5, 0.8306, 0.981, 1592.0, 0.07272, 0.1268, 0.01009, 0.000117]
Cost = 183
----- Optimized Parameters (2 sig. digits) -----
[0.7189, 301.5, 0.8306, 0.981, 1592.0, 0.07272, 0.1268, 0.01009, 0.000117]
Cost = 183
----- Optimized Parameters (2 sig. digits) -----
[0.7189, 301.5, 0.8306, 0.981, 1592.0, 0.07272, 0.1268, 0.01009, 0.000117]
Cost = 183
----- Optimized Parameters (2 sig. digits) -----
[0.7189, 301.5, 0.8306, 0.981, 1592.0, 0.07272, 0.1268, 0.01009, 0.000117]
Cost = 183
----- Optimized Parameters (2 sig. digits) -----
[0.7189, 301.5, 0.8306, 0.981, 1592.0, 0.07272, 0.1268, 0.01009, 0.000117]
Cost = 183
----- Optimized Parameters (2 sig. digits) -----
[0.7189, 301.5, 0.8306, 0.981, 1592.0, 0.07272, 0.1268, 0.01009, 0.000117]
Cost = 183
----- Optimized Parameters (2 sig. digits) -----
[0.7189, 301.5, 0.8306, 0.981, 1592.0, 0.07272, 0.1268, 0.01009, 0.000117]
Cost = 183
----- Optimized Parameters (2 sig. digits) -----
[0.7189, 301.5, 0.8306, 0.981, 1592.0, 0.07272, 0.1268, 0.01009, 0.000117]
Cost = 183
----- Optimized Parameters (2 sig. digits) -----
[0.7189, 301.5, 0.8306, 0.981, 1592.0, 0.07272, 0.1268, 0.01009, 0.000117]
Cost = 183
----- Optimized Parameters (2 sig. digits) -----
[0.7189, 301.5, 0.8306, 0.981, 1592.0, 0.07272, 0.1268, 0.01009, 0.000117]
Cost = 183
----- Optimized Parameters (2 sig. digits) -----
[0.7189, 301.5, 0.8306, 0.981, 1592.0, 0.07272, 0.1268, 0.01009, 0.000117]
Cost = 183
----- Optimized Parameters (2 sig. digits) -----
[0.7189, 301.5, 0.8306, 0.981, 1592.0, 0.07272, 0.1268, 0.01009, 0.000117]
Cost = 183
----- Optimized Parameters (2 sig. digits) -----
[0.7206, 300.5, 0.8261, 0.9944, 1579.0, 0.07075, 0.1212, 0.01, 0.0001268]
Cost = 183
----- Optimized Parameters (2 sig. digits) -----
[0.7206, 300.5, 0.8261, 0.9944, 1579.0, 0.07075, 0.1212, 0.01, 0.0001268]
Cost = 183
----- Optimized Parameters (2 sig. digits) -----
[0.7206, 300.5, 0.8261, 0.9944, 1579.0, 0.07075, 0.1212, 0.01, 0.0001268]
Cost = 183
----- Optimized Parameters (2 sig. digits) -----
[0.7206, 300.5, 0.8261, 0.9944, 1579.0, 0.07075, 0.1212, 0.01, 0.0001268]
Cost = 183
----- Optimized Parameters (2 sig. digits) -----
[0.7206, 300.5, 0.8261, 0.9944, 1579.0, 0.07075, 0.1212, 0.01, 0.0001268]
Cost = 183
----- Optimized Parameters (2 sig. digits) -----
[0.7206, 300.5, 0.8261, 0.9944, 1579.0, 0.07075, 0.1212, 0.01, 0.0001268]
Cost = 183
----- Optimized Parameters (2 sig. digits) -----
[0.7206, 300.5, 0.8261, 0.9944, 1579.0, 0.07075, 0.1212, 0.01, 0.0001268]
Cost = 183
----- Optimized Parameters (2 sig. digits) -----
[0.7206, 300.5, 0.8261, 0.9944, 1579.0, 0.07075, 0.1212, 0.01, 0.0001268]
Cost = 183
----- Optimized Parameters (2 sig. digits) -----
[0.7206, 300.5, 0.8261, 0.9944, 1579.0, 0.07075, 0.1212, 0.01, 0.0001268]
Cost = 183
----- Optimized Parameters (2 sig. digits) -----
[0.7206, 300.5, 0.8261, 0.9944, 1579.0, 0.07075, 0.1212, 0.01, 0.0001268]
Cost = 183
----- Optimized Parameters (2 sig. digits) -----
[0.7206, 300.5, 0.8261, 0.9944, 1579.0, 0.07077, 0.1212, 0.01, 0.0001269]
Cost = 183
----- Optimized Parameters (2 sig. digits) -----
[0.7206, 300.5, 0.8261, 0.9944, 1579.0, 0.07077, 0.1212, 0.01, 0.0001269]
Cost = 183
----- Optimized Parameters (2 sig. digits) -----
[0.7206, 300.5, 0.8261, 0.9944, 1579.0, 0.07077, 0.1212, 0.01, 0.0001269]
Cost = 183
----- Optimized Parameters (2 sig. digits) -----
[0.7206, 300.5, 0.8261, 0.9944, 1579.0, 0.07077, 0.1212, 0.01, 0.0001269]
Cost = 183
----- Optimized Parameters (2 sig. digits) -----
[0.7206, 300.5, 0.8261, 0.9944, 1579.0, 0.07077, 0.1212, 0.01, 0.0001269]
Cost = 183
----- Optimized Parameters (2 sig. digits) -----
[0.7206, 300.5, 0.8261, 0.9944, 1579.0, 0.07077, 0.1212, 0.01, 0.0001269]
Cost = 183
----- Optimized Parameters (2 sig. digits) -----
[0.7206, 300.5, 0.8261, 0.9944, 1579.0, 0.07077, 0.1212, 0.01, 0.0001269]
Cost = 183
----- Optimized Parameters (2 sig. digits) -----
[0.7206, 300.5, 0.8261, 0.9944, 1579.0, 0.07077, 0.1212, 0.01, 0.0001269]
Cost = 183
----- Optimized Parameters (2 sig. digits) -----
[0.7206, 300.5, 0.8261, 0.9944, 1579.0, 0.07077, 0.1212, 0.01, 0.0001269]
Cost = 183
----- Optimized Parameters (2 sig. digits) -----
[0.7206, 300.5, 0.8261, 0.9944, 1579.0, 0.07077, 0.1212, 0.01, 0.0001269]
Cost = 183
----- Optimized Parameters (2 sig. digits) -----
[0.7206, 300.5, 0.8261, 0.9944, 1579.0, 0.07077, 0.1212, 0.01, 0.0001269]
Cost = 183
----- Optimized Parameters (2 sig. digits) -----
[0.121, 4159.0, 0.3429, 0.01806, 1331.0, 0.433, 0.7233, 0.8084, 2.655e-05]
Cost = 3.13e+04
----- Optimized Parameters (2 sig. digits) -----
[0.121, 4159.0, 0.3429, 0.01806, 1331.0, 0.433, 0.7233, 0.8084, 2.655e-05]
Cost = 3.13e+04
----- Optimized Parameters (2 sig. digits) -----
[0.121, 4159.0, 0.3429, 0.01806, 1331.0, 0.433, 0.7233, 0.8084, 2.655e-05]
Cost = 3.13e+04
----- Optimized Parameters (2 sig. digits) -----
[0.121, 4159.0, 0.3429, 0.01806, 1331.0, 0.433, 0.7233, 0.8084, 2.655e-05]
Cost = 3.13e+04
----- Optimized Parameters (2 sig. digits) -----
[0.121, 4159.0, 0.3429, 0.01806, 1331.0, 0.433, 0.7233, 0.8084, 2.655e-05]
Cost = 3.13e+04
----- Optimized Parameters (2 sig. digits) -----
[0.121, 4159.0, 0.3429, 0.01806, 1331.0, 0.433, 0.7233, 0.8084, 2.655e-05]
Cost = 3.13e+04
----- Optimized Parameters (2 sig. digits) -----
[0.121, 4159.0, 0.3429, 0.01806, 1331.0, 0.433, 0.7233, 0.8084, 2.655e-05]
Cost = 3.13e+04
----- Optimized Parameters (2 sig. digits) -----
[0.121, 4159.0, 0.3429, 0.01806, 1331.0, 0.433, 0.7233, 0.8084, 2.655e-05]
Cost = 3.13e+04
----- Optimized Parameters (2 sig. digits) -----
[0.121, 4159.0, 0.3429, 0.01806, 1331.0, 0.433, 0.7233, 0.8084, 2.655e-05]
Cost = 3.13e+04
----- Optimized Parameters (2 sig. digits) -----
[0.121, 4159.0, 0.3429, 0.01806, 1331.0, 0.433, 0.7233, 0.8084, 2.655e-05]
Cost = 3.13e+04
----- Optimized Parameters (2 sig. digits) -----
[0.121, 4159.0, 0.3429, 0.01806, 1331.0, 0.433, 0.7233, 0.8084, 2.657e-05]
Cost = 3.13e+04
----- Optimized Parameters (2 sig. digits) -----
[0.06914, 2437.0, 0.1974, 0.4532, 1626.0, 0.2463, 0.8452, 0.4555, 1.502e-05]
Cost = 2.22e+03
----- Optimized Parameters (2 sig. digits) -----
[0.06914, 2437.0, 0.1974, 0.4532, 1626.0, 0.2463, 0.8452, 0.4555, 1.502e-05]
Cost = 2.22e+03
----- Optimized Parameters (2 sig. digits) -----
[0.06914, 2437.0, 0.1974, 0.4532, 1626.0, 0.2463, 0.8452, 0.4555, 1.502e-05]
Cost = 2.22e+03
----- Optimized Parameters (2 sig. digits) -----
[0.06914, 2437.0, 0.1974, 0.4532, 1626.0, 0.2463, 0.8452, 0.4555, 1.502e-05]
Cost = 2.22e+03
----- Optimized Parameters (2 sig. digits) -----
[0.06914, 2437.0, 0.1974, 0.4532, 1626.0, 0.2463, 0.8452, 0.4555, 1.502e-05]
Cost = 2.22e+03
----- Optimized Parameters (2 sig. digits) -----
[0.06914, 2437.0, 0.1974, 0.4532, 1626.0, 0.2463, 0.8452, 0.4555, 1.502e-05]
Cost = 2.22e+03
----- Optimized Parameters (2 sig. digits) -----
[0.06914, 2437.0, 0.1974, 0.4532, 1626.0, 0.2463, 0.8452, 0.4555, 1.502e-05]
Cost = 2.22e+03
----- Optimized Parameters (2 sig. digits) -----
[0.06914, 2437.0, 0.1974, 0.4532, 1626.0, 0.2463, 0.8452, 0.4555, 1.502e-05]
Cost = 2.22e+03
----- Optimized Parameters (2 sig. digits) -----
[0.06914, 2437.0, 0.1974, 0.4532, 1626.0, 0.2463, 0.8452, 0.4555, 1.502e-05]
Cost = 2.22e+03
----- Optimized Parameters (2 sig. digits) -----
[0.06914, 2437.0, 0.1974, 0.4532, 1626.0, 0.2463, 0.8452, 0.4555, 1.504e-05]
Cost = 2.22e+03
----- Optimized Parameters (2 sig. digits) -----
[0.1099, 2167.0, 0.18, 0.5027, 1663.0, 0.2235, 0.8592, 0.4075, 1.366e-05]
Cost = 795
----- Optimized Parameters (2 sig. digits) -----
[0.1099, 2167.0, 0.18, 0.5027, 1663.0, 0.2235, 0.8592, 0.4075, 1.366e-05]
Cost = 795
----- Optimized Parameters (2 sig. digits) -----
[0.1099, 2167.0, 0.18, 0.5027, 1663.0, 0.2235, 0.8592, 0.4075, 1.366e-05]
Cost = 795
----- Optimized Parameters (2 sig. digits) -----
[0.1099, 2167.0, 0.18, 0.5027, 1663.0, 0.2235, 0.8592, 0.4075, 1.366e-05]
Cost = 795
----- Optimized Parameters (2 sig. digits) -----
[0.1099, 2167.0, 0.18, 0.5027, 1663.0, 0.2235, 0.8592, 0.4075, 1.366e-05]
Cost = 795
----- Optimized Parameters (2 sig. digits) -----
[0.1099, 2167.0, 0.18, 0.5027, 1663.0, 0.2235, 0.8592, 0.4075, 1.366e-05]
Cost = 795
----- Optimized Parameters (2 sig. digits) -----
[0.1099, 2167.0, 0.18, 0.5027, 1663.0, 0.2235, 0.8592, 0.4075, 1.366e-05]
Cost = 795
----- Optimized Parameters (2 sig. digits) -----
[0.1099, 2167.0, 0.18, 0.5027, 1663.0, 0.2235, 0.8592, 0.4075, 1.366e-05]
Cost = 795
----- Optimized Parameters (2 sig. digits) -----
[0.1099, 2167.0, 0.18, 0.5027, 1663.0, 0.2235, 0.8592, 0.4075, 1.366e-05]
Cost = 795
----- Optimized Parameters (2 sig. digits) -----
[0.1099, 2167.0, 0.18, 0.5027, 1663.0, 0.2235, 0.8592, 0.4075, 1.367e-05]
Cost = 796
----- Optimized Parameters (2 sig. digits) -----
[0.4054, 1927.0, 0.1766, 0.5252, 1679.0, 0.2129, 0.864, 0.3746, 1.301e-05]
Cost = 537
----- Optimized Parameters (2 sig. digits) -----
[0.4054, 1927.0, 0.1766, 0.5252, 1679.0, 0.2129, 0.864, 0.3746, 1.301e-05]
Cost = 537
----- Optimized Parameters (2 sig. digits) -----
[0.4054, 1927.0, 0.1766, 0.5252, 1679.0, 0.2129, 0.864, 0.3746, 1.301e-05]
Cost = 537
----- Optimized Parameters (2 sig. digits) -----
[0.4054, 1927.0, 0.1766, 0.5252, 1679.0, 0.2129, 0.864, 0.3746, 1.301e-05]
Cost = 537
----- Optimized Parameters (2 sig. digits) -----
[0.4054, 1927.0, 0.1766, 0.5252, 1679.0, 0.2129, 0.864, 0.3746, 1.301e-05]
Cost = 537
----- Optimized Parameters (2 sig. digits) -----
[0.4054, 1927.0, 0.1766, 0.5252, 1679.0, 0.2129, 0.864, 0.3746, 1.301e-05]
Cost = 537
----- Optimized Parameters (2 sig. digits) -----
[0.4054, 1927.0, 0.1766, 0.5252, 1679.0, 0.2129, 0.864, 0.3746, 1.301e-05]
Cost = 537
----- Optimized Parameters (2 sig. digits) -----
[0.4054, 1927.0, 0.1766, 0.5252, 1679.0, 0.2129, 0.864, 0.3746, 1.301e-05]
Cost = 537
----- Optimized Parameters (2 sig. digits) -----
[0.4054, 1927.0, 0.1766, 0.5252, 1679.0, 0.2129, 0.864, 0.3746, 1.301e-05]
Cost = 537
----- Optimized Parameters (2 sig. digits) -----
[0.4054, 1927.0, 0.1766, 0.5252, 1679.0, 0.2129, 0.864, 0.3746, 1.302e-05]
Cost = 537
----- Optimized Parameters (2 sig. digits) -----
[0.5007, 540.0, 0.3237, 0.4904, 1671.0, 0.219, 0.7984, 0.01182, 1.887e-05]
Cost = 5.75e+03
----- Optimized Parameters (2 sig. digits) -----
[0.5003, 1653.0, 0.2617, 0.4915, 1676.0, 0.2184, 0.7997, 0.01182, 1.86e-05]
Cost = 6.04e+03
----- Optimized Parameters (2 sig. digits) -----
[0.5005, 1877.0, 0.2491, 0.4919, 1679.0, 0.2183, 0.7999, 0.01182, 1.856e-05]
Cost = 6.09e+03
----- Optimized Parameters (2 sig. digits) -----
[0.5004, 1927.0, 0.1942, 0.5146, 1679.0, 0.2133, 0.8244, 0.1297, 1.822e-05]
Cost = 1.04e+03
----- Optimized Parameters (2 sig. digits) -----
[0.446, 1927.0, 0.1315, 0.5245, 1679.0, 0.2107, 0.8592, 0.3408, 1.592e-05]
Cost = 514
----- Optimized Parameters (2 sig. digits) -----
[0.446, 1927.0, 0.1315, 0.5245, 1679.0, 0.2107, 0.8592, 0.3408, 1.592e-05]
Cost = 514
----- Optimized Parameters (2 sig. digits) -----
[0.446, 1927.0, 0.1315, 0.5245, 1679.0, 0.2107, 0.8592, 0.3408, 1.592e-05]
Cost = 514
----- Optimized Parameters (2 sig. digits) -----
[0.446, 1927.0, 0.1315, 0.5245, 1679.0, 0.2107, 0.8592, 0.3408, 1.592e-05]
Cost = 514
----- Optimized Parameters (2 sig. digits) -----
[0.446, 1927.0, 0.1315, 0.5245, 1679.0, 0.2107, 0.8592, 0.3408, 1.592e-05]
Cost = 514
----- Optimized Parameters (2 sig. digits) -----
[0.446, 1927.0, 0.1315, 0.5245, 1679.0, 0.2107, 0.8592, 0.3408, 1.592e-05]
Cost = 514
----- Optimized Parameters (2 sig. digits) -----
[0.446, 1927.0, 0.1315, 0.5245, 1679.0, 0.2107, 0.8592, 0.3408, 1.592e-05]
Cost = 514
----- Optimized Parameters (2 sig. digits) -----
[0.446, 1927.0, 0.1315, 0.5245, 1679.0, 0.2107, 0.8592, 0.3408, 1.592e-05]
Cost = 514
----- Optimized Parameters (2 sig. digits) -----
[0.446, 1927.0, 0.1315, 0.5245, 1679.0, 0.2107, 0.8592, 0.3408, 1.592e-05]
Cost = 514
----- Optimized Parameters (2 sig. digits) -----
[0.446, 1927.0, 0.1315, 0.5245, 1679.0, 0.2107, 0.8592, 0.3408, 1.594e-05]
Cost = 514
----- Optimized Parameters (2 sig. digits) -----
[0.5246, 1920.0, 0.1588, 0.5196, 1679.0, 0.2121, 0.8354, 0.2828, 1.598e-05]
Cost = 496
----- Optimized Parameters (2 sig. digits) -----
[0.5246, 1920.0, 0.1588, 0.5196, 1679.0, 0.2121, 0.8354, 0.2828, 1.598e-05]
Cost = 496
----- Optimized Parameters (2 sig. digits) -----
[0.5246, 1920.0, 0.1588, 0.5196, 1679.0, 0.2121, 0.8354, 0.2828, 1.598e-05]
Cost = 496
----- Optimized Parameters (2 sig. digits) -----
[0.5246, 1920.0, 0.1588, 0.5196, 1679.0, 0.2121, 0.8354, 0.2828, 1.598e-05]
Cost = 496
----- Optimized Parameters (2 sig. digits) -----
[0.5246, 1920.0, 0.1588, 0.5196, 1679.0, 0.2121, 0.8354, 0.2828, 1.598e-05]
Cost = 496
----- Optimized Parameters (2 sig. digits) -----
[0.5246, 1920.0, 0.1588, 0.5196, 1679.0, 0.2121, 0.8354, 0.2828, 1.598e-05]
Cost = 496
----- Optimized Parameters (2 sig. digits) -----
[0.5246, 1920.0, 0.1588, 0.5196, 1679.0, 0.2121, 0.8354, 0.2828, 1.598e-05]
Cost = 496
----- Optimized Parameters (2 sig. digits) -----
[0.5246, 1920.0, 0.1588, 0.5196, 1679.0, 0.2121, 0.8354, 0.2828, 1.598e-05]
Cost = 496
----- Optimized Parameters (2 sig. digits) -----
[0.5246, 1920.0, 0.1588, 0.5196, 1679.0, 0.2121, 0.8354, 0.2828, 1.598e-05]
Cost = 496
----- Optimized Parameters (2 sig. digits) -----
[0.5246, 1920.0, 0.1588, 0.5196, 1679.0, 0.2121, 0.8354, 0.2828, 1.6e-05]
Cost = 496
----- Optimized Parameters (2 sig. digits) -----
[0.6037, 1903.0, 0.2441, 0.499, 1680.0, 0.2123, 0.7923, 0.1313, 1.722e-05]
Cost = 591
----- Optimized Parameters (2 sig. digits) -----
[0.5467, 1920.0, 0.1855, 0.518, 1679.0, 0.213, 0.8267, 0.2221, 1.722e-05]
Cost = 488
----- Optimized Parameters (2 sig. digits) -----
[0.5467, 1920.0, 0.1855, 0.518, 1679.0, 0.213, 0.8267, 0.2221, 1.722e-05]
Cost = 488
----- Optimized Parameters (2 sig. digits) -----
[0.5467, 1920.0, 0.1855, 0.518, 1679.0, 0.213, 0.8267, 0.2221, 1.722e-05]
Cost = 488
----- Optimized Parameters (2 sig. digits) -----
[0.5467, 1920.0, 0.1855, 0.518, 1679.0, 0.213, 0.8267, 0.2221, 1.722e-05]
Cost = 488
----- Optimized Parameters (2 sig. digits) -----
[0.5467, 1920.0, 0.1855, 0.518, 1679.0, 0.213, 0.8267, 0.2221, 1.722e-05]
Cost = 488
----- Optimized Parameters (2 sig. digits) -----
[0.5467, 1920.0, 0.1855, 0.518, 1679.0, 0.213, 0.8267, 0.2221, 1.722e-05]
Cost = 488
----- Optimized Parameters (2 sig. digits) -----
[0.5467, 1920.0, 0.1855, 0.518, 1679.0, 0.213, 0.8267, 0.2221, 1.722e-05]
Cost = 488
----- Optimized Parameters (2 sig. digits) -----
[0.5467, 1920.0, 0.1855, 0.518, 1679.0, 0.213, 0.8267, 0.2221, 1.722e-05]
Cost = 488
----- Optimized Parameters (2 sig. digits) -----
[0.5467, 1920.0, 0.1855, 0.518, 1679.0, 0.213, 0.8267, 0.2221, 1.722e-05]
Cost = 488
----- Optimized Parameters (2 sig. digits) -----
[0.5467, 1920.0, 0.1855, 0.518, 1679.0, 0.213, 0.8267, 0.2221, 1.723e-05]
Cost = 488
----- Optimized Parameters (2 sig. digits) -----
[0.5821, 1919.0, 0.2601, 0.5088, 1679.0, 0.2195, 0.7967, 0.1061, 1.905e-05]
Cost = 549
----- Optimized Parameters (2 sig. digits) -----
[0.5516, 1920.0, 0.2034, 0.5174, 1679.0, 0.215, 0.8232, 0.1902, 1.831e-05]
Cost = 479
----- Optimized Parameters (2 sig. digits) -----
[0.5516, 1920.0, 0.2034, 0.5174, 1679.0, 0.215, 0.8232, 0.1902, 1.831e-05]
Cost = 479
----- Optimized Parameters (2 sig. digits) -----
[0.5516, 1920.0, 0.2034, 0.5174, 1679.0, 0.215, 0.8232, 0.1902, 1.831e-05]
Cost = 479
----- Optimized Parameters (2 sig. digits) -----
[0.5516, 1920.0, 0.2034, 0.5174, 1679.0, 0.215, 0.8232, 0.1902, 1.831e-05]
Cost = 479
----- Optimized Parameters (2 sig. digits) -----
[0.5516, 1920.0, 0.2034, 0.5174, 1679.0, 0.215, 0.8232, 0.1902, 1.831e-05]
Cost = 479
----- Optimized Parameters (2 sig. digits) -----
[0.5516, 1920.0, 0.2034, 0.5174, 1679.0, 0.215, 0.8232, 0.1902, 1.831e-05]
Cost = 479
----- Optimized Parameters (2 sig. digits) -----
[0.5516, 1920.0, 0.2034, 0.5174, 1679.0, 0.215, 0.8232, 0.1902, 1.831e-05]
Cost = 479
----- Optimized Parameters (2 sig. digits) -----
[0.5516, 1920.0, 0.2034, 0.5174, 1679.0, 0.215, 0.8232, 0.1902, 1.831e-05]
Cost = 479
----- Optimized Parameters (2 sig. digits) -----
[0.5516, 1920.0, 0.2034, 0.5174, 1679.0, 0.215, 0.8232, 0.1902, 1.831e-05]
Cost = 479
----- Optimized Parameters (2 sig. digits) -----
[0.5516, 1920.0, 0.2034, 0.5174, 1679.0, 0.215, 0.8232, 0.1902, 1.833e-05]
Cost = 479
----- Optimized Parameters (2 sig. digits) -----
[0.5555, 1920.0, 0.2409, 0.5164, 1679.0, 0.2195, 0.8174, 0.1252, 2.063e-05]
Cost = 475
----- Optimized Parameters (2 sig. digits) -----
[0.5555, 1920.0, 0.2409, 0.5164, 1679.0, 0.2195, 0.8174, 0.1252, 2.063e-05]
Cost = 475
----- Optimized Parameters (2 sig. digits) -----
[0.5555, 1920.0, 0.2409, 0.5164, 1679.0, 0.2195, 0.8174, 0.1252, 2.063e-05]
Cost = 475
----- Optimized Parameters (2 sig. digits) -----
[0.5555, 1920.0, 0.2409, 0.5164, 1679.0, 0.2195, 0.8174, 0.1252, 2.063e-05]
Cost = 475
----- Optimized Parameters (2 sig. digits) -----
[0.5555, 1920.0, 0.2409, 0.5164, 1679.0, 0.2195, 0.8174, 0.1252, 2.063e-05]
Cost = 475
----- Optimized Parameters (2 sig. digits) -----
[0.5555, 1920.0, 0.2409, 0.5164, 1679.0, 0.2195, 0.8174, 0.1252, 2.063e-05]
Cost = 475
----- Optimized Parameters (2 sig. digits) -----
[0.5555, 1920.0, 0.2409, 0.5164, 1679.0, 0.2195, 0.8174, 0.1252, 2.063e-05]
Cost = 475
----- Optimized Parameters (2 sig. digits) -----
[0.5555, 1920.0, 0.2409, 0.5164, 1679.0, 0.2195, 0.8174, 0.1252, 2.063e-05]
Cost = 475
----- Optimized Parameters (2 sig. digits) -----
[0.5555, 1920.0, 0.2409, 0.5164, 1679.0, 0.2195, 0.8174, 0.1252, 2.063e-05]
Cost = 475
----- Optimized Parameters (2 sig. digits) -----
[0.5555, 1920.0, 0.2409, 0.5164, 1679.0, 0.2195, 0.8174, 0.1252, 2.064e-05]
Cost = 474
----- Optimized Parameters (2 sig. digits) -----
[0.5496, 1920.0, 0.2937, 0.5133, 1679.0, 0.2284, 0.8045, 0.07462, 2.324e-05]
Cost = 448
----- Optimized Parameters (2 sig. digits) -----
[0.5496, 1920.0, 0.2937, 0.5133, 1679.0, 0.2284, 0.8045, 0.07462, 2.324e-05]
Cost = 448
----- Optimized Parameters (2 sig. digits) -----
[0.5496, 1920.0, 0.2937, 0.5133, 1679.0, 0.2284, 0.8045, 0.07462, 2.324e-05]
Cost = 448
----- Optimized Parameters (2 sig. digits) -----
[0.5496, 1920.0, 0.2937, 0.5133, 1679.0, 0.2284, 0.8045, 0.07462, 2.324e-05]
Cost = 448
----- Optimized Parameters (2 sig. digits) -----
[0.5496, 1920.0, 0.2937, 0.5133, 1679.0, 0.2284, 0.8045, 0.07462, 2.324e-05]
Cost = 448
----- Optimized Parameters (2 sig. digits) -----
[0.5496, 1920.0, 0.2937, 0.5133, 1679.0, 0.2284, 0.8045, 0.07462, 2.324e-05]
Cost = 448
----- Optimized Parameters (2 sig. digits) -----
[0.5496, 1920.0, 0.2937, 0.5133, 1679.0, 0.2284, 0.8045, 0.07462, 2.324e-05]
Cost = 448
----- Optimized Parameters (2 sig. digits) -----
[0.5496, 1920.0, 0.2937, 0.5133, 1679.0, 0.2284, 0.8045, 0.07462, 2.324e-05]
Cost = 448
----- Optimized Parameters (2 sig. digits) -----
[0.5496, 1920.0, 0.2937, 0.5133, 1679.0, 0.2284, 0.8045, 0.07462, 2.324e-05]
Cost = 448
----- Optimized Parameters (2 sig. digits) -----
[0.5496, 1920.0, 0.2937, 0.5133, 1679.0, 0.2284, 0.8045, 0.07462, 2.325e-05]
Cost = 448
----- Optimized Parameters (2 sig. digits) -----
[0.4832, 1919.0, 0.3755, 0.4832, 1678.0, 0.2437, 0.7652, 0.01618, 2.871e-05]
Cost = 740
----- Optimized Parameters (2 sig. digits) -----
[0.542, 1920.0, 0.3199, 0.5125, 1679.0, 0.2322, 0.8017, 0.05053, 2.791e-05]
Cost = 405
----- Optimized Parameters (2 sig. digits) -----
[0.542, 1920.0, 0.3199, 0.5125, 1679.0, 0.2322, 0.8017, 0.05053, 2.791e-05]
Cost = 405
----- Optimized Parameters (2 sig. digits) -----
[0.542, 1920.0, 0.3199, 0.5125, 1679.0, 0.2322, 0.8017, 0.05053, 2.791e-05]
Cost = 405
----- Optimized Parameters (2 sig. digits) -----
[0.542, 1920.0, 0.3199, 0.5125, 1679.0, 0.2322, 0.8017, 0.05053, 2.791e-05]
Cost = 405
----- Optimized Parameters (2 sig. digits) -----
[0.542, 1920.0, 0.3199, 0.5125, 1679.0, 0.2322, 0.8017, 0.05053, 2.791e-05]
Cost = 405
----- Optimized Parameters (2 sig. digits) -----
[0.542, 1920.0, 0.3199, 0.5125, 1679.0, 0.2322, 0.8017, 0.05053, 2.791e-05]
Cost = 405
----- Optimized Parameters (2 sig. digits) -----
[0.542, 1920.0, 0.3199, 0.5125, 1679.0, 0.2322, 0.8017, 0.05053, 2.791e-05]
Cost = 405
----- Optimized Parameters (2 sig. digits) -----
[0.542, 1920.0, 0.3199, 0.5125, 1679.0, 0.2322, 0.8017, 0.05053, 2.791e-05]
Cost = 405
----- Optimized Parameters (2 sig. digits) -----
[0.542, 1920.0, 0.3199, 0.5125, 1679.0, 0.2322, 0.8017, 0.05053, 2.791e-05]
Cost = 405
----- Optimized Parameters (2 sig. digits) -----
[0.542, 1920.0, 0.3199, 0.5125, 1679.0, 0.2322, 0.8017, 0.05053, 2.793e-05]
Cost = 404
----- Optimized Parameters (2 sig. digits) -----
[0.5146, 1920.0, 0.3742, 0.5106, 1679.0, 0.2369, 0.7971, 0.0187, 3.582e-05]
Cost = 473
----- Optimized Parameters (2 sig. digits) -----
[0.5377, 1920.0, 0.3311, 0.5122, 1679.0, 0.2326, 0.8012, 0.03611, 3.443e-05]
Cost = 375
----- Optimized Parameters (2 sig. digits) -----
[0.5377, 1920.0, 0.3311, 0.5122, 1679.0, 0.2326, 0.8012, 0.03611, 3.443e-05]
Cost = 375
----- Optimized Parameters (2 sig. digits) -----
[0.5377, 1920.0, 0.3311, 0.5122, 1679.0, 0.2326, 0.8012, 0.03611, 3.443e-05]
Cost = 375
----- Optimized Parameters (2 sig. digits) -----
[0.5377, 1920.0, 0.3311, 0.5122, 1679.0, 0.2326, 0.8012, 0.03611, 3.443e-05]
Cost = 375
----- Optimized Parameters (2 sig. digits) -----
[0.5377, 1920.0, 0.3311, 0.5122, 1679.0, 0.2326, 0.8012, 0.03611, 3.443e-05]
Cost = 375
----- Optimized Parameters (2 sig. digits) -----
[0.5377, 1920.0, 0.3311, 0.5122, 1679.0, 0.2326, 0.8012, 0.03611, 3.443e-05]
Cost = 375
----- Optimized Parameters (2 sig. digits) -----
[0.5377, 1920.0, 0.3311, 0.5122, 1679.0, 0.2326, 0.8012, 0.03611, 3.443e-05]
Cost = 375
----- Optimized Parameters (2 sig. digits) -----
[0.5377, 1920.0, 0.3311, 0.5122, 1679.0, 0.2326, 0.8012, 0.03611, 3.443e-05]
Cost = 375
----- Optimized Parameters (2 sig. digits) -----
[0.5377, 1920.0, 0.3311, 0.5122, 1679.0, 0.2326, 0.8012, 0.03611, 3.443e-05]
Cost = 375
----- Optimized Parameters (2 sig. digits) -----
[0.5377, 1920.0, 0.3311, 0.5122, 1679.0, 0.2326, 0.8012, 0.03611, 3.444e-05]
Cost = 375
----- Optimized Parameters (2 sig. digits) -----
[0.5242, 1920.0, 0.3587, 0.5116, 1679.0, 0.2329, 0.8002, 0.02066, 4.36e-05]
Cost = 352
----- Optimized Parameters (2 sig. digits) -----
[0.5242, 1920.0, 0.3587, 0.5116, 1679.0, 0.2329, 0.8002, 0.02066, 4.36e-05]
Cost = 352
----- Optimized Parameters (2 sig. digits) -----
[0.5242, 1920.0, 0.3587, 0.5116, 1679.0, 0.2329, 0.8002, 0.02066, 4.36e-05]
Cost = 352
----- Optimized Parameters (2 sig. digits) -----
[0.5242, 1920.0, 0.3587, 0.5116, 1679.0, 0.2329, 0.8002, 0.02066, 4.36e-05]
Cost = 352
----- Optimized Parameters (2 sig. digits) -----
[0.5242, 1920.0, 0.3587, 0.5116, 1679.0, 0.2329, 0.8002, 0.02066, 4.36e-05]
Cost = 352
----- Optimized Parameters (2 sig. digits) -----
[0.5242, 1920.0, 0.3587, 0.5116, 1679.0, 0.2329, 0.8002, 0.02066, 4.36e-05]
Cost = 352
----- Optimized Parameters (2 sig. digits) -----
[0.5242, 1920.0, 0.3587, 0.5116, 1679.0, 0.2329, 0.8002, 0.02066, 4.36e-05]
Cost = 352
----- Optimized Parameters (2 sig. digits) -----
[0.5242, 1920.0, 0.3587, 0.5116, 1679.0, 0.2329, 0.8002, 0.02066, 4.36e-05]
Cost = 352
----- Optimized Parameters (2 sig. digits) -----
[0.5242, 1920.0, 0.3587, 0.5116, 1679.0, 0.2329, 0.8002, 0.02066, 4.36e-05]
Cost = 352
----- Optimized Parameters (2 sig. digits) -----
[0.5242, 1920.0, 0.3587, 0.5116, 1679.0, 0.2329, 0.8002, 0.02066, 4.362e-05]
Cost = 352
----- Optimized Parameters (2 sig. digits) -----
[0.5072, 1920.0, 0.3857, 0.5109, 1679.0, 0.2338, 0.799, 0.01515, 5.119e-05]
Cost = 268
----- Optimized Parameters (2 sig. digits) -----
[0.5072, 1920.0, 0.3857, 0.5109, 1679.0, 0.2338, 0.799, 0.01515, 5.119e-05]
Cost = 268
----- Optimized Parameters (2 sig. digits) -----
[0.5072, 1920.0, 0.3857, 0.5109, 1679.0, 0.2338, 0.799, 0.01515, 5.119e-05]
Cost = 268
----- Optimized Parameters (2 sig. digits) -----
[0.5072, 1920.0, 0.3857, 0.5109, 1679.0, 0.2338, 0.799, 0.01515, 5.119e-05]
Cost = 268
----- Optimized Parameters (2 sig. digits) -----
[0.5072, 1920.0, 0.3857, 0.5109, 1679.0, 0.2338, 0.799, 0.01515, 5.119e-05]
Cost = 268
----- Optimized Parameters (2 sig. digits) -----
[0.5072, 1920.0, 0.3857, 0.5109, 1679.0, 0.2338, 0.799, 0.01515, 5.119e-05]
Cost = 268
----- Optimized Parameters (2 sig. digits) -----
[0.5072, 1920.0, 0.3857, 0.5109, 1679.0, 0.2338, 0.799, 0.01515, 5.119e-05]
Cost = 268
----- Optimized Parameters (2 sig. digits) -----
[0.5072, 1920.0, 0.3857, 0.5109, 1679.0, 0.2338, 0.799, 0.01515, 5.119e-05]
Cost = 268
----- Optimized Parameters (2 sig. digits) -----
[0.5072, 1920.0, 0.3857, 0.5109, 1679.0, 0.2338, 0.799, 0.01515, 5.119e-05]
Cost = 268
----- Optimized Parameters (2 sig. digits) -----
[0.5072, 1920.0, 0.3857, 0.5109, 1679.0, 0.2338, 0.799, 0.01515, 5.12e-05]
Cost = 268
----- Optimized Parameters (2 sig. digits) -----
[0.4808, 1920.0, 0.4166, 0.5103, 1679.0, 0.233, 0.7984, 0.01029, 5.846e-05]
Cost = 208
----- Optimized Parameters (2 sig. digits) -----
[0.4808, 1920.0, 0.4166, 0.5103, 1679.0, 0.233, 0.7984, 0.01029, 5.846e-05]
Cost = 208
----- Optimized Parameters (2 sig. digits) -----
[0.4808, 1920.0, 0.4166, 0.5103, 1679.0, 0.233, 0.7984, 0.01029, 5.846e-05]
Cost = 208
----- Optimized Parameters (2 sig. digits) -----
[0.4808, 1920.0, 0.4166, 0.5103, 1679.0, 0.233, 0.7984, 0.01029, 5.846e-05]
Cost = 208
----- Optimized Parameters (2 sig. digits) -----
[0.4808, 1920.0, 0.4166, 0.5103, 1679.0, 0.233, 0.7984, 0.01029, 5.846e-05]
Cost = 208
----- Optimized Parameters (2 sig. digits) -----
[0.4808, 1920.0, 0.4166, 0.5103, 1679.0, 0.233, 0.7984, 0.01029, 5.846e-05]
Cost = 208
----- Optimized Parameters (2 sig. digits) -----
[0.4808, 1920.0, 0.4166, 0.5103, 1679.0, 0.233, 0.7984, 0.01029, 5.846e-05]
Cost = 208
----- Optimized Parameters (2 sig. digits) -----
[0.4808, 1920.0, 0.4166, 0.5103, 1679.0, 0.233, 0.7984, 0.01029, 5.846e-05]
Cost = 208
----- Optimized Parameters (2 sig. digits) -----
[0.4808, 1920.0, 0.4166, 0.5103, 1679.0, 0.233, 0.7984, 0.01029, 5.846e-05]
Cost = 208
----- Optimized Parameters (2 sig. digits) -----
[0.4808, 1920.0, 0.4166, 0.5103, 1679.0, 0.233, 0.7984, 0.01029, 5.847e-05]
Cost = 208
----- Optimized Parameters (2 sig. digits) -----
[0.4766, 1920.0, 0.4212, 0.5102, 1679.0, 0.2333, 0.7982, 0.01035, 5.925e-05]
Cost = 198
----- Optimized Parameters (2 sig. digits) -----
[0.4766, 1920.0, 0.4212, 0.5102, 1679.0, 0.2333, 0.7982, 0.01035, 5.925e-05]
Cost = 198
----- Optimized Parameters (2 sig. digits) -----
[0.4766, 1920.0, 0.4212, 0.5102, 1679.0, 0.2333, 0.7982, 0.01035, 5.925e-05]
Cost = 198
----- Optimized Parameters (2 sig. digits) -----
[0.4766, 1920.0, 0.4212, 0.5102, 1679.0, 0.2333, 0.7982, 0.01035, 5.925e-05]
Cost = 198
----- Optimized Parameters (2 sig. digits) -----
[0.4766, 1920.0, 0.4212, 0.5102, 1679.0, 0.2333, 0.7982, 0.01035, 5.925e-05]
Cost = 198
----- Optimized Parameters (2 sig. digits) -----
[0.4766, 1920.0, 0.4212, 0.5102, 1679.0, 0.2333, 0.7982, 0.01035, 5.925e-05]
Cost = 198
----- Optimized Parameters (2 sig. digits) -----
[0.4766, 1920.0, 0.4212, 0.5102, 1679.0, 0.2333, 0.7982, 0.01035, 5.925e-05]
Cost = 198
----- Optimized Parameters (2 sig. digits) -----
[0.4766, 1920.0, 0.4212, 0.5102, 1679.0, 0.2333, 0.7982, 0.01035, 5.925e-05]
Cost = 198
----- Optimized Parameters (2 sig. digits) -----
[0.4766, 1920.0, 0.4212, 0.5102, 1679.0, 0.2333, 0.7982, 0.01035, 5.925e-05]
Cost = 198
----- Optimized Parameters (2 sig. digits) -----
[0.4766, 1920.0, 0.4212, 0.5102, 1679.0, 0.2333, 0.7982, 0.01035, 5.927e-05]
Cost = 198
----- Optimized Parameters (2 sig. digits) -----
[0.4438, 1920.0, 0.4579, 0.5107, 1679.0, 0.2131, 0.7978, 0.01, 7.032e-05]
Cost = 168
----- Optimized Parameters (2 sig. digits) -----
[0.4438, 1920.0, 0.4579, 0.5107, 1679.0, 0.2131, 0.7978, 0.01, 7.032e-05]
Cost = 168
----- Optimized Parameters (2 sig. digits) -----
[0.4438, 1920.0, 0.4579, 0.5107, 1679.0, 0.2131, 0.7978, 0.01, 7.032e-05]
Cost = 168
----- Optimized Parameters (2 sig. digits) -----
[0.4438, 1920.0, 0.4579, 0.5107, 1679.0, 0.2131, 0.7978, 0.01, 7.032e-05]
Cost = 168
----- Optimized Parameters (2 sig. digits) -----
[0.4438, 1920.0, 0.4579, 0.5107, 1679.0, 0.2131, 0.7978, 0.01, 7.032e-05]
Cost = 168
----- Optimized Parameters (2 sig. digits) -----
[0.4438, 1920.0, 0.4579, 0.5107, 1679.0, 0.2131, 0.7978, 0.01, 7.032e-05]
Cost = 168
----- Optimized Parameters (2 sig. digits) -----
[0.4438, 1920.0, 0.4579, 0.5107, 1679.0, 0.2131, 0.7978, 0.01, 7.032e-05]
Cost = 168
----- Optimized Parameters (2 sig. digits) -----
[0.4438, 1920.0, 0.4579, 0.5107, 1679.0, 0.2131, 0.7978, 0.01, 7.032e-05]
Cost = 168
----- Optimized Parameters (2 sig. digits) -----
[0.4438, 1920.0, 0.4579, 0.5107, 1679.0, 0.2131, 0.7978, 0.01, 7.032e-05]
Cost = 168
----- Optimized Parameters (2 sig. digits) -----
[0.4438, 1920.0, 0.4579, 0.5107, 1679.0, 0.2131, 0.7978, 0.01, 7.033e-05]
Cost = 168
----- Optimized Parameters (2 sig. digits) -----
[0.4438, 1920.0, 0.4579, 0.5107, 1679.0, 0.2131, 0.7978, 0.01004, 7.253e-05]
Cost = 165
----- Optimized Parameters (2 sig. digits) -----
[0.4438, 1920.0, 0.4579, 0.5107, 1679.0, 0.2131, 0.7978, 0.01004, 7.253e-05]
Cost = 165
----- Optimized Parameters (2 sig. digits) -----
[0.4438, 1920.0, 0.4579, 0.5107, 1679.0, 0.2131, 0.7978, 0.01004, 7.253e-05]
Cost = 165
----- Optimized Parameters (2 sig. digits) -----
[0.4438, 1920.0, 0.4579, 0.5107, 1679.0, 0.2131, 0.7978, 0.01004, 7.253e-05]
Cost = 165
----- Optimized Parameters (2 sig. digits) -----
[0.4438, 1920.0, 0.4579, 0.5107, 1679.0, 0.2131, 0.7978, 0.01004, 7.253e-05]
Cost = 165
----- Optimized Parameters (2 sig. digits) -----
[0.4438, 1920.0, 0.4579, 0.5107, 1679.0, 0.2131, 0.7978, 0.01004, 7.253e-05]
Cost = 165
----- Optimized Parameters (2 sig. digits) -----
[0.4438, 1920.0, 0.4579, 0.5107, 1679.0, 0.2131, 0.7978, 0.01004, 7.253e-05]
Cost = 165
----- Optimized Parameters (2 sig. digits) -----
[0.4438, 1920.0, 0.4579, 0.5107, 1679.0, 0.2131, 0.7978, 0.01004, 7.253e-05]
Cost = 165
----- Optimized Parameters (2 sig. digits) -----
[0.4438, 1920.0, 0.4579, 0.5107, 1679.0, 0.2131, 0.7978, 0.01004, 7.253e-05]
Cost = 165
----- Optimized Parameters (2 sig. digits) -----
[0.4438, 1920.0, 0.4579, 0.5107, 1679.0, 0.2131, 0.7978, 0.01004, 7.255e-05]
Cost = 165
----- Optimized Parameters (2 sig. digits) -----
[0.4426, 1920.0, 0.5154, 0.5464, 1679.0, 0.1984, 0.682, 0.01001, 4.783e-05]
Cost = 169
----- Optimized Parameters (2 sig. digits) -----
[0.433, 1920.0, 0.484, 0.5122, 1679.0, 0.2173, 0.7865, 0.01, 5.462e-05]
Cost = 162
----- Optimized Parameters (2 sig. digits) -----
[0.433, 1920.0, 0.484, 0.5122, 1679.0, 0.2173, 0.7865, 0.01, 5.462e-05]
Cost = 162
----- Optimized Parameters (2 sig. digits) -----
[0.433, 1920.0, 0.484, 0.5122, 1679.0, 0.2173, 0.7865, 0.01, 5.462e-05]
Cost = 162
----- Optimized Parameters (2 sig. digits) -----
[0.433, 1920.0, 0.484, 0.5122, 1679.0, 0.2173, 0.7865, 0.01, 5.462e-05]
Cost = 162
----- Optimized Parameters (2 sig. digits) -----
[0.433, 1920.0, 0.484, 0.5122, 1679.0, 0.2173, 0.7865, 0.01, 5.462e-05]
Cost = 162
----- Optimized Parameters (2 sig. digits) -----
[0.433, 1920.0, 0.484, 0.5122, 1679.0, 0.2173, 0.7865, 0.01, 5.462e-05]
Cost = 162
----- Optimized Parameters (2 sig. digits) -----
[0.433, 1920.0, 0.484, 0.5122, 1679.0, 0.2173, 0.7865, 0.01, 5.462e-05]
Cost = 162
----- Optimized Parameters (2 sig. digits) -----
[0.433, 1920.0, 0.484, 0.5122, 1679.0, 0.2173, 0.7865, 0.01, 5.462e-05]
Cost = 162
----- Optimized Parameters (2 sig. digits) -----
[0.433, 1920.0, 0.484, 0.5122, 1679.0, 0.2173, 0.7865, 0.01, 5.462e-05]
Cost = 162
----- Optimized Parameters (2 sig. digits) -----
[0.433, 1920.0, 0.484, 0.5122, 1679.0, 0.2173, 0.7865, 0.01, 5.464e-05]
Cost = 162
----- Optimized Parameters (2 sig. digits) -----
[0.433, 1920.0, 0.484, 0.5122, 1679.0, 0.2173, 0.7865, 0.01001, 5.686e-05]
Cost = 158
----- Optimized Parameters (2 sig. digits) -----
[0.433, 1920.0, 0.484, 0.5122, 1679.0, 0.2173, 0.7865, 0.01001, 5.686e-05]
Cost = 158
----- Optimized Parameters (2 sig. digits) -----
[0.433, 1920.0, 0.484, 0.5122, 1679.0, 0.2173, 0.7865, 0.01001, 5.686e-05]
Cost = 158
----- Optimized Parameters (2 sig. digits) -----
[0.433, 1920.0, 0.484, 0.5122, 1679.0, 0.2173, 0.7865, 0.01001, 5.686e-05]
Cost = 158
----- Optimized Parameters (2 sig. digits) -----
[0.433, 1920.0, 0.484, 0.5122, 1679.0, 0.2173, 0.7865, 0.01001, 5.686e-05]
Cost = 158
----- Optimized Parameters (2 sig. digits) -----
[0.433, 1920.0, 0.484, 0.5122, 1679.0, 0.2173, 0.7865, 0.01001, 5.686e-05]
Cost = 158
----- Optimized Parameters (2 sig. digits) -----
[0.433, 1920.0, 0.484, 0.5122, 1679.0, 0.2173, 0.7865, 0.01001, 5.686e-05]
Cost = 158
----- Optimized Parameters (2 sig. digits) -----
[0.433, 1920.0, 0.484, 0.5122, 1679.0, 0.2173, 0.7865, 0.01001, 5.686e-05]
Cost = 158
----- Optimized Parameters (2 sig. digits) -----
[0.433, 1920.0, 0.484, 0.5122, 1679.0, 0.2173, 0.7865, 0.01001, 5.686e-05]
Cost = 158
----- Optimized Parameters (2 sig. digits) -----
[0.433, 1920.0, 0.484, 0.5122, 1679.0, 0.2173, 0.7865, 0.01001, 5.688e-05]
Cost = 158
----- Optimized Parameters (2 sig. digits) -----
[0.433, 1920.0, 0.484, 0.5122, 1679.0, 0.2173, 0.7865, 0.01001, 5.686e-05]
Cost = 158
----- Optimized Parameters (2 sig. digits) -----
[0.433, 1920.0, 0.484, 0.5122, 1679.0, 0.2173, 0.7865, 0.01001, 5.686e-05]
Cost = 158
----- Optimized Parameters (2 sig. digits) -----
[0.433, 1920.0, 0.484, 0.5122, 1679.0, 0.2173, 0.7865, 0.01001, 5.686e-05]
Cost = 158
----- Optimized Parameters (2 sig. digits) -----
[0.433, 1920.0, 0.484, 0.5122, 1679.0, 0.2173, 0.7865, 0.01001, 5.686e-05]
Cost = 158
----- Optimized Parameters (2 sig. digits) -----
[0.433, 1920.0, 0.484, 0.5122, 1679.0, 0.2173, 0.7865, 0.01001, 5.686e-05]
Cost = 158
----- Optimized Parameters (2 sig. digits) -----
[0.433, 1920.0, 0.484, 0.5122, 1679.0, 0.2173, 0.7865, 0.01001, 5.686e-05]
Cost = 158
----- Optimized Parameters (2 sig. digits) -----
[0.433, 1920.0, 0.484, 0.5122, 1679.0, 0.2173, 0.7865, 0.01001, 5.686e-05]
Cost = 158
----- Optimized Parameters (2 sig. digits) -----
[0.433, 1920.0, 0.484, 0.5122, 1679.0, 0.2173, 0.7865, 0.01001, 5.686e-05]
Cost = 158
----- Optimized Parameters (2 sig. digits) -----
[0.433, 1920.0, 0.484, 0.5122, 1679.0, 0.2173, 0.7865, 0.01001, 5.686e-05]
Cost = 158
----- Optimized Parameters (2 sig. digits) -----
[0.433, 1920.0, 0.484, 0.5122, 1679.0, 0.2173, 0.7865, 0.01001, 5.686e-05]
Cost = 158
----- Optimized Parameters (2 sig. digits) -----
[0.433, 1920.0, 0.484, 0.5122, 1679.0, 0.2173, 0.7865, 0.01001, 5.688e-05]
Cost = 158
----- Optimized Parameters (2 sig. digits) -----
[0.471, 1052.0, 0.5651, 0.9845, 1733.0, 0.1552, 0.4468, 0.01, 7.364e-05]
Cost = 152
----- Optimized Parameters (2 sig. digits) -----
[0.471, 1052.0, 0.5651, 0.9845, 1733.0, 0.1552, 0.4468, 0.01, 7.364e-05]
Cost = 152
----- Optimized Parameters (2 sig. digits) -----
[0.471, 1052.0, 0.5651, 0.9845, 1733.0, 0.1552, 0.4468, 0.01, 7.364e-05]
Cost = 152
----- Optimized Parameters (2 sig. digits) -----
[0.471, 1052.0, 0.5651, 0.9845, 1733.0, 0.1552, 0.4468, 0.01, 7.364e-05]
Cost = 152
----- Optimized Parameters (2 sig. digits) -----
[0.471, 1052.0, 0.5651, 0.9845, 1733.0, 0.1552, 0.4468, 0.01, 7.364e-05]
Cost = 152
----- Optimized Parameters (2 sig. digits) -----
[0.471, 1052.0, 0.5651, 0.9845, 1733.0, 0.1552, 0.4468, 0.01, 7.364e-05]
Cost = 152
----- Optimized Parameters (2 sig. digits) -----
[0.471, 1052.0, 0.5651, 0.9845, 1733.0, 0.1552, 0.4468, 0.01, 7.364e-05]
Cost = 152
----- Optimized Parameters (2 sig. digits) -----
[0.471, 1052.0, 0.5651, 0.9845, 1733.0, 0.1552, 0.4468, 0.01, 7.364e-05]
Cost = 152
----- Optimized Parameters (2 sig. digits) -----
[0.471, 1052.0, 0.5651, 0.9845, 1733.0, 0.1552, 0.4468, 0.01, 7.364e-05]
Cost = 152
----- Optimized Parameters (2 sig. digits) -----
[0.471, 1052.0, 0.5651, 0.9845, 1733.0, 0.1552, 0.4468, 0.01, 7.366e-05]
Cost = 151
----- Optimized Parameters (2 sig. digits) -----
[0.471, 1052.0, 0.5651, 0.9845, 1733.0, 0.1553, 0.4468, 0.01033, 7.954e-05]
Cost = 126
----- Optimized Parameters (2 sig. digits) -----
[0.471, 1052.0, 0.5651, 0.9845, 1733.0, 0.1553, 0.4468, 0.01033, 7.954e-05]
Cost = 126
----- Optimized Parameters (2 sig. digits) -----
[0.471, 1052.0, 0.5651, 0.9845, 1733.0, 0.1553, 0.4468, 0.01033, 7.954e-05]
Cost = 126
----- Optimized Parameters (2 sig. digits) -----
[0.471, 1052.0, 0.5651, 0.9845, 1733.0, 0.1553, 0.4468, 0.01033, 7.954e-05]
Cost = 126
----- Optimized Parameters (2 sig. digits) -----
[0.471, 1052.0, 0.5651, 0.9845, 1733.0, 0.1553, 0.4468, 0.01033, 7.954e-05]
Cost = 126
----- Optimized Parameters (2 sig. digits) -----
[0.471, 1052.0, 0.5651, 0.9845, 1733.0, 0.1553, 0.4468, 0.01033, 7.954e-05]
Cost = 126
----- Optimized Parameters (2 sig. digits) -----
[0.471, 1052.0, 0.5651, 0.9845, 1733.0, 0.1553, 0.4468, 0.01033, 7.954e-05]
Cost = 126
----- Optimized Parameters (2 sig. digits) -----
[0.471, 1052.0, 0.5651, 0.9845, 1733.0, 0.1553, 0.4468, 0.01033, 7.954e-05]
Cost = 126
----- Optimized Parameters (2 sig. digits) -----
[0.471, 1052.0, 0.5651, 0.9845, 1733.0, 0.1553, 0.4468, 0.01033, 7.954e-05]
Cost = 126
----- Optimized Parameters (2 sig. digits) -----
[0.471, 1052.0, 0.5651, 0.9845, 1733.0, 0.1553, 0.4468, 0.01033, 7.955e-05]
Cost = 126
----- Optimized Parameters (2 sig. digits) -----
[0.4678, 304.2, 0.5732, 0.9999, 1711.0, 0.1603, 0.434, 0.01013, 7.787e-05]
Cost = 116
----- Optimized Parameters (2 sig. digits) -----
[0.4678, 304.2, 0.5732, 0.9999, 1711.0, 0.1603, 0.434, 0.01013, 7.787e-05]
Cost = 116
----- Optimized Parameters (2 sig. digits) -----
[0.4678, 304.2, 0.5732, 0.9999, 1711.0, 0.1603, 0.434, 0.01013, 7.787e-05]
Cost = 116
----- Optimized Parameters (2 sig. digits) -----
[0.4678, 304.2, 0.5732, 0.9999, 1711.0, 0.1603, 0.434, 0.01013, 7.787e-05]
Cost = 116
----- Optimized Parameters (2 sig. digits) -----
[0.4678, 304.2, 0.5732, 0.9999, 1711.0, 0.1603, 0.434, 0.01013, 7.787e-05]
Cost = 116
----- Optimized Parameters (2 sig. digits) -----
[0.4678, 304.2, 0.5732, 0.9999, 1711.0, 0.1603, 0.434, 0.01013, 7.787e-05]
Cost = 116
----- Optimized Parameters (2 sig. digits) -----
[0.4678, 304.2, 0.5732, 0.9999, 1711.0, 0.1603, 0.434, 0.01013, 7.787e-05]
Cost = 116
----- Optimized Parameters (2 sig. digits) -----
[0.4678, 304.2, 0.5732, 0.9999, 1711.0, 0.1603, 0.434, 0.01013, 7.787e-05]
Cost = 116
----- Optimized Parameters (2 sig. digits) -----
[0.4678, 304.2, 0.5732, 0.9999, 1711.0, 0.1603, 0.434, 0.01013, 7.787e-05]
Cost = 116
----- Optimized Parameters (2 sig. digits) -----
[0.4678, 304.2, 0.5732, 0.9999, 1711.0, 0.1603, 0.434, 0.01013, 7.789e-05]
Cost = 116
----- Optimized Parameters (2 sig. digits) -----
[0.4678, 304.2, 0.5732, 0.9999, 1711.0, 0.1603, 0.434, 0.01013, 7.905e-05]
Cost = 116
----- Optimized Parameters (2 sig. digits) -----
[0.4678, 304.2, 0.5732, 0.9999, 1711.0, 0.1603, 0.434, 0.01013, 7.905e-05]
Cost = 116
----- Optimized Parameters (2 sig. digits) -----
[0.4678, 304.2, 0.5732, 0.9999, 1711.0, 0.1603, 0.434, 0.01013, 7.905e-05]
Cost = 116
----- Optimized Parameters (2 sig. digits) -----
[0.4678, 304.2, 0.5732, 0.9999, 1711.0, 0.1603, 0.434, 0.01013, 7.905e-05]
Cost = 116
----- Optimized Parameters (2 sig. digits) -----
[0.4678, 304.2, 0.5732, 0.9999, 1711.0, 0.1603, 0.434, 0.01013, 7.905e-05]
Cost = 116
----- Optimized Parameters (2 sig. digits) -----
[0.4678, 304.2, 0.5732, 0.9999, 1711.0, 0.1603, 0.434, 0.01013, 7.905e-05]
Cost = 116
----- Optimized Parameters (2 sig. digits) -----
[0.4678, 304.2, 0.5732, 0.9999, 1711.0, 0.1603, 0.434, 0.01013, 7.905e-05]
Cost = 116
----- Optimized Parameters (2 sig. digits) -----
[0.4678, 304.2, 0.5732, 0.9999, 1711.0, 0.1603, 0.434, 0.01013, 7.905e-05]
Cost = 116
----- Optimized Parameters (2 sig. digits) -----
[0.4678, 304.2, 0.5732, 0.9999, 1711.0, 0.1603, 0.434, 0.01013, 7.905e-05]
Cost = 116
----- Optimized Parameters (2 sig. digits) -----
[0.4678, 304.2, 0.5732, 0.9999, 1711.0, 0.1603, 0.434, 0.01013, 7.906e-05]
Cost = 116
----- Optimized Parameters (2 sig. digits) -----
[0.4701, 303.7, 0.5772, 1.0, 1679.0, 0.1548, 0.3458, 0.01003, 5.956e-05]
Cost = 111
----- Optimized Parameters (2 sig. digits) -----
[0.4701, 303.7, 0.5772, 1.0, 1679.0, 0.1548, 0.3458, 0.01003, 5.956e-05]
Cost = 111
----- Optimized Parameters (2 sig. digits) -----
[0.4701, 303.7, 0.5772, 1.0, 1679.0, 0.1548, 0.3458, 0.01003, 5.956e-05]
Cost = 111
----- Optimized Parameters (2 sig. digits) -----
[0.4701, 303.7, 0.5772, 1.0, 1679.0, 0.1548, 0.3458, 0.01003, 5.956e-05]
Cost = 111
----- Optimized Parameters (2 sig. digits) -----
[0.4701, 303.7, 0.5772, 1.0, 1679.0, 0.1548, 0.3458, 0.01003, 5.956e-05]
Cost = 111
----- Optimized Parameters (2 sig. digits) -----
[0.4701, 303.7, 0.5772, 1.0, 1679.0, 0.1548, 0.3458, 0.01003, 5.956e-05]
Cost = 111
----- Optimized Parameters (2 sig. digits) -----
[0.4701, 303.7, 0.5772, 1.0, 1679.0, 0.1548, 0.3458, 0.01003, 5.956e-05]
Cost = 111
----- Optimized Parameters (2 sig. digits) -----
[0.4701, 303.7, 0.5772, 1.0, 1679.0, 0.1548, 0.3458, 0.01003, 5.956e-05]
Cost = 111
----- Optimized Parameters (2 sig. digits) -----
[0.4701, 303.7, 0.5772, 1.0, 1679.0, 0.1548, 0.3458, 0.01003, 5.956e-05]
Cost = 111
----- Optimized Parameters (2 sig. digits) -----
[0.4701, 303.7, 0.5772, 1.0, 1679.0, 0.1548, 0.3458, 0.01003, 5.957e-05]
Cost = 111
----- Optimized Parameters (2 sig. digits) -----
[0.4701, 303.7, 0.5772, 1.0, 1679.0, 0.1549, 0.3458, 0.01004, 6.075e-05]
Cost = 110
----- Optimized Parameters (2 sig. digits) -----
[0.4701, 303.7, 0.5772, 1.0, 1679.0, 0.1549, 0.3458, 0.01004, 6.075e-05]
Cost = 110
----- Optimized Parameters (2 sig. digits) -----
[0.4701, 303.7, 0.5772, 1.0, 1679.0, 0.1549, 0.3458, 0.01004, 6.075e-05]
Cost = 110
----- Optimized Parameters (2 sig. digits) -----
[0.4701, 303.7, 0.5772, 1.0, 1679.0, 0.1549, 0.3458, 0.01004, 6.075e-05]
Cost = 110
----- Optimized Parameters (2 sig. digits) -----
[0.4701, 303.7, 0.5772, 1.0, 1679.0, 0.1549, 0.3458, 0.01004, 6.075e-05]
Cost = 110
----- Optimized Parameters (2 sig. digits) -----
[0.4701, 303.7, 0.5772, 1.0, 1679.0, 0.1549, 0.3458, 0.01004, 6.075e-05]
Cost = 110
----- Optimized Parameters (2 sig. digits) -----
[0.4701, 303.7, 0.5772, 1.0, 1679.0, 0.1549, 0.3458, 0.01004, 6.075e-05]
Cost = 110
----- Optimized Parameters (2 sig. digits) -----
[0.4701, 303.7, 0.5772, 1.0, 1679.0, 0.1549, 0.3458, 0.01004, 6.075e-05]
Cost = 110
----- Optimized Parameters (2 sig. digits) -----
[0.4701, 303.7, 0.5772, 1.0, 1679.0, 0.1549, 0.3458, 0.01004, 6.075e-05]
Cost = 110
----- Optimized Parameters (2 sig. digits) -----
[0.4701, 303.7, 0.5772, 1.0, 1679.0, 0.1549, 0.3458, 0.01004, 6.077e-05]
Cost = 110
----- Optimized Parameters (2 sig. digits) -----
[0.4701, 303.7, 0.5772, 1.0, 1679.0, 0.1549, 0.3458, 0.01004, 6.075e-05]
Cost = 110
Job Statistics for 7018579:
           JobID       User               Start                 End    Elapsed   TotalCPU      State        NodeList 
---------------- ---------- ------------------- ------------------- ---------- ---------- ---------- --------------- 
         7018579     sxa126 2025-07-26T06:35:15 2025-07-26T08:16:57   01:41:42   07:48:57  COMPLETED   r1pl-hpcf-n09 
   7018579.batch            2025-07-26T06:35:15 2025-07-26T08:16:57   01:41:42   07:48:57  COMPLETED   r1pl-hpcf-n09 
  7018579.extern            2025-07-26T06:35:15 2025-07-26T08:16:58   01:41:43  00:00.001  COMPLETED   r1pl-hpcf-n09 
Requested Resources: billing=5,cpu=5,mem=37275M,node=1
Maximum CPU Memory: 128.22M; 	CPU Efficiency: 92.22% of 08:28:30 core-walltime
