----- Optimized Parameters (2 sig. digits) -----
[0.8536, 6704.0, 0.1741, 0.5841, 1540.0, 0.5673, 0.7, 0.2855, 0.0001055]
Cost = 5.49e+04
----- Optimized Parameters (2 sig. digits) -----
[0.7428, 723.4, 0.9344, 0.7772, 1251.0, 0.3728, 0.7086, 0.02635, 0.0001412]
Cost = 5.09e+04
----- Optimized Parameters (2 sig. digits) -----
[0.7217, 1244.0, 0.9003, 0.6189, 697.4, 0.5382, 0.1224, 0.0126, 2.921e-06]
Cost = 1.51e+03
----- Optimized Parameters (2 sig. digits) -----
[0.7217, 1244.0, 0.9003, 0.6189, 697.4, 0.5382, 0.1224, 0.0126, 2.921e-06]
Cost = 1.51e+03
----- Optimized Parameters (2 sig. digits) -----
[0.7217, 1244.0, 0.9003, 0.6189, 697.4, 0.5382, 0.1224, 0.0126, 2.921e-06]
Cost = 1.51e+03
----- Optimized Parameters (2 sig. digits) -----
[0.7217, 1244.0, 0.9003, 0.6189, 697.4, 0.5382, 0.1224, 0.0126, 2.921e-06]
Cost = 1.51e+03
----- Optimized Parameters (2 sig. digits) -----
[0.7217, 1244.0, 0.9003, 0.6189, 697.4, 0.5382, 0.1224, 0.0126, 2.921e-06]
Cost = 1.51e+03
----- Optimized Parameters (2 sig. digits) -----
[0.7217, 1244.0, 0.9003, 0.6189, 697.4, 0.5382, 0.1224, 0.0126, 2.921e-06]
Cost = 1.51e+03
----- Optimized Parameters (2 sig. digits) -----
[0.7217, 1244.0, 0.9003, 0.6189, 697.4, 0.5382, 0.1224, 0.0126, 2.921e-06]
Cost = 1.51e+03
----- Optimized Parameters (2 sig. digits) -----
[0.7217, 1244.0, 0.9003, 0.6189, 697.4, 0.5382, 0.1224, 0.0126, 2.921e-06]
Cost = 1.51e+03
----- Optimized Parameters (2 sig. digits) -----
[0.7217, 1244.0, 0.9003, 0.6189, 697.4, 0.5382, 0.1224, 0.0126, 2.921e-06]
Cost = 1.51e+03
----- Optimized Parameters (2 sig. digits) -----
[0.7217, 1244.0, 0.9003, 0.6189, 697.4, 0.5382, 0.1224, 0.0126, 2.921e-06]
Cost = 1.51e+03
----- Optimized Parameters (2 sig. digits) -----
[0.7217, 1244.0, 0.9003, 0.6189, 697.4, 0.5382, 0.1224, 0.0126, 2.936e-06]
Cost = 1.52e+03
----- Optimized Parameters (2 sig. digits) -----
[0.7217, 1244.0, 0.9003, 0.6189, 697.4, 0.5382, 0.1224, 0.0126, 2.31e-06]
Cost = 1.08e+03
----- Optimized Parameters (2 sig. digits) -----
[0.7217, 1244.0, 0.9003, 0.6189, 697.4, 0.5382, 0.1224, 0.0126, 2.31e-06]
Cost = 1.08e+03
----- Optimized Parameters (2 sig. digits) -----
[0.7217, 1244.0, 0.9003, 0.6189, 697.4, 0.5382, 0.1224, 0.0126, 2.31e-06]
Cost = 1.08e+03
----- Optimized Parameters (2 sig. digits) -----
[0.7217, 1244.0, 0.9003, 0.6189, 697.4, 0.5382, 0.1224, 0.0126, 2.31e-06]
Cost = 1.08e+03
----- Optimized Parameters (2 sig. digits) -----
[0.7217, 1244.0, 0.9003, 0.6189, 697.4, 0.5382, 0.1224, 0.0126, 2.31e-06]
Cost = 1.08e+03
----- Optimized Parameters (2 sig. digits) -----
[0.7217, 1244.0, 0.9003, 0.6189, 697.4, 0.5382, 0.1224, 0.0126, 2.31e-06]
Cost = 1.08e+03
----- Optimized Parameters (2 sig. digits) -----
[0.7217, 1244.0, 0.9003, 0.6189, 697.4, 0.5382, 0.1224, 0.0126, 2.31e-06]
Cost = 1.08e+03
----- Optimized Parameters (2 sig. digits) -----
[0.7217, 1244.0, 0.9003, 0.6189, 697.4, 0.5382, 0.1224, 0.0126, 2.31e-06]
Cost = 1.08e+03
----- Optimized Parameters (2 sig. digits) -----
[0.7217, 1244.0, 0.9003, 0.6189, 697.4, 0.5382, 0.1224, 0.0126, 2.31e-06]
Cost = 1.08e+03
----- Optimized Parameters (2 sig. digits) -----
[0.7217, 1244.0, 0.9003, 0.6189, 697.4, 0.5382, 0.1224, 0.0126, 2.325e-06]
Cost = 1.09e+03
----- Optimized Parameters (2 sig. digits) -----
[0.7217, 1244.0, 0.9003, 0.6189, 697.4, 0.5382, 0.1224, 0.0126, 2.31e-06]
Cost = 1.08e+03
----- Optimized Parameters (2 sig. digits) -----
[0.7217, 1244.0, 0.9003, 0.6189, 697.4, 0.5382, 0.1224, 0.0126, 2.31e-06]
Cost = 1.08e+03
----- Optimized Parameters (2 sig. digits) -----
[0.7217, 1244.0, 0.9003, 0.6189, 697.4, 0.5382, 0.1224, 0.0126, 2.31e-06]
Cost = 1.08e+03
----- Optimized Parameters (2 sig. digits) -----
[0.7217, 1244.0, 0.9003, 0.6189, 697.4, 0.5382, 0.1224, 0.0126, 2.31e-06]
Cost = 1.08e+03
----- Optimized Parameters (2 sig. digits) -----
[0.7217, 1244.0, 0.9003, 0.6189, 697.4, 0.5382, 0.1224, 0.0126, 2.31e-06]
Cost = 1.08e+03
----- Optimized Parameters (2 sig. digits) -----
[0.7217, 1244.0, 0.9003, 0.6189, 697.4, 0.5382, 0.1224, 0.0126, 2.31e-06]
Cost = 1.08e+03
----- Optimized Parameters (2 sig. digits) -----
[0.7217, 1244.0, 0.9003, 0.6189, 697.4, 0.5382, 0.1224, 0.0126, 2.31e-06]
Cost = 1.08e+03
----- Optimized Parameters (2 sig. digits) -----
[0.7217, 1244.0, 0.9003, 0.6189, 697.4, 0.5382, 0.1224, 0.0126, 2.31e-06]
Cost = 1.08e+03
----- Optimized Parameters (2 sig. digits) -----
[0.7217, 1244.0, 0.9003, 0.6189, 697.4, 0.5382, 0.1224, 0.0126, 2.31e-06]
Cost = 1.08e+03
----- Optimized Parameters (2 sig. digits) -----
[0.7217, 1244.0, 0.9003, 0.6189, 697.4, 0.5382, 0.1224, 0.0126, 2.31e-06]
Cost = 1.08e+03
----- Optimized Parameters (2 sig. digits) -----
[0.7217, 1244.0, 0.9003, 0.6189, 697.4, 0.5382, 0.1224, 0.0126, 2.325e-06]
Cost = 1.09e+03
----- Optimized Parameters (2 sig. digits) -----
[0.9576, 1081.0, 0.5558, 0.6788, 969.2, 0.4491, 0.2468, 0.01146, 2.498e-06]
Cost = 966
----- Optimized Parameters (2 sig. digits) -----
[0.9576, 1081.0, 0.5558, 0.6788, 969.2, 0.4491, 0.2468, 0.01146, 2.498e-06]
Cost = 966
----- Optimized Parameters (2 sig. digits) -----
[0.9576, 1081.0, 0.5558, 0.6788, 969.2, 0.4491, 0.2468, 0.01146, 2.498e-06]
Cost = 966
----- Optimized Parameters (2 sig. digits) -----
[0.9576, 1081.0, 0.5558, 0.6788, 969.2, 0.4491, 0.2468, 0.01146, 2.498e-06]
Cost = 966
----- Optimized Parameters (2 sig. digits) -----
[0.9576, 1081.0, 0.5558, 0.6788, 969.2, 0.4491, 0.2468, 0.01146, 2.498e-06]
Cost = 966
----- Optimized Parameters (2 sig. digits) -----
[0.9576, 1081.0, 0.5558, 0.6788, 969.2, 0.4491, 0.2468, 0.01146, 2.498e-06]
Cost = 966
----- Optimized Parameters (2 sig. digits) -----
[0.9576, 1081.0, 0.5558, 0.6788, 969.2, 0.4491, 0.2468, 0.01146, 2.498e-06]
Cost = 966
----- Optimized Parameters (2 sig. digits) -----
[0.9576, 1081.0, 0.5558, 0.6788, 969.2, 0.4491, 0.2468, 0.01146, 2.498e-06]
Cost = 966
----- Optimized Parameters (2 sig. digits) -----
[0.9576, 1081.0, 0.5558, 0.6788, 969.2, 0.4491, 0.2468, 0.01146, 2.498e-06]
Cost = 966
----- Optimized Parameters (2 sig. digits) -----
[0.9576, 1081.0, 0.5558, 0.6788, 969.2, 0.4491, 0.2468, 0.01146, 2.513e-06]
Cost = 959
----- Optimized Parameters (2 sig. digits) -----
[0.9576, 1081.0, 0.5558, 0.6788, 969.2, 0.4491, 0.2468, 0.01146, 2.888e-06]
Cost = 865
----- Optimized Parameters (2 sig. digits) -----
[0.9576, 1081.0, 0.5558, 0.6788, 969.2, 0.4491, 0.2468, 0.01146, 2.888e-06]
Cost = 865
----- Optimized Parameters (2 sig. digits) -----
[0.9576, 1081.0, 0.5558, 0.6788, 969.2, 0.4491, 0.2468, 0.01146, 2.888e-06]
Cost = 865
----- Optimized Parameters (2 sig. digits) -----
[0.9576, 1081.0, 0.5558, 0.6788, 969.2, 0.4491, 0.2468, 0.01146, 2.888e-06]
Cost = 865
----- Optimized Parameters (2 sig. digits) -----
[0.9576, 1081.0, 0.5558, 0.6788, 969.2, 0.4491, 0.2468, 0.01146, 2.888e-06]
Cost = 865
----- Optimized Parameters (2 sig. digits) -----
[0.9576, 1081.0, 0.5558, 0.6788, 969.2, 0.4491, 0.2468, 0.01146, 2.888e-06]
Cost = 865
----- Optimized Parameters (2 sig. digits) -----
[0.9576, 1081.0, 0.5558, 0.6788, 969.2, 0.4491, 0.2468, 0.01146, 2.888e-06]
Cost = 865
----- Optimized Parameters (2 sig. digits) -----
[0.9576, 1081.0, 0.5558, 0.6788, 969.2, 0.4491, 0.2468, 0.01146, 2.888e-06]
Cost = 865
----- Optimized Parameters (2 sig. digits) -----
[0.9576, 1081.0, 0.5558, 0.6788, 969.2, 0.4491, 0.2468, 0.01146, 2.888e-06]
Cost = 865
----- Optimized Parameters (2 sig. digits) -----
[0.9576, 1081.0, 0.5558, 0.6788, 969.2, 0.4491, 0.2468, 0.01146, 2.903e-06]
Cost = 864
----- Optimized Parameters (2 sig. digits) -----
[0.9576, 1081.0, 0.5558, 0.6788, 969.2, 0.4491, 0.2468, 0.01146, 2.888e-06]
Cost = 865
----- Optimized Parameters (2 sig. digits) -----
[0.6395, 4809.0, 0.5444, 0.3676, 87.72, 0.4882, 0.1117, 0.2064, 8.763e-05]
Cost = 5.89e+04
----- Optimized Parameters (2 sig. digits) -----
[0.7233, 2501.0, 0.6051, 0.7218, 274.3, 0.1338, 0.4126, 0.0417, 0.0001135]
Cost = 5.16e+04
----- Optimized Parameters (2 sig. digits) -----
[0.5632, 4356.0, 0.8414, 0.8533, 283.2, 0.1298, 0.9582, 0.2463, 7.339e-05]
Cost = 4.34e+04
----- Optimized Parameters (2 sig. digits) -----
[0.5632, 4356.0, 0.8414, 0.8533, 283.2, 0.1298, 0.9582, 0.2463, 7.339e-05]
Cost = 4.34e+04
----- Optimized Parameters (2 sig. digits) -----
[0.5632, 4356.0, 0.8414, 0.8533, 283.2, 0.1298, 0.9582, 0.2463, 7.339e-05]
Cost = 4.34e+04
----- Optimized Parameters (2 sig. digits) -----
[0.5632, 4356.0, 0.8414, 0.8533, 283.2, 0.1298, 0.9582, 0.2463, 7.339e-05]
Cost = 4.34e+04
----- Optimized Parameters (2 sig. digits) -----
[0.5632, 4356.0, 0.8414, 0.8533, 283.2, 0.1298, 0.9582, 0.2463, 7.339e-05]
Cost = 4.34e+04
----- Optimized Parameters (2 sig. digits) -----
[0.5632, 4356.0, 0.8414, 0.8533, 283.2, 0.1298, 0.9582, 0.2463, 7.339e-05]
Cost = 4.34e+04
----- Optimized Parameters (2 sig. digits) -----
[0.5632, 4356.0, 0.8414, 0.8533, 283.2, 0.1298, 0.9582, 0.2463, 7.339e-05]
Cost = 4.34e+04
----- Optimized Parameters (2 sig. digits) -----
[0.5632, 4356.0, 0.8414, 0.8533, 283.2, 0.1298, 0.9582, 0.2463, 7.339e-05]
Cost = 4.34e+04
----- Optimized Parameters (2 sig. digits) -----
[0.5632, 4356.0, 0.8414, 0.8533, 283.2, 0.1298, 0.9582, 0.2463, 7.339e-05]
Cost = 4.34e+04
----- Optimized Parameters (2 sig. digits) -----
[0.5632, 4356.0, 0.8414, 0.8533, 283.2, 0.1298, 0.9582, 0.2463, 7.339e-05]
Cost = 4.34e+04
----- Optimized Parameters (2 sig. digits) -----
[0.5632, 4356.0, 0.8414, 0.8533, 283.2, 0.1298, 0.9582, 0.2463, 7.341e-05]
Cost = 4.34e+04
----- Optimized Parameters (2 sig. digits) -----
[0.3217, 2686.0, 0.5146, 0.9099, 995.9, 0.08177, 0.975, 0.1512, 4.356e-05]
Cost = 2.11e+03
----- Optimized Parameters (2 sig. digits) -----
[0.3217, 2686.0, 0.5146, 0.9099, 995.9, 0.08177, 0.975, 0.1512, 4.356e-05]
Cost = 2.11e+03
----- Optimized Parameters (2 sig. digits) -----
[0.3217, 2686.0, 0.5146, 0.9099, 995.9, 0.08177, 0.975, 0.1512, 4.356e-05]
Cost = 2.11e+03
----- Optimized Parameters (2 sig. digits) -----
[0.3217, 2686.0, 0.5146, 0.9099, 995.9, 0.08177, 0.975, 0.1512, 4.356e-05]
Cost = 2.11e+03
----- Optimized Parameters (2 sig. digits) -----
[0.3217, 2686.0, 0.5146, 0.9099, 995.9, 0.08177, 0.975, 0.1512, 4.356e-05]
Cost = 2.11e+03
----- Optimized Parameters (2 sig. digits) -----
[0.3217, 2686.0, 0.5146, 0.9099, 995.9, 0.08177, 0.975, 0.1512, 4.356e-05]
Cost = 2.11e+03
----- Optimized Parameters (2 sig. digits) -----
[0.3217, 2686.0, 0.5146, 0.9099, 995.9, 0.08177, 0.975, 0.1512, 4.356e-05]
Cost = 2.11e+03
----- Optimized Parameters (2 sig. digits) -----
[0.3217, 2686.0, 0.5146, 0.9099, 995.9, 0.08177, 0.975, 0.1512, 4.356e-05]
Cost = 2.11e+03
----- Optimized Parameters (2 sig. digits) -----
[0.3217, 2686.0, 0.5146, 0.9099, 995.9, 0.08177, 0.975, 0.1512, 4.356e-05]
Cost = 2.11e+03
----- Optimized Parameters (2 sig. digits) -----
[0.3217, 2686.0, 0.5146, 0.9099, 995.9, 0.08177, 0.975, 0.1512, 4.357e-05]
Cost = 2.11e+03
----- Optimized Parameters (2 sig. digits) -----
[0.404, 2388.0, 0.4765, 0.9179, 1066.0, 0.07669, 0.9766, 0.1362, 3.998e-05]
Cost = 634
----- Optimized Parameters (2 sig. digits) -----
[0.404, 2388.0, 0.4765, 0.9179, 1066.0, 0.07669, 0.9766, 0.1362, 3.998e-05]
Cost = 634
----- Optimized Parameters (2 sig. digits) -----
[0.404, 2388.0, 0.4765, 0.9179, 1066.0, 0.07669, 0.9766, 0.1362, 3.998e-05]
Cost = 634
----- Optimized Parameters (2 sig. digits) -----
[0.404, 2388.0, 0.4765, 0.9179, 1066.0, 0.07669, 0.9766, 0.1362, 3.998e-05]
Cost = 634
----- Optimized Parameters (2 sig. digits) -----
[0.404, 2388.0, 0.4765, 0.9179, 1066.0, 0.07669, 0.9766, 0.1362, 3.998e-05]
Cost = 634
----- Optimized Parameters (2 sig. digits) -----
[0.404, 2388.0, 0.4765, 0.9179, 1066.0, 0.07669, 0.9766, 0.1362, 3.998e-05]
Cost = 634
----- Optimized Parameters (2 sig. digits) -----
[0.404, 2388.0, 0.4765, 0.9179, 1066.0, 0.07669, 0.9766, 0.1362, 3.998e-05]
Cost = 634
----- Optimized Parameters (2 sig. digits) -----
[0.404, 2388.0, 0.4765, 0.9179, 1066.0, 0.07669, 0.9766, 0.1362, 3.998e-05]
Cost = 634
----- Optimized Parameters (2 sig. digits) -----
[0.404, 2388.0, 0.4765, 0.9179, 1066.0, 0.07669, 0.9766, 0.1362, 3.998e-05]
Cost = 634
----- Optimized Parameters (2 sig. digits) -----
[0.404, 2388.0, 0.4765, 0.9179, 1066.0, 0.07669, 0.9766, 0.1362, 3.999e-05]
Cost = 634
----- Optimized Parameters (2 sig. digits) -----
[0.7642, 2074.0, 0.4748, 0.9242, 1075.0, 0.07563, 0.9765, 0.1228, 3.736e-05]
Cost = 464
----- Optimized Parameters (2 sig. digits) -----
[0.7642, 2074.0, 0.4748, 0.9242, 1075.0, 0.07563, 0.9765, 0.1228, 3.736e-05]
Cost = 464
----- Optimized Parameters (2 sig. digits) -----
[0.7642, 2074.0, 0.4748, 0.9242, 1075.0, 0.07563, 0.9765, 0.1228, 3.736e-05]
Cost = 464
----- Optimized Parameters (2 sig. digits) -----
[0.7642, 2074.0, 0.4748, 0.9242, 1075.0, 0.07563, 0.9765, 0.1228, 3.736e-05]
Cost = 464
----- Optimized Parameters (2 sig. digits) -----
[0.7642, 2074.0, 0.4748, 0.9242, 1075.0, 0.07563, 0.9765, 0.1228, 3.736e-05]
Cost = 464
----- Optimized Parameters (2 sig. digits) -----
[0.7642, 2074.0, 0.4748, 0.9242, 1075.0, 0.07563, 0.9765, 0.1228, 3.736e-05]
Cost = 464
----- Optimized Parameters (2 sig. digits) -----
[0.7642, 2074.0, 0.4748, 0.9242, 1075.0, 0.07563, 0.9765, 0.1228, 3.736e-05]
Cost = 464
----- Optimized Parameters (2 sig. digits) -----
[0.7642, 2074.0, 0.4748, 0.9242, 1075.0, 0.07563, 0.9765, 0.1228, 3.736e-05]
Cost = 464
----- Optimized Parameters (2 sig. digits) -----
[0.7642, 2074.0, 0.4748, 0.9242, 1075.0, 0.07563, 0.9765, 0.1228, 3.736e-05]
Cost = 464
----- Optimized Parameters (2 sig. digits) -----
[0.7642, 2074.0, 0.4748, 0.9242, 1075.0, 0.07563, 0.9765, 0.1228, 3.738e-05]
Cost = 464
----- Optimized Parameters (2 sig. digits) -----
[0.7896, 988.1, 0.7143, 0.9736, 933.8, 0.1095, 0.7192, 0.04315, 3.938e-06]
Cost = 3.64e+03
----- Optimized Parameters (2 sig. digits) -----
[0.7962, 1812.0, 0.6865, 0.9754, 1014.0, 0.1145, 0.7078, 0.04041, 2.696e-06]
Cost = 4.93e+03
----- Optimized Parameters (2 sig. digits) -----
[0.798, 2013.0, 0.679, 0.9738, 1058.0, 0.1173, 0.7054, 0.03978, 2.441e-06]
Cost = 5.29e+03
----- Optimized Parameters (2 sig. digits) -----
[0.7895, 2074.0, 0.652, 0.9358, 1075.0, 0.1225, 0.8022, 0.04331, 3.134e-06]
Cost = 4.84e+03
----- Optimized Parameters (2 sig. digits) -----
[0.7657, 2074.0, 0.4952, 0.9245, 1075.0, 0.1196, 0.9659, 0.09676, 8.6e-06]
Cost = 2.16e+03
----- Optimized Parameters (2 sig. digits) -----
[0.7652, 2074.0, 0.4753, 0.9243, 1075.0, 0.09408, 0.9748, 0.1206, 2.359e-05]
Cost = 499
----- Optimized Parameters (2 sig. digits) -----
[0.7645, 2074.0, 0.4748, 0.9242, 1075.0, 0.08034, 0.9761, 0.1225, 3.37e-05]
Cost = 459
----- Optimized Parameters (2 sig. digits) -----
[0.7645, 2074.0, 0.4748, 0.9242, 1075.0, 0.08034, 0.9761, 0.1225, 3.37e-05]
Cost = 459
----- Optimized Parameters (2 sig. digits) -----
[0.7645, 2074.0, 0.4748, 0.9242, 1075.0, 0.08034, 0.9761, 0.1225, 3.37e-05]
Cost = 459
----- Optimized Parameters (2 sig. digits) -----
[0.7645, 2074.0, 0.4748, 0.9242, 1075.0, 0.08034, 0.9761, 0.1225, 3.37e-05]
Cost = 459
----- Optimized Parameters (2 sig. digits) -----
[0.7645, 2074.0, 0.4748, 0.9242, 1075.0, 0.08034, 0.9761, 0.1225, 3.37e-05]
Cost = 459
----- Optimized Parameters (2 sig. digits) -----
[0.7645, 2074.0, 0.4748, 0.9242, 1075.0, 0.08034, 0.9761, 0.1225, 3.37e-05]
Cost = 459
----- Optimized Parameters (2 sig. digits) -----
[0.7645, 2074.0, 0.4748, 0.9242, 1075.0, 0.08034, 0.9761, 0.1225, 3.37e-05]
Cost = 459
----- Optimized Parameters (2 sig. digits) -----
[0.7645, 2074.0, 0.4748, 0.9242, 1075.0, 0.08034, 0.9761, 0.1225, 3.37e-05]
Cost = 459
----- Optimized Parameters (2 sig. digits) -----
[0.7645, 2074.0, 0.4748, 0.9242, 1075.0, 0.08034, 0.9761, 0.1225, 3.37e-05]
Cost = 459
----- Optimized Parameters (2 sig. digits) -----
[0.7645, 2074.0, 0.4748, 0.9242, 1075.0, 0.08034, 0.9761, 0.1225, 3.371e-05]
Cost = 459
----- Optimized Parameters (2 sig. digits) -----
[0.765, 2074.0, 0.475, 0.9243, 1075.0, 0.08958, 0.9752, 0.1214, 2.799e-05]
Cost = 453
----- Optimized Parameters (2 sig. digits) -----
[0.765, 2074.0, 0.475, 0.9243, 1075.0, 0.08958, 0.9752, 0.1214, 2.799e-05]
Cost = 453
----- Optimized Parameters (2 sig. digits) -----
[0.765, 2074.0, 0.475, 0.9243, 1075.0, 0.08958, 0.9752, 0.1214, 2.799e-05]
Cost = 453
----- Optimized Parameters (2 sig. digits) -----
[0.765, 2074.0, 0.475, 0.9243, 1075.0, 0.08958, 0.9752, 0.1214, 2.799e-05]
Cost = 453
----- Optimized Parameters (2 sig. digits) -----
[0.765, 2074.0, 0.475, 0.9243, 1075.0, 0.08958, 0.9752, 0.1214, 2.799e-05]
Cost = 453
----- Optimized Parameters (2 sig. digits) -----
[0.765, 2074.0, 0.475, 0.9243, 1075.0, 0.08958, 0.9752, 0.1214, 2.799e-05]
Cost = 453
----- Optimized Parameters (2 sig. digits) -----
[0.765, 2074.0, 0.475, 0.9243, 1075.0, 0.08958, 0.9752, 0.1214, 2.799e-05]
Cost = 453
----- Optimized Parameters (2 sig. digits) -----
[0.765, 2074.0, 0.475, 0.9243, 1075.0, 0.08958, 0.9752, 0.1214, 2.799e-05]
Cost = 453
----- Optimized Parameters (2 sig. digits) -----
[0.765, 2074.0, 0.475, 0.9243, 1075.0, 0.08958, 0.9752, 0.1214, 2.799e-05]
Cost = 453
----- Optimized Parameters (2 sig. digits) -----
[0.765, 2074.0, 0.475, 0.9243, 1075.0, 0.08958, 0.9752, 0.1214, 2.801e-05]
Cost = 453
----- Optimized Parameters (2 sig. digits) -----
[0.7655, 2074.0, 0.4751, 0.9243, 1075.0, 0.09481, 0.9744, 0.1114, 2.783e-05]
Cost = 442
----- Optimized Parameters (2 sig. digits) -----
[0.7655, 2074.0, 0.4751, 0.9243, 1075.0, 0.09481, 0.9744, 0.1114, 2.783e-05]
Cost = 442
----- Optimized Parameters (2 sig. digits) -----
[0.7655, 2074.0, 0.4751, 0.9243, 1075.0, 0.09481, 0.9744, 0.1114, 2.783e-05]
Cost = 442
----- Optimized Parameters (2 sig. digits) -----
[0.7655, 2074.0, 0.4751, 0.9243, 1075.0, 0.09481, 0.9744, 0.1114, 2.783e-05]
Cost = 442
----- Optimized Parameters (2 sig. digits) -----
[0.7655, 2074.0, 0.4751, 0.9243, 1075.0, 0.09481, 0.9744, 0.1114, 2.783e-05]
Cost = 442
----- Optimized Parameters (2 sig. digits) -----
[0.7655, 2074.0, 0.4751, 0.9243, 1075.0, 0.09481, 0.9744, 0.1114, 2.783e-05]
Cost = 442
----- Optimized Parameters (2 sig. digits) -----
[0.7655, 2074.0, 0.4751, 0.9243, 1075.0, 0.09481, 0.9744, 0.1114, 2.783e-05]
Cost = 442
----- Optimized Parameters (2 sig. digits) -----
[0.7655, 2074.0, 0.4751, 0.9243, 1075.0, 0.09481, 0.9744, 0.1114, 2.783e-05]
Cost = 442
----- Optimized Parameters (2 sig. digits) -----
[0.7655, 2074.0, 0.4751, 0.9243, 1075.0, 0.09481, 0.9744, 0.1114, 2.783e-05]
Cost = 442
----- Optimized Parameters (2 sig. digits) -----
[0.7655, 2074.0, 0.4751, 0.9243, 1075.0, 0.09481, 0.9744, 0.1114, 2.785e-05]
Cost = 442
----- Optimized Parameters (2 sig. digits) -----
[0.7667, 2074.0, 0.4765, 0.9245, 1075.0, 0.108, 0.9716, 0.1057, 2.247e-05]
Cost = 440
----- Optimized Parameters (2 sig. digits) -----
[0.7667, 2074.0, 0.4765, 0.9245, 1075.0, 0.108, 0.9716, 0.1057, 2.247e-05]
Cost = 440
----- Optimized Parameters (2 sig. digits) -----
[0.7667, 2074.0, 0.4765, 0.9245, 1075.0, 0.108, 0.9716, 0.1057, 2.247e-05]
Cost = 440
----- Optimized Parameters (2 sig. digits) -----
[0.7667, 2074.0, 0.4765, 0.9245, 1075.0, 0.108, 0.9716, 0.1057, 2.247e-05]
Cost = 440
----- Optimized Parameters (2 sig. digits) -----
[0.7667, 2074.0, 0.4765, 0.9245, 1075.0, 0.108, 0.9716, 0.1057, 2.247e-05]
Cost = 440
----- Optimized Parameters (2 sig. digits) -----
[0.7667, 2074.0, 0.4765, 0.9245, 1075.0, 0.108, 0.9716, 0.1057, 2.247e-05]
Cost = 440
----- Optimized Parameters (2 sig. digits) -----
[0.7667, 2074.0, 0.4765, 0.9245, 1075.0, 0.108, 0.9716, 0.1057, 2.247e-05]
Cost = 440
----- Optimized Parameters (2 sig. digits) -----
[0.7667, 2074.0, 0.4765, 0.9245, 1075.0, 0.108, 0.9716, 0.1057, 2.247e-05]
Cost = 440
----- Optimized Parameters (2 sig. digits) -----
[0.7667, 2074.0, 0.4765, 0.9245, 1075.0, 0.108, 0.9716, 0.1057, 2.247e-05]
Cost = 440
----- Optimized Parameters (2 sig. digits) -----
[0.7667, 2074.0, 0.4765, 0.9245, 1075.0, 0.108, 0.9716, 0.1057, 2.249e-05]
Cost = 440
----- Optimized Parameters (2 sig. digits) -----
[0.7668, 2074.0, 0.4776, 0.9245, 1075.0, 0.1078, 0.9709, 0.08157, 2.691e-05]
Cost = 422
----- Optimized Parameters (2 sig. digits) -----
[0.7668, 2074.0, 0.4776, 0.9245, 1075.0, 0.1078, 0.9709, 0.08157, 2.691e-05]
Cost = 422
----- Optimized Parameters (2 sig. digits) -----
[0.7668, 2074.0, 0.4776, 0.9245, 1075.0, 0.1078, 0.9709, 0.08157, 2.691e-05]
Cost = 422
----- Optimized Parameters (2 sig. digits) -----
[0.7668, 2074.0, 0.4776, 0.9245, 1075.0, 0.1078, 0.9709, 0.08157, 2.691e-05]
Cost = 422
----- Optimized Parameters (2 sig. digits) -----
[0.7668, 2074.0, 0.4776, 0.9245, 1075.0, 0.1078, 0.9709, 0.08157, 2.691e-05]
Cost = 422
----- Optimized Parameters (2 sig. digits) -----
[0.7668, 2074.0, 0.4776, 0.9245, 1075.0, 0.1078, 0.9709, 0.08157, 2.691e-05]
Cost = 422
----- Optimized Parameters (2 sig. digits) -----
[0.7668, 2074.0, 0.4776, 0.9245, 1075.0, 0.1078, 0.9709, 0.08157, 2.691e-05]
Cost = 422
----- Optimized Parameters (2 sig. digits) -----
[0.7668, 2074.0, 0.4776, 0.9245, 1075.0, 0.1078, 0.9709, 0.08157, 2.691e-05]
Cost = 422
----- Optimized Parameters (2 sig. digits) -----
[0.7668, 2074.0, 0.4776, 0.9245, 1075.0, 0.1078, 0.9709, 0.08157, 2.691e-05]
Cost = 422
----- Optimized Parameters (2 sig. digits) -----
[0.7668, 2074.0, 0.4776, 0.9245, 1075.0, 0.1078, 0.9709, 0.08157, 2.693e-05]
Cost = 422
----- Optimized Parameters (2 sig. digits) -----
[0.7632, 2074.0, 0.4932, 0.9243, 1075.0, 0.1145, 0.9679, 0.03872, 3.446e-05]
Cost = 465
----- Optimized Parameters (2 sig. digits) -----
[0.7666, 2074.0, 0.4787, 0.9245, 1075.0, 0.1087, 0.9704, 0.06948, 3.059e-05]
Cost = 403
----- Optimized Parameters (2 sig. digits) -----
[0.7666, 2074.0, 0.4787, 0.9245, 1075.0, 0.1087, 0.9704, 0.06948, 3.059e-05]
Cost = 403
----- Optimized Parameters (2 sig. digits) -----
[0.7666, 2074.0, 0.4787, 0.9245, 1075.0, 0.1087, 0.9704, 0.06948, 3.059e-05]
Cost = 403
----- Optimized Parameters (2 sig. digits) -----
[0.7666, 2074.0, 0.4787, 0.9245, 1075.0, 0.1087, 0.9704, 0.06948, 3.059e-05]
Cost = 403
----- Optimized Parameters (2 sig. digits) -----
[0.7666, 2074.0, 0.4787, 0.9245, 1075.0, 0.1087, 0.9704, 0.06948, 3.059e-05]
Cost = 403
----- Optimized Parameters (2 sig. digits) -----
[0.7666, 2074.0, 0.4787, 0.9245, 1075.0, 0.1087, 0.9704, 0.06948, 3.059e-05]
Cost = 403
----- Optimized Parameters (2 sig. digits) -----
[0.7666, 2074.0, 0.4787, 0.9245, 1075.0, 0.1087, 0.9704, 0.06948, 3.059e-05]
Cost = 403
----- Optimized Parameters (2 sig. digits) -----
[0.7666, 2074.0, 0.4787, 0.9245, 1075.0, 0.1087, 0.9704, 0.06948, 3.059e-05]
Cost = 403
----- Optimized Parameters (2 sig. digits) -----
[0.7666, 2074.0, 0.4787, 0.9245, 1075.0, 0.1087, 0.9704, 0.06948, 3.059e-05]
Cost = 403
----- Optimized Parameters (2 sig. digits) -----
[0.7666, 2074.0, 0.4787, 0.9245, 1075.0, 0.1087, 0.9704, 0.06948, 3.06e-05]
Cost = 403
----- Optimized Parameters (2 sig. digits) -----
[0.7657, 2074.0, 0.4827, 0.9245, 1075.0, 0.1092, 0.9699, 0.0455, 3.864e-05]
Cost = 398
----- Optimized Parameters (2 sig. digits) -----
[0.7657, 2074.0, 0.4827, 0.9245, 1075.0, 0.1092, 0.9699, 0.0455, 3.864e-05]
Cost = 398
----- Optimized Parameters (2 sig. digits) -----
[0.7657, 2074.0, 0.4827, 0.9245, 1075.0, 0.1092, 0.9699, 0.0455, 3.864e-05]
Cost = 398
----- Optimized Parameters (2 sig. digits) -----
[0.7657, 2074.0, 0.4827, 0.9245, 1075.0, 0.1092, 0.9699, 0.0455, 3.864e-05]
Cost = 398
----- Optimized Parameters (2 sig. digits) -----
[0.7657, 2074.0, 0.4827, 0.9245, 1075.0, 0.1092, 0.9699, 0.0455, 3.864e-05]
Cost = 398
----- Optimized Parameters (2 sig. digits) -----
[0.7657, 2074.0, 0.4827, 0.9245, 1075.0, 0.1092, 0.9699, 0.0455, 3.864e-05]
Cost = 398
----- Optimized Parameters (2 sig. digits) -----
[0.7657, 2074.0, 0.4827, 0.9245, 1075.0, 0.1092, 0.9699, 0.0455, 3.864e-05]
Cost = 398
----- Optimized Parameters (2 sig. digits) -----
[0.7657, 2074.0, 0.4827, 0.9245, 1075.0, 0.1092, 0.9699, 0.0455, 3.864e-05]
Cost = 398
----- Optimized Parameters (2 sig. digits) -----
[0.7657, 2074.0, 0.4827, 0.9245, 1075.0, 0.1092, 0.9699, 0.0455, 3.864e-05]
Cost = 398
----- Optimized Parameters (2 sig. digits) -----
[0.7657, 2074.0, 0.4827, 0.9245, 1075.0, 0.1092, 0.9699, 0.0455, 3.865e-05]
Cost = 398
----- Optimized Parameters (2 sig. digits) -----
[0.7655, 2074.0, 0.4841, 0.9245, 1075.0, 0.1108, 0.9696, 0.03999, 4.426e-05]
Cost = 359
----- Optimized Parameters (2 sig. digits) -----
[0.7655, 2074.0, 0.4841, 0.9245, 1075.0, 0.1108, 0.9696, 0.03999, 4.426e-05]
Cost = 359
----- Optimized Parameters (2 sig. digits) -----
[0.7655, 2074.0, 0.4841, 0.9245, 1075.0, 0.1108, 0.9696, 0.03999, 4.426e-05]
Cost = 359
----- Optimized Parameters (2 sig. digits) -----
[0.7655, 2074.0, 0.4841, 0.9245, 1075.0, 0.1108, 0.9696, 0.03999, 4.426e-05]
Cost = 359
----- Optimized Parameters (2 sig. digits) -----
[0.7655, 2074.0, 0.4841, 0.9245, 1075.0, 0.1108, 0.9696, 0.03999, 4.426e-05]
Cost = 359
----- Optimized Parameters (2 sig. digits) -----
[0.7655, 2074.0, 0.4841, 0.9245, 1075.0, 0.1108, 0.9696, 0.03999, 4.426e-05]
Cost = 359
----- Optimized Parameters (2 sig. digits) -----
[0.7655, 2074.0, 0.4841, 0.9245, 1075.0, 0.1108, 0.9696, 0.03999, 4.426e-05]
Cost = 359
----- Optimized Parameters (2 sig. digits) -----
[0.7655, 2074.0, 0.4841, 0.9245, 1075.0, 0.1108, 0.9696, 0.03999, 4.426e-05]
Cost = 359
----- Optimized Parameters (2 sig. digits) -----
[0.7655, 2074.0, 0.4841, 0.9245, 1075.0, 0.1108, 0.9696, 0.03999, 4.426e-05]
Cost = 359
----- Optimized Parameters (2 sig. digits) -----
[0.7655, 2074.0, 0.4841, 0.9245, 1075.0, 0.1108, 0.9696, 0.03999, 4.428e-05]
Cost = 359
----- Optimized Parameters (2 sig. digits) -----
[0.7631, 2074.0, 0.4866, 0.9245, 1075.0, 0.1104, 0.9694, 0.02834, 5.535e-05]
Cost = 349
----- Optimized Parameters (2 sig. digits) -----
[0.7631, 2074.0, 0.4866, 0.9245, 1075.0, 0.1104, 0.9694, 0.02834, 5.535e-05]
Cost = 349
----- Optimized Parameters (2 sig. digits) -----
[0.7631, 2074.0, 0.4866, 0.9245, 1075.0, 0.1104, 0.9694, 0.02834, 5.535e-05]
Cost = 349
----- Optimized Parameters (2 sig. digits) -----
[0.7631, 2074.0, 0.4866, 0.9245, 1075.0, 0.1104, 0.9694, 0.02834, 5.535e-05]
Cost = 349
----- Optimized Parameters (2 sig. digits) -----
[0.7631, 2074.0, 0.4866, 0.9245, 1075.0, 0.1104, 0.9694, 0.02834, 5.535e-05]
Cost = 349
----- Optimized Parameters (2 sig. digits) -----
[0.7631, 2074.0, 0.4866, 0.9245, 1075.0, 0.1104, 0.9694, 0.02834, 5.535e-05]
Cost = 349
----- Optimized Parameters (2 sig. digits) -----
[0.7631, 2074.0, 0.4866, 0.9245, 1075.0, 0.1104, 0.9694, 0.02834, 5.535e-05]
Cost = 349
----- Optimized Parameters (2 sig. digits) -----
[0.7631, 2074.0, 0.4866, 0.9245, 1075.0, 0.1104, 0.9694, 0.02834, 5.535e-05]
Cost = 349
----- Optimized Parameters (2 sig. digits) -----
[0.7631, 2074.0, 0.4866, 0.9245, 1075.0, 0.1104, 0.9694, 0.02834, 5.535e-05]
Cost = 349
----- Optimized Parameters (2 sig. digits) -----
[0.7631, 2074.0, 0.4866, 0.9245, 1075.0, 0.1104, 0.9694, 0.02834, 5.536e-05]
Cost = 348
----- Optimized Parameters (2 sig. digits) -----
[0.7611, 2074.0, 0.4935, 0.9245, 1075.0, 0.1129, 0.9688, 0.02201, 6.416e-05]
Cost = 318
----- Optimized Parameters (2 sig. digits) -----
[0.7611, 2074.0, 0.4935, 0.9245, 1075.0, 0.1129, 0.9688, 0.02201, 6.416e-05]
Cost = 318
----- Optimized Parameters (2 sig. digits) -----
[0.7611, 2074.0, 0.4935, 0.9245, 1075.0, 0.1129, 0.9688, 0.02201, 6.416e-05]
Cost = 318
----- Optimized Parameters (2 sig. digits) -----
[0.7611, 2074.0, 0.4935, 0.9245, 1075.0, 0.1129, 0.9688, 0.02201, 6.416e-05]
Cost = 318
----- Optimized Parameters (2 sig. digits) -----
[0.7611, 2074.0, 0.4935, 0.9245, 1075.0, 0.1129, 0.9688, 0.02201, 6.416e-05]
Cost = 318
----- Optimized Parameters (2 sig. digits) -----
[0.7611, 2074.0, 0.4935, 0.9245, 1075.0, 0.1129, 0.9688, 0.02201, 6.416e-05]
Cost = 318
----- Optimized Parameters (2 sig. digits) -----
[0.7611, 2074.0, 0.4935, 0.9245, 1075.0, 0.1129, 0.9688, 0.02201, 6.416e-05]
Cost = 318
----- Optimized Parameters (2 sig. digits) -----
[0.7611, 2074.0, 0.4935, 0.9245, 1075.0, 0.1129, 0.9688, 0.02201, 6.416e-05]
Cost = 318
----- Optimized Parameters (2 sig. digits) -----
[0.7611, 2074.0, 0.4935, 0.9245, 1075.0, 0.1129, 0.9688, 0.02201, 6.416e-05]
Cost = 318
----- Optimized Parameters (2 sig. digits) -----
[0.7611, 2074.0, 0.4935, 0.9245, 1075.0, 0.1129, 0.9688, 0.02201, 6.417e-05]
Cost = 318
----- Optimized Parameters (2 sig. digits) -----
[0.747, 2074.0, 0.5069, 0.9243, 1075.0, 0.112, 0.9683, 0.01625, 7.837e-05]
Cost = 295
----- Optimized Parameters (2 sig. digits) -----
[0.747, 2074.0, 0.5069, 0.9243, 1075.0, 0.112, 0.9683, 0.01625, 7.837e-05]
Cost = 295
----- Optimized Parameters (2 sig. digits) -----
[0.747, 2074.0, 0.5069, 0.9243, 1075.0, 0.112, 0.9683, 0.01625, 7.837e-05]
Cost = 295
----- Optimized Parameters (2 sig. digits) -----
[0.747, 2074.0, 0.5069, 0.9243, 1075.0, 0.112, 0.9683, 0.01625, 7.837e-05]
Cost = 295
----- Optimized Parameters (2 sig. digits) -----
[0.747, 2074.0, 0.5069, 0.9243, 1075.0, 0.112, 0.9683, 0.01625, 7.837e-05]
Cost = 295
----- Optimized Parameters (2 sig. digits) -----
[0.747, 2074.0, 0.5069, 0.9243, 1075.0, 0.112, 0.9683, 0.01625, 7.837e-05]
Cost = 295
----- Optimized Parameters (2 sig. digits) -----
[0.747, 2074.0, 0.5069, 0.9243, 1075.0, 0.112, 0.9683, 0.01625, 7.837e-05]
Cost = 295
----- Optimized Parameters (2 sig. digits) -----
[0.747, 2074.0, 0.5069, 0.9243, 1075.0, 0.112, 0.9683, 0.01625, 7.837e-05]
Cost = 295
----- Optimized Parameters (2 sig. digits) -----
[0.747, 2074.0, 0.5069, 0.9243, 1075.0, 0.112, 0.9683, 0.01625, 7.837e-05]
Cost = 295
----- Optimized Parameters (2 sig. digits) -----
[0.747, 2074.0, 0.5069, 0.9243, 1075.0, 0.112, 0.9683, 0.01625, 7.839e-05]
Cost = 294
----- Optimized Parameters (2 sig. digits) -----
[0.7161, 2074.0, 0.5324, 0.924, 1075.0, 0.1129, 0.967, 0.01301, 8.718e-05]
Cost = 250
----- Optimized Parameters (2 sig. digits) -----
[0.7161, 2074.0, 0.5324, 0.924, 1075.0, 0.1129, 0.967, 0.01301, 8.718e-05]
Cost = 250
----- Optimized Parameters (2 sig. digits) -----
[0.7161, 2074.0, 0.5324, 0.924, 1075.0, 0.1129, 0.967, 0.01301, 8.718e-05]
Cost = 250
----- Optimized Parameters (2 sig. digits) -----
[0.7161, 2074.0, 0.5324, 0.924, 1075.0, 0.1129, 0.967, 0.01301, 8.718e-05]
Cost = 250
----- Optimized Parameters (2 sig. digits) -----
[0.7161, 2074.0, 0.5324, 0.924, 1075.0, 0.1129, 0.967, 0.01301, 8.718e-05]
Cost = 250
----- Optimized Parameters (2 sig. digits) -----
[0.7161, 2074.0, 0.5324, 0.924, 1075.0, 0.1129, 0.967, 0.01301, 8.718e-05]
Cost = 250
----- Optimized Parameters (2 sig. digits) -----
[0.7161, 2074.0, 0.5324, 0.924, 1075.0, 0.1129, 0.967, 0.01301, 8.718e-05]
Cost = 250
----- Optimized Parameters (2 sig. digits) -----
[0.7161, 2074.0, 0.5324, 0.924, 1075.0, 0.1129, 0.967, 0.01301, 8.718e-05]
Cost = 250
----- Optimized Parameters (2 sig. digits) -----
[0.7161, 2074.0, 0.5324, 0.924, 1075.0, 0.1129, 0.967, 0.01301, 8.718e-05]
Cost = 250
----- Optimized Parameters (2 sig. digits) -----
[0.7161, 2074.0, 0.5324, 0.924, 1075.0, 0.1129, 0.967, 0.01301, 8.72e-05]
Cost = 250
----- Optimized Parameters (2 sig. digits) -----
[0.67, 2074.0, 0.5656, 0.9237, 1075.0, 0.1131, 0.9652, 0.01019, 9.6e-05]
Cost = 201
----- Optimized Parameters (2 sig. digits) -----
[0.67, 2074.0, 0.5656, 0.9237, 1075.0, 0.1131, 0.9652, 0.01019, 9.6e-05]
Cost = 201
----- Optimized Parameters (2 sig. digits) -----
[0.67, 2074.0, 0.5656, 0.9237, 1075.0, 0.1131, 0.9652, 0.01019, 9.6e-05]
Cost = 201
----- Optimized Parameters (2 sig. digits) -----
[0.67, 2074.0, 0.5656, 0.9237, 1075.0, 0.1131, 0.9652, 0.01019, 9.6e-05]
Cost = 201
----- Optimized Parameters (2 sig. digits) -----
[0.67, 2074.0, 0.5656, 0.9237, 1075.0, 0.1131, 0.9652, 0.01019, 9.6e-05]
Cost = 201
----- Optimized Parameters (2 sig. digits) -----
[0.67, 2074.0, 0.5656, 0.9237, 1075.0, 0.1131, 0.9652, 0.01019, 9.6e-05]
Cost = 201
----- Optimized Parameters (2 sig. digits) -----
[0.67, 2074.0, 0.5656, 0.9237, 1075.0, 0.1131, 0.9652, 0.01019, 9.6e-05]
Cost = 201
----- Optimized Parameters (2 sig. digits) -----
[0.67, 2074.0, 0.5656, 0.9237, 1075.0, 0.1131, 0.9652, 0.01019, 9.6e-05]
Cost = 201
----- Optimized Parameters (2 sig. digits) -----
[0.67, 2074.0, 0.5656, 0.9237, 1075.0, 0.1131, 0.9652, 0.01019, 9.6e-05]
Cost = 201
----- Optimized Parameters (2 sig. digits) -----
[0.67, 2074.0, 0.5656, 0.9237, 1075.0, 0.1131, 0.9652, 0.01019, 9.602e-05]
Cost = 201
----- Optimized Parameters (2 sig. digits) -----
[0.6641, 2074.0, 0.5696, 0.9236, 1075.0, 0.1132, 0.9651, 0.01017, 9.72e-05]
Cost = 197
----- Optimized Parameters (2 sig. digits) -----
[0.6641, 2074.0, 0.5696, 0.9236, 1075.0, 0.1132, 0.9651, 0.01017, 9.72e-05]
Cost = 197
----- Optimized Parameters (2 sig. digits) -----
[0.6641, 2074.0, 0.5696, 0.9236, 1075.0, 0.1132, 0.9651, 0.01017, 9.72e-05]
Cost = 197
----- Optimized Parameters (2 sig. digits) -----
[0.6641, 2074.0, 0.5696, 0.9236, 1075.0, 0.1132, 0.9651, 0.01017, 9.72e-05]
Cost = 197
----- Optimized Parameters (2 sig. digits) -----
[0.6641, 2074.0, 0.5696, 0.9236, 1075.0, 0.1132, 0.9651, 0.01017, 9.72e-05]
Cost = 197
----- Optimized Parameters (2 sig. digits) -----
[0.6641, 2074.0, 0.5696, 0.9236, 1075.0, 0.1132, 0.9651, 0.01017, 9.72e-05]
Cost = 197
----- Optimized Parameters (2 sig. digits) -----
[0.6641, 2074.0, 0.5696, 0.9236, 1075.0, 0.1132, 0.9651, 0.01017, 9.72e-05]
Cost = 197
----- Optimized Parameters (2 sig. digits) -----
[0.6641, 2074.0, 0.5696, 0.9236, 1075.0, 0.1132, 0.9651, 0.01017, 9.72e-05]
Cost = 197
----- Optimized Parameters (2 sig. digits) -----
[0.6641, 2074.0, 0.5696, 0.9236, 1075.0, 0.1132, 0.9651, 0.01017, 9.72e-05]
Cost = 197
----- Optimized Parameters (2 sig. digits) -----
[0.6641, 2074.0, 0.5696, 0.9236, 1075.0, 0.1132, 0.9651, 0.01017, 9.721e-05]
Cost = 197
----- Optimized Parameters (2 sig. digits) -----
[0.6105, 2074.0, 0.6203, 0.9239, 1075.0, 0.1115, 0.9647, 0.01003, 8.578e-05]
Cost = 162
----- Optimized Parameters (2 sig. digits) -----
[0.6105, 2074.0, 0.6203, 0.9239, 1075.0, 0.1115, 0.9647, 0.01003, 8.578e-05]
Cost = 162
----- Optimized Parameters (2 sig. digits) -----
[0.6105, 2074.0, 0.6203, 0.9239, 1075.0, 0.1115, 0.9647, 0.01003, 8.578e-05]
Cost = 162
----- Optimized Parameters (2 sig. digits) -----
[0.6105, 2074.0, 0.6203, 0.9239, 1075.0, 0.1115, 0.9647, 0.01003, 8.578e-05]
Cost = 162
----- Optimized Parameters (2 sig. digits) -----
[0.6105, 2074.0, 0.6203, 0.9239, 1075.0, 0.1115, 0.9647, 0.01003, 8.578e-05]
Cost = 162
----- Optimized Parameters (2 sig. digits) -----
[0.6105, 2074.0, 0.6203, 0.9239, 1075.0, 0.1115, 0.9647, 0.01003, 8.578e-05]
Cost = 162
----- Optimized Parameters (2 sig. digits) -----
[0.6105, 2074.0, 0.6203, 0.9239, 1075.0, 0.1115, 0.9647, 0.01003, 8.578e-05]
Cost = 162
----- Optimized Parameters (2 sig. digits) -----
[0.6105, 2074.0, 0.6203, 0.9239, 1075.0, 0.1115, 0.9647, 0.01003, 8.578e-05]
Cost = 162
----- Optimized Parameters (2 sig. digits) -----
[0.6105, 2074.0, 0.6203, 0.9239, 1075.0, 0.1115, 0.9647, 0.01003, 8.578e-05]
Cost = 162
----- Optimized Parameters (2 sig. digits) -----
[0.6105, 2074.0, 0.6203, 0.9239, 1075.0, 0.1115, 0.9647, 0.01003, 8.579e-05]
Cost = 162
----- Optimized Parameters (2 sig. digits) -----
[0.5643, 2071.0, 0.6558, 0.9502, 1075.0, 0.104, 0.8231, 0.01003, 7.398e-05]
Cost = 145
----- Optimized Parameters (2 sig. digits) -----
[0.5643, 2071.0, 0.6558, 0.9502, 1075.0, 0.104, 0.8231, 0.01003, 7.398e-05]
Cost = 145
----- Optimized Parameters (2 sig. digits) -----
[0.5643, 2071.0, 0.6558, 0.9502, 1075.0, 0.104, 0.8231, 0.01003, 7.398e-05]
Cost = 145
----- Optimized Parameters (2 sig. digits) -----
[0.5643, 2071.0, 0.6558, 0.9502, 1075.0, 0.104, 0.8231, 0.01003, 7.398e-05]
Cost = 145
----- Optimized Parameters (2 sig. digits) -----
[0.5643, 2071.0, 0.6558, 0.9502, 1075.0, 0.104, 0.8231, 0.01003, 7.398e-05]
Cost = 145
----- Optimized Parameters (2 sig. digits) -----
[0.5643, 2071.0, 0.6558, 0.9502, 1075.0, 0.104, 0.8231, 0.01003, 7.398e-05]
Cost = 145
----- Optimized Parameters (2 sig. digits) -----
[0.5643, 2071.0, 0.6558, 0.9502, 1075.0, 0.104, 0.8231, 0.01003, 7.398e-05]
Cost = 145
----- Optimized Parameters (2 sig. digits) -----
[0.5643, 2071.0, 0.6558, 0.9502, 1075.0, 0.104, 0.8231, 0.01003, 7.398e-05]
Cost = 145
----- Optimized Parameters (2 sig. digits) -----
[0.5643, 2071.0, 0.6558, 0.9502, 1075.0, 0.104, 0.8231, 0.01003, 7.398e-05]
Cost = 145
----- Optimized Parameters (2 sig. digits) -----
[0.5643, 2071.0, 0.6558, 0.9502, 1075.0, 0.104, 0.8231, 0.01003, 7.4e-05]
Cost = 145
----- Optimized Parameters (2 sig. digits) -----
[0.5859, 2062.0, 0.705, 0.989, 1074.0, 0.08603, 0.6047, 0.01, 6.93e-05]
Cost = 136
----- Optimized Parameters (2 sig. digits) -----
[0.5859, 2062.0, 0.705, 0.989, 1074.0, 0.08603, 0.6047, 0.01, 6.93e-05]
Cost = 136
----- Optimized Parameters (2 sig. digits) -----
[0.5859, 2062.0, 0.705, 0.989, 1074.0, 0.08603, 0.6047, 0.01, 6.93e-05]
Cost = 136
----- Optimized Parameters (2 sig. digits) -----
[0.5859, 2062.0, 0.705, 0.989, 1074.0, 0.08603, 0.6047, 0.01, 6.93e-05]
Cost = 136
----- Optimized Parameters (2 sig. digits) -----
[0.5859, 2062.0, 0.705, 0.989, 1074.0, 0.08603, 0.6047, 0.01, 6.93e-05]
Cost = 136
----- Optimized Parameters (2 sig. digits) -----
[0.5859, 2062.0, 0.705, 0.989, 1074.0, 0.08603, 0.6047, 0.01, 6.93e-05]
Cost = 136
----- Optimized Parameters (2 sig. digits) -----
[0.5859, 2062.0, 0.705, 0.989, 1074.0, 0.08603, 0.6047, 0.01, 6.93e-05]
Cost = 136
----- Optimized Parameters (2 sig. digits) -----
[0.5859, 2062.0, 0.705, 0.989, 1074.0, 0.08603, 0.6047, 0.01, 6.93e-05]
Cost = 136
----- Optimized Parameters (2 sig. digits) -----
[0.5859, 2062.0, 0.705, 0.989, 1074.0, 0.08603, 0.6047, 0.01, 6.93e-05]
Cost = 136
----- Optimized Parameters (2 sig. digits) -----
[0.5859, 2062.0, 0.705, 0.989, 1074.0, 0.08603, 0.6047, 0.01, 6.932e-05]
Cost = 136
----- Optimized Parameters (2 sig. digits) -----
[0.5859, 2062.0, 0.705, 0.989, 1074.0, 0.08609, 0.6047, 0.01003, 7.16e-05]
Cost = 133
----- Optimized Parameters (2 sig. digits) -----
[0.5859, 2062.0, 0.705, 0.989, 1074.0, 0.08609, 0.6047, 0.01003, 7.16e-05]
Cost = 133
----- Optimized Parameters (2 sig. digits) -----
[0.5859, 2062.0, 0.705, 0.989, 1074.0, 0.08609, 0.6047, 0.01003, 7.16e-05]
Cost = 133
----- Optimized Parameters (2 sig. digits) -----
[0.5859, 2062.0, 0.705, 0.989, 1074.0, 0.08609, 0.6047, 0.01003, 7.16e-05]
Cost = 133
----- Optimized Parameters (2 sig. digits) -----
[0.5859, 2062.0, 0.705, 0.989, 1074.0, 0.08609, 0.6047, 0.01003, 7.16e-05]
Cost = 133
----- Optimized Parameters (2 sig. digits) -----
[0.5859, 2062.0, 0.705, 0.989, 1074.0, 0.08609, 0.6047, 0.01003, 7.16e-05]
Cost = 133
----- Optimized Parameters (2 sig. digits) -----
[0.5859, 2062.0, 0.705, 0.989, 1074.0, 0.08609, 0.6047, 0.01003, 7.16e-05]
Cost = 133
----- Optimized Parameters (2 sig. digits) -----
[0.5859, 2062.0, 0.705, 0.989, 1074.0, 0.08609, 0.6047, 0.01003, 7.16e-05]
Cost = 133
----- Optimized Parameters (2 sig. digits) -----
[0.5859, 2062.0, 0.705, 0.989, 1074.0, 0.08609, 0.6047, 0.01003, 7.16e-05]
Cost = 133
----- Optimized Parameters (2 sig. digits) -----
[0.5859, 2062.0, 0.705, 0.989, 1074.0, 0.08609, 0.6047, 0.01003, 7.162e-05]
Cost = 133
----- Optimized Parameters (2 sig. digits) -----
[0.616, 2031.0, 0.7519, 0.9985, 1068.0, 0.0723, 0.4245, 0.01, 6.494e-05]
Cost = 124
----- Optimized Parameters (2 sig. digits) -----
[0.616, 2031.0, 0.7519, 0.9985, 1068.0, 0.0723, 0.4245, 0.01, 6.494e-05]
Cost = 124
----- Optimized Parameters (2 sig. digits) -----
[0.616, 2031.0, 0.7519, 0.9985, 1068.0, 0.0723, 0.4245, 0.01, 6.494e-05]
Cost = 124
----- Optimized Parameters (2 sig. digits) -----
[0.616, 2031.0, 0.7519, 0.9985, 1068.0, 0.0723, 0.4245, 0.01, 6.494e-05]
Cost = 124
----- Optimized Parameters (2 sig. digits) -----
[0.616, 2031.0, 0.7519, 0.9985, 1068.0, 0.0723, 0.4245, 0.01, 6.494e-05]
Cost = 124
----- Optimized Parameters (2 sig. digits) -----
[0.616, 2031.0, 0.7519, 0.9985, 1068.0, 0.0723, 0.4245, 0.01, 6.494e-05]
Cost = 124
----- Optimized Parameters (2 sig. digits) -----
[0.616, 2031.0, 0.7519, 0.9985, 1068.0, 0.0723, 0.4245, 0.01, 6.494e-05]
Cost = 124
----- Optimized Parameters (2 sig. digits) -----
[0.616, 2031.0, 0.7519, 0.9985, 1068.0, 0.0723, 0.4245, 0.01, 6.494e-05]
Cost = 124
----- Optimized Parameters (2 sig. digits) -----
[0.616, 2031.0, 0.7519, 0.9985, 1068.0, 0.0723, 0.4245, 0.01, 6.494e-05]
Cost = 124
----- Optimized Parameters (2 sig. digits) -----
[0.616, 2031.0, 0.7519, 0.9985, 1068.0, 0.0723, 0.4245, 0.01, 6.495e-05]
Cost = 124
----- Optimized Parameters (2 sig. digits) -----
[0.616, 2031.0, 0.7519, 0.9985, 1068.0, 0.07235, 0.4244, 0.01002, 6.674e-05]
Cost = 122
----- Optimized Parameters (2 sig. digits) -----
[0.616, 2031.0, 0.7519, 0.9985, 1068.0, 0.07235, 0.4244, 0.01002, 6.674e-05]
Cost = 122
----- Optimized Parameters (2 sig. digits) -----
[0.616, 2031.0, 0.7519, 0.9985, 1068.0, 0.07235, 0.4244, 0.01002, 6.674e-05]
Cost = 122
----- Optimized Parameters (2 sig. digits) -----
[0.616, 2031.0, 0.7519, 0.9985, 1068.0, 0.07235, 0.4244, 0.01002, 6.674e-05]
Cost = 122
----- Optimized Parameters (2 sig. digits) -----
[0.616, 2031.0, 0.7519, 0.9985, 1068.0, 0.07235, 0.4244, 0.01002, 6.674e-05]
Cost = 122
----- Optimized Parameters (2 sig. digits) -----
[0.616, 2031.0, 0.7519, 0.9985, 1068.0, 0.07235, 0.4244, 0.01002, 6.674e-05]
Cost = 122
----- Optimized Parameters (2 sig. digits) -----
[0.616, 2031.0, 0.7519, 0.9985, 1068.0, 0.07235, 0.4244, 0.01002, 6.674e-05]
Cost = 122
----- Optimized Parameters (2 sig. digits) -----
[0.616, 2031.0, 0.7519, 0.9985, 1068.0, 0.07235, 0.4244, 0.01002, 6.674e-05]
Cost = 122
----- Optimized Parameters (2 sig. digits) -----
[0.616, 2031.0, 0.7519, 0.9985, 1068.0, 0.07235, 0.4244, 0.01002, 6.674e-05]
Cost = 122
----- Optimized Parameters (2 sig. digits) -----
[0.616, 2031.0, 0.7519, 0.9985, 1068.0, 0.07235, 0.4244, 0.01002, 6.676e-05]
Cost = 122
----- Optimized Parameters (2 sig. digits) -----
[0.6442, 1966.0, 0.7908, 0.9997, 1055.0, 0.06244, 0.2953, 0.01, 6.107e-05]
Cost = 114
----- Optimized Parameters (2 sig. digits) -----
[0.6442, 1966.0, 0.7908, 0.9997, 1055.0, 0.06244, 0.2953, 0.01, 6.107e-05]
Cost = 114
----- Optimized Parameters (2 sig. digits) -----
[0.6442, 1966.0, 0.7908, 0.9997, 1055.0, 0.06244, 0.2953, 0.01, 6.107e-05]
Cost = 114
----- Optimized Parameters (2 sig. digits) -----
[0.6442, 1966.0, 0.7908, 0.9997, 1055.0, 0.06244, 0.2953, 0.01, 6.107e-05]
Cost = 114
----- Optimized Parameters (2 sig. digits) -----
[0.6442, 1966.0, 0.7908, 0.9997, 1055.0, 0.06244, 0.2953, 0.01, 6.107e-05]
Cost = 114
----- Optimized Parameters (2 sig. digits) -----
[0.6442, 1966.0, 0.7908, 0.9997, 1055.0, 0.06244, 0.2953, 0.01, 6.107e-05]
Cost = 114
----- Optimized Parameters (2 sig. digits) -----
[0.6442, 1966.0, 0.7908, 0.9997, 1055.0, 0.06244, 0.2953, 0.01, 6.107e-05]
Cost = 114
----- Optimized Parameters (2 sig. digits) -----
[0.6442, 1966.0, 0.7908, 0.9997, 1055.0, 0.06244, 0.2953, 0.01, 6.107e-05]
Cost = 114
----- Optimized Parameters (2 sig. digits) -----
[0.6442, 1966.0, 0.7908, 0.9997, 1055.0, 0.06244, 0.2953, 0.01, 6.107e-05]
Cost = 114
----- Optimized Parameters (2 sig. digits) -----
[0.6442, 1966.0, 0.7908, 0.9997, 1055.0, 0.06244, 0.2953, 0.01, 6.109e-05]
Cost = 114
----- Optimized Parameters (2 sig. digits) -----
[0.6442, 1966.0, 0.7909, 0.9997, 1055.0, 0.06247, 0.2953, 0.01001, 6.229e-05]
Cost = 113
----- Optimized Parameters (2 sig. digits) -----
[0.6442, 1966.0, 0.7909, 0.9997, 1055.0, 0.06247, 0.2953, 0.01001, 6.229e-05]
Cost = 113
----- Optimized Parameters (2 sig. digits) -----
[0.6442, 1966.0, 0.7909, 0.9997, 1055.0, 0.06247, 0.2953, 0.01001, 6.229e-05]
Cost = 113
----- Optimized Parameters (2 sig. digits) -----
[0.6442, 1966.0, 0.7909, 0.9997, 1055.0, 0.06247, 0.2953, 0.01001, 6.229e-05]
Cost = 113
----- Optimized Parameters (2 sig. digits) -----
[0.6442, 1966.0, 0.7909, 0.9997, 1055.0, 0.06247, 0.2953, 0.01001, 6.229e-05]
Cost = 113
----- Optimized Parameters (2 sig. digits) -----
[0.6442, 1966.0, 0.7909, 0.9997, 1055.0, 0.06247, 0.2953, 0.01001, 6.229e-05]
Cost = 113
----- Optimized Parameters (2 sig. digits) -----
[0.6442, 1966.0, 0.7909, 0.9997, 1055.0, 0.06247, 0.2953, 0.01001, 6.229e-05]
Cost = 113
----- Optimized Parameters (2 sig. digits) -----
[0.6442, 1966.0, 0.7909, 0.9997, 1055.0, 0.06247, 0.2953, 0.01001, 6.229e-05]
Cost = 113
----- Optimized Parameters (2 sig. digits) -----
[0.6442, 1966.0, 0.7909, 0.9997, 1055.0, 0.06247, 0.2953, 0.01001, 6.229e-05]
Cost = 113
----- Optimized Parameters (2 sig. digits) -----
[0.6442, 1966.0, 0.7909, 0.9997, 1055.0, 0.06247, 0.2953, 0.01001, 6.23e-05]
Cost = 113
----- Optimized Parameters (2 sig. digits) -----
[0.6664, 1836.0, 0.8174, 0.9999, 1032.0, 0.05671, 0.2216, 0.01, 5.653e-05]
Cost = 109
----- Optimized Parameters (2 sig. digits) -----
[0.6664, 1836.0, 0.8174, 0.9999, 1032.0, 0.05671, 0.2216, 0.01, 5.653e-05]
Cost = 109
----- Optimized Parameters (2 sig. digits) -----
[0.6664, 1836.0, 0.8174, 0.9999, 1032.0, 0.05671, 0.2216, 0.01, 5.653e-05]
Cost = 109
----- Optimized Parameters (2 sig. digits) -----
[0.6664, 1836.0, 0.8174, 0.9999, 1032.0, 0.05671, 0.2216, 0.01, 5.653e-05]
Cost = 109
----- Optimized Parameters (2 sig. digits) -----
[0.6664, 1836.0, 0.8174, 0.9999, 1032.0, 0.05671, 0.2216, 0.01, 5.653e-05]
Cost = 109
----- Optimized Parameters (2 sig. digits) -----
[0.6664, 1836.0, 0.8174, 0.9999, 1032.0, 0.05671, 0.2216, 0.01, 5.653e-05]
Cost = 109
----- Optimized Parameters (2 sig. digits) -----
[0.6664, 1836.0, 0.8174, 0.9999, 1032.0, 0.05671, 0.2216, 0.01, 5.653e-05]
Cost = 109
----- Optimized Parameters (2 sig. digits) -----
[0.6664, 1836.0, 0.8174, 0.9999, 1032.0, 0.05671, 0.2216, 0.01, 5.653e-05]
Cost = 109
----- Optimized Parameters (2 sig. digits) -----
[0.6664, 1836.0, 0.8174, 0.9999, 1032.0, 0.05671, 0.2216, 0.01, 5.653e-05]
Cost = 109
----- Optimized Parameters (2 sig. digits) -----
[0.6664, 1836.0, 0.8174, 0.9999, 1032.0, 0.05671, 0.2216, 0.01, 5.654e-05]
Cost = 109
----- Optimized Parameters (2 sig. digits) -----
[0.6672, 1631.0, 0.819, 1.0, 1029.0, 0.0569, 0.2162, 0.01, 5.594e-05]
Cost = 108
----- Optimized Parameters (2 sig. digits) -----
[0.6672, 1631.0, 0.819, 1.0, 1029.0, 0.0569, 0.2162, 0.01, 5.594e-05]
Cost = 108
----- Optimized Parameters (2 sig. digits) -----
[0.6672, 1631.0, 0.819, 1.0, 1029.0, 0.0569, 0.2162, 0.01, 5.594e-05]
Cost = 108
----- Optimized Parameters (2 sig. digits) -----
[0.6672, 1631.0, 0.819, 1.0, 1029.0, 0.0569, 0.2162, 0.01, 5.594e-05]
Cost = 108
----- Optimized Parameters (2 sig. digits) -----
[0.6672, 1631.0, 0.819, 1.0, 1029.0, 0.0569, 0.2162, 0.01, 5.594e-05]
Cost = 108
----- Optimized Parameters (2 sig. digits) -----
[0.6672, 1631.0, 0.819, 1.0, 1029.0, 0.0569, 0.2162, 0.01, 5.594e-05]
Cost = 108
----- Optimized Parameters (2 sig. digits) -----
[0.6672, 1631.0, 0.819, 1.0, 1029.0, 0.0569, 0.2162, 0.01, 5.594e-05]
Cost = 108
----- Optimized Parameters (2 sig. digits) -----
[0.6672, 1631.0, 0.819, 1.0, 1029.0, 0.0569, 0.2162, 0.01, 5.594e-05]
Cost = 108
----- Optimized Parameters (2 sig. digits) -----
[0.6672, 1631.0, 0.819, 1.0, 1029.0, 0.0569, 0.2162, 0.01, 5.594e-05]
Cost = 108
----- Optimized Parameters (2 sig. digits) -----
[0.6672, 1631.0, 0.819, 1.0, 1029.0, 0.0569, 0.2162, 0.01, 5.595e-05]
Cost = 108
----- Optimized Parameters (2 sig. digits) -----
[0.6686, 1244.0, 0.8222, 1.0, 1022.0, 0.05721, 0.2056, 0.01, 5.458e-05]
Cost = 106
----- Optimized Parameters (2 sig. digits) -----
[0.6686, 1244.0, 0.8222, 1.0, 1022.0, 0.05721, 0.2056, 0.01, 5.458e-05]
Cost = 106
----- Optimized Parameters (2 sig. digits) -----
[0.6686, 1244.0, 0.8222, 1.0, 1022.0, 0.05721, 0.2056, 0.01, 5.458e-05]
Cost = 106
----- Optimized Parameters (2 sig. digits) -----
[0.6686, 1244.0, 0.8222, 1.0, 1022.0, 0.05721, 0.2056, 0.01, 5.458e-05]
Cost = 106
----- Optimized Parameters (2 sig. digits) -----
[0.6686, 1244.0, 0.8222, 1.0, 1022.0, 0.05721, 0.2056, 0.01, 5.458e-05]
Cost = 106
----- Optimized Parameters (2 sig. digits) -----
[0.6686, 1244.0, 0.8222, 1.0, 1022.0, 0.05721, 0.2056, 0.01, 5.458e-05]
Cost = 106
----- Optimized Parameters (2 sig. digits) -----
[0.6686, 1244.0, 0.8222, 1.0, 1022.0, 0.05721, 0.2056, 0.01, 5.458e-05]
Cost = 106
----- Optimized Parameters (2 sig. digits) -----
[0.6686, 1244.0, 0.8222, 1.0, 1022.0, 0.05721, 0.2056, 0.01, 5.458e-05]
Cost = 106
----- Optimized Parameters (2 sig. digits) -----
[0.6686, 1244.0, 0.8222, 1.0, 1022.0, 0.05721, 0.2056, 0.01, 5.458e-05]
Cost = 106
----- Optimized Parameters (2 sig. digits) -----
[0.6686, 1244.0, 0.8222, 1.0, 1022.0, 0.05721, 0.2056, 0.01, 5.46e-05]
Cost = 106
----- Optimized Parameters (2 sig. digits) -----
[0.6692, 748.0, 0.8255, 1.0, 1013.0, 0.05781, 0.1956, 0.01, 5.278e-05]
Cost = 105
----- Optimized Parameters (2 sig. digits) -----
[0.6692, 748.0, 0.8255, 1.0, 1013.0, 0.05781, 0.1956, 0.01, 5.278e-05]
Cost = 105
----- Optimized Parameters (2 sig. digits) -----
[0.6692, 748.0, 0.8255, 1.0, 1013.0, 0.05781, 0.1956, 0.01, 5.278e-05]
Cost = 105
----- Optimized Parameters (2 sig. digits) -----
[0.6692, 748.0, 0.8255, 1.0, 1013.0, 0.05781, 0.1956, 0.01, 5.278e-05]
Cost = 105
----- Optimized Parameters (2 sig. digits) -----
[0.6692, 748.0, 0.8255, 1.0, 1013.0, 0.05781, 0.1956, 0.01, 5.278e-05]
Cost = 105
----- Optimized Parameters (2 sig. digits) -----
[0.6692, 748.0, 0.8255, 1.0, 1013.0, 0.05781, 0.1956, 0.01, 5.278e-05]
Cost = 105
----- Optimized Parameters (2 sig. digits) -----
[0.6692, 748.0, 0.8255, 1.0, 1013.0, 0.05781, 0.1956, 0.01, 5.278e-05]
Cost = 105
----- Optimized Parameters (2 sig. digits) -----
[0.6692, 748.0, 0.8255, 1.0, 1013.0, 0.05781, 0.1956, 0.01, 5.278e-05]
Cost = 105
----- Optimized Parameters (2 sig. digits) -----
[0.6692, 748.0, 0.8255, 1.0, 1013.0, 0.05781, 0.1956, 0.01, 5.278e-05]
Cost = 105
----- Optimized Parameters (2 sig. digits) -----
[0.6692, 748.0, 0.8255, 1.0, 1013.0, 0.05781, 0.1956, 0.01, 5.28e-05]
Cost = 105
----- Optimized Parameters (2 sig. digits) -----
[0.6664, 302.1, 0.8265, 1.0, 1009.0, 0.05929, 0.1977, 0.01, 5.188e-05]
Cost = 105
----- Optimized Parameters (2 sig. digits) -----
[0.6664, 302.1, 0.8265, 1.0, 1009.0, 0.05929, 0.1977, 0.01, 5.188e-05]
Cost = 105
----- Optimized Parameters (2 sig. digits) -----
[0.6664, 302.1, 0.8265, 1.0, 1009.0, 0.05929, 0.1977, 0.01, 5.188e-05]
Cost = 105
----- Optimized Parameters (2 sig. digits) -----
[0.6664, 302.1, 0.8265, 1.0, 1009.0, 0.05929, 0.1977, 0.01, 5.188e-05]
Cost = 105
----- Optimized Parameters (2 sig. digits) -----
[0.6664, 302.1, 0.8265, 1.0, 1009.0, 0.05929, 0.1977, 0.01, 5.188e-05]
Cost = 105
----- Optimized Parameters (2 sig. digits) -----
[0.6664, 302.1, 0.8265, 1.0, 1009.0, 0.05929, 0.1977, 0.01, 5.188e-05]
Cost = 105
----- Optimized Parameters (2 sig. digits) -----
[0.6664, 302.1, 0.8265, 1.0, 1009.0, 0.05929, 0.1977, 0.01, 5.188e-05]
Cost = 105
----- Optimized Parameters (2 sig. digits) -----
[0.6664, 302.1, 0.8265, 1.0, 1009.0, 0.05929, 0.1977, 0.01, 5.188e-05]
Cost = 105
----- Optimized Parameters (2 sig. digits) -----
[0.6664, 302.1, 0.8265, 1.0, 1009.0, 0.05929, 0.1977, 0.01, 5.188e-05]
Cost = 105
----- Optimized Parameters (2 sig. digits) -----
[0.6664, 302.1, 0.8265, 1.0, 1009.0, 0.05929, 0.1977, 0.01, 5.19e-05]
Cost = 105
----- Optimized Parameters (2 sig. digits) -----
[0.6664, 302.1, 0.8265, 1.0, 1009.0, 0.05929, 0.1977, 0.01, 5.206e-05]
Cost = 105
----- Optimized Parameters (2 sig. digits) -----
[0.6664, 302.1, 0.8265, 1.0, 1009.0, 0.05929, 0.1977, 0.01, 5.206e-05]
Cost = 105
----- Optimized Parameters (2 sig. digits) -----
[0.6664, 302.1, 0.8265, 1.0, 1009.0, 0.05929, 0.1977, 0.01, 5.206e-05]
Cost = 105
----- Optimized Parameters (2 sig. digits) -----
[0.6664, 302.1, 0.8265, 1.0, 1009.0, 0.05929, 0.1977, 0.01, 5.206e-05]
Cost = 105
----- Optimized Parameters (2 sig. digits) -----
[0.6664, 302.1, 0.8265, 1.0, 1009.0, 0.05929, 0.1977, 0.01, 5.206e-05]
Cost = 105
----- Optimized Parameters (2 sig. digits) -----
[0.6664, 302.1, 0.8265, 1.0, 1009.0, 0.05929, 0.1977, 0.01, 5.206e-05]
Cost = 105
----- Optimized Parameters (2 sig. digits) -----
[0.6664, 302.1, 0.8265, 1.0, 1009.0, 0.05929, 0.1977, 0.01, 5.206e-05]
Cost = 105
----- Optimized Parameters (2 sig. digits) -----
[0.6664, 302.1, 0.8265, 1.0, 1009.0, 0.05929, 0.1977, 0.01, 5.206e-05]
Cost = 105
----- Optimized Parameters (2 sig. digits) -----
[0.6664, 302.1, 0.8265, 1.0, 1009.0, 0.05929, 0.1977, 0.01, 5.206e-05]
Cost = 105
----- Optimized Parameters (2 sig. digits) -----
[0.6664, 302.1, 0.8265, 1.0, 1009.0, 0.05929, 0.1977, 0.01, 5.207e-05]
Cost = 105
----- Optimized Parameters (2 sig. digits) -----
[0.6664, 302.1, 0.8265, 1.0, 1009.0, 0.05929, 0.1977, 0.01, 5.206e-05]
Cost = 105
----- Optimized Parameters (2 sig. digits) -----
[0.6664, 302.1, 0.8265, 1.0, 1009.0, 0.05929, 0.1977, 0.01, 5.206e-05]
Cost = 105
----- Optimized Parameters (2 sig. digits) -----
[0.6664, 302.1, 0.8265, 1.0, 1009.0, 0.05929, 0.1977, 0.01, 5.206e-05]
Cost = 105
----- Optimized Parameters (2 sig. digits) -----
[0.6664, 302.1, 0.8265, 1.0, 1009.0, 0.05929, 0.1977, 0.01, 5.206e-05]
Cost = 105
----- Optimized Parameters (2 sig. digits) -----
[0.6664, 302.1, 0.8265, 1.0, 1009.0, 0.05929, 0.1977, 0.01, 5.206e-05]
Cost = 105
----- Optimized Parameters (2 sig. digits) -----
[0.6664, 302.1, 0.8265, 1.0, 1009.0, 0.05929, 0.1977, 0.01, 5.206e-05]
Cost = 105
----- Optimized Parameters (2 sig. digits) -----
[0.6664, 302.1, 0.8265, 1.0, 1009.0, 0.05929, 0.1977, 0.01, 5.206e-05]
Cost = 105
----- Optimized Parameters (2 sig. digits) -----
[0.6664, 302.1, 0.8265, 1.0, 1009.0, 0.05929, 0.1977, 0.01, 5.206e-05]
Cost = 105
----- Optimized Parameters (2 sig. digits) -----
[0.6664, 302.1, 0.8265, 1.0, 1009.0, 0.05929, 0.1977, 0.01, 5.206e-05]
Cost = 105
----- Optimized Parameters (2 sig. digits) -----
[0.6664, 302.1, 0.8265, 1.0, 1009.0, 0.05929, 0.1977, 0.01, 5.206e-05]
Cost = 105
----- Optimized Parameters (2 sig. digits) -----
[0.6664, 302.1, 0.8265, 1.0, 1009.0, 0.05929, 0.1977, 0.01, 5.207e-05]
Cost = 105
----- Optimized Parameters (2 sig. digits) -----
[0.6664, 300.8, 0.8265, 1.0, 1009.0, 0.05931, 0.1978, 0.01, 5.206e-05]
Cost = 105
----- Optimized Parameters (2 sig. digits) -----
[0.6664, 300.8, 0.8265, 1.0, 1009.0, 0.05931, 0.1978, 0.01, 5.206e-05]
Cost = 105
----- Optimized Parameters (2 sig. digits) -----
[0.6664, 300.8, 0.8265, 1.0, 1009.0, 0.05931, 0.1978, 0.01, 5.206e-05]
Cost = 105
----- Optimized Parameters (2 sig. digits) -----
[0.6664, 300.8, 0.8265, 1.0, 1009.0, 0.05931, 0.1978, 0.01, 5.206e-05]
Cost = 105
----- Optimized Parameters (2 sig. digits) -----
[0.6664, 300.8, 0.8265, 1.0, 1009.0, 0.05931, 0.1978, 0.01, 5.206e-05]
Cost = 105
----- Optimized Parameters (2 sig. digits) -----
[0.6664, 300.8, 0.8265, 1.0, 1009.0, 0.05931, 0.1978, 0.01, 5.206e-05]
Cost = 105
----- Optimized Parameters (2 sig. digits) -----
[0.6664, 300.8, 0.8265, 1.0, 1009.0, 0.05931, 0.1978, 0.01, 5.206e-05]
Cost = 105
----- Optimized Parameters (2 sig. digits) -----
[0.6664, 300.8, 0.8265, 1.0, 1009.0, 0.05931, 0.1978, 0.01, 5.206e-05]
Cost = 105
----- Optimized Parameters (2 sig. digits) -----
[0.6664, 300.8, 0.8265, 1.0, 1009.0, 0.05931, 0.1978, 0.01, 5.206e-05]
Cost = 105
----- Optimized Parameters (2 sig. digits) -----
[0.6664, 300.8, 0.8265, 1.0, 1009.0, 0.05931, 0.1978, 0.01, 5.207e-05]
Cost = 105
----- Optimized Parameters (2 sig. digits) -----
[0.6636, 300.3, 0.8283, 1.0, 974.1, 0.05734, 0.1921, 0.01, 5.021e-05]
Cost = 105
----- Optimized Parameters (2 sig. digits) -----
[0.6636, 300.3, 0.8283, 1.0, 974.1, 0.05734, 0.1921, 0.01, 5.021e-05]
Cost = 105
----- Optimized Parameters (2 sig. digits) -----
[0.6636, 300.3, 0.8283, 1.0, 974.1, 0.05734, 0.1921, 0.01, 5.021e-05]
Cost = 105
----- Optimized Parameters (2 sig. digits) -----
[0.6636, 300.3, 0.8283, 1.0, 974.1, 0.05734, 0.1921, 0.01, 5.021e-05]
Cost = 105
----- Optimized Parameters (2 sig. digits) -----
[0.6636, 300.3, 0.8283, 1.0, 974.1, 0.05734, 0.1921, 0.01, 5.021e-05]
Cost = 105
----- Optimized Parameters (2 sig. digits) -----
[0.6636, 300.3, 0.8283, 1.0, 974.1, 0.05734, 0.1921, 0.01, 5.021e-05]
Cost = 105
----- Optimized Parameters (2 sig. digits) -----
[0.6636, 300.3, 0.8283, 1.0, 974.1, 0.05734, 0.1921, 0.01, 5.021e-05]
Cost = 105
----- Optimized Parameters (2 sig. digits) -----
[0.6636, 300.3, 0.8283, 1.0, 974.1, 0.05734, 0.1921, 0.01, 5.021e-05]
Cost = 105
----- Optimized Parameters (2 sig. digits) -----
[0.6636, 300.3, 0.8283, 1.0, 974.1, 0.05734, 0.1921, 0.01, 5.021e-05]
Cost = 105
----- Optimized Parameters (2 sig. digits) -----
[0.6636, 300.3, 0.8283, 1.0, 974.1, 0.05734, 0.1921, 0.01, 5.022e-05]
Cost = 105
----- Optimized Parameters (2 sig. digits) -----
[0.6635, 302.3, 0.8283, 1.0, 974.1, 0.05735, 0.1922, 0.01, 5.021e-05]
Cost = 105
----- Optimized Parameters (2 sig. digits) -----
[0.6635, 302.3, 0.8283, 1.0, 974.1, 0.05735, 0.1922, 0.01, 5.021e-05]
Cost = 105
----- Optimized Parameters (2 sig. digits) -----
[0.6635, 302.3, 0.8283, 1.0, 974.1, 0.05735, 0.1922, 0.01, 5.021e-05]
Cost = 105
----- Optimized Parameters (2 sig. digits) -----
[0.6635, 302.3, 0.8283, 1.0, 974.1, 0.05735, 0.1922, 0.01, 5.021e-05]
Cost = 105
----- Optimized Parameters (2 sig. digits) -----
[0.6635, 302.3, 0.8283, 1.0, 974.1, 0.05735, 0.1922, 0.01, 5.021e-05]
Cost = 105
----- Optimized Parameters (2 sig. digits) -----
[0.6635, 302.3, 0.8283, 1.0, 974.1, 0.05735, 0.1922, 0.01, 5.021e-05]
Cost = 105
----- Optimized Parameters (2 sig. digits) -----
[0.6635, 302.3, 0.8283, 1.0, 974.1, 0.05735, 0.1922, 0.01, 5.021e-05]
Cost = 105
----- Optimized Parameters (2 sig. digits) -----
[0.6635, 302.3, 0.8283, 1.0, 974.1, 0.05735, 0.1922, 0.01, 5.021e-05]
Cost = 105
----- Optimized Parameters (2 sig. digits) -----
[0.6635, 302.3, 0.8283, 1.0, 974.1, 0.05735, 0.1922, 0.01, 5.021e-05]
Cost = 105
----- Optimized Parameters (2 sig. digits) -----
[0.6635, 302.3, 0.8283, 1.0, 974.1, 0.05735, 0.1922, 0.01, 5.022e-05]
Cost = 105
----- Optimized Parameters (2 sig. digits) -----
[0.662, 301.0, 0.83, 1.0, 944.0, 0.0555, 0.1874, 0.01, 4.918e-05]
Cost = 104
----- Optimized Parameters (2 sig. digits) -----
[0.662, 301.0, 0.83, 1.0, 944.0, 0.0555, 0.1874, 0.01, 4.918e-05]
Cost = 104
----- Optimized Parameters (2 sig. digits) -----
[0.662, 301.0, 0.83, 1.0, 944.0, 0.0555, 0.1874, 0.01, 4.918e-05]
Cost = 104
----- Optimized Parameters (2 sig. digits) -----
[0.662, 301.0, 0.83, 1.0, 944.0, 0.0555, 0.1874, 0.01, 4.918e-05]
Cost = 104
----- Optimized Parameters (2 sig. digits) -----
[0.662, 301.0, 0.83, 1.0, 944.0, 0.0555, 0.1874, 0.01, 4.918e-05]
Cost = 104
----- Optimized Parameters (2 sig. digits) -----
[0.662, 301.0, 0.83, 1.0, 944.0, 0.0555, 0.1874, 0.01, 4.918e-05]
Cost = 104
----- Optimized Parameters (2 sig. digits) -----
[0.662, 301.0, 0.83, 1.0, 944.0, 0.0555, 0.1874, 0.01, 4.918e-05]
Cost = 104
----- Optimized Parameters (2 sig. digits) -----
[0.662, 301.0, 0.83, 1.0, 944.0, 0.0555, 0.1874, 0.01, 4.918e-05]
Cost = 104
----- Optimized Parameters (2 sig. digits) -----
[0.662, 301.0, 0.83, 1.0, 944.0, 0.0555, 0.1874, 0.01, 4.918e-05]
Cost = 104
----- Optimized Parameters (2 sig. digits) -----
[0.662, 301.0, 0.83, 1.0, 944.0, 0.0555, 0.1874, 0.01, 4.919e-05]
Cost = 104
----- Optimized Parameters (2 sig. digits) -----
[0.662, 300.5, 0.83, 1.0, 944.0, 0.0555, 0.1874, 0.01, 4.918e-05]
Cost = 104
----- Optimized Parameters (2 sig. digits) -----
[0.662, 300.5, 0.83, 1.0, 944.0, 0.0555, 0.1874, 0.01, 4.918e-05]
Cost = 104
----- Optimized Parameters (2 sig. digits) -----
[0.662, 300.5, 0.83, 1.0, 944.0, 0.0555, 0.1874, 0.01, 4.918e-05]
Cost = 104
----- Optimized Parameters (2 sig. digits) -----
[0.662, 300.5, 0.83, 1.0, 944.0, 0.0555, 0.1874, 0.01, 4.918e-05]
Cost = 104
----- Optimized Parameters (2 sig. digits) -----
[0.662, 300.5, 0.83, 1.0, 944.0, 0.0555, 0.1874, 0.01, 4.918e-05]
Cost = 104
----- Optimized Parameters (2 sig. digits) -----
[0.662, 300.5, 0.83, 1.0, 944.0, 0.0555, 0.1874, 0.01, 4.918e-05]
Cost = 104
----- Optimized Parameters (2 sig. digits) -----
[0.662, 300.5, 0.83, 1.0, 944.0, 0.0555, 0.1874, 0.01, 4.918e-05]
Cost = 104
----- Optimized Parameters (2 sig. digits) -----
[0.662, 300.5, 0.83, 1.0, 944.0, 0.0555, 0.1874, 0.01, 4.918e-05]
Cost = 104
----- Optimized Parameters (2 sig. digits) -----
[0.662, 300.5, 0.83, 1.0, 944.0, 0.0555, 0.1874, 0.01, 4.918e-05]
Cost = 104
----- Optimized Parameters (2 sig. digits) -----
[0.662, 300.5, 0.83, 1.0, 944.0, 0.0555, 0.1874, 0.01, 4.92e-05]
Cost = 104
----- Optimized Parameters (2 sig. digits) -----
[0.6613, 300.4, 0.832, 1.0, 912.4, 0.05354, 0.1841, 0.01, 4.849e-05]
Cost = 104
----- Optimized Parameters (2 sig. digits) -----
[0.6613, 300.4, 0.832, 1.0, 912.4, 0.05354, 0.1841, 0.01, 4.849e-05]
Cost = 104
----- Optimized Parameters (2 sig. digits) -----
[0.6613, 300.4, 0.832, 1.0, 912.4, 0.05354, 0.1841, 0.01, 4.849e-05]
Cost = 104
----- Optimized Parameters (2 sig. digits) -----
[0.6613, 300.4, 0.832, 1.0, 912.4, 0.05354, 0.1841, 0.01, 4.849e-05]
Cost = 104
----- Optimized Parameters (2 sig. digits) -----
[0.6613, 300.4, 0.832, 1.0, 912.4, 0.05354, 0.1841, 0.01, 4.849e-05]
Cost = 104
----- Optimized Parameters (2 sig. digits) -----
[0.6613, 300.4, 0.832, 1.0, 912.4, 0.05354, 0.1841, 0.01, 4.849e-05]
Cost = 104
----- Optimized Parameters (2 sig. digits) -----
[0.6613, 300.4, 0.832, 1.0, 912.4, 0.05354, 0.1841, 0.01, 4.849e-05]
Cost = 104
----- Optimized Parameters (2 sig. digits) -----
[0.6613, 300.4, 0.832, 1.0, 912.4, 0.05354, 0.1841, 0.01, 4.849e-05]
Cost = 104
----- Optimized Parameters (2 sig. digits) -----
[0.6613, 300.4, 0.832, 1.0, 912.4, 0.05354, 0.1841, 0.01, 4.849e-05]
Cost = 104
----- Optimized Parameters (2 sig. digits) -----
[0.6613, 300.4, 0.832, 1.0, 912.4, 0.05354, 0.1841, 0.01, 4.851e-05]
Cost = 104
----- Optimized Parameters (2 sig. digits) -----
[0.6613, 300.4, 0.832, 1.0, 912.4, 0.05354, 0.1841, 0.01, 4.851e-05]
Cost = 104
----- Optimized Parameters (2 sig. digits) -----
[0.6613, 300.4, 0.832, 1.0, 912.4, 0.05354, 0.1841, 0.01, 4.851e-05]
Cost = 104
----- Optimized Parameters (2 sig. digits) -----
[0.6613, 300.4, 0.832, 1.0, 912.4, 0.05354, 0.1841, 0.01, 4.851e-05]
Cost = 104
----- Optimized Parameters (2 sig. digits) -----
[0.6613, 300.4, 0.832, 1.0, 912.4, 0.05354, 0.1841, 0.01, 4.851e-05]
Cost = 104
----- Optimized Parameters (2 sig. digits) -----
[0.6613, 300.4, 0.832, 1.0, 912.4, 0.05354, 0.1841, 0.01, 4.851e-05]
Cost = 104
----- Optimized Parameters (2 sig. digits) -----
[0.6613, 300.4, 0.832, 1.0, 912.4, 0.05354, 0.1841, 0.01, 4.851e-05]
Cost = 104
----- Optimized Parameters (2 sig. digits) -----
[0.6613, 300.4, 0.832, 1.0, 912.4, 0.05354, 0.1841, 0.01, 4.851e-05]
Cost = 104
----- Optimized Parameters (2 sig. digits) -----
[0.6613, 300.4, 0.832, 1.0, 912.4, 0.05354, 0.1841, 0.01, 4.851e-05]
Cost = 104
----- Optimized Parameters (2 sig. digits) -----
[0.6613, 300.4, 0.832, 1.0, 912.4, 0.05354, 0.1841, 0.01, 4.851e-05]
Cost = 104
----- Optimized Parameters (2 sig. digits) -----
[0.6613, 300.4, 0.832, 1.0, 912.4, 0.05354, 0.1841, 0.01, 4.853e-05]
Cost = 104
----- Optimized Parameters (2 sig. digits) -----
[0.6613, 300.4, 0.832, 1.0, 912.4, 0.05354, 0.1841, 0.01, 4.851e-05]
Cost = 104
Job Statistics for 7018602:
           JobID       User               Start                 End    Elapsed   TotalCPU      State        NodeList 
---------------- ---------- ------------------- ------------------- ---------- ---------- ---------- --------------- 
         7018602     sxa126 2025-07-26T08:31:34 2025-07-26T09:22:13   00:50:39   03:47:55  COMPLETED   r1pl-hpcf-n27 
   7018602.batch            2025-07-26T08:31:34 2025-07-26T09:22:13   00:50:39   03:47:55  COMPLETED   r1pl-hpcf-n27 
  7018602.extern            2025-07-26T08:31:34 2025-07-26T09:22:13   00:50:39  00:00.002  COMPLETED   r1pl-hpcf-n27 
Requested Resources: billing=5,cpu=5,mem=37275M,node=1
Maximum CPU Memory: 115.17M; 	CPU Efficiency: 90.00% of 04:13:15 core-walltime
