----- Optimized Parameters (2 sig. digits) -----
[0.948, 5681.0, 0.779, 0.1381, 452.6, 0.3148, 0.4049, 0.4858, 0.0001207]
Cost = 6.33e+04
----- Optimized Parameters (2 sig. digits) -----
[0.7961, 4850.0, 0.4692, 0.901, 457.1, 0.4486, 0.5808, 0.7324, 0.0001379]
Cost = 6.3e+04
----- Optimized Parameters (2 sig. digits) -----
[0.2921, 6291.0, 0.05666, 0.9979, 1983.0, 0.3422, 0.3932, 0.1299, 1.345e-05]
Cost = 2.95e+03
----- Optimized Parameters (2 sig. digits) -----
[0.2921, 6291.0, 0.05666, 0.9979, 1983.0, 0.3422, 0.3932, 0.1299, 1.345e-05]
Cost = 2.95e+03
----- Optimized Parameters (2 sig. digits) -----
[0.2921, 6291.0, 0.05666, 0.9979, 1983.0, 0.3422, 0.3932, 0.1299, 1.345e-05]
Cost = 2.95e+03
----- Optimized Parameters (2 sig. digits) -----
[0.2921, 6291.0, 0.05666, 0.9979, 1983.0, 0.3422, 0.3932, 0.1299, 1.345e-05]
Cost = 2.95e+03
----- Optimized Parameters (2 sig. digits) -----
[0.2921, 6291.0, 0.05666, 0.9979, 1983.0, 0.3422, 0.3932, 0.1299, 1.345e-05]
Cost = 2.95e+03
----- Optimized Parameters (2 sig. digits) -----
[0.2921, 6291.0, 0.05666, 0.9979, 1983.0, 0.3422, 0.3932, 0.1299, 1.345e-05]
Cost = 2.95e+03
----- Optimized Parameters (2 sig. digits) -----
[0.2921, 6291.0, 0.05666, 0.9979, 1983.0, 0.3422, 0.3932, 0.1299, 1.345e-05]
Cost = 2.95e+03
----- Optimized Parameters (2 sig. digits) -----
[0.2921, 6291.0, 0.05666, 0.9979, 1983.0, 0.3422, 0.3932, 0.1299, 1.345e-05]
Cost = 2.95e+03
----- Optimized Parameters (2 sig. digits) -----
[0.2921, 6291.0, 0.05666, 0.9979, 1983.0, 0.3422, 0.3932, 0.1299, 1.345e-05]
Cost = 2.95e+03
----- Optimized Parameters (2 sig. digits) -----
[0.2921, 6291.0, 0.05666, 0.9979, 1983.0, 0.3422, 0.3932, 0.1299, 1.345e-05]
Cost = 2.95e+03
----- Optimized Parameters (2 sig. digits) -----
[0.2921, 6291.0, 0.05666, 0.9979, 1983.0, 0.3422, 0.3932, 0.1299, 1.347e-05]
Cost = 2.96e+03
----- Optimized Parameters (2 sig. digits) -----
[0.3219, 5655.0, 0.05225, 0.998, 1985.0, 0.3104, 0.4472, 0.1177, 1.246e-05]
Cost = 688
----- Optimized Parameters (2 sig. digits) -----
[0.3219, 5655.0, 0.05225, 0.998, 1985.0, 0.3104, 0.4472, 0.1177, 1.246e-05]
Cost = 688
----- Optimized Parameters (2 sig. digits) -----
[0.3219, 5655.0, 0.05225, 0.998, 1985.0, 0.3104, 0.4472, 0.1177, 1.246e-05]
Cost = 688
----- Optimized Parameters (2 sig. digits) -----
[0.3219, 5655.0, 0.05225, 0.998, 1985.0, 0.3104, 0.4472, 0.1177, 1.246e-05]
Cost = 688
----- Optimized Parameters (2 sig. digits) -----
[0.3219, 5655.0, 0.05225, 0.998, 1985.0, 0.3104, 0.4472, 0.1177, 1.246e-05]
Cost = 688
----- Optimized Parameters (2 sig. digits) -----
[0.3219, 5655.0, 0.05225, 0.998, 1985.0, 0.3104, 0.4472, 0.1177, 1.246e-05]
Cost = 688
----- Optimized Parameters (2 sig. digits) -----
[0.3219, 5655.0, 0.05225, 0.998, 1985.0, 0.3104, 0.4472, 0.1177, 1.246e-05]
Cost = 688
----- Optimized Parameters (2 sig. digits) -----
[0.3219, 5655.0, 0.05225, 0.998, 1985.0, 0.3104, 0.4472, 0.1177, 1.246e-05]
Cost = 688
----- Optimized Parameters (2 sig. digits) -----
[0.3219, 5655.0, 0.05225, 0.998, 1985.0, 0.3104, 0.4472, 0.1177, 1.246e-05]
Cost = 688
----- Optimized Parameters (2 sig. digits) -----
[0.3219, 5655.0, 0.05225, 0.998, 1985.0, 0.3104, 0.4472, 0.1177, 1.247e-05]
Cost = 688
----- Optimized Parameters (2 sig. digits) -----
[0.4804, 5417.0, 0.05236, 0.9979, 1985.0, 0.3009, 0.4589, 0.1132, 1.239e-05]
Cost = 596
----- Optimized Parameters (2 sig. digits) -----
[0.4804, 5417.0, 0.05236, 0.9979, 1985.0, 0.3009, 0.4589, 0.1132, 1.239e-05]
Cost = 596
----- Optimized Parameters (2 sig. digits) -----
[0.4804, 5417.0, 0.05236, 0.9979, 1985.0, 0.3009, 0.4589, 0.1132, 1.239e-05]
Cost = 596
----- Optimized Parameters (2 sig. digits) -----
[0.4804, 5417.0, 0.05236, 0.9979, 1985.0, 0.3009, 0.4589, 0.1132, 1.239e-05]
Cost = 596
----- Optimized Parameters (2 sig. digits) -----
[0.4804, 5417.0, 0.05236, 0.9979, 1985.0, 0.3009, 0.4589, 0.1132, 1.239e-05]
Cost = 596
----- Optimized Parameters (2 sig. digits) -----
[0.4804, 5417.0, 0.05236, 0.9979, 1985.0, 0.3009, 0.4589, 0.1132, 1.239e-05]
Cost = 596
----- Optimized Parameters (2 sig. digits) -----
[0.4804, 5417.0, 0.05236, 0.9979, 1985.0, 0.3009, 0.4589, 0.1132, 1.239e-05]
Cost = 596
----- Optimized Parameters (2 sig. digits) -----
[0.4804, 5417.0, 0.05236, 0.9979, 1985.0, 0.3009, 0.4589, 0.1132, 1.239e-05]
Cost = 596
----- Optimized Parameters (2 sig. digits) -----
[0.4804, 5417.0, 0.05236, 0.9979, 1985.0, 0.3009, 0.4589, 0.1132, 1.239e-05]
Cost = 596
----- Optimized Parameters (2 sig. digits) -----
[0.4804, 5417.0, 0.05236, 0.9979, 1985.0, 0.3009, 0.4589, 0.1132, 1.24e-05]
Cost = 596
----- Optimized Parameters (2 sig. digits) -----
[0.3461, 4647.0, 0.06453, 0.4299, 1991.0, 0.194, 0.9973, 0.1049, 3.363e-05]
Cost = 1.52e+03
----- Optimized Parameters (2 sig. digits) -----
[0.3851, 5297.0, 0.06085, 0.4387, 1987.0, 0.1831, 0.9973, 0.09926, 3.272e-05]
Cost = 1.58e+03
----- Optimized Parameters (2 sig. digits) -----
[0.3742, 5416.0, 0.06233, 0.8901, 1985.0, 0.1533, 0.7199, 0.09527, 3.012e-05]
Cost = 2.38e+03
----- Optimized Parameters (2 sig. digits) -----
[0.4594, 5417.0, 0.05479, 0.9881, 1985.0, 0.2444, 0.4899, 0.1023, 1.808e-05]
Cost = 667
----- Optimized Parameters (2 sig. digits) -----
[0.4833, 5417.0, 0.05169, 0.9967, 1985.0, 0.2881, 0.4629, 0.1075, 1.386e-05]
Cost = 591
----- Optimized Parameters (2 sig. digits) -----
[0.4833, 5417.0, 0.05169, 0.9967, 1985.0, 0.2881, 0.4629, 0.1075, 1.386e-05]
Cost = 591
----- Optimized Parameters (2 sig. digits) -----
[0.4833, 5417.0, 0.05169, 0.9967, 1985.0, 0.2881, 0.4629, 0.1075, 1.386e-05]
Cost = 591
----- Optimized Parameters (2 sig. digits) -----
[0.4833, 5417.0, 0.05169, 0.9967, 1985.0, 0.2881, 0.4629, 0.1075, 1.386e-05]
Cost = 591
----- Optimized Parameters (2 sig. digits) -----
[0.4833, 5417.0, 0.05169, 0.9967, 1985.0, 0.2881, 0.4629, 0.1075, 1.386e-05]
Cost = 591
----- Optimized Parameters (2 sig. digits) -----
[0.4833, 5417.0, 0.05169, 0.9967, 1985.0, 0.2881, 0.4629, 0.1075, 1.386e-05]
Cost = 591
----- Optimized Parameters (2 sig. digits) -----
[0.4833, 5417.0, 0.05169, 0.9967, 1985.0, 0.2881, 0.4629, 0.1075, 1.386e-05]
Cost = 591
----- Optimized Parameters (2 sig. digits) -----
[0.4833, 5417.0, 0.05169, 0.9967, 1985.0, 0.2881, 0.4629, 0.1075, 1.386e-05]
Cost = 591
----- Optimized Parameters (2 sig. digits) -----
[0.4833, 5417.0, 0.05169, 0.9967, 1985.0, 0.2881, 0.4629, 0.1075, 1.386e-05]
Cost = 591
----- Optimized Parameters (2 sig. digits) -----
[0.4833, 5417.0, 0.05169, 0.9967, 1985.0, 0.2881, 0.4629, 0.1075, 1.387e-05]
Cost = 591
----- Optimized Parameters (2 sig. digits) -----
[0.4724, 5417.0, 0.07904, 0.994, 1985.0, 0.2643, 0.4687, 0.07666, 1.75e-05]
Cost = 608
----- Optimized Parameters (2 sig. digits) -----
[0.4822, 5417.0, 0.05352, 0.9962, 1985.0, 0.2826, 0.4639, 0.0962, 1.542e-05]
Cost = 587
----- Optimized Parameters (2 sig. digits) -----
[0.4822, 5417.0, 0.05352, 0.9962, 1985.0, 0.2826, 0.4639, 0.0962, 1.542e-05]
Cost = 587
----- Optimized Parameters (2 sig. digits) -----
[0.4822, 5417.0, 0.05352, 0.9962, 1985.0, 0.2826, 0.4639, 0.0962, 1.542e-05]
Cost = 587
----- Optimized Parameters (2 sig. digits) -----
[0.4822, 5417.0, 0.05352, 0.9962, 1985.0, 0.2826, 0.4639, 0.0962, 1.542e-05]
Cost = 587
----- Optimized Parameters (2 sig. digits) -----
[0.4822, 5417.0, 0.05352, 0.9962, 1985.0, 0.2826, 0.4639, 0.0962, 1.542e-05]
Cost = 587
----- Optimized Parameters (2 sig. digits) -----
[0.4822, 5417.0, 0.05352, 0.9962, 1985.0, 0.2826, 0.4639, 0.0962, 1.542e-05]
Cost = 587
----- Optimized Parameters (2 sig. digits) -----
[0.4822, 5417.0, 0.05352, 0.9962, 1985.0, 0.2826, 0.4639, 0.0962, 1.542e-05]
Cost = 587
----- Optimized Parameters (2 sig. digits) -----
[0.4822, 5417.0, 0.05352, 0.9962, 1985.0, 0.2826, 0.4639, 0.0962, 1.542e-05]
Cost = 587
----- Optimized Parameters (2 sig. digits) -----
[0.4822, 5417.0, 0.05352, 0.9962, 1985.0, 0.2826, 0.4639, 0.0962, 1.542e-05]
Cost = 587
----- Optimized Parameters (2 sig. digits) -----
[0.4822, 5417.0, 0.05352, 0.9962, 1985.0, 0.2826, 0.4639, 0.0962, 1.544e-05]
Cost = 587
----- Optimized Parameters (2 sig. digits) -----
[0.476, 5417.0, 0.06553, 0.9952, 1985.0, 0.2696, 0.4668, 0.08207, 1.794e-05]
Cost = 582
----- Optimized Parameters (2 sig. digits) -----
[0.476, 5417.0, 0.06553, 0.9952, 1985.0, 0.2696, 0.4668, 0.08207, 1.794e-05]
Cost = 582
----- Optimized Parameters (2 sig. digits) -----
[0.476, 5417.0, 0.06553, 0.9952, 1985.0, 0.2696, 0.4668, 0.08207, 1.794e-05]
Cost = 582
----- Optimized Parameters (2 sig. digits) -----
[0.476, 5417.0, 0.06553, 0.9952, 1985.0, 0.2696, 0.4668, 0.08207, 1.794e-05]
Cost = 582
----- Optimized Parameters (2 sig. digits) -----
[0.476, 5417.0, 0.06553, 0.9952, 1985.0, 0.2696, 0.4668, 0.08207, 1.794e-05]
Cost = 582
----- Optimized Parameters (2 sig. digits) -----
[0.476, 5417.0, 0.06553, 0.9952, 1985.0, 0.2696, 0.4668, 0.08207, 1.794e-05]
Cost = 582
----- Optimized Parameters (2 sig. digits) -----
[0.476, 5417.0, 0.06553, 0.9952, 1985.0, 0.2696, 0.4668, 0.08207, 1.794e-05]
Cost = 582
----- Optimized Parameters (2 sig. digits) -----
[0.476, 5417.0, 0.06553, 0.9952, 1985.0, 0.2696, 0.4668, 0.08207, 1.794e-05]
Cost = 582
----- Optimized Parameters (2 sig. digits) -----
[0.476, 5417.0, 0.06553, 0.9952, 1985.0, 0.2696, 0.4668, 0.08207, 1.794e-05]
Cost = 582
----- Optimized Parameters (2 sig. digits) -----
[0.476, 5417.0, 0.06553, 0.9952, 1985.0, 0.2696, 0.4668, 0.08207, 1.796e-05]
Cost = 582
----- Optimized Parameters (2 sig. digits) -----
[0.4688, 5417.0, 0.08082, 0.9944, 1986.0, 0.2575, 0.4694, 0.06892, 2.118e-05]
Cost = 575
----- Optimized Parameters (2 sig. digits) -----
[0.4688, 5417.0, 0.08082, 0.9944, 1986.0, 0.2575, 0.4694, 0.06892, 2.118e-05]
Cost = 575
----- Optimized Parameters (2 sig. digits) -----
[0.4688, 5417.0, 0.08082, 0.9944, 1986.0, 0.2575, 0.4694, 0.06892, 2.118e-05]
Cost = 575
----- Optimized Parameters (2 sig. digits) -----
[0.4688, 5417.0, 0.08082, 0.9944, 1986.0, 0.2575, 0.4694, 0.06892, 2.118e-05]
Cost = 575
----- Optimized Parameters (2 sig. digits) -----
[0.4688, 5417.0, 0.08082, 0.9944, 1986.0, 0.2575, 0.4694, 0.06892, 2.118e-05]
Cost = 575
----- Optimized Parameters (2 sig. digits) -----
[0.4688, 5417.0, 0.08082, 0.9944, 1986.0, 0.2575, 0.4694, 0.06892, 2.118e-05]
Cost = 575
----- Optimized Parameters (2 sig. digits) -----
[0.4688, 5417.0, 0.08082, 0.9944, 1986.0, 0.2575, 0.4694, 0.06892, 2.118e-05]
Cost = 575
----- Optimized Parameters (2 sig. digits) -----
[0.4688, 5417.0, 0.08082, 0.9944, 1986.0, 0.2575, 0.4694, 0.06892, 2.118e-05]
Cost = 575
----- Optimized Parameters (2 sig. digits) -----
[0.4688, 5417.0, 0.08082, 0.9944, 1986.0, 0.2575, 0.4694, 0.06892, 2.118e-05]
Cost = 575
----- Optimized Parameters (2 sig. digits) -----
[0.4688, 5417.0, 0.08082, 0.9944, 1986.0, 0.2575, 0.4694, 0.06892, 2.119e-05]
Cost = 575
----- Optimized Parameters (2 sig. digits) -----
[0.4524, 5417.0, 0.1221, 0.9925, 1986.0, 0.2406, 0.4728, 0.04492, 2.698e-05]
Cost = 593
----- Optimized Parameters (2 sig. digits) -----
[0.4657, 5417.0, 0.08854, 0.9941, 1986.0, 0.2519, 0.4703, 0.06102, 2.41e-05]
Cost = 565
----- Optimized Parameters (2 sig. digits) -----
[0.4657, 5417.0, 0.08854, 0.9941, 1986.0, 0.2519, 0.4703, 0.06102, 2.41e-05]
Cost = 565
----- Optimized Parameters (2 sig. digits) -----
[0.4657, 5417.0, 0.08854, 0.9941, 1986.0, 0.2519, 0.4703, 0.06102, 2.41e-05]
Cost = 565
----- Optimized Parameters (2 sig. digits) -----
[0.4657, 5417.0, 0.08854, 0.9941, 1986.0, 0.2519, 0.4703, 0.06102, 2.41e-05]
Cost = 565
----- Optimized Parameters (2 sig. digits) -----
[0.4657, 5417.0, 0.08854, 0.9941, 1986.0, 0.2519, 0.4703, 0.06102, 2.41e-05]
Cost = 565
----- Optimized Parameters (2 sig. digits) -----
[0.4657, 5417.0, 0.08854, 0.9941, 1986.0, 0.2519, 0.4703, 0.06102, 2.41e-05]
Cost = 565
----- Optimized Parameters (2 sig. digits) -----
[0.4657, 5417.0, 0.08854, 0.9941, 1986.0, 0.2519, 0.4703, 0.06102, 2.41e-05]
Cost = 565
----- Optimized Parameters (2 sig. digits) -----
[0.4657, 5417.0, 0.08854, 0.9941, 1986.0, 0.2519, 0.4703, 0.06102, 2.41e-05]
Cost = 565
----- Optimized Parameters (2 sig. digits) -----
[0.4657, 5417.0, 0.08854, 0.9941, 1986.0, 0.2519, 0.4703, 0.06102, 2.41e-05]
Cost = 565
----- Optimized Parameters (2 sig. digits) -----
[0.4657, 5417.0, 0.08854, 0.9941, 1986.0, 0.2519, 0.4703, 0.06102, 2.411e-05]
Cost = 565
----- Optimized Parameters (2 sig. digits) -----
[0.4586, 5417.0, 0.1049, 0.9937, 1986.0, 0.2404, 0.4721, 0.04704, 2.975e-05]
Cost = 563
----- Optimized Parameters (2 sig. digits) -----
[0.4586, 5417.0, 0.1049, 0.9937, 1986.0, 0.2404, 0.4721, 0.04704, 2.975e-05]
Cost = 563
----- Optimized Parameters (2 sig. digits) -----
[0.4586, 5417.0, 0.1049, 0.9937, 1986.0, 0.2404, 0.4721, 0.04704, 2.975e-05]
Cost = 563
----- Optimized Parameters (2 sig. digits) -----
[0.4586, 5417.0, 0.1049, 0.9937, 1986.0, 0.2404, 0.4721, 0.04704, 2.975e-05]
Cost = 563
----- Optimized Parameters (2 sig. digits) -----
[0.4586, 5417.0, 0.1049, 0.9937, 1986.0, 0.2404, 0.4721, 0.04704, 2.975e-05]
Cost = 563
----- Optimized Parameters (2 sig. digits) -----
[0.4586, 5417.0, 0.1049, 0.9937, 1986.0, 0.2404, 0.4721, 0.04704, 2.975e-05]
Cost = 563
----- Optimized Parameters (2 sig. digits) -----
[0.4586, 5417.0, 0.1049, 0.9937, 1986.0, 0.2404, 0.4721, 0.04704, 2.975e-05]
Cost = 563
----- Optimized Parameters (2 sig. digits) -----
[0.4586, 5417.0, 0.1049, 0.9937, 1986.0, 0.2404, 0.4721, 0.04704, 2.975e-05]
Cost = 563
----- Optimized Parameters (2 sig. digits) -----
[0.4586, 5417.0, 0.1049, 0.9937, 1986.0, 0.2404, 0.4721, 0.04704, 2.975e-05]
Cost = 563
----- Optimized Parameters (2 sig. digits) -----
[0.4586, 5417.0, 0.1049, 0.9937, 1986.0, 0.2404, 0.4721, 0.04704, 2.976e-05]
Cost = 563
----- Optimized Parameters (2 sig. digits) -----
[0.4571, 5417.0, 0.1097, 0.9937, 1986.0, 0.2383, 0.4724, 0.04292, 3.354e-05]
Cost = 545
----- Optimized Parameters (2 sig. digits) -----
[0.4571, 5417.0, 0.1097, 0.9937, 1986.0, 0.2383, 0.4724, 0.04292, 3.354e-05]
Cost = 545
----- Optimized Parameters (2 sig. digits) -----
[0.4571, 5417.0, 0.1097, 0.9937, 1986.0, 0.2383, 0.4724, 0.04292, 3.354e-05]
Cost = 545
----- Optimized Parameters (2 sig. digits) -----
[0.4571, 5417.0, 0.1097, 0.9937, 1986.0, 0.2383, 0.4724, 0.04292, 3.354e-05]
Cost = 545
----- Optimized Parameters (2 sig. digits) -----
[0.4571, 5417.0, 0.1097, 0.9937, 1986.0, 0.2383, 0.4724, 0.04292, 3.354e-05]
Cost = 545
----- Optimized Parameters (2 sig. digits) -----
[0.4571, 5417.0, 0.1097, 0.9937, 1986.0, 0.2383, 0.4724, 0.04292, 3.354e-05]
Cost = 545
----- Optimized Parameters (2 sig. digits) -----
[0.4571, 5417.0, 0.1097, 0.9937, 1986.0, 0.2383, 0.4724, 0.04292, 3.354e-05]
Cost = 545
----- Optimized Parameters (2 sig. digits) -----
[0.4571, 5417.0, 0.1097, 0.9937, 1986.0, 0.2383, 0.4724, 0.04292, 3.354e-05]
Cost = 545
----- Optimized Parameters (2 sig. digits) -----
[0.4571, 5417.0, 0.1097, 0.9937, 1986.0, 0.2383, 0.4724, 0.04292, 3.354e-05]
Cost = 545
----- Optimized Parameters (2 sig. digits) -----
[0.4571, 5417.0, 0.1097, 0.9937, 1986.0, 0.2383, 0.4724, 0.04292, 3.356e-05]
Cost = 545
----- Optimized Parameters (2 sig. digits) -----
[0.4538, 5417.0, 0.1172, 0.9936, 1986.0, 0.2331, 0.473, 0.03395, 4.058e-05]
Cost = 539
----- Optimized Parameters (2 sig. digits) -----
[0.4538, 5417.0, 0.1172, 0.9936, 1986.0, 0.2331, 0.473, 0.03395, 4.058e-05]
Cost = 539
----- Optimized Parameters (2 sig. digits) -----
[0.4538, 5417.0, 0.1172, 0.9936, 1986.0, 0.2331, 0.473, 0.03395, 4.058e-05]
Cost = 539
----- Optimized Parameters (2 sig. digits) -----
[0.4538, 5417.0, 0.1172, 0.9936, 1986.0, 0.2331, 0.473, 0.03395, 4.058e-05]
Cost = 539
----- Optimized Parameters (2 sig. digits) -----
[0.4538, 5417.0, 0.1172, 0.9936, 1986.0, 0.2331, 0.473, 0.03395, 4.058e-05]
Cost = 539
----- Optimized Parameters (2 sig. digits) -----
[0.4538, 5417.0, 0.1172, 0.9936, 1986.0, 0.2331, 0.473, 0.03395, 4.058e-05]
Cost = 539
----- Optimized Parameters (2 sig. digits) -----
[0.4538, 5417.0, 0.1172, 0.9936, 1986.0, 0.2331, 0.473, 0.03395, 4.058e-05]
Cost = 539
----- Optimized Parameters (2 sig. digits) -----
[0.4538, 5417.0, 0.1172, 0.9936, 1986.0, 0.2331, 0.473, 0.03395, 4.058e-05]
Cost = 539
----- Optimized Parameters (2 sig. digits) -----
[0.4538, 5417.0, 0.1172, 0.9936, 1986.0, 0.2331, 0.473, 0.03395, 4.058e-05]
Cost = 539
----- Optimized Parameters (2 sig. digits) -----
[0.4538, 5417.0, 0.1172, 0.9936, 1986.0, 0.2331, 0.473, 0.03395, 4.06e-05]
Cost = 539
----- Optimized Parameters (2 sig. digits) -----
[0.4501, 5417.0, 0.1282, 0.9934, 1986.0, 0.2292, 0.4734, 0.02819, 4.778e-05]
Cost = 522
----- Optimized Parameters (2 sig. digits) -----
[0.4501, 5417.0, 0.1282, 0.9934, 1986.0, 0.2292, 0.4734, 0.02819, 4.778e-05]
Cost = 522
----- Optimized Parameters (2 sig. digits) -----
[0.4501, 5417.0, 0.1282, 0.9934, 1986.0, 0.2292, 0.4734, 0.02819, 4.778e-05]
Cost = 522
----- Optimized Parameters (2 sig. digits) -----
[0.4501, 5417.0, 0.1282, 0.9934, 1986.0, 0.2292, 0.4734, 0.02819, 4.778e-05]
Cost = 522
----- Optimized Parameters (2 sig. digits) -----
[0.4501, 5417.0, 0.1282, 0.9934, 1986.0, 0.2292, 0.4734, 0.02819, 4.778e-05]
Cost = 522
----- Optimized Parameters (2 sig. digits) -----
[0.4501, 5417.0, 0.1282, 0.9934, 1986.0, 0.2292, 0.4734, 0.02819, 4.778e-05]
Cost = 522
----- Optimized Parameters (2 sig. digits) -----
[0.4501, 5417.0, 0.1282, 0.9934, 1986.0, 0.2292, 0.4734, 0.02819, 4.778e-05]
Cost = 522
----- Optimized Parameters (2 sig. digits) -----
[0.4501, 5417.0, 0.1282, 0.9934, 1986.0, 0.2292, 0.4734, 0.02819, 4.778e-05]
Cost = 522
----- Optimized Parameters (2 sig. digits) -----
[0.4501, 5417.0, 0.1282, 0.9934, 1986.0, 0.2292, 0.4734, 0.02819, 4.778e-05]
Cost = 522
----- Optimized Parameters (2 sig. digits) -----
[0.4501, 5417.0, 0.1282, 0.9934, 1986.0, 0.2292, 0.4734, 0.02819, 4.78e-05]
Cost = 522
----- Optimized Parameters (2 sig. digits) -----
[0.4422, 5417.0, 0.1523, 0.9931, 1986.0, 0.2231, 0.4738, 0.02023, 5.857e-05]
Cost = 507
----- Optimized Parameters (2 sig. digits) -----
[0.4422, 5417.0, 0.1523, 0.9931, 1986.0, 0.2231, 0.4738, 0.02023, 5.857e-05]
Cost = 507
----- Optimized Parameters (2 sig. digits) -----
[0.4422, 5417.0, 0.1523, 0.9931, 1986.0, 0.2231, 0.4738, 0.02023, 5.857e-05]
Cost = 507
----- Optimized Parameters (2 sig. digits) -----
[0.4422, 5417.0, 0.1523, 0.9931, 1986.0, 0.2231, 0.4738, 0.02023, 5.857e-05]
Cost = 507
----- Optimized Parameters (2 sig. digits) -----
[0.4422, 5417.0, 0.1523, 0.9931, 1986.0, 0.2231, 0.4738, 0.02023, 5.857e-05]
Cost = 507
----- Optimized Parameters (2 sig. digits) -----
[0.4422, 5417.0, 0.1523, 0.9931, 1986.0, 0.2231, 0.4738, 0.02023, 5.857e-05]
Cost = 507
----- Optimized Parameters (2 sig. digits) -----
[0.4422, 5417.0, 0.1523, 0.9931, 1986.0, 0.2231, 0.4738, 0.02023, 5.857e-05]
Cost = 507
----- Optimized Parameters (2 sig. digits) -----
[0.4422, 5417.0, 0.1523, 0.9931, 1986.0, 0.2231, 0.4738, 0.02023, 5.857e-05]
Cost = 507
----- Optimized Parameters (2 sig. digits) -----
[0.4422, 5417.0, 0.1523, 0.9931, 1986.0, 0.2231, 0.4738, 0.02023, 5.857e-05]
Cost = 507
----- Optimized Parameters (2 sig. digits) -----
[0.4422, 5417.0, 0.1523, 0.9931, 1986.0, 0.2231, 0.4738, 0.02023, 5.858e-05]
Cost = 507
----- Optimized Parameters (2 sig. digits) -----
[0.434, 5417.0, 0.1781, 0.9929, 1986.0, 0.2208, 0.4736, 0.01645, 6.544e-05]
Cost = 460
----- Optimized Parameters (2 sig. digits) -----
[0.434, 5417.0, 0.1781, 0.9929, 1986.0, 0.2208, 0.4736, 0.01645, 6.544e-05]
Cost = 460
----- Optimized Parameters (2 sig. digits) -----
[0.434, 5417.0, 0.1781, 0.9929, 1986.0, 0.2208, 0.4736, 0.01645, 6.544e-05]
Cost = 460
----- Optimized Parameters (2 sig. digits) -----
[0.434, 5417.0, 0.1781, 0.9929, 1986.0, 0.2208, 0.4736, 0.01645, 6.544e-05]
Cost = 460
----- Optimized Parameters (2 sig. digits) -----
[0.434, 5417.0, 0.1781, 0.9929, 1986.0, 0.2208, 0.4736, 0.01645, 6.544e-05]
Cost = 460
----- Optimized Parameters (2 sig. digits) -----
[0.434, 5417.0, 0.1781, 0.9929, 1986.0, 0.2208, 0.4736, 0.01645, 6.544e-05]
Cost = 460
----- Optimized Parameters (2 sig. digits) -----
[0.434, 5417.0, 0.1781, 0.9929, 1986.0, 0.2208, 0.4736, 0.01645, 6.544e-05]
Cost = 460
----- Optimized Parameters (2 sig. digits) -----
[0.434, 5417.0, 0.1781, 0.9929, 1986.0, 0.2208, 0.4736, 0.01645, 6.544e-05]
Cost = 460
----- Optimized Parameters (2 sig. digits) -----
[0.434, 5417.0, 0.1781, 0.9929, 1986.0, 0.2208, 0.4736, 0.01645, 6.544e-05]
Cost = 460
----- Optimized Parameters (2 sig. digits) -----
[0.434, 5417.0, 0.1781, 0.9929, 1986.0, 0.2208, 0.4736, 0.01645, 6.545e-05]
Cost = 460
----- Optimized Parameters (2 sig. digits) -----
[0.4191, 5417.0, 0.2242, 0.9925, 1986.0, 0.2139, 0.4737, 0.01003, 7.831e-05]
Cost = 417
----- Optimized Parameters (2 sig. digits) -----
[0.4191, 5417.0, 0.2242, 0.9925, 1986.0, 0.2139, 0.4737, 0.01003, 7.831e-05]
Cost = 417
----- Optimized Parameters (2 sig. digits) -----
[0.4191, 5417.0, 0.2242, 0.9925, 1986.0, 0.2139, 0.4737, 0.01003, 7.831e-05]
Cost = 417
----- Optimized Parameters (2 sig. digits) -----
[0.4191, 5417.0, 0.2242, 0.9925, 1986.0, 0.2139, 0.4737, 0.01003, 7.831e-05]
Cost = 417
----- Optimized Parameters (2 sig. digits) -----
[0.4191, 5417.0, 0.2242, 0.9925, 1986.0, 0.2139, 0.4737, 0.01003, 7.831e-05]
Cost = 417
----- Optimized Parameters (2 sig. digits) -----
[0.4191, 5417.0, 0.2242, 0.9925, 1986.0, 0.2139, 0.4737, 0.01003, 7.831e-05]
Cost = 417
----- Optimized Parameters (2 sig. digits) -----
[0.4191, 5417.0, 0.2242, 0.9925, 1986.0, 0.2139, 0.4737, 0.01003, 7.831e-05]
Cost = 417
----- Optimized Parameters (2 sig. digits) -----
[0.4191, 5417.0, 0.2242, 0.9925, 1986.0, 0.2139, 0.4737, 0.01003, 7.831e-05]
Cost = 417
----- Optimized Parameters (2 sig. digits) -----
[0.4191, 5417.0, 0.2242, 0.9925, 1986.0, 0.2139, 0.4737, 0.01003, 7.831e-05]
Cost = 417
----- Optimized Parameters (2 sig. digits) -----
[0.4191, 5417.0, 0.2242, 0.9925, 1986.0, 0.2139, 0.4737, 0.01003, 7.833e-05]
Cost = 417
----- Optimized Parameters (2 sig. digits) -----
[0.4129, 5417.0, 0.2348, 0.9925, 1986.0, 0.2136, 0.4735, 0.0106, 7.951e-05]
Cost = 370
----- Optimized Parameters (2 sig. digits) -----
[0.4129, 5417.0, 0.2348, 0.9925, 1986.0, 0.2136, 0.4735, 0.0106, 7.951e-05]
Cost = 370
----- Optimized Parameters (2 sig. digits) -----
[0.4129, 5417.0, 0.2348, 0.9925, 1986.0, 0.2136, 0.4735, 0.0106, 7.951e-05]
Cost = 370
----- Optimized Parameters (2 sig. digits) -----
[0.4129, 5417.0, 0.2348, 0.9925, 1986.0, 0.2136, 0.4735, 0.0106, 7.951e-05]
Cost = 370
----- Optimized Parameters (2 sig. digits) -----
[0.4129, 5417.0, 0.2348, 0.9925, 1986.0, 0.2136, 0.4735, 0.0106, 7.951e-05]
Cost = 370
----- Optimized Parameters (2 sig. digits) -----
[0.4129, 5417.0, 0.2348, 0.9925, 1986.0, 0.2136, 0.4735, 0.0106, 7.951e-05]
Cost = 370
----- Optimized Parameters (2 sig. digits) -----
[0.4129, 5417.0, 0.2348, 0.9925, 1986.0, 0.2136, 0.4735, 0.0106, 7.951e-05]
Cost = 370
----- Optimized Parameters (2 sig. digits) -----
[0.4129, 5417.0, 0.2348, 0.9925, 1986.0, 0.2136, 0.4735, 0.0106, 7.951e-05]
Cost = 370
----- Optimized Parameters (2 sig. digits) -----
[0.4129, 5417.0, 0.2348, 0.9925, 1986.0, 0.2136, 0.4735, 0.0106, 7.951e-05]
Cost = 370
----- Optimized Parameters (2 sig. digits) -----
[0.4129, 5417.0, 0.2348, 0.9925, 1986.0, 0.2136, 0.4735, 0.0106, 7.953e-05]
Cost = 370
----- Optimized Parameters (2 sig. digits) -----
[0.4006, 5417.0, 0.2839, 0.9925, 1986.0, 0.2092, 0.4713, 0.01033, 6.244e-05]
Cost = 334
----- Optimized Parameters (2 sig. digits) -----
[0.4006, 5417.0, 0.2839, 0.9925, 1986.0, 0.2092, 0.4713, 0.01033, 6.244e-05]
Cost = 334
----- Optimized Parameters (2 sig. digits) -----
[0.4006, 5417.0, 0.2839, 0.9925, 1986.0, 0.2092, 0.4713, 0.01033, 6.244e-05]
Cost = 334
----- Optimized Parameters (2 sig. digits) -----
[0.4006, 5417.0, 0.2839, 0.9925, 1986.0, 0.2092, 0.4713, 0.01033, 6.244e-05]
Cost = 334
----- Optimized Parameters (2 sig. digits) -----
[0.4006, 5417.0, 0.2839, 0.9925, 1986.0, 0.2092, 0.4713, 0.01033, 6.244e-05]
Cost = 334
----- Optimized Parameters (2 sig. digits) -----
[0.4006, 5417.0, 0.2839, 0.9925, 1986.0, 0.2092, 0.4713, 0.01033, 6.244e-05]
Cost = 334
----- Optimized Parameters (2 sig. digits) -----
[0.4006, 5417.0, 0.2839, 0.9925, 1986.0, 0.2092, 0.4713, 0.01033, 6.244e-05]
Cost = 334
----- Optimized Parameters (2 sig. digits) -----
[0.4006, 5417.0, 0.2839, 0.9925, 1986.0, 0.2092, 0.4713, 0.01033, 6.244e-05]
Cost = 334
----- Optimized Parameters (2 sig. digits) -----
[0.4006, 5417.0, 0.2839, 0.9925, 1986.0, 0.2092, 0.4713, 0.01033, 6.244e-05]
Cost = 334
----- Optimized Parameters (2 sig. digits) -----
[0.4006, 5417.0, 0.2839, 0.9925, 1986.0, 0.2092, 0.4713, 0.01033, 6.246e-05]
Cost = 334
----- Optimized Parameters (2 sig. digits) -----
[0.3976, 5417.0, 0.2885, 0.9924, 1986.0, 0.209, 0.4712, 0.01019, 6.337e-05]
Cost = 326
----- Optimized Parameters (2 sig. digits) -----
[0.3976, 5417.0, 0.2885, 0.9924, 1986.0, 0.209, 0.4712, 0.01019, 6.337e-05]
Cost = 326
----- Optimized Parameters (2 sig. digits) -----
[0.3976, 5417.0, 0.2885, 0.9924, 1986.0, 0.209, 0.4712, 0.01019, 6.337e-05]
Cost = 326
----- Optimized Parameters (2 sig. digits) -----
[0.3976, 5417.0, 0.2885, 0.9924, 1986.0, 0.209, 0.4712, 0.01019, 6.337e-05]
Cost = 326
----- Optimized Parameters (2 sig. digits) -----
[0.3976, 5417.0, 0.2885, 0.9924, 1986.0, 0.209, 0.4712, 0.01019, 6.337e-05]
Cost = 326
----- Optimized Parameters (2 sig. digits) -----
[0.3976, 5417.0, 0.2885, 0.9924, 1986.0, 0.209, 0.4712, 0.01019, 6.337e-05]
Cost = 326
----- Optimized Parameters (2 sig. digits) -----
[0.3976, 5417.0, 0.2885, 0.9924, 1986.0, 0.209, 0.4712, 0.01019, 6.337e-05]
Cost = 326
----- Optimized Parameters (2 sig. digits) -----
[0.3976, 5417.0, 0.2885, 0.9924, 1986.0, 0.209, 0.4712, 0.01019, 6.337e-05]
Cost = 326
----- Optimized Parameters (2 sig. digits) -----
[0.3976, 5417.0, 0.2885, 0.9924, 1986.0, 0.209, 0.4712, 0.01019, 6.337e-05]
Cost = 326
----- Optimized Parameters (2 sig. digits) -----
[0.3976, 5417.0, 0.2885, 0.9924, 1986.0, 0.209, 0.4712, 0.01019, 6.338e-05]
Cost = 326
----- Optimized Parameters (2 sig. digits) -----
[0.4177, 5417.0, 0.3691, 0.9925, 1986.0, 0.1757, 0.4424, 0.01009, 6.866e-05]
Cost = 312
----- Optimized Parameters (2 sig. digits) -----
[0.4177, 5417.0, 0.3691, 0.9925, 1986.0, 0.1757, 0.4424, 0.01009, 6.866e-05]
Cost = 312
----- Optimized Parameters (2 sig. digits) -----
[0.4177, 5417.0, 0.3691, 0.9925, 1986.0, 0.1757, 0.4424, 0.01009, 6.866e-05]
Cost = 312
----- Optimized Parameters (2 sig. digits) -----
[0.4177, 5417.0, 0.3691, 0.9925, 1986.0, 0.1757, 0.4424, 0.01009, 6.866e-05]
Cost = 312
----- Optimized Parameters (2 sig. digits) -----
[0.4177, 5417.0, 0.3691, 0.9925, 1986.0, 0.1757, 0.4424, 0.01009, 6.866e-05]
Cost = 312
----- Optimized Parameters (2 sig. digits) -----
[0.4177, 5417.0, 0.3691, 0.9925, 1986.0, 0.1757, 0.4424, 0.01009, 6.866e-05]
Cost = 312
----- Optimized Parameters (2 sig. digits) -----
[0.4177, 5417.0, 0.3691, 0.9925, 1986.0, 0.1757, 0.4424, 0.01009, 6.866e-05]
Cost = 312
----- Optimized Parameters (2 sig. digits) -----
[0.4177, 5417.0, 0.3691, 0.9925, 1986.0, 0.1757, 0.4424, 0.01009, 6.866e-05]
Cost = 312
----- Optimized Parameters (2 sig. digits) -----
[0.4177, 5417.0, 0.3691, 0.9925, 1986.0, 0.1757, 0.4424, 0.01009, 6.866e-05]
Cost = 312
----- Optimized Parameters (2 sig. digits) -----
[0.4177, 5417.0, 0.3691, 0.9925, 1986.0, 0.1757, 0.4424, 0.01009, 6.868e-05]
Cost = 312
----- Optimized Parameters (2 sig. digits) -----
[0.4177, 5417.0, 0.3691, 0.9925, 1986.0, 0.1757, 0.4423, 0.01027, 7.316e-05]
Cost = 292
----- Optimized Parameters (2 sig. digits) -----
[0.4177, 5417.0, 0.3691, 0.9925, 1986.0, 0.1757, 0.4423, 0.01027, 7.316e-05]
Cost = 292
----- Optimized Parameters (2 sig. digits) -----
[0.4177, 5417.0, 0.3691, 0.9925, 1986.0, 0.1757, 0.4423, 0.01027, 7.316e-05]
Cost = 292
----- Optimized Parameters (2 sig. digits) -----
[0.4177, 5417.0, 0.3691, 0.9925, 1986.0, 0.1757, 0.4423, 0.01027, 7.316e-05]
Cost = 292
----- Optimized Parameters (2 sig. digits) -----
[0.4177, 5417.0, 0.3691, 0.9925, 1986.0, 0.1757, 0.4423, 0.01027, 7.316e-05]
Cost = 292
----- Optimized Parameters (2 sig. digits) -----
[0.4177, 5417.0, 0.3691, 0.9925, 1986.0, 0.1757, 0.4423, 0.01027, 7.316e-05]
Cost = 292
----- Optimized Parameters (2 sig. digits) -----
[0.4177, 5417.0, 0.3691, 0.9925, 1986.0, 0.1757, 0.4423, 0.01027, 7.316e-05]
Cost = 292
----- Optimized Parameters (2 sig. digits) -----
[0.4177, 5417.0, 0.3691, 0.9925, 1986.0, 0.1757, 0.4423, 0.01027, 7.316e-05]
Cost = 292
----- Optimized Parameters (2 sig. digits) -----
[0.4177, 5417.0, 0.3691, 0.9925, 1986.0, 0.1757, 0.4423, 0.01027, 7.316e-05]
Cost = 292
----- Optimized Parameters (2 sig. digits) -----
[0.4177, 5417.0, 0.3691, 0.9925, 1986.0, 0.1757, 0.4423, 0.01027, 7.317e-05]
Cost = 292
----- Optimized Parameters (2 sig. digits) -----
[0.4505, 5417.0, 0.4393, 0.9926, 1986.0, 0.1633, 0.4121, 0.0101, 5.777e-05]
Cost = 276
----- Optimized Parameters (2 sig. digits) -----
[0.4505, 5417.0, 0.4393, 0.9926, 1986.0, 0.1633, 0.4121, 0.0101, 5.777e-05]
Cost = 276
----- Optimized Parameters (2 sig. digits) -----
[0.4505, 5417.0, 0.4393, 0.9926, 1986.0, 0.1633, 0.4121, 0.0101, 5.777e-05]
Cost = 276
----- Optimized Parameters (2 sig. digits) -----
[0.4505, 5417.0, 0.4393, 0.9926, 1986.0, 0.1633, 0.4121, 0.0101, 5.777e-05]
Cost = 276
----- Optimized Parameters (2 sig. digits) -----
[0.4505, 5417.0, 0.4393, 0.9926, 1986.0, 0.1633, 0.4121, 0.0101, 5.777e-05]
Cost = 276
----- Optimized Parameters (2 sig. digits) -----
[0.4505, 5417.0, 0.4393, 0.9926, 1986.0, 0.1633, 0.4121, 0.0101, 5.777e-05]
Cost = 276
----- Optimized Parameters (2 sig. digits) -----
[0.4505, 5417.0, 0.4393, 0.9926, 1986.0, 0.1633, 0.4121, 0.0101, 5.777e-05]
Cost = 276
----- Optimized Parameters (2 sig. digits) -----
[0.4505, 5417.0, 0.4393, 0.9926, 1986.0, 0.1633, 0.4121, 0.0101, 5.777e-05]
Cost = 276
----- Optimized Parameters (2 sig. digits) -----
[0.4505, 5417.0, 0.4393, 0.9926, 1986.0, 0.1633, 0.4121, 0.0101, 5.777e-05]
Cost = 276
----- Optimized Parameters (2 sig. digits) -----
[0.4505, 5417.0, 0.4393, 0.9926, 1986.0, 0.1633, 0.4121, 0.0101, 5.779e-05]
Cost = 276
----- Optimized Parameters (2 sig. digits) -----
[0.4505, 5417.0, 0.4393, 0.9926, 1986.0, 0.1634, 0.4121, 0.0101, 5.994e-05]
Cost = 272
----- Optimized Parameters (2 sig. digits) -----
[0.4505, 5417.0, 0.4393, 0.9926, 1986.0, 0.1634, 0.4121, 0.0101, 5.994e-05]
Cost = 272
----- Optimized Parameters (2 sig. digits) -----
[0.4505, 5417.0, 0.4393, 0.9926, 1986.0, 0.1634, 0.4121, 0.0101, 5.994e-05]
Cost = 272
----- Optimized Parameters (2 sig. digits) -----
[0.4505, 5417.0, 0.4393, 0.9926, 1986.0, 0.1634, 0.4121, 0.0101, 5.994e-05]
Cost = 272
----- Optimized Parameters (2 sig. digits) -----
[0.4505, 5417.0, 0.4393, 0.9926, 1986.0, 0.1634, 0.4121, 0.0101, 5.994e-05]
Cost = 272
----- Optimized Parameters (2 sig. digits) -----
[0.4505, 5417.0, 0.4393, 0.9926, 1986.0, 0.1634, 0.4121, 0.0101, 5.994e-05]
Cost = 272
----- Optimized Parameters (2 sig. digits) -----
[0.4505, 5417.0, 0.4393, 0.9926, 1986.0, 0.1634, 0.4121, 0.0101, 5.994e-05]
Cost = 272
----- Optimized Parameters (2 sig. digits) -----
[0.4505, 5417.0, 0.4393, 0.9926, 1986.0, 0.1634, 0.4121, 0.0101, 5.994e-05]
Cost = 272
----- Optimized Parameters (2 sig. digits) -----
[0.4505, 5417.0, 0.4393, 0.9926, 1986.0, 0.1634, 0.4121, 0.0101, 5.994e-05]
Cost = 272
----- Optimized Parameters (2 sig. digits) -----
[0.4505, 5417.0, 0.4393, 0.9926, 1986.0, 0.1634, 0.4121, 0.0101, 5.996e-05]
Cost = 272
----- Optimized Parameters (2 sig. digits) -----
[0.4505, 5417.0, 0.4393, 0.9926, 1986.0, 0.1634, 0.4121, 0.0101, 5.994e-05]
Cost = 272
----- Optimized Parameters (2 sig. digits) -----
[0.4505, 5417.0, 0.4393, 0.9926, 1986.0, 0.1634, 0.4121, 0.0101, 5.994e-05]
Cost = 272
----- Optimized Parameters (2 sig. digits) -----
[0.4505, 5417.0, 0.4393, 0.9926, 1986.0, 0.1634, 0.4121, 0.0101, 5.994e-05]
Cost = 272
----- Optimized Parameters (2 sig. digits) -----
[0.4505, 5417.0, 0.4393, 0.9926, 1986.0, 0.1634, 0.4121, 0.0101, 5.994e-05]
Cost = 272
----- Optimized Parameters (2 sig. digits) -----
[0.4505, 5417.0, 0.4393, 0.9926, 1986.0, 0.1634, 0.4121, 0.0101, 5.994e-05]
Cost = 272
----- Optimized Parameters (2 sig. digits) -----
[0.4505, 5417.0, 0.4393, 0.9926, 1986.0, 0.1634, 0.4121, 0.0101, 5.994e-05]
Cost = 272
----- Optimized Parameters (2 sig. digits) -----
[0.4505, 5417.0, 0.4393, 0.9926, 1986.0, 0.1634, 0.4121, 0.0101, 5.994e-05]
Cost = 272
----- Optimized Parameters (2 sig. digits) -----
[0.4505, 5417.0, 0.4393, 0.9926, 1986.0, 0.1634, 0.4121, 0.0101, 5.994e-05]
Cost = 272
----- Optimized Parameters (2 sig. digits) -----
[0.4505, 5417.0, 0.4393, 0.9926, 1986.0, 0.1634, 0.4121, 0.0101, 5.994e-05]
Cost = 272
----- Optimized Parameters (2 sig. digits) -----
[0.4505, 5417.0, 0.4393, 0.9926, 1986.0, 0.1634, 0.4121, 0.0101, 5.994e-05]
Cost = 272
----- Optimized Parameters (2 sig. digits) -----
[0.4505, 5417.0, 0.4393, 0.9926, 1986.0, 0.1634, 0.4121, 0.0101, 5.996e-05]
Cost = 272
----- Optimized Parameters (2 sig. digits) -----
[0.6253, 3139.0, 0.6612, 0.9958, 1805.0, 0.09218, 0.2983, 0.01006, 8.705e-05]
Cost = 1.04e+03
----- Optimized Parameters (2 sig. digits) -----
[0.6816, 4846.0, 0.7052, 0.9966, 1952.0, 0.07271, 0.2724, 0.01005, 8.501e-05]
Cost = 2.79e+03
----- Optimized Parameters (2 sig. digits) -----
[0.6954, 5280.0, 0.7158, 0.9967, 1978.0, 0.067, 0.266, 0.01005, 8.45e-05]
Cost = 3.43e+03
----- Optimized Parameters (2 sig. digits) -----
[0.6605, 5415.0, 0.6751, 0.9936, 1985.0, 0.07785, 0.2792, 0.01004, 8.367e-05]
Cost = 2.42e+03
----- Optimized Parameters (2 sig. digits) -----
[0.5, 5416.0, 0.4927, 0.9927, 1986.0, 0.1346, 0.3751, 0.01001, 8.069e-05]
Cost = 304
----- Optimized Parameters (2 sig. digits) -----
[0.4611, 5416.0, 0.4496, 0.9926, 1986.0, 0.1507, 0.4042, 0.01002, 7.675e-05]
Cost = 274
----- Optimized Parameters (2 sig. digits) -----
[0.4518, 5417.0, 0.4405, 0.9926, 1986.0, 0.1589, 0.4111, 0.01007, 6.755e-05]
Cost = 271
----- Optimized Parameters (2 sig. digits) -----
[0.4518, 5417.0, 0.4405, 0.9926, 1986.0, 0.1589, 0.4111, 0.01007, 6.755e-05]
Cost = 271
----- Optimized Parameters (2 sig. digits) -----
[0.4518, 5417.0, 0.4405, 0.9926, 1986.0, 0.1589, 0.4111, 0.01007, 6.755e-05]
Cost = 271
----- Optimized Parameters (2 sig. digits) -----
[0.4518, 5417.0, 0.4405, 0.9926, 1986.0, 0.1589, 0.4111, 0.01007, 6.755e-05]
Cost = 271
----- Optimized Parameters (2 sig. digits) -----
[0.4518, 5417.0, 0.4405, 0.9926, 1986.0, 0.1589, 0.4111, 0.01007, 6.755e-05]
Cost = 271
----- Optimized Parameters (2 sig. digits) -----
[0.4518, 5417.0, 0.4405, 0.9926, 1986.0, 0.1589, 0.4111, 0.01007, 6.755e-05]
Cost = 271
----- Optimized Parameters (2 sig. digits) -----
[0.4518, 5417.0, 0.4405, 0.9926, 1986.0, 0.1589, 0.4111, 0.01007, 6.755e-05]
Cost = 271
----- Optimized Parameters (2 sig. digits) -----
[0.4518, 5417.0, 0.4405, 0.9926, 1986.0, 0.1589, 0.4111, 0.01007, 6.755e-05]
Cost = 271
----- Optimized Parameters (2 sig. digits) -----
[0.4518, 5417.0, 0.4405, 0.9926, 1986.0, 0.1589, 0.4111, 0.01007, 6.755e-05]
Cost = 271
----- Optimized Parameters (2 sig. digits) -----
[0.4518, 5417.0, 0.4405, 0.9926, 1986.0, 0.1589, 0.4111, 0.01007, 6.757e-05]
Cost = 271
----- Optimized Parameters (2 sig. digits) -----
[0.4542, 5417.0, 0.4439, 0.9926, 1986.0, 0.1598, 0.409, 0.01004, 6.42e-05]
Cost = 269
----- Optimized Parameters (2 sig. digits) -----
[0.4542, 5417.0, 0.4439, 0.9926, 1986.0, 0.1598, 0.409, 0.01004, 6.42e-05]
Cost = 269
----- Optimized Parameters (2 sig. digits) -----
[0.4542, 5417.0, 0.4439, 0.9926, 1986.0, 0.1598, 0.409, 0.01004, 6.42e-05]
Cost = 269
----- Optimized Parameters (2 sig. digits) -----
[0.4542, 5417.0, 0.4439, 0.9926, 1986.0, 0.1598, 0.409, 0.01004, 6.42e-05]
Cost = 269
----- Optimized Parameters (2 sig. digits) -----
[0.4542, 5417.0, 0.4439, 0.9926, 1986.0, 0.1598, 0.409, 0.01004, 6.42e-05]
Cost = 269
----- Optimized Parameters (2 sig. digits) -----
[0.4542, 5417.0, 0.4439, 0.9926, 1986.0, 0.1598, 0.409, 0.01004, 6.42e-05]
Cost = 269
----- Optimized Parameters (2 sig. digits) -----
[0.4542, 5417.0, 0.4439, 0.9926, 1986.0, 0.1598, 0.409, 0.01004, 6.42e-05]
Cost = 269
----- Optimized Parameters (2 sig. digits) -----
[0.4542, 5417.0, 0.4439, 0.9926, 1986.0, 0.1598, 0.409, 0.01004, 6.42e-05]
Cost = 269
----- Optimized Parameters (2 sig. digits) -----
[0.4542, 5417.0, 0.4439, 0.9926, 1986.0, 0.1598, 0.409, 0.01004, 6.42e-05]
Cost = 269
----- Optimized Parameters (2 sig. digits) -----
[0.4542, 5417.0, 0.4439, 0.9926, 1986.0, 0.1598, 0.409, 0.01004, 6.422e-05]
Cost = 269
----- Optimized Parameters (2 sig. digits) -----
[0.4598, 5416.0, 0.4502, 0.9926, 1986.0, 0.1558, 0.4045, 0.01001, 6.828e-05]
Cost = 267
----- Optimized Parameters (2 sig. digits) -----
[0.4598, 5416.0, 0.4502, 0.9926, 1986.0, 0.1558, 0.4045, 0.01001, 6.828e-05]
Cost = 267
----- Optimized Parameters (2 sig. digits) -----
[0.4598, 5416.0, 0.4502, 0.9926, 1986.0, 0.1558, 0.4045, 0.01001, 6.828e-05]
Cost = 267
----- Optimized Parameters (2 sig. digits) -----
[0.4598, 5416.0, 0.4502, 0.9926, 1986.0, 0.1558, 0.4045, 0.01001, 6.828e-05]
Cost = 267
----- Optimized Parameters (2 sig. digits) -----
[0.4598, 5416.0, 0.4502, 0.9926, 1986.0, 0.1558, 0.4045, 0.01001, 6.828e-05]
Cost = 267
----- Optimized Parameters (2 sig. digits) -----
[0.4598, 5416.0, 0.4502, 0.9926, 1986.0, 0.1558, 0.4045, 0.01001, 6.828e-05]
Cost = 267
----- Optimized Parameters (2 sig. digits) -----
[0.4598, 5416.0, 0.4502, 0.9926, 1986.0, 0.1558, 0.4045, 0.01001, 6.828e-05]
Cost = 267
----- Optimized Parameters (2 sig. digits) -----
[0.4598, 5416.0, 0.4502, 0.9926, 1986.0, 0.1558, 0.4045, 0.01001, 6.828e-05]
Cost = 267
----- Optimized Parameters (2 sig. digits) -----
[0.4598, 5416.0, 0.4502, 0.9926, 1986.0, 0.1558, 0.4045, 0.01001, 6.828e-05]
Cost = 267
----- Optimized Parameters (2 sig. digits) -----
[0.4598, 5416.0, 0.4502, 0.9926, 1986.0, 0.1558, 0.4045, 0.01001, 6.829e-05]
Cost = 267
----- Optimized Parameters (2 sig. digits) -----
[0.4703, 5416.0, 0.4657, 0.9926, 1986.0, 0.1552, 0.3945, 0.01, 6.031e-05]
Cost = 264
----- Optimized Parameters (2 sig. digits) -----
[0.4703, 5416.0, 0.4657, 0.9926, 1986.0, 0.1552, 0.3945, 0.01, 6.031e-05]
Cost = 264
----- Optimized Parameters (2 sig. digits) -----
[0.4703, 5416.0, 0.4657, 0.9926, 1986.0, 0.1552, 0.3945, 0.01, 6.031e-05]
Cost = 264
----- Optimized Parameters (2 sig. digits) -----
[0.4703, 5416.0, 0.4657, 0.9926, 1986.0, 0.1552, 0.3945, 0.01, 6.031e-05]
Cost = 264
----- Optimized Parameters (2 sig. digits) -----
[0.4703, 5416.0, 0.4657, 0.9926, 1986.0, 0.1552, 0.3945, 0.01, 6.031e-05]
Cost = 264
----- Optimized Parameters (2 sig. digits) -----
[0.4703, 5416.0, 0.4657, 0.9926, 1986.0, 0.1552, 0.3945, 0.01, 6.031e-05]
Cost = 264
----- Optimized Parameters (2 sig. digits) -----
[0.4703, 5416.0, 0.4657, 0.9926, 1986.0, 0.1552, 0.3945, 0.01, 6.031e-05]
Cost = 264
----- Optimized Parameters (2 sig. digits) -----
[0.4703, 5416.0, 0.4657, 0.9926, 1986.0, 0.1552, 0.3945, 0.01, 6.031e-05]
Cost = 264
----- Optimized Parameters (2 sig. digits) -----
[0.4703, 5416.0, 0.4657, 0.9926, 1986.0, 0.1552, 0.3945, 0.01, 6.031e-05]
Cost = 264
----- Optimized Parameters (2 sig. digits) -----
[0.4703, 5416.0, 0.4657, 0.9926, 1986.0, 0.1552, 0.3945, 0.01, 6.033e-05]
Cost = 264
----- Optimized Parameters (2 sig. digits) -----
[0.4918, 5416.0, 0.489, 0.9927, 1986.0, 0.1423, 0.3757, 0.01, 7.125e-05]
Cost = 260
----- Optimized Parameters (2 sig. digits) -----
[0.4918, 5416.0, 0.489, 0.9927, 1986.0, 0.1423, 0.3757, 0.01, 7.125e-05]
Cost = 260
----- Optimized Parameters (2 sig. digits) -----
[0.4918, 5416.0, 0.489, 0.9927, 1986.0, 0.1423, 0.3757, 0.01, 7.125e-05]
Cost = 260
----- Optimized Parameters (2 sig. digits) -----
[0.4918, 5416.0, 0.489, 0.9927, 1986.0, 0.1423, 0.3757, 0.01, 7.125e-05]
Cost = 260
----- Optimized Parameters (2 sig. digits) -----
[0.4918, 5416.0, 0.489, 0.9927, 1986.0, 0.1423, 0.3757, 0.01, 7.125e-05]
Cost = 260
----- Optimized Parameters (2 sig. digits) -----
[0.4918, 5416.0, 0.489, 0.9927, 1986.0, 0.1423, 0.3757, 0.01, 7.125e-05]
Cost = 260
----- Optimized Parameters (2 sig. digits) -----
[0.4918, 5416.0, 0.489, 0.9927, 1986.0, 0.1423, 0.3757, 0.01, 7.125e-05]
Cost = 260
----- Optimized Parameters (2 sig. digits) -----
[0.4918, 5416.0, 0.489, 0.9927, 1986.0, 0.1423, 0.3757, 0.01, 7.125e-05]
Cost = 260
----- Optimized Parameters (2 sig. digits) -----
[0.4918, 5416.0, 0.489, 0.9927, 1986.0, 0.1423, 0.3757, 0.01, 7.125e-05]
Cost = 260
----- Optimized Parameters (2 sig. digits) -----
[0.4918, 5416.0, 0.489, 0.9927, 1986.0, 0.1423, 0.3757, 0.01, 7.127e-05]
Cost = 260
----- Optimized Parameters (2 sig. digits) -----
[0.5054, 5416.0, 0.503, 1.0, 1986.0, 0.1398, 0.364, 0.01, 6.907e-05]
Cost = 254
----- Optimized Parameters (2 sig. digits) -----
[0.5054, 5416.0, 0.503, 1.0, 1986.0, 0.1398, 0.364, 0.01, 6.907e-05]
Cost = 254
----- Optimized Parameters (2 sig. digits) -----
[0.5054, 5416.0, 0.503, 1.0, 1986.0, 0.1398, 0.364, 0.01, 6.907e-05]
Cost = 254
----- Optimized Parameters (2 sig. digits) -----
[0.5054, 5416.0, 0.503, 1.0, 1986.0, 0.1398, 0.364, 0.01, 6.907e-05]
Cost = 254
----- Optimized Parameters (2 sig. digits) -----
[0.5054, 5416.0, 0.503, 1.0, 1986.0, 0.1398, 0.364, 0.01, 6.907e-05]
Cost = 254
----- Optimized Parameters (2 sig. digits) -----
[0.5054, 5416.0, 0.503, 1.0, 1986.0, 0.1398, 0.364, 0.01, 6.907e-05]
Cost = 254
----- Optimized Parameters (2 sig. digits) -----
[0.5054, 5416.0, 0.503, 1.0, 1986.0, 0.1398, 0.364, 0.01, 6.907e-05]
Cost = 254
----- Optimized Parameters (2 sig. digits) -----
[0.5054, 5416.0, 0.503, 1.0, 1986.0, 0.1398, 0.364, 0.01, 6.907e-05]
Cost = 254
----- Optimized Parameters (2 sig. digits) -----
[0.5054, 5416.0, 0.503, 1.0, 1986.0, 0.1398, 0.364, 0.01, 6.907e-05]
Cost = 254
----- Optimized Parameters (2 sig. digits) -----
[0.5054, 5416.0, 0.503, 1.0, 1986.0, 0.1398, 0.364, 0.01, 6.908e-05]
Cost = 254
----- Optimized Parameters (2 sig. digits) -----
[0.5261, 5416.0, 0.5282, 1.0, 1986.0, 0.1343, 0.3426, 0.01, 6.654e-05]
Cost = 248
----- Optimized Parameters (2 sig. digits) -----
[0.5261, 5416.0, 0.5282, 1.0, 1986.0, 0.1343, 0.3426, 0.01, 6.654e-05]
Cost = 248
----- Optimized Parameters (2 sig. digits) -----
[0.5261, 5416.0, 0.5282, 1.0, 1986.0, 0.1343, 0.3426, 0.01, 6.654e-05]
Cost = 248
----- Optimized Parameters (2 sig. digits) -----
[0.5261, 5416.0, 0.5282, 1.0, 1986.0, 0.1343, 0.3426, 0.01, 6.654e-05]
Cost = 248
----- Optimized Parameters (2 sig. digits) -----
[0.5261, 5416.0, 0.5282, 1.0, 1986.0, 0.1343, 0.3426, 0.01, 6.654e-05]
Cost = 248
----- Optimized Parameters (2 sig. digits) -----
[0.5261, 5416.0, 0.5282, 1.0, 1986.0, 0.1343, 0.3426, 0.01, 6.654e-05]
Cost = 248
----- Optimized Parameters (2 sig. digits) -----
[0.5261, 5416.0, 0.5282, 1.0, 1986.0, 0.1343, 0.3426, 0.01, 6.654e-05]
Cost = 248
----- Optimized Parameters (2 sig. digits) -----
[0.5261, 5416.0, 0.5282, 1.0, 1986.0, 0.1343, 0.3426, 0.01, 6.654e-05]
Cost = 248
----- Optimized Parameters (2 sig. digits) -----
[0.5261, 5416.0, 0.5282, 1.0, 1986.0, 0.1343, 0.3426, 0.01, 6.654e-05]
Cost = 248
----- Optimized Parameters (2 sig. digits) -----
[0.5261, 5416.0, 0.5282, 1.0, 1986.0, 0.1343, 0.3426, 0.01, 6.655e-05]
Cost = 248
----- Optimized Parameters (2 sig. digits) -----
[0.5653, 5416.0, 0.5759, 1.0, 1986.0, 0.1206, 0.3006, 0.01, 6.915e-05]
Cost = 240
----- Optimized Parameters (2 sig. digits) -----
[0.5653, 5416.0, 0.5759, 1.0, 1986.0, 0.1206, 0.3006, 0.01, 6.915e-05]
Cost = 240
----- Optimized Parameters (2 sig. digits) -----
[0.5653, 5416.0, 0.5759, 1.0, 1986.0, 0.1206, 0.3006, 0.01, 6.915e-05]
Cost = 240
----- Optimized Parameters (2 sig. digits) -----
[0.5653, 5416.0, 0.5759, 1.0, 1986.0, 0.1206, 0.3006, 0.01, 6.915e-05]
Cost = 240
----- Optimized Parameters (2 sig. digits) -----
[0.5653, 5416.0, 0.5759, 1.0, 1986.0, 0.1206, 0.3006, 0.01, 6.915e-05]
Cost = 240
----- Optimized Parameters (2 sig. digits) -----
[0.5653, 5416.0, 0.5759, 1.0, 1986.0, 0.1206, 0.3006, 0.01, 6.915e-05]
Cost = 240
----- Optimized Parameters (2 sig. digits) -----
[0.5653, 5416.0, 0.5759, 1.0, 1986.0, 0.1206, 0.3006, 0.01, 6.915e-05]
Cost = 240
----- Optimized Parameters (2 sig. digits) -----
[0.5653, 5416.0, 0.5759, 1.0, 1986.0, 0.1206, 0.3006, 0.01, 6.915e-05]
Cost = 240
----- Optimized Parameters (2 sig. digits) -----
[0.5653, 5416.0, 0.5759, 1.0, 1986.0, 0.1206, 0.3006, 0.01, 6.915e-05]
Cost = 240
----- Optimized Parameters (2 sig. digits) -----
[0.5653, 5416.0, 0.5759, 1.0, 1986.0, 0.1206, 0.3006, 0.01, 6.917e-05]
Cost = 240
----- Optimized Parameters (2 sig. digits) -----
[0.5653, 5416.0, 0.5759, 1.0, 1986.0, 0.1206, 0.3006, 0.01001, 7.121e-05]
Cost = 237
----- Optimized Parameters (2 sig. digits) -----
[0.5653, 5416.0, 0.5759, 1.0, 1986.0, 0.1206, 0.3006, 0.01001, 7.121e-05]
Cost = 237
----- Optimized Parameters (2 sig. digits) -----
[0.5653, 5416.0, 0.5759, 1.0, 1986.0, 0.1206, 0.3006, 0.01001, 7.121e-05]
Cost = 237
----- Optimized Parameters (2 sig. digits) -----
[0.5653, 5416.0, 0.5759, 1.0, 1986.0, 0.1206, 0.3006, 0.01001, 7.121e-05]
Cost = 237
----- Optimized Parameters (2 sig. digits) -----
[0.5653, 5416.0, 0.5759, 1.0, 1986.0, 0.1206, 0.3006, 0.01001, 7.121e-05]
Cost = 237
----- Optimized Parameters (2 sig. digits) -----
[0.5653, 5416.0, 0.5759, 1.0, 1986.0, 0.1206, 0.3006, 0.01001, 7.121e-05]
Cost = 237
----- Optimized Parameters (2 sig. digits) -----
[0.5653, 5416.0, 0.5759, 1.0, 1986.0, 0.1206, 0.3006, 0.01001, 7.121e-05]
Cost = 237
----- Optimized Parameters (2 sig. digits) -----
[0.5653, 5416.0, 0.5759, 1.0, 1986.0, 0.1206, 0.3006, 0.01001, 7.121e-05]
Cost = 237
----- Optimized Parameters (2 sig. digits) -----
[0.5653, 5416.0, 0.5759, 1.0, 1986.0, 0.1206, 0.3006, 0.01001, 7.121e-05]
Cost = 237
----- Optimized Parameters (2 sig. digits) -----
[0.5653, 5416.0, 0.5759, 1.0, 1986.0, 0.1206, 0.3006, 0.01001, 7.123e-05]
Cost = 237
----- Optimized Parameters (2 sig. digits) -----
[0.5653, 5416.0, 0.5759, 1.0, 1986.0, 0.1206, 0.3006, 0.01001, 7.121e-05]
Cost = 237
----- Optimized Parameters (2 sig. digits) -----
[0.2218, 1033.0, 0.8268, 0.3798, 440.1, 0.1427, 0.7197, 0.01297, 9.911e-05]
Cost = 4.05e+04
----- Optimized Parameters (2 sig. digits) -----
[0.2218, 1033.0, 0.8268, 0.3798, 440.1, 0.1427, 0.7197, 0.01297, 9.911e-05]
Cost = 4.05e+04
----- Optimized Parameters (2 sig. digits) -----
[0.2218, 1033.0, 0.8268, 0.3798, 440.1, 0.1427, 0.7197, 0.01297, 9.911e-05]
Cost = 4.05e+04
----- Optimized Parameters (2 sig. digits) -----
[0.2218, 1033.0, 0.8268, 0.3798, 440.1, 0.1427, 0.7197, 0.01297, 9.911e-05]
Cost = 4.05e+04
----- Optimized Parameters (2 sig. digits) -----
[0.2218, 1033.0, 0.8268, 0.3798, 440.1, 0.1427, 0.7197, 0.01297, 9.911e-05]
Cost = 4.05e+04
----- Optimized Parameters (2 sig. digits) -----
[0.2218, 1033.0, 0.8268, 0.3798, 440.1, 0.1427, 0.7197, 0.01297, 9.911e-05]
Cost = 4.05e+04
----- Optimized Parameters (2 sig. digits) -----
[0.2218, 1033.0, 0.8268, 0.3798, 440.1, 0.1427, 0.7197, 0.01297, 9.911e-05]
Cost = 4.05e+04
----- Optimized Parameters (2 sig. digits) -----
[0.2218, 1033.0, 0.8268, 0.3798, 440.1, 0.1427, 0.7197, 0.01297, 9.911e-05]
Cost = 4.05e+04
----- Optimized Parameters (2 sig. digits) -----
[0.2218, 1033.0, 0.8268, 0.3798, 440.1, 0.1427, 0.7197, 0.01297, 9.911e-05]
Cost = 4.05e+04
----- Optimized Parameters (2 sig. digits) -----
[0.2218, 1033.0, 0.8268, 0.3798, 440.1, 0.1427, 0.7197, 0.01297, 9.911e-05]
Cost = 4.05e+04
----- Optimized Parameters (2 sig. digits) -----
[0.2218, 1033.0, 0.8268, 0.3798, 440.1, 0.1427, 0.7197, 0.01297, 9.912e-05]
Cost = 4.05e+04
----- Optimized Parameters (2 sig. digits) -----
[0.1386, 850.3, 0.6436, 0.4437, 821.8, 0.1117, 0.7838, 0.01229, 8.242e-05]
Cost = 1.94e+03
----- Optimized Parameters (2 sig. digits) -----
[0.1386, 850.3, 0.6436, 0.4437, 821.8, 0.1117, 0.7838, 0.01229, 8.242e-05]
Cost = 1.94e+03
----- Optimized Parameters (2 sig. digits) -----
[0.1386, 850.3, 0.6436, 0.4437, 821.8, 0.1117, 0.7838, 0.01229, 8.242e-05]
Cost = 1.94e+03
----- Optimized Parameters (2 sig. digits) -----
[0.1386, 850.3, 0.6436, 0.4437, 821.8, 0.1117, 0.7838, 0.01229, 8.242e-05]
Cost = 1.94e+03
----- Optimized Parameters (2 sig. digits) -----
[0.1386, 850.3, 0.6436, 0.4437, 821.8, 0.1117, 0.7838, 0.01229, 8.242e-05]
Cost = 1.94e+03
----- Optimized Parameters (2 sig. digits) -----
[0.1386, 850.3, 0.6436, 0.4437, 821.8, 0.1117, 0.7838, 0.01229, 8.242e-05]
Cost = 1.94e+03
----- Optimized Parameters (2 sig. digits) -----
[0.1386, 850.3, 0.6436, 0.4437, 821.8, 0.1117, 0.7838, 0.01229, 8.242e-05]
Cost = 1.94e+03
----- Optimized Parameters (2 sig. digits) -----
[0.1386, 850.3, 0.6436, 0.4437, 821.8, 0.1117, 0.7838, 0.01229, 8.242e-05]
Cost = 1.94e+03
----- Optimized Parameters (2 sig. digits) -----
[0.1386, 850.3, 0.6436, 0.4437, 821.8, 0.1117, 0.7838, 0.01229, 8.242e-05]
Cost = 1.94e+03
----- Optimized Parameters (2 sig. digits) -----
[0.1386, 850.3, 0.6436, 0.4437, 821.8, 0.1117, 0.7838, 0.01229, 8.244e-05]
Cost = 1.94e+03
----- Optimized Parameters (2 sig. digits) -----
[0.1819, 815.1, 0.6077, 0.4836, 875.4, 0.107, 0.7925, 0.01206, 7.808e-05]
Cost = 382
----- Optimized Parameters (2 sig. digits) -----
[0.1819, 815.1, 0.6077, 0.4836, 875.4, 0.107, 0.7925, 0.01206, 7.808e-05]
Cost = 382
----- Optimized Parameters (2 sig. digits) -----
[0.1819, 815.1, 0.6077, 0.4836, 875.4, 0.107, 0.7925, 0.01206, 7.808e-05]
Cost = 382
----- Optimized Parameters (2 sig. digits) -----
[0.1819, 815.1, 0.6077, 0.4836, 875.4, 0.107, 0.7925, 0.01206, 7.808e-05]
Cost = 382
----- Optimized Parameters (2 sig. digits) -----
[0.1819, 815.1, 0.6077, 0.4836, 875.4, 0.107, 0.7925, 0.01206, 7.808e-05]
Cost = 382
----- Optimized Parameters (2 sig. digits) -----
[0.1819, 815.1, 0.6077, 0.4836, 875.4, 0.107, 0.7925, 0.01206, 7.808e-05]
Cost = 382
----- Optimized Parameters (2 sig. digits) -----
[0.1819, 815.1, 0.6077, 0.4836, 875.4, 0.107, 0.7925, 0.01206, 7.808e-05]
Cost = 382
----- Optimized Parameters (2 sig. digits) -----
[0.1819, 815.1, 0.6077, 0.4836, 875.4, 0.107, 0.7925, 0.01206, 7.808e-05]
Cost = 382
----- Optimized Parameters (2 sig. digits) -----
[0.1819, 815.1, 0.6077, 0.4836, 875.4, 0.107, 0.7925, 0.01206, 7.808e-05]
Cost = 382
----- Optimized Parameters (2 sig. digits) -----
[0.1819, 815.1, 0.6077, 0.4836, 875.4, 0.107, 0.7925, 0.01206, 7.81e-05]
Cost = 382
----- Optimized Parameters (2 sig. digits) -----
[0.444, 746.2, 0.5893, 0.5639, 911.0, 0.1036, 0.7918, 0.01155, 7.455e-05]
Cost = 149
----- Optimized Parameters (2 sig. digits) -----
[0.444, 746.2, 0.5893, 0.5639, 911.0, 0.1036, 0.7918, 0.01155, 7.455e-05]
Cost = 149
----- Optimized Parameters (2 sig. digits) -----
[0.444, 746.2, 0.5893, 0.5639, 911.0, 0.1036, 0.7918, 0.01155, 7.455e-05]
Cost = 149
----- Optimized Parameters (2 sig. digits) -----
[0.444, 746.2, 0.5893, 0.5639, 911.0, 0.1036, 0.7918, 0.01155, 7.455e-05]
Cost = 149
----- Optimized Parameters (2 sig. digits) -----
[0.444, 746.2, 0.5893, 0.5639, 911.0, 0.1036, 0.7918, 0.01155, 7.455e-05]
Cost = 149
----- Optimized Parameters (2 sig. digits) -----
[0.444, 746.2, 0.5893, 0.5639, 911.0, 0.1036, 0.7918, 0.01155, 7.455e-05]
Cost = 149
----- Optimized Parameters (2 sig. digits) -----
[0.444, 746.2, 0.5893, 0.5639, 911.0, 0.1036, 0.7918, 0.01155, 7.455e-05]
Cost = 149
----- Optimized Parameters (2 sig. digits) -----
[0.444, 746.2, 0.5893, 0.5639, 911.0, 0.1036, 0.7918, 0.01155, 7.455e-05]
Cost = 149
----- Optimized Parameters (2 sig. digits) -----
[0.444, 746.2, 0.5893, 0.5639, 911.0, 0.1036, 0.7918, 0.01155, 7.455e-05]
Cost = 149
----- Optimized Parameters (2 sig. digits) -----
[0.444, 746.2, 0.5893, 0.5639, 911.0, 0.1036, 0.7918, 0.01155, 7.457e-05]
Cost = 149
----- Optimized Parameters (2 sig. digits) -----
[0.482, 591.3, 0.5979, 0.7572, 900.9, 0.1023, 0.7434, 0.01072, 6.751e-05]
Cost = 131
----- Optimized Parameters (2 sig. digits) -----
[0.482, 591.3, 0.5979, 0.7572, 900.9, 0.1023, 0.7434, 0.01072, 6.751e-05]
Cost = 131
----- Optimized Parameters (2 sig. digits) -----
[0.482, 591.3, 0.5979, 0.7572, 900.9, 0.1023, 0.7434, 0.01072, 6.751e-05]
Cost = 131
----- Optimized Parameters (2 sig. digits) -----
[0.482, 591.3, 0.5979, 0.7572, 900.9, 0.1023, 0.7434, 0.01072, 6.751e-05]
Cost = 131
----- Optimized Parameters (2 sig. digits) -----
[0.482, 591.3, 0.5979, 0.7572, 900.9, 0.1023, 0.7434, 0.01072, 6.751e-05]
Cost = 131
----- Optimized Parameters (2 sig. digits) -----
[0.482, 591.3, 0.5979, 0.7572, 900.9, 0.1023, 0.7434, 0.01072, 6.751e-05]
Cost = 131
----- Optimized Parameters (2 sig. digits) -----
[0.482, 591.3, 0.5979, 0.7572, 900.9, 0.1023, 0.7434, 0.01072, 6.751e-05]
Cost = 131
----- Optimized Parameters (2 sig. digits) -----
[0.482, 591.3, 0.5979, 0.7572, 900.9, 0.1023, 0.7434, 0.01072, 6.751e-05]
Cost = 131
----- Optimized Parameters (2 sig. digits) -----
[0.482, 591.3, 0.5979, 0.7572, 900.9, 0.1023, 0.7434, 0.01072, 6.751e-05]
Cost = 131
----- Optimized Parameters (2 sig. digits) -----
[0.482, 591.3, 0.5979, 0.7572, 900.9, 0.1023, 0.7434, 0.01072, 6.753e-05]
Cost = 131
----- Optimized Parameters (2 sig. digits) -----
[0.4754, 450.9, 0.5917, 0.9095, 928.8, 0.09652, 0.5737, 0.01026, 6.982e-05]
Cost = 120
----- Optimized Parameters (2 sig. digits) -----
[0.4754, 450.9, 0.5917, 0.9095, 928.8, 0.09652, 0.5737, 0.01026, 6.982e-05]
Cost = 120
----- Optimized Parameters (2 sig. digits) -----
[0.4754, 450.9, 0.5917, 0.9095, 928.8, 0.09652, 0.5737, 0.01026, 6.982e-05]
Cost = 120
----- Optimized Parameters (2 sig. digits) -----
[0.4754, 450.9, 0.5917, 0.9095, 928.8, 0.09652, 0.5737, 0.01026, 6.982e-05]
Cost = 120
----- Optimized Parameters (2 sig. digits) -----
[0.4754, 450.9, 0.5917, 0.9095, 928.8, 0.09652, 0.5737, 0.01026, 6.982e-05]
Cost = 120
----- Optimized Parameters (2 sig. digits) -----
[0.4754, 450.9, 0.5917, 0.9095, 928.8, 0.09652, 0.5737, 0.01026, 6.982e-05]
Cost = 120
----- Optimized Parameters (2 sig. digits) -----
[0.4754, 450.9, 0.5917, 0.9095, 928.8, 0.09652, 0.5737, 0.01026, 6.982e-05]
Cost = 120
----- Optimized Parameters (2 sig. digits) -----
[0.4754, 450.9, 0.5917, 0.9095, 928.8, 0.09652, 0.5737, 0.01026, 6.982e-05]
Cost = 120
----- Optimized Parameters (2 sig. digits) -----
[0.4754, 450.9, 0.5917, 0.9095, 928.8, 0.09652, 0.5737, 0.01026, 6.982e-05]
Cost = 120
----- Optimized Parameters (2 sig. digits) -----
[0.4754, 450.9, 0.5917, 0.9095, 928.8, 0.09652, 0.5737, 0.01026, 6.983e-05]
Cost = 120
----- Optimized Parameters (2 sig. digits) -----
[0.469, 408.9, 0.5869, 0.957, 938.6, 0.0946, 0.5072, 0.01012, 6.784e-05]
Cost = 115
----- Optimized Parameters (2 sig. digits) -----
[0.469, 408.9, 0.5869, 0.957, 938.6, 0.0946, 0.5072, 0.01012, 6.784e-05]
Cost = 115
----- Optimized Parameters (2 sig. digits) -----
[0.469, 408.9, 0.5869, 0.957, 938.6, 0.0946, 0.5072, 0.01012, 6.784e-05]
Cost = 115
----- Optimized Parameters (2 sig. digits) -----
[0.469, 408.9, 0.5869, 0.957, 938.6, 0.0946, 0.5072, 0.01012, 6.784e-05]
Cost = 115
----- Optimized Parameters (2 sig. digits) -----
[0.469, 408.9, 0.5869, 0.957, 938.6, 0.0946, 0.5072, 0.01012, 6.784e-05]
Cost = 115
----- Optimized Parameters (2 sig. digits) -----
[0.469, 408.9, 0.5869, 0.957, 938.6, 0.0946, 0.5072, 0.01012, 6.784e-05]
Cost = 115
----- Optimized Parameters (2 sig. digits) -----
[0.469, 408.9, 0.5869, 0.957, 938.6, 0.0946, 0.5072, 0.01012, 6.784e-05]
Cost = 115
----- Optimized Parameters (2 sig. digits) -----
[0.469, 408.9, 0.5869, 0.957, 938.6, 0.0946, 0.5072, 0.01012, 6.784e-05]
Cost = 115
----- Optimized Parameters (2 sig. digits) -----
[0.469, 408.9, 0.5869, 0.957, 938.6, 0.0946, 0.5072, 0.01012, 6.784e-05]
Cost = 115
----- Optimized Parameters (2 sig. digits) -----
[0.469, 408.9, 0.5869, 0.957, 938.6, 0.0946, 0.5072, 0.01012, 6.785e-05]
Cost = 115
----- Optimized Parameters (2 sig. digits) -----
[0.4399, 377.7, 0.5461, 0.973, 1009.0, 0.08725, 0.1784, 0.01008, 6.075e-05]
Cost = 165
----- Optimized Parameters (2 sig. digits) -----
[0.4292, 406.6, 0.5329, 0.9732, 963.8, 0.0853, 0.1881, 0.01007, 6.061e-05]
Cost = 142
----- Optimized Parameters (2 sig. digits) -----
[0.4556, 408.9, 0.5686, 0.9592, 938.6, 0.08746, 0.3462, 0.01005, 6.363e-05]
Cost = 110
----- Optimized Parameters (2 sig. digits) -----
[0.4556, 408.9, 0.5686, 0.9592, 938.6, 0.08746, 0.3462, 0.01005, 6.363e-05]
Cost = 110
----- Optimized Parameters (2 sig. digits) -----
[0.4556, 408.9, 0.5686, 0.9592, 938.6, 0.08746, 0.3462, 0.01005, 6.363e-05]
Cost = 110
----- Optimized Parameters (2 sig. digits) -----
[0.4556, 408.9, 0.5686, 0.9592, 938.6, 0.08746, 0.3462, 0.01005, 6.363e-05]
Cost = 110
----- Optimized Parameters (2 sig. digits) -----
[0.4556, 408.9, 0.5686, 0.9592, 938.6, 0.08746, 0.3462, 0.01005, 6.363e-05]
Cost = 110
----- Optimized Parameters (2 sig. digits) -----
[0.4556, 408.9, 0.5686, 0.9592, 938.6, 0.08746, 0.3462, 0.01005, 6.363e-05]
Cost = 110
----- Optimized Parameters (2 sig. digits) -----
[0.4556, 408.9, 0.5686, 0.9592, 938.6, 0.08746, 0.3462, 0.01005, 6.363e-05]
Cost = 110
----- Optimized Parameters (2 sig. digits) -----
[0.4556, 408.9, 0.5686, 0.9592, 938.6, 0.08746, 0.3462, 0.01005, 6.363e-05]
Cost = 110
----- Optimized Parameters (2 sig. digits) -----
[0.4556, 408.9, 0.5686, 0.9592, 938.6, 0.08746, 0.3462, 0.01005, 6.363e-05]
Cost = 110
----- Optimized Parameters (2 sig. digits) -----
[0.4556, 408.9, 0.5686, 0.9592, 938.6, 0.08746, 0.3462, 0.01005, 6.364e-05]
Cost = 110
----- Optimized Parameters (2 sig. digits) -----
[0.4497, 405.2, 0.5618, 0.9746, 948.0, 0.08609, 0.2964, 0.01003, 6.074e-05]
Cost = 107
----- Optimized Parameters (2 sig. digits) -----
[0.4497, 405.2, 0.5618, 0.9746, 948.0, 0.08609, 0.2964, 0.01003, 6.074e-05]
Cost = 107
----- Optimized Parameters (2 sig. digits) -----
[0.4497, 405.2, 0.5618, 0.9746, 948.0, 0.08609, 0.2964, 0.01003, 6.074e-05]
Cost = 107
----- Optimized Parameters (2 sig. digits) -----
[0.4497, 405.2, 0.5618, 0.9746, 948.0, 0.08609, 0.2964, 0.01003, 6.074e-05]
Cost = 107
----- Optimized Parameters (2 sig. digits) -----
[0.4497, 405.2, 0.5618, 0.9746, 948.0, 0.08609, 0.2964, 0.01003, 6.074e-05]
Cost = 107
----- Optimized Parameters (2 sig. digits) -----
[0.4497, 405.2, 0.5618, 0.9746, 948.0, 0.08609, 0.2964, 0.01003, 6.074e-05]
Cost = 107
----- Optimized Parameters (2 sig. digits) -----
[0.4497, 405.2, 0.5618, 0.9746, 948.0, 0.08609, 0.2964, 0.01003, 6.074e-05]
Cost = 107
----- Optimized Parameters (2 sig. digits) -----
[0.4497, 405.2, 0.5618, 0.9746, 948.0, 0.08609, 0.2964, 0.01003, 6.074e-05]
Cost = 107
----- Optimized Parameters (2 sig. digits) -----
[0.4497, 405.2, 0.5618, 0.9746, 948.0, 0.08609, 0.2964, 0.01003, 6.074e-05]
Cost = 107
----- Optimized Parameters (2 sig. digits) -----
[0.4497, 405.2, 0.5618, 0.9746, 948.0, 0.08609, 0.2964, 0.01003, 6.076e-05]
Cost = 107
----- Optimized Parameters (2 sig. digits) -----
[0.4424, 398.2, 0.5466, 0.9817, 968.1, 0.08349, 0.1928, 0.01002, 5.53e-05]
Cost = 106
----- Optimized Parameters (2 sig. digits) -----
[0.4424, 398.2, 0.5466, 0.9817, 968.1, 0.08349, 0.1928, 0.01002, 5.53e-05]
Cost = 106
----- Optimized Parameters (2 sig. digits) -----
[0.4424, 398.2, 0.5466, 0.9817, 968.1, 0.08349, 0.1928, 0.01002, 5.53e-05]
Cost = 106
----- Optimized Parameters (2 sig. digits) -----
[0.4424, 398.2, 0.5466, 0.9817, 968.1, 0.08349, 0.1928, 0.01002, 5.53e-05]
Cost = 106
----- Optimized Parameters (2 sig. digits) -----
[0.4424, 398.2, 0.5466, 0.9817, 968.1, 0.08349, 0.1928, 0.01002, 5.53e-05]
Cost = 106
----- Optimized Parameters (2 sig. digits) -----
[0.4424, 398.2, 0.5466, 0.9817, 968.1, 0.08349, 0.1928, 0.01002, 5.53e-05]
Cost = 106
----- Optimized Parameters (2 sig. digits) -----
[0.4424, 398.2, 0.5466, 0.9817, 968.1, 0.08349, 0.1928, 0.01002, 5.53e-05]
Cost = 106
----- Optimized Parameters (2 sig. digits) -----
[0.4424, 398.2, 0.5466, 0.9817, 968.1, 0.08349, 0.1928, 0.01002, 5.53e-05]
Cost = 106
----- Optimized Parameters (2 sig. digits) -----
[0.4424, 398.2, 0.5466, 0.9817, 968.1, 0.08349, 0.1928, 0.01002, 5.53e-05]
Cost = 106
----- Optimized Parameters (2 sig. digits) -----
[0.4424, 398.2, 0.5466, 0.9817, 968.1, 0.08349, 0.1928, 0.01002, 5.532e-05]
Cost = 106
----- Optimized Parameters (2 sig. digits) -----
[0.4411, 394.6, 0.5476, 0.985, 966.5, 0.08347, 0.1896, 0.01002, 5.262e-05]
Cost = 105
----- Optimized Parameters (2 sig. digits) -----
[0.4411, 394.6, 0.5476, 0.985, 966.5, 0.08347, 0.1896, 0.01002, 5.262e-05]
Cost = 105
----- Optimized Parameters (2 sig. digits) -----
[0.4411, 394.6, 0.5476, 0.985, 966.5, 0.08347, 0.1896, 0.01002, 5.262e-05]
Cost = 105
----- Optimized Parameters (2 sig. digits) -----
[0.4411, 394.6, 0.5476, 0.985, 966.5, 0.08347, 0.1896, 0.01002, 5.262e-05]
Cost = 105
----- Optimized Parameters (2 sig. digits) -----
[0.4411, 394.6, 0.5476, 0.985, 966.5, 0.08347, 0.1896, 0.01002, 5.262e-05]
Cost = 105
----- Optimized Parameters (2 sig. digits) -----
[0.4411, 394.6, 0.5476, 0.985, 966.5, 0.08347, 0.1896, 0.01002, 5.262e-05]
Cost = 105
----- Optimized Parameters (2 sig. digits) -----
[0.4411, 394.6, 0.5476, 0.985, 966.5, 0.08347, 0.1896, 0.01002, 5.262e-05]
Cost = 105
----- Optimized Parameters (2 sig. digits) -----
[0.4411, 394.6, 0.5476, 0.985, 966.5, 0.08347, 0.1896, 0.01002, 5.262e-05]
Cost = 105
----- Optimized Parameters (2 sig. digits) -----
[0.4411, 394.6, 0.5476, 0.985, 966.5, 0.08347, 0.1896, 0.01002, 5.262e-05]
Cost = 105
----- Optimized Parameters (2 sig. digits) -----
[0.4411, 394.6, 0.5476, 0.985, 966.5, 0.08347, 0.1896, 0.01002, 5.263e-05]
Cost = 105
----- Optimized Parameters (2 sig. digits) -----
[0.4432, 300.5, 0.551, 0.9894, 962.8, 0.08385, 0.19, 0.01001, 5.123e-05]
Cost = 105
----- Optimized Parameters (2 sig. digits) -----
[0.4432, 300.5, 0.551, 0.9894, 962.8, 0.08385, 0.19, 0.01001, 5.123e-05]
Cost = 105
----- Optimized Parameters (2 sig. digits) -----
[0.4432, 300.5, 0.551, 0.9894, 962.8, 0.08385, 0.19, 0.01001, 5.123e-05]
Cost = 105
----- Optimized Parameters (2 sig. digits) -----
[0.4432, 300.5, 0.551, 0.9894, 962.8, 0.08385, 0.19, 0.01001, 5.123e-05]
Cost = 105
----- Optimized Parameters (2 sig. digits) -----
[0.4432, 300.5, 0.551, 0.9894, 962.8, 0.08385, 0.19, 0.01001, 5.123e-05]
Cost = 105
----- Optimized Parameters (2 sig. digits) -----
[0.4432, 300.5, 0.551, 0.9894, 962.8, 0.08385, 0.19, 0.01001, 5.123e-05]
Cost = 105
----- Optimized Parameters (2 sig. digits) -----
[0.4432, 300.5, 0.551, 0.9894, 962.8, 0.08385, 0.19, 0.01001, 5.123e-05]
Cost = 105
----- Optimized Parameters (2 sig. digits) -----
[0.4432, 300.5, 0.551, 0.9894, 962.8, 0.08385, 0.19, 0.01001, 5.123e-05]
Cost = 105
----- Optimized Parameters (2 sig. digits) -----
[0.4432, 300.5, 0.551, 0.9894, 962.8, 0.08385, 0.19, 0.01001, 5.123e-05]
Cost = 105
----- Optimized Parameters (2 sig. digits) -----
[0.4432, 300.5, 0.551, 0.9894, 962.8, 0.08385, 0.19, 0.01001, 5.124e-05]
Cost = 105
----- Optimized Parameters (2 sig. digits) -----
[0.4432, 302.0, 0.551, 0.9895, 962.7, 0.08386, 0.19, 0.01001, 5.121e-05]
Cost = 105
----- Optimized Parameters (2 sig. digits) -----
[0.4432, 302.0, 0.551, 0.9895, 962.7, 0.08386, 0.19, 0.01001, 5.121e-05]
Cost = 105
----- Optimized Parameters (2 sig. digits) -----
[0.4432, 302.0, 0.551, 0.9895, 962.7, 0.08386, 0.19, 0.01001, 5.121e-05]
Cost = 105
----- Optimized Parameters (2 sig. digits) -----
[0.4432, 302.0, 0.551, 0.9895, 962.7, 0.08386, 0.19, 0.01001, 5.121e-05]
Cost = 105
----- Optimized Parameters (2 sig. digits) -----
[0.4432, 302.0, 0.551, 0.9895, 962.7, 0.08386, 0.19, 0.01001, 5.121e-05]
Cost = 105
----- Optimized Parameters (2 sig. digits) -----
[0.4432, 302.0, 0.551, 0.9895, 962.7, 0.08386, 0.19, 0.01001, 5.121e-05]
Cost = 105
----- Optimized Parameters (2 sig. digits) -----
[0.4432, 302.0, 0.551, 0.9895, 962.7, 0.08386, 0.19, 0.01001, 5.121e-05]
Cost = 105
----- Optimized Parameters (2 sig. digits) -----
[0.4432, 302.0, 0.551, 0.9895, 962.7, 0.08386, 0.19, 0.01001, 5.121e-05]
Cost = 105
----- Optimized Parameters (2 sig. digits) -----
[0.4432, 302.0, 0.551, 0.9895, 962.7, 0.08386, 0.19, 0.01001, 5.121e-05]
Cost = 105
----- Optimized Parameters (2 sig. digits) -----
[0.4432, 302.0, 0.551, 0.9895, 962.7, 0.08386, 0.19, 0.01001, 5.122e-05]
Cost = 105
----- Optimized Parameters (2 sig. digits) -----
[0.4474, 300.5, 0.5585, 0.9953, 916.0, 0.07886, 0.1839, 0.01, 4.947e-05]
Cost = 105
----- Optimized Parameters (2 sig. digits) -----
[0.4474, 300.5, 0.5585, 0.9953, 916.0, 0.07886, 0.1839, 0.01, 4.947e-05]
Cost = 105
----- Optimized Parameters (2 sig. digits) -----
[0.4474, 300.5, 0.5585, 0.9953, 916.0, 0.07886, 0.1839, 0.01, 4.947e-05]
Cost = 105
----- Optimized Parameters (2 sig. digits) -----
[0.4474, 300.5, 0.5585, 0.9953, 916.0, 0.07886, 0.1839, 0.01, 4.947e-05]
Cost = 105
----- Optimized Parameters (2 sig. digits) -----
[0.4474, 300.5, 0.5585, 0.9953, 916.0, 0.07886, 0.1839, 0.01, 4.947e-05]
Cost = 105
----- Optimized Parameters (2 sig. digits) -----
[0.4474, 300.5, 0.5585, 0.9953, 916.0, 0.07886, 0.1839, 0.01, 4.947e-05]
Cost = 105
----- Optimized Parameters (2 sig. digits) -----
[0.4474, 300.5, 0.5585, 0.9953, 916.0, 0.07886, 0.1839, 0.01, 4.947e-05]
Cost = 105
----- Optimized Parameters (2 sig. digits) -----
[0.4474, 300.5, 0.5585, 0.9953, 916.0, 0.07886, 0.1839, 0.01, 4.947e-05]
Cost = 105
----- Optimized Parameters (2 sig. digits) -----
[0.4474, 300.5, 0.5585, 0.9953, 916.0, 0.07886, 0.1839, 0.01, 4.947e-05]
Cost = 105
----- Optimized Parameters (2 sig. digits) -----
[0.4474, 300.5, 0.5585, 0.9953, 916.0, 0.07886, 0.1839, 0.01, 4.948e-05]
Cost = 105
----- Optimized Parameters (2 sig. digits) -----
[0.4474, 300.5, 0.5585, 0.9953, 916.0, 0.07886, 0.1839, 0.01001, 4.966e-05]
Cost = 105
----- Optimized Parameters (2 sig. digits) -----
[0.4474, 300.5, 0.5585, 0.9953, 916.0, 0.07886, 0.1839, 0.01001, 4.966e-05]
Cost = 105
----- Optimized Parameters (2 sig. digits) -----
[0.4474, 300.5, 0.5585, 0.9953, 916.0, 0.07886, 0.1839, 0.01001, 4.966e-05]
Cost = 105
----- Optimized Parameters (2 sig. digits) -----
[0.4474, 300.5, 0.5585, 0.9953, 916.0, 0.07886, 0.1839, 0.01001, 4.966e-05]
Cost = 105
----- Optimized Parameters (2 sig. digits) -----
[0.4474, 300.5, 0.5585, 0.9953, 916.0, 0.07886, 0.1839, 0.01001, 4.966e-05]
Cost = 105
----- Optimized Parameters (2 sig. digits) -----
[0.4474, 300.5, 0.5585, 0.9953, 916.0, 0.07886, 0.1839, 0.01001, 4.966e-05]
Cost = 105
----- Optimized Parameters (2 sig. digits) -----
[0.4474, 300.5, 0.5585, 0.9953, 916.0, 0.07886, 0.1839, 0.01001, 4.966e-05]
Cost = 105
----- Optimized Parameters (2 sig. digits) -----
[0.4474, 300.5, 0.5585, 0.9953, 916.0, 0.07886, 0.1839, 0.01001, 4.966e-05]
Cost = 105
----- Optimized Parameters (2 sig. digits) -----
[0.4474, 300.5, 0.5585, 0.9953, 916.0, 0.07886, 0.1839, 0.01001, 4.966e-05]
Cost = 105
----- Optimized Parameters (2 sig. digits) -----
[0.4474, 300.5, 0.5585, 0.9953, 916.0, 0.07886, 0.1839, 0.01001, 4.967e-05]
Cost = 105
----- Optimized Parameters (2 sig. digits) -----
[0.4474, 300.5, 0.5585, 0.9953, 916.0, 0.07886, 0.1839, 0.01001, 4.966e-05]
Cost = 105
----- Optimized Parameters (2 sig. digits) -----
[0.4474, 300.5, 0.5585, 0.9953, 916.0, 0.07886, 0.1839, 0.01001, 4.966e-05]
Cost = 105
----- Optimized Parameters (2 sig. digits) -----
[0.4474, 300.5, 0.5585, 0.9953, 916.0, 0.07886, 0.1839, 0.01001, 4.966e-05]
Cost = 105
----- Optimized Parameters (2 sig. digits) -----
[0.4474, 300.5, 0.5585, 0.9953, 916.0, 0.07886, 0.1839, 0.01001, 4.966e-05]
Cost = 105
----- Optimized Parameters (2 sig. digits) -----
[0.4474, 300.5, 0.5585, 0.9953, 916.0, 0.07886, 0.1839, 0.01001, 4.966e-05]
Cost = 105
----- Optimized Parameters (2 sig. digits) -----
[0.4474, 300.5, 0.5585, 0.9953, 916.0, 0.07886, 0.1839, 0.01001, 4.966e-05]
Cost = 105
----- Optimized Parameters (2 sig. digits) -----
[0.4474, 300.5, 0.5585, 0.9953, 916.0, 0.07886, 0.1839, 0.01001, 4.966e-05]
Cost = 105
----- Optimized Parameters (2 sig. digits) -----
[0.4474, 300.5, 0.5585, 0.9953, 916.0, 0.07886, 0.1839, 0.01001, 4.966e-05]
Cost = 105
----- Optimized Parameters (2 sig. digits) -----
[0.4474, 300.5, 0.5585, 0.9953, 916.0, 0.07886, 0.1839, 0.01001, 4.966e-05]
Cost = 105
----- Optimized Parameters (2 sig. digits) -----
[0.4474, 300.5, 0.5585, 0.9953, 916.0, 0.07886, 0.1839, 0.01001, 4.966e-05]
Cost = 105
----- Optimized Parameters (2 sig. digits) -----
[0.4474, 300.5, 0.5585, 0.9953, 916.0, 0.07886, 0.1839, 0.01001, 4.967e-05]
Cost = 105
----- Optimized Parameters (2 sig. digits) -----
[0.448, 302.3, 0.5598, 0.9963, 910.6, 0.07829, 0.183, 0.01, 4.936e-05]
Cost = 105
----- Optimized Parameters (2 sig. digits) -----
[0.448, 302.3, 0.5598, 0.9963, 910.6, 0.07829, 0.183, 0.01, 4.936e-05]
Cost = 105
----- Optimized Parameters (2 sig. digits) -----
[0.448, 302.3, 0.5598, 0.9963, 910.6, 0.07829, 0.183, 0.01, 4.936e-05]
Cost = 105
----- Optimized Parameters (2 sig. digits) -----
[0.448, 302.3, 0.5598, 0.9963, 910.6, 0.07829, 0.183, 0.01, 4.936e-05]
Cost = 105
----- Optimized Parameters (2 sig. digits) -----
[0.448, 302.3, 0.5598, 0.9963, 910.6, 0.07829, 0.183, 0.01, 4.936e-05]
Cost = 105
----- Optimized Parameters (2 sig. digits) -----
[0.448, 302.3, 0.5598, 0.9963, 910.6, 0.07829, 0.183, 0.01, 4.936e-05]
Cost = 105
----- Optimized Parameters (2 sig. digits) -----
[0.448, 302.3, 0.5598, 0.9963, 910.6, 0.07829, 0.183, 0.01, 4.936e-05]
Cost = 105
----- Optimized Parameters (2 sig. digits) -----
[0.448, 302.3, 0.5598, 0.9963, 910.6, 0.07829, 0.183, 0.01, 4.936e-05]
Cost = 105
----- Optimized Parameters (2 sig. digits) -----
[0.448, 302.3, 0.5598, 0.9963, 910.6, 0.07829, 0.183, 0.01, 4.936e-05]
Cost = 105
----- Optimized Parameters (2 sig. digits) -----
[0.448, 302.3, 0.5598, 0.9963, 910.6, 0.07829, 0.183, 0.01, 4.938e-05]
Cost = 105
----- Optimized Parameters (2 sig. digits) -----
[0.4469, 301.8, 0.5606, 0.9981, 905.5, 0.07772, 0.1776, 0.01, 4.826e-05]
Cost = 105
----- Optimized Parameters (2 sig. digits) -----
[0.4469, 301.8, 0.5606, 0.9981, 905.5, 0.07772, 0.1776, 0.01, 4.826e-05]
Cost = 105
----- Optimized Parameters (2 sig. digits) -----
[0.4469, 301.8, 0.5606, 0.9981, 905.5, 0.07772, 0.1776, 0.01, 4.826e-05]
Cost = 105
----- Optimized Parameters (2 sig. digits) -----
[0.4469, 301.8, 0.5606, 0.9981, 905.5, 0.07772, 0.1776, 0.01, 4.826e-05]
Cost = 105
----- Optimized Parameters (2 sig. digits) -----
[0.4469, 301.8, 0.5606, 0.9981, 905.5, 0.07772, 0.1776, 0.01, 4.826e-05]
Cost = 105
----- Optimized Parameters (2 sig. digits) -----
[0.4469, 301.8, 0.5606, 0.9981, 905.5, 0.07772, 0.1776, 0.01, 4.826e-05]
Cost = 105
----- Optimized Parameters (2 sig. digits) -----
[0.4469, 301.8, 0.5606, 0.9981, 905.5, 0.07772, 0.1776, 0.01, 4.826e-05]
Cost = 105
----- Optimized Parameters (2 sig. digits) -----
[0.4469, 301.8, 0.5606, 0.9981, 905.5, 0.07772, 0.1776, 0.01, 4.826e-05]
Cost = 105
----- Optimized Parameters (2 sig. digits) -----
[0.4469, 301.8, 0.5606, 0.9981, 905.5, 0.07772, 0.1776, 0.01, 4.826e-05]
Cost = 105
----- Optimized Parameters (2 sig. digits) -----
[0.4469, 301.8, 0.5606, 0.9981, 905.5, 0.07772, 0.1776, 0.01, 4.828e-05]
Cost = 105
----- Optimized Parameters (2 sig. digits) -----
[0.4469, 300.7, 0.5606, 0.9981, 905.5, 0.07774, 0.1777, 0.01, 4.827e-05]
Cost = 105
----- Optimized Parameters (2 sig. digits) -----
[0.4469, 300.7, 0.5606, 0.9981, 905.5, 0.07774, 0.1777, 0.01, 4.827e-05]
Cost = 105
----- Optimized Parameters (2 sig. digits) -----
[0.4469, 300.7, 0.5606, 0.9981, 905.5, 0.07774, 0.1777, 0.01, 4.827e-05]
Cost = 105
----- Optimized Parameters (2 sig. digits) -----
[0.4469, 300.7, 0.5606, 0.9981, 905.5, 0.07774, 0.1777, 0.01, 4.827e-05]
Cost = 105
----- Optimized Parameters (2 sig. digits) -----
[0.4469, 300.7, 0.5606, 0.9981, 905.5, 0.07774, 0.1777, 0.01, 4.827e-05]
Cost = 105
----- Optimized Parameters (2 sig. digits) -----
[0.4469, 300.7, 0.5606, 0.9981, 905.5, 0.07774, 0.1777, 0.01, 4.827e-05]
Cost = 105
----- Optimized Parameters (2 sig. digits) -----
[0.4469, 300.7, 0.5606, 0.9981, 905.5, 0.07774, 0.1777, 0.01, 4.827e-05]
Cost = 105
----- Optimized Parameters (2 sig. digits) -----
[0.4469, 300.7, 0.5606, 0.9981, 905.5, 0.07774, 0.1777, 0.01, 4.827e-05]
Cost = 105
----- Optimized Parameters (2 sig. digits) -----
[0.4469, 300.7, 0.5606, 0.9981, 905.5, 0.07774, 0.1777, 0.01, 4.827e-05]
Cost = 105
----- Optimized Parameters (2 sig. digits) -----
[0.4469, 300.7, 0.5606, 0.9981, 905.5, 0.07774, 0.1777, 0.01, 4.828e-05]
Cost = 105
----- Optimized Parameters (2 sig. digits) -----
[0.451, 300.5, 0.5674, 0.9996, 876.1, 0.0744, 0.1759, 0.01, 4.775e-05]
Cost = 104
----- Optimized Parameters (2 sig. digits) -----
[0.451, 300.5, 0.5674, 0.9996, 876.1, 0.0744, 0.1759, 0.01, 4.775e-05]
Cost = 104
----- Optimized Parameters (2 sig. digits) -----
[0.451, 300.5, 0.5674, 0.9996, 876.1, 0.0744, 0.1759, 0.01, 4.775e-05]
Cost = 104
----- Optimized Parameters (2 sig. digits) -----
[0.451, 300.5, 0.5674, 0.9996, 876.1, 0.0744, 0.1759, 0.01, 4.775e-05]
Cost = 104
----- Optimized Parameters (2 sig. digits) -----
[0.451, 300.5, 0.5674, 0.9996, 876.1, 0.0744, 0.1759, 0.01, 4.775e-05]
Cost = 104
----- Optimized Parameters (2 sig. digits) -----
[0.451, 300.5, 0.5674, 0.9996, 876.1, 0.0744, 0.1759, 0.01, 4.775e-05]
Cost = 104
----- Optimized Parameters (2 sig. digits) -----
[0.451, 300.5, 0.5674, 0.9996, 876.1, 0.0744, 0.1759, 0.01, 4.775e-05]
Cost = 104
----- Optimized Parameters (2 sig. digits) -----
[0.451, 300.5, 0.5674, 0.9996, 876.1, 0.0744, 0.1759, 0.01, 4.775e-05]
Cost = 104
----- Optimized Parameters (2 sig. digits) -----
[0.451, 300.5, 0.5674, 0.9996, 876.1, 0.0744, 0.1759, 0.01, 4.775e-05]
Cost = 104
----- Optimized Parameters (2 sig. digits) -----
[0.451, 300.5, 0.5674, 0.9996, 876.1, 0.0744, 0.1759, 0.01, 4.776e-05]
Cost = 104
----- Optimized Parameters (2 sig. digits) -----
[0.451, 300.5, 0.5674, 0.9996, 876.1, 0.0744, 0.1759, 0.01, 4.784e-05]
Cost = 104
----- Optimized Parameters (2 sig. digits) -----
[0.451, 300.5, 0.5674, 0.9996, 876.1, 0.0744, 0.1759, 0.01, 4.784e-05]
Cost = 104
----- Optimized Parameters (2 sig. digits) -----
[0.451, 300.5, 0.5674, 0.9996, 876.1, 0.0744, 0.1759, 0.01, 4.784e-05]
Cost = 104
----- Optimized Parameters (2 sig. digits) -----
[0.451, 300.5, 0.5674, 0.9996, 876.1, 0.0744, 0.1759, 0.01, 4.784e-05]
Cost = 104
----- Optimized Parameters (2 sig. digits) -----
[0.451, 300.5, 0.5674, 0.9996, 876.1, 0.0744, 0.1759, 0.01, 4.784e-05]
Cost = 104
----- Optimized Parameters (2 sig. digits) -----
[0.451, 300.5, 0.5674, 0.9996, 876.1, 0.0744, 0.1759, 0.01, 4.784e-05]
Cost = 104
----- Optimized Parameters (2 sig. digits) -----
[0.451, 300.5, 0.5674, 0.9996, 876.1, 0.0744, 0.1759, 0.01, 4.784e-05]
Cost = 104
----- Optimized Parameters (2 sig. digits) -----
[0.451, 300.5, 0.5674, 0.9996, 876.1, 0.0744, 0.1759, 0.01, 4.784e-05]
Cost = 104
----- Optimized Parameters (2 sig. digits) -----
[0.451, 300.5, 0.5674, 0.9996, 876.1, 0.0744, 0.1759, 0.01, 4.784e-05]
Cost = 104
----- Optimized Parameters (2 sig. digits) -----
[0.451, 300.5, 0.5674, 0.9996, 876.1, 0.0744, 0.1759, 0.01, 4.785e-05]
Cost = 104
----- Optimized Parameters (2 sig. digits) -----
[0.451, 300.5, 0.5674, 0.9996, 876.1, 0.0744, 0.1759, 0.01, 4.784e-05]
Cost = 104
Job Statistics for 7018519:
           JobID       User               Start                 End    Elapsed   TotalCPU      State        NodeList 
---------------- ---------- ------------------- ------------------- ---------- ---------- ---------- --------------- 
         7018519     sxa126 2025-07-26T03:17:43 2025-07-26T04:24:19   01:06:36   05:02:57  COMPLETED   r1pl-hpcf-n23 
   7018519.batch            2025-07-26T03:17:43 2025-07-26T04:24:19   01:06:36   05:02:57  COMPLETED   r1pl-hpcf-n23 
  7018519.extern            2025-07-26T03:17:43 2025-07-26T04:24:19   01:06:36  00:00.002  COMPLETED   r1pl-hpcf-n23 
Requested Resources: billing=5,cpu=5,mem=37275M,node=1
Maximum CPU Memory: 115.70M; 	CPU Efficiency: 90.98% of 05:33:00 core-walltime
