----- Optimized Parameters (2 sig. digits) -----
[0.5282, 4915.0, 0.04569, 0.9002, 1491.0, 0.3716, 0.3267, 0.5486, 8.216e-05]
Cost = 4.63e+04
----- Optimized Parameters (2 sig. digits) -----
[0.5282, 4915.0, 0.04569, 0.9002, 1491.0, 0.3716, 0.3267, 0.5486, 8.216e-05]
Cost = 4.63e+04
----- Optimized Parameters (2 sig. digits) -----
[0.5282, 4915.0, 0.04569, 0.9002, 1491.0, 0.3716, 0.3267, 0.5486, 8.216e-05]
Cost = 4.63e+04
----- Optimized Parameters (2 sig. digits) -----
[0.5282, 4915.0, 0.04569, 0.9002, 1491.0, 0.3716, 0.3267, 0.5486, 8.216e-05]
Cost = 4.63e+04
----- Optimized Parameters (2 sig. digits) -----
[0.5282, 4915.0, 0.04569, 0.9002, 1491.0, 0.3716, 0.3267, 0.5486, 8.216e-05]
Cost = 4.63e+04
----- Optimized Parameters (2 sig. digits) -----
[0.5282, 4915.0, 0.04569, 0.9002, 1491.0, 0.3716, 0.3267, 0.5486, 8.216e-05]
Cost = 4.63e+04
----- Optimized Parameters (2 sig. digits) -----
[0.5282, 4915.0, 0.04569, 0.9002, 1491.0, 0.3716, 0.3267, 0.5486, 8.216e-05]
Cost = 4.63e+04
----- Optimized Parameters (2 sig. digits) -----
[0.5282, 4915.0, 0.04569, 0.9002, 1491.0, 0.3716, 0.3267, 0.5486, 8.216e-05]
Cost = 4.63e+04
----- Optimized Parameters (2 sig. digits) -----
[0.5282, 4915.0, 0.04569, 0.9002, 1491.0, 0.3716, 0.3267, 0.5486, 8.216e-05]
Cost = 4.63e+04
----- Optimized Parameters (2 sig. digits) -----
[0.5282, 4915.0, 0.04569, 0.9002, 1491.0, 0.3716, 0.3267, 0.5486, 8.216e-05]
Cost = 4.63e+04
----- Optimized Parameters (2 sig. digits) -----
[0.5282, 4915.0, 0.04569, 0.9002, 1491.0, 0.3716, 0.3267, 0.5486, 8.217e-05]
Cost = 4.63e+04
----- Optimized Parameters (2 sig. digits) -----
[0.3054, 3173.0, 0.03226, 0.9389, 1684.0, 0.2335, 0.5841, 0.342, 5.029e-05]
Cost = 8.01e+03
----- Optimized Parameters (2 sig. digits) -----
[0.3054, 3173.0, 0.03226, 0.9389, 1684.0, 0.2335, 0.5841, 0.342, 5.029e-05]
Cost = 8.01e+03
----- Optimized Parameters (2 sig. digits) -----
[0.3054, 3173.0, 0.03226, 0.9389, 1684.0, 0.2335, 0.5841, 0.342, 5.029e-05]
Cost = 8.01e+03
----- Optimized Parameters (2 sig. digits) -----
[0.3054, 3173.0, 0.03226, 0.9389, 1684.0, 0.2335, 0.5841, 0.342, 5.029e-05]
Cost = 8.01e+03
----- Optimized Parameters (2 sig. digits) -----
[0.3054, 3173.0, 0.03226, 0.9389, 1684.0, 0.2335, 0.5841, 0.342, 5.029e-05]
Cost = 8.01e+03
----- Optimized Parameters (2 sig. digits) -----
[0.3054, 3173.0, 0.03226, 0.9389, 1684.0, 0.2335, 0.5841, 0.342, 5.029e-05]
Cost = 8.01e+03
----- Optimized Parameters (2 sig. digits) -----
[0.3054, 3173.0, 0.03226, 0.9389, 1684.0, 0.2335, 0.5841, 0.342, 5.029e-05]
Cost = 8.01e+03
----- Optimized Parameters (2 sig. digits) -----
[0.3054, 3173.0, 0.03226, 0.9389, 1684.0, 0.2335, 0.5841, 0.342, 5.029e-05]
Cost = 8.01e+03
----- Optimized Parameters (2 sig. digits) -----
[0.3054, 3173.0, 0.03226, 0.9389, 1684.0, 0.2335, 0.5841, 0.342, 5.029e-05]
Cost = 8.01e+03
----- Optimized Parameters (2 sig. digits) -----
[0.3054, 3173.0, 0.03226, 0.9389, 1684.0, 0.2335, 0.5841, 0.342, 5.031e-05]
Cost = 8.01e+03
----- Optimized Parameters (2 sig. digits) -----
[0.2912, 2662.0, 0.02854, 0.9485, 1734.0, 0.1977, 0.6489, 0.286, 4.22e-05]
Cost = 1.19e+03
----- Optimized Parameters (2 sig. digits) -----
[0.2912, 2662.0, 0.02854, 0.9485, 1734.0, 0.1977, 0.6489, 0.286, 4.22e-05]
Cost = 1.19e+03
----- Optimized Parameters (2 sig. digits) -----
[0.2912, 2662.0, 0.02854, 0.9485, 1734.0, 0.1977, 0.6489, 0.286, 4.22e-05]
Cost = 1.19e+03
----- Optimized Parameters (2 sig. digits) -----
[0.2912, 2662.0, 0.02854, 0.9485, 1734.0, 0.1977, 0.6489, 0.286, 4.22e-05]
Cost = 1.19e+03
----- Optimized Parameters (2 sig. digits) -----
[0.2912, 2662.0, 0.02854, 0.9485, 1734.0, 0.1977, 0.6489, 0.286, 4.22e-05]
Cost = 1.19e+03
----- Optimized Parameters (2 sig. digits) -----
[0.2912, 2662.0, 0.02854, 0.9485, 1734.0, 0.1977, 0.6489, 0.286, 4.22e-05]
Cost = 1.19e+03
----- Optimized Parameters (2 sig. digits) -----
[0.2912, 2662.0, 0.02854, 0.9485, 1734.0, 0.1977, 0.6489, 0.286, 4.22e-05]
Cost = 1.19e+03
----- Optimized Parameters (2 sig. digits) -----
[0.2912, 2662.0, 0.02854, 0.9485, 1734.0, 0.1977, 0.6489, 0.286, 4.22e-05]
Cost = 1.19e+03
----- Optimized Parameters (2 sig. digits) -----
[0.2912, 2662.0, 0.02854, 0.9485, 1734.0, 0.1977, 0.6489, 0.286, 4.22e-05]
Cost = 1.19e+03
----- Optimized Parameters (2 sig. digits) -----
[0.2912, 2662.0, 0.02854, 0.9485, 1734.0, 0.1977, 0.6489, 0.286, 4.222e-05]
Cost = 1.19e+03
----- Optimized Parameters (2 sig. digits) -----
[0.3421, 2433.0, 0.02696, 0.9519, 1750.0, 0.1863, 0.6687, 0.2654, 3.929e-05]
Cost = 623
----- Optimized Parameters (2 sig. digits) -----
[0.3421, 2433.0, 0.02696, 0.9519, 1750.0, 0.1863, 0.6687, 0.2654, 3.929e-05]
Cost = 623
----- Optimized Parameters (2 sig. digits) -----
[0.3421, 2433.0, 0.02696, 0.9519, 1750.0, 0.1863, 0.6687, 0.2654, 3.929e-05]
Cost = 623
----- Optimized Parameters (2 sig. digits) -----
[0.3421, 2433.0, 0.02696, 0.9519, 1750.0, 0.1863, 0.6687, 0.2654, 3.929e-05]
Cost = 623
----- Optimized Parameters (2 sig. digits) -----
[0.3421, 2433.0, 0.02696, 0.9519, 1750.0, 0.1863, 0.6687, 0.2654, 3.929e-05]
Cost = 623
----- Optimized Parameters (2 sig. digits) -----
[0.3421, 2433.0, 0.02696, 0.9519, 1750.0, 0.1863, 0.6687, 0.2654, 3.929e-05]
Cost = 623
----- Optimized Parameters (2 sig. digits) -----
[0.3421, 2433.0, 0.02696, 0.9519, 1750.0, 0.1863, 0.6687, 0.2654, 3.929e-05]
Cost = 623
----- Optimized Parameters (2 sig. digits) -----
[0.3421, 2433.0, 0.02696, 0.9519, 1750.0, 0.1863, 0.6687, 0.2654, 3.929e-05]
Cost = 623
----- Optimized Parameters (2 sig. digits) -----
[0.3421, 2433.0, 0.02696, 0.9519, 1750.0, 0.1863, 0.6687, 0.2654, 3.929e-05]
Cost = 623
----- Optimized Parameters (2 sig. digits) -----
[0.3421, 2433.0, 0.02696, 0.9519, 1750.0, 0.1863, 0.6687, 0.2654, 3.931e-05]
Cost = 623
----- Optimized Parameters (2 sig. digits) -----
[0.4334, 2358.0, 0.02714, 0.9524, 1757.0, 0.182, 0.6747, 0.2553, 3.806e-05]
Cost = 586
----- Optimized Parameters (2 sig. digits) -----
[0.4334, 2358.0, 0.02714, 0.9524, 1757.0, 0.182, 0.6747, 0.2553, 3.806e-05]
Cost = 586
----- Optimized Parameters (2 sig. digits) -----
[0.4334, 2358.0, 0.02714, 0.9524, 1757.0, 0.182, 0.6747, 0.2553, 3.806e-05]
Cost = 586
----- Optimized Parameters (2 sig. digits) -----
[0.4334, 2358.0, 0.02714, 0.9524, 1757.0, 0.182, 0.6747, 0.2553, 3.806e-05]
Cost = 586
----- Optimized Parameters (2 sig. digits) -----
[0.4334, 2358.0, 0.02714, 0.9524, 1757.0, 0.182, 0.6747, 0.2553, 3.806e-05]
Cost = 586
----- Optimized Parameters (2 sig. digits) -----
[0.4334, 2358.0, 0.02714, 0.9524, 1757.0, 0.182, 0.6747, 0.2553, 3.806e-05]
Cost = 586
----- Optimized Parameters (2 sig. digits) -----
[0.4334, 2358.0, 0.02714, 0.9524, 1757.0, 0.182, 0.6747, 0.2553, 3.806e-05]
Cost = 586
----- Optimized Parameters (2 sig. digits) -----
[0.4334, 2358.0, 0.02714, 0.9524, 1757.0, 0.182, 0.6747, 0.2553, 3.806e-05]
Cost = 586
----- Optimized Parameters (2 sig. digits) -----
[0.4334, 2358.0, 0.02714, 0.9524, 1757.0, 0.182, 0.6747, 0.2553, 3.806e-05]
Cost = 586
----- Optimized Parameters (2 sig. digits) -----
[0.4334, 2358.0, 0.02714, 0.9524, 1757.0, 0.182, 0.6747, 0.2553, 3.807e-05]
Cost = 586
----- Optimized Parameters (2 sig. digits) -----
[0.4314, 2294.0, 0.06059, 0.01682, 1674.0, 0.2384, 0.5267, 0.1498, 2.08e-05]
Cost = 584
----- Optimized Parameters (2 sig. digits) -----
[0.4314, 2294.0, 0.06059, 0.01682, 1674.0, 0.2384, 0.5267, 0.1498, 2.08e-05]
Cost = 584
----- Optimized Parameters (2 sig. digits) -----
[0.4314, 2294.0, 0.06059, 0.01682, 1674.0, 0.2384, 0.5267, 0.1498, 2.08e-05]
Cost = 584
----- Optimized Parameters (2 sig. digits) -----
[0.4314, 2294.0, 0.06059, 0.01682, 1674.0, 0.2384, 0.5267, 0.1498, 2.08e-05]
Cost = 584
----- Optimized Parameters (2 sig. digits) -----
[0.4314, 2294.0, 0.06059, 0.01682, 1674.0, 0.2384, 0.5267, 0.1498, 2.08e-05]
Cost = 584
----- Optimized Parameters (2 sig. digits) -----
[0.4314, 2294.0, 0.06059, 0.01682, 1674.0, 0.2384, 0.5267, 0.1498, 2.08e-05]
Cost = 584
----- Optimized Parameters (2 sig. digits) -----
[0.4314, 2294.0, 0.06059, 0.01682, 1674.0, 0.2384, 0.5267, 0.1498, 2.08e-05]
Cost = 584
----- Optimized Parameters (2 sig. digits) -----
[0.4314, 2294.0, 0.06059, 0.01682, 1674.0, 0.2384, 0.5267, 0.1498, 2.08e-05]
Cost = 584
----- Optimized Parameters (2 sig. digits) -----
[0.4314, 2294.0, 0.06059, 0.01682, 1674.0, 0.2384, 0.5267, 0.1498, 2.08e-05]
Cost = 584
----- Optimized Parameters (2 sig. digits) -----
[0.4314, 2294.0, 0.06059, 0.01682, 1674.0, 0.2384, 0.5267, 0.1498, 2.082e-05]
Cost = 584
----- Optimized Parameters (2 sig. digits) -----
[0.4069, 2262.0, 0.06987, 0.03422, 1675.0, 0.2378, 0.5103, 0.141, 2.108e-05]
Cost = 568
----- Optimized Parameters (2 sig. digits) -----
[0.4069, 2262.0, 0.06987, 0.03422, 1675.0, 0.2378, 0.5103, 0.141, 2.108e-05]
Cost = 568
----- Optimized Parameters (2 sig. digits) -----
[0.4069, 2262.0, 0.06987, 0.03422, 1675.0, 0.2378, 0.5103, 0.141, 2.108e-05]
Cost = 568
----- Optimized Parameters (2 sig. digits) -----
[0.4069, 2262.0, 0.06987, 0.03422, 1675.0, 0.2378, 0.5103, 0.141, 2.108e-05]
Cost = 568
----- Optimized Parameters (2 sig. digits) -----
[0.4069, 2262.0, 0.06987, 0.03422, 1675.0, 0.2378, 0.5103, 0.141, 2.108e-05]
Cost = 568
----- Optimized Parameters (2 sig. digits) -----
[0.4069, 2262.0, 0.06987, 0.03422, 1675.0, 0.2378, 0.5103, 0.141, 2.108e-05]
Cost = 568
----- Optimized Parameters (2 sig. digits) -----
[0.4069, 2262.0, 0.06987, 0.03422, 1675.0, 0.2378, 0.5103, 0.141, 2.108e-05]
Cost = 568
----- Optimized Parameters (2 sig. digits) -----
[0.4069, 2262.0, 0.06987, 0.03422, 1675.0, 0.2378, 0.5103, 0.141, 2.108e-05]
Cost = 568
----- Optimized Parameters (2 sig. digits) -----
[0.4069, 2262.0, 0.06987, 0.03422, 1675.0, 0.2378, 0.5103, 0.141, 2.108e-05]
Cost = 568
----- Optimized Parameters (2 sig. digits) -----
[0.4069, 2262.0, 0.06987, 0.03422, 1675.0, 0.2378, 0.5103, 0.141, 2.11e-05]
Cost = 568
----- Optimized Parameters (2 sig. digits) -----
[0.5633, 309.8, 0.3743, 0.2552, 1699.0, 0.2199, 0.3107, 0.04953, 1.26e-05]
Cost = 613
----- Optimized Parameters (2 sig. digits) -----
[0.6185, 1776.0, 0.3502, 0.3218, 1690.0, 0.211, 0.2768, 0.02366, 9.522e-06]
Cost = 1.29e+03
----- Optimized Parameters (2 sig. digits) -----
[0.6238, 2145.0, 0.3345, 0.3279, 1680.0, 0.2096, 0.2787, 0.02145, 9.162e-06]
Cost = 1.44e+03
----- Optimized Parameters (2 sig. digits) -----
[0.6205, 2256.0, 0.3251, 0.3079, 1675.0, 0.2113, 0.3053, 0.02233, 9.127e-06]
Cost = 1.58e+03
----- Optimized Parameters (2 sig. digits) -----
[0.4544, 2262.0, 0.1674, 0.05013, 1675.0, 0.2442, 0.4905, 0.1003, 1.273e-05]
Cost = 634
----- Optimized Parameters (2 sig. digits) -----
[0.4134, 2262.0, 0.1044, 0.03562, 1675.0, 0.2403, 0.5068, 0.1336, 1.729e-05]
Cost = 559
----- Optimized Parameters (2 sig. digits) -----
[0.4134, 2262.0, 0.1044, 0.03562, 1675.0, 0.2403, 0.5068, 0.1336, 1.729e-05]
Cost = 559
----- Optimized Parameters (2 sig. digits) -----
[0.4134, 2262.0, 0.1044, 0.03562, 1675.0, 0.2403, 0.5068, 0.1336, 1.729e-05]
Cost = 559
----- Optimized Parameters (2 sig. digits) -----
[0.4134, 2262.0, 0.1044, 0.03562, 1675.0, 0.2403, 0.5068, 0.1336, 1.729e-05]
Cost = 559
----- Optimized Parameters (2 sig. digits) -----
[0.4134, 2262.0, 0.1044, 0.03562, 1675.0, 0.2403, 0.5068, 0.1336, 1.729e-05]
Cost = 559
----- Optimized Parameters (2 sig. digits) -----
[0.4134, 2262.0, 0.1044, 0.03562, 1675.0, 0.2403, 0.5068, 0.1336, 1.729e-05]
Cost = 559
----- Optimized Parameters (2 sig. digits) -----
[0.4134, 2262.0, 0.1044, 0.03562, 1675.0, 0.2403, 0.5068, 0.1336, 1.729e-05]
Cost = 559
----- Optimized Parameters (2 sig. digits) -----
[0.4134, 2262.0, 0.1044, 0.03562, 1675.0, 0.2403, 0.5068, 0.1336, 1.729e-05]
Cost = 559
----- Optimized Parameters (2 sig. digits) -----
[0.4134, 2262.0, 0.1044, 0.03562, 1675.0, 0.2403, 0.5068, 0.1336, 1.729e-05]
Cost = 559
----- Optimized Parameters (2 sig. digits) -----
[0.4134, 2262.0, 0.1044, 0.03562, 1675.0, 0.2403, 0.5068, 0.1336, 1.731e-05]
Cost = 559
----- Optimized Parameters (2 sig. digits) -----
[0.4178, 2262.0, 0.1591, 0.03564, 1675.0, 0.2443, 0.5025, 0.07508, 1.839e-05]
Cost = 559
----- Optimized Parameters (2 sig. digits) -----
[0.4178, 2262.0, 0.1591, 0.03564, 1675.0, 0.2443, 0.5025, 0.07508, 1.839e-05]
Cost = 559
----- Optimized Parameters (2 sig. digits) -----
[0.4178, 2262.0, 0.1591, 0.03564, 1675.0, 0.2443, 0.5025, 0.07508, 1.839e-05]
Cost = 559
----- Optimized Parameters (2 sig. digits) -----
[0.4178, 2262.0, 0.1591, 0.03564, 1675.0, 0.2443, 0.5025, 0.07508, 1.839e-05]
Cost = 559
----- Optimized Parameters (2 sig. digits) -----
[0.4178, 2262.0, 0.1591, 0.03564, 1675.0, 0.2443, 0.5025, 0.07508, 1.839e-05]
Cost = 559
----- Optimized Parameters (2 sig. digits) -----
[0.4178, 2262.0, 0.1591, 0.03564, 1675.0, 0.2443, 0.5025, 0.07508, 1.839e-05]
Cost = 559
----- Optimized Parameters (2 sig. digits) -----
[0.4178, 2262.0, 0.1591, 0.03564, 1675.0, 0.2443, 0.5025, 0.07508, 1.839e-05]
Cost = 559
----- Optimized Parameters (2 sig. digits) -----
[0.4178, 2262.0, 0.1591, 0.03564, 1675.0, 0.2443, 0.5025, 0.07508, 1.839e-05]
Cost = 559
----- Optimized Parameters (2 sig. digits) -----
[0.4178, 2262.0, 0.1591, 0.03564, 1675.0, 0.2443, 0.5025, 0.07508, 1.839e-05]
Cost = 559
----- Optimized Parameters (2 sig. digits) -----
[0.4178, 2262.0, 0.1591, 0.03564, 1675.0, 0.2443, 0.5025, 0.07508, 1.84e-05]
Cost = 558
----- Optimized Parameters (2 sig. digits) -----
[0.4144, 2262.0, 0.1749, 0.03563, 1675.0, 0.245, 0.5018, 0.0636, 2.091e-05]
Cost = 501
----- Optimized Parameters (2 sig. digits) -----
[0.4144, 2262.0, 0.1749, 0.03563, 1675.0, 0.245, 0.5018, 0.0636, 2.091e-05]
Cost = 501
----- Optimized Parameters (2 sig. digits) -----
[0.4144, 2262.0, 0.1749, 0.03563, 1675.0, 0.245, 0.5018, 0.0636, 2.091e-05]
Cost = 501
----- Optimized Parameters (2 sig. digits) -----
[0.4144, 2262.0, 0.1749, 0.03563, 1675.0, 0.245, 0.5018, 0.0636, 2.091e-05]
Cost = 501
----- Optimized Parameters (2 sig. digits) -----
[0.4144, 2262.0, 0.1749, 0.03563, 1675.0, 0.245, 0.5018, 0.0636, 2.091e-05]
Cost = 501
----- Optimized Parameters (2 sig. digits) -----
[0.4144, 2262.0, 0.1749, 0.03563, 1675.0, 0.245, 0.5018, 0.0636, 2.091e-05]
Cost = 501
----- Optimized Parameters (2 sig. digits) -----
[0.4144, 2262.0, 0.1749, 0.03563, 1675.0, 0.245, 0.5018, 0.0636, 2.091e-05]
Cost = 501
----- Optimized Parameters (2 sig. digits) -----
[0.4144, 2262.0, 0.1749, 0.03563, 1675.0, 0.245, 0.5018, 0.0636, 2.091e-05]
Cost = 501
----- Optimized Parameters (2 sig. digits) -----
[0.4144, 2262.0, 0.1749, 0.03563, 1675.0, 0.245, 0.5018, 0.0636, 2.091e-05]
Cost = 501
----- Optimized Parameters (2 sig. digits) -----
[0.4144, 2262.0, 0.1749, 0.03563, 1675.0, 0.245, 0.5018, 0.0636, 2.092e-05]
Cost = 500
----- Optimized Parameters (2 sig. digits) -----
[0.4056, 2262.0, 0.2018, 0.03565, 1675.0, 0.2432, 0.5015, 0.03552, 2.625e-05]
Cost = 511
----- Optimized Parameters (2 sig. digits) -----
[0.413, 2262.0, 0.1803, 0.03563, 1675.0, 0.2447, 0.5017, 0.05509, 2.32e-05]
Cost = 487
----- Optimized Parameters (2 sig. digits) -----
[0.413, 2262.0, 0.1803, 0.03563, 1675.0, 0.2447, 0.5017, 0.05509, 2.32e-05]
Cost = 487
----- Optimized Parameters (2 sig. digits) -----
[0.413, 2262.0, 0.1803, 0.03563, 1675.0, 0.2447, 0.5017, 0.05509, 2.32e-05]
Cost = 487
----- Optimized Parameters (2 sig. digits) -----
[0.413, 2262.0, 0.1803, 0.03563, 1675.0, 0.2447, 0.5017, 0.05509, 2.32e-05]
Cost = 487
----- Optimized Parameters (2 sig. digits) -----
[0.413, 2262.0, 0.1803, 0.03563, 1675.0, 0.2447, 0.5017, 0.05509, 2.32e-05]
Cost = 487
----- Optimized Parameters (2 sig. digits) -----
[0.413, 2262.0, 0.1803, 0.03563, 1675.0, 0.2447, 0.5017, 0.05509, 2.32e-05]
Cost = 487
----- Optimized Parameters (2 sig. digits) -----
[0.413, 2262.0, 0.1803, 0.03563, 1675.0, 0.2447, 0.5017, 0.05509, 2.32e-05]
Cost = 487
----- Optimized Parameters (2 sig. digits) -----
[0.413, 2262.0, 0.1803, 0.03563, 1675.0, 0.2447, 0.5017, 0.05509, 2.32e-05]
Cost = 487
----- Optimized Parameters (2 sig. digits) -----
[0.413, 2262.0, 0.1803, 0.03563, 1675.0, 0.2447, 0.5017, 0.05509, 2.32e-05]
Cost = 487
----- Optimized Parameters (2 sig. digits) -----
[0.413, 2262.0, 0.1803, 0.03563, 1675.0, 0.2447, 0.5017, 0.05509, 2.321e-05]
Cost = 487
----- Optimized Parameters (2 sig. digits) -----
[0.41, 2262.0, 0.1921, 0.03565, 1675.0, 0.2433, 0.5017, 0.0392, 2.776e-05]
Cost = 471
----- Optimized Parameters (2 sig. digits) -----
[0.41, 2262.0, 0.1921, 0.03565, 1675.0, 0.2433, 0.5017, 0.0392, 2.776e-05]
Cost = 471
----- Optimized Parameters (2 sig. digits) -----
[0.41, 2262.0, 0.1921, 0.03565, 1675.0, 0.2433, 0.5017, 0.0392, 2.776e-05]
Cost = 471
----- Optimized Parameters (2 sig. digits) -----
[0.41, 2262.0, 0.1921, 0.03565, 1675.0, 0.2433, 0.5017, 0.0392, 2.776e-05]
Cost = 471
----- Optimized Parameters (2 sig. digits) -----
[0.41, 2262.0, 0.1921, 0.03565, 1675.0, 0.2433, 0.5017, 0.0392, 2.776e-05]
Cost = 471
----- Optimized Parameters (2 sig. digits) -----
[0.41, 2262.0, 0.1921, 0.03565, 1675.0, 0.2433, 0.5017, 0.0392, 2.776e-05]
Cost = 471
----- Optimized Parameters (2 sig. digits) -----
[0.41, 2262.0, 0.1921, 0.03565, 1675.0, 0.2433, 0.5017, 0.0392, 2.776e-05]
Cost = 471
----- Optimized Parameters (2 sig. digits) -----
[0.41, 2262.0, 0.1921, 0.03565, 1675.0, 0.2433, 0.5017, 0.0392, 2.776e-05]
Cost = 471
----- Optimized Parameters (2 sig. digits) -----
[0.41, 2262.0, 0.1921, 0.03565, 1675.0, 0.2433, 0.5017, 0.0392, 2.776e-05]
Cost = 471
----- Optimized Parameters (2 sig. digits) -----
[0.41, 2262.0, 0.1921, 0.03565, 1675.0, 0.2433, 0.5017, 0.0392, 2.778e-05]
Cost = 471
----- Optimized Parameters (2 sig. digits) -----
[0.4043, 2262.0, 0.2068, 0.03564, 1675.0, 0.2427, 0.5015, 0.02749, 3.397e-05]
Cost = 439
----- Optimized Parameters (2 sig. digits) -----
[0.4043, 2262.0, 0.2068, 0.03564, 1675.0, 0.2427, 0.5015, 0.02749, 3.397e-05]
Cost = 439
----- Optimized Parameters (2 sig. digits) -----
[0.4043, 2262.0, 0.2068, 0.03564, 1675.0, 0.2427, 0.5015, 0.02749, 3.397e-05]
Cost = 439
----- Optimized Parameters (2 sig. digits) -----
[0.4043, 2262.0, 0.2068, 0.03564, 1675.0, 0.2427, 0.5015, 0.02749, 3.397e-05]
Cost = 439
----- Optimized Parameters (2 sig. digits) -----
[0.4043, 2262.0, 0.2068, 0.03564, 1675.0, 0.2427, 0.5015, 0.02749, 3.397e-05]
Cost = 439
----- Optimized Parameters (2 sig. digits) -----
[0.4043, 2262.0, 0.2068, 0.03564, 1675.0, 0.2427, 0.5015, 0.02749, 3.397e-05]
Cost = 439
----- Optimized Parameters (2 sig. digits) -----
[0.4043, 2262.0, 0.2068, 0.03564, 1675.0, 0.2427, 0.5015, 0.02749, 3.397e-05]
Cost = 439
----- Optimized Parameters (2 sig. digits) -----
[0.4043, 2262.0, 0.2068, 0.03564, 1675.0, 0.2427, 0.5015, 0.02749, 3.397e-05]
Cost = 439
----- Optimized Parameters (2 sig. digits) -----
[0.4043, 2262.0, 0.2068, 0.03564, 1675.0, 0.2427, 0.5015, 0.02749, 3.397e-05]
Cost = 439
----- Optimized Parameters (2 sig. digits) -----
[0.4043, 2262.0, 0.2068, 0.03564, 1675.0, 0.2427, 0.5015, 0.02749, 3.399e-05]
Cost = 439
----- Optimized Parameters (2 sig. digits) -----
[0.3887, 2262.0, 0.2389, 0.03561, 1675.0, 0.2419, 0.5011, 0.0157, 4.181e-05]
Cost = 394
----- Optimized Parameters (2 sig. digits) -----
[0.3887, 2262.0, 0.2389, 0.03561, 1675.0, 0.2419, 0.5011, 0.0157, 4.181e-05]
Cost = 394
----- Optimized Parameters (2 sig. digits) -----
[0.3887, 2262.0, 0.2389, 0.03561, 1675.0, 0.2419, 0.5011, 0.0157, 4.181e-05]
Cost = 394
----- Optimized Parameters (2 sig. digits) -----
[0.3887, 2262.0, 0.2389, 0.03561, 1675.0, 0.2419, 0.5011, 0.0157, 4.181e-05]
Cost = 394
----- Optimized Parameters (2 sig. digits) -----
[0.3887, 2262.0, 0.2389, 0.03561, 1675.0, 0.2419, 0.5011, 0.0157, 4.181e-05]
Cost = 394
----- Optimized Parameters (2 sig. digits) -----
[0.3887, 2262.0, 0.2389, 0.03561, 1675.0, 0.2419, 0.5011, 0.0157, 4.181e-05]
Cost = 394
----- Optimized Parameters (2 sig. digits) -----
[0.3887, 2262.0, 0.2389, 0.03561, 1675.0, 0.2419, 0.5011, 0.0157, 4.181e-05]
Cost = 394
----- Optimized Parameters (2 sig. digits) -----
[0.3887, 2262.0, 0.2389, 0.03561, 1675.0, 0.2419, 0.5011, 0.0157, 4.181e-05]
Cost = 394
----- Optimized Parameters (2 sig. digits) -----
[0.3887, 2262.0, 0.2389, 0.03561, 1675.0, 0.2419, 0.5011, 0.0157, 4.181e-05]
Cost = 394
----- Optimized Parameters (2 sig. digits) -----
[0.3887, 2262.0, 0.2389, 0.03561, 1675.0, 0.2419, 0.5011, 0.0157, 4.183e-05]
Cost = 394
----- Optimized Parameters (2 sig. digits) -----
[0.3687, 2262.0, 0.2688, 0.03553, 1675.0, 0.2413, 0.5005, 0.0112, 4.833e-05]
Cost = 296
----- Optimized Parameters (2 sig. digits) -----
[0.3687, 2262.0, 0.2688, 0.03553, 1675.0, 0.2413, 0.5005, 0.0112, 4.833e-05]
Cost = 296
----- Optimized Parameters (2 sig. digits) -----
[0.3687, 2262.0, 0.2688, 0.03553, 1675.0, 0.2413, 0.5005, 0.0112, 4.833e-05]
Cost = 296
----- Optimized Parameters (2 sig. digits) -----
[0.3687, 2262.0, 0.2688, 0.03553, 1675.0, 0.2413, 0.5005, 0.0112, 4.833e-05]
Cost = 296
----- Optimized Parameters (2 sig. digits) -----
[0.3687, 2262.0, 0.2688, 0.03553, 1675.0, 0.2413, 0.5005, 0.0112, 4.833e-05]
Cost = 296
----- Optimized Parameters (2 sig. digits) -----
[0.3687, 2262.0, 0.2688, 0.03553, 1675.0, 0.2413, 0.5005, 0.0112, 4.833e-05]
Cost = 296
----- Optimized Parameters (2 sig. digits) -----
[0.3687, 2262.0, 0.2688, 0.03553, 1675.0, 0.2413, 0.5005, 0.0112, 4.833e-05]
Cost = 296
----- Optimized Parameters (2 sig. digits) -----
[0.3687, 2262.0, 0.2688, 0.03553, 1675.0, 0.2413, 0.5005, 0.0112, 4.833e-05]
Cost = 296
----- Optimized Parameters (2 sig. digits) -----
[0.3687, 2262.0, 0.2688, 0.03553, 1675.0, 0.2413, 0.5005, 0.0112, 4.833e-05]
Cost = 296
----- Optimized Parameters (2 sig. digits) -----
[0.3687, 2262.0, 0.2688, 0.03553, 1675.0, 0.2413, 0.5005, 0.0112, 4.835e-05]
Cost = 296
----- Optimized Parameters (2 sig. digits) -----
[0.3579, 2262.0, 0.2836, 0.03548, 1675.0, 0.2393, 0.5007, 0.01038, 5.076e-05]
Cost = 264
----- Optimized Parameters (2 sig. digits) -----
[0.3579, 2262.0, 0.2836, 0.03548, 1675.0, 0.2393, 0.5007, 0.01038, 5.076e-05]
Cost = 264
----- Optimized Parameters (2 sig. digits) -----
[0.3579, 2262.0, 0.2836, 0.03548, 1675.0, 0.2393, 0.5007, 0.01038, 5.076e-05]
Cost = 264
----- Optimized Parameters (2 sig. digits) -----
[0.3579, 2262.0, 0.2836, 0.03548, 1675.0, 0.2393, 0.5007, 0.01038, 5.076e-05]
Cost = 264
----- Optimized Parameters (2 sig. digits) -----
[0.3579, 2262.0, 0.2836, 0.03548, 1675.0, 0.2393, 0.5007, 0.01038, 5.076e-05]
Cost = 264
----- Optimized Parameters (2 sig. digits) -----
[0.3579, 2262.0, 0.2836, 0.03548, 1675.0, 0.2393, 0.5007, 0.01038, 5.076e-05]
Cost = 264
----- Optimized Parameters (2 sig. digits) -----
[0.3579, 2262.0, 0.2836, 0.03548, 1675.0, 0.2393, 0.5007, 0.01038, 5.076e-05]
Cost = 264
----- Optimized Parameters (2 sig. digits) -----
[0.3579, 2262.0, 0.2836, 0.03548, 1675.0, 0.2393, 0.5007, 0.01038, 5.076e-05]
Cost = 264
----- Optimized Parameters (2 sig. digits) -----
[0.3579, 2262.0, 0.2836, 0.03548, 1675.0, 0.2393, 0.5007, 0.01038, 5.076e-05]
Cost = 264
----- Optimized Parameters (2 sig. digits) -----
[0.3579, 2262.0, 0.2836, 0.03548, 1675.0, 0.2393, 0.5007, 0.01038, 5.078e-05]
Cost = 264
----- Optimized Parameters (2 sig. digits) -----
[0.3409, 2262.0, 0.3453, 0.03414, 1675.0, 0.227, 0.4891, 0.01005, 3.536e-05]
Cost = 240
----- Optimized Parameters (2 sig. digits) -----
[0.3409, 2262.0, 0.3453, 0.03414, 1675.0, 0.227, 0.4891, 0.01005, 3.536e-05]
Cost = 240
----- Optimized Parameters (2 sig. digits) -----
[0.3409, 2262.0, 0.3453, 0.03414, 1675.0, 0.227, 0.4891, 0.01005, 3.536e-05]
Cost = 240
----- Optimized Parameters (2 sig. digits) -----
[0.3409, 2262.0, 0.3453, 0.03414, 1675.0, 0.227, 0.4891, 0.01005, 3.536e-05]
Cost = 240
----- Optimized Parameters (2 sig. digits) -----
[0.3409, 2262.0, 0.3453, 0.03414, 1675.0, 0.227, 0.4891, 0.01005, 3.536e-05]
Cost = 240
----- Optimized Parameters (2 sig. digits) -----
[0.3409, 2262.0, 0.3453, 0.03414, 1675.0, 0.227, 0.4891, 0.01005, 3.536e-05]
Cost = 240
----- Optimized Parameters (2 sig. digits) -----
[0.3409, 2262.0, 0.3453, 0.03414, 1675.0, 0.227, 0.4891, 0.01005, 3.536e-05]
Cost = 240
----- Optimized Parameters (2 sig. digits) -----
[0.3409, 2262.0, 0.3453, 0.03414, 1675.0, 0.227, 0.4891, 0.01005, 3.536e-05]
Cost = 240
----- Optimized Parameters (2 sig. digits) -----
[0.3409, 2262.0, 0.3453, 0.03414, 1675.0, 0.227, 0.4891, 0.01005, 3.536e-05]
Cost = 240
----- Optimized Parameters (2 sig. digits) -----
[0.3409, 2262.0, 0.3453, 0.03414, 1675.0, 0.227, 0.4891, 0.01005, 3.537e-05]
Cost = 240
----- Optimized Parameters (2 sig. digits) -----
[0.3409, 2262.0, 0.3454, 0.03414, 1675.0, 0.227, 0.4891, 0.01008, 3.777e-05]
Cost = 228
----- Optimized Parameters (2 sig. digits) -----
[0.3409, 2262.0, 0.3454, 0.03414, 1675.0, 0.227, 0.4891, 0.01008, 3.777e-05]
Cost = 228
----- Optimized Parameters (2 sig. digits) -----
[0.3409, 2262.0, 0.3454, 0.03414, 1675.0, 0.227, 0.4891, 0.01008, 3.777e-05]
Cost = 228
----- Optimized Parameters (2 sig. digits) -----
[0.3409, 2262.0, 0.3454, 0.03414, 1675.0, 0.227, 0.4891, 0.01008, 3.777e-05]
Cost = 228
----- Optimized Parameters (2 sig. digits) -----
[0.3409, 2262.0, 0.3454, 0.03414, 1675.0, 0.227, 0.4891, 0.01008, 3.777e-05]
Cost = 228
----- Optimized Parameters (2 sig. digits) -----
[0.3409, 2262.0, 0.3454, 0.03414, 1675.0, 0.227, 0.4891, 0.01008, 3.777e-05]
Cost = 228
----- Optimized Parameters (2 sig. digits) -----
[0.3409, 2262.0, 0.3454, 0.03414, 1675.0, 0.227, 0.4891, 0.01008, 3.777e-05]
Cost = 228
----- Optimized Parameters (2 sig. digits) -----
[0.3409, 2262.0, 0.3454, 0.03414, 1675.0, 0.227, 0.4891, 0.01008, 3.777e-05]
Cost = 228
----- Optimized Parameters (2 sig. digits) -----
[0.3409, 2262.0, 0.3454, 0.03414, 1675.0, 0.227, 0.4891, 0.01008, 3.777e-05]
Cost = 228
----- Optimized Parameters (2 sig. digits) -----
[0.3409, 2262.0, 0.3454, 0.03414, 1675.0, 0.227, 0.4891, 0.01008, 3.778e-05]
Cost = 228
----- Optimized Parameters (2 sig. digits) -----
[0.3409, 2262.0, 0.3454, 0.03414, 1675.0, 0.227, 0.4891, 0.01008, 3.777e-05]
Cost = 228
----- Optimized Parameters (2 sig. digits) -----
[0.3409, 2262.0, 0.3454, 0.03414, 1675.0, 0.227, 0.4891, 0.01008, 3.777e-05]
Cost = 228
----- Optimized Parameters (2 sig. digits) -----
[0.3409, 2262.0, 0.3454, 0.03414, 1675.0, 0.227, 0.4891, 0.01008, 3.777e-05]
Cost = 228
----- Optimized Parameters (2 sig. digits) -----
[0.3409, 2262.0, 0.3454, 0.03414, 1675.0, 0.227, 0.4891, 0.01008, 3.777e-05]
Cost = 228
----- Optimized Parameters (2 sig. digits) -----
[0.3409, 2262.0, 0.3454, 0.03414, 1675.0, 0.227, 0.4891, 0.01008, 3.777e-05]
Cost = 228
----- Optimized Parameters (2 sig. digits) -----
[0.3409, 2262.0, 0.3454, 0.03414, 1675.0, 0.227, 0.4891, 0.01008, 3.777e-05]
Cost = 228
----- Optimized Parameters (2 sig. digits) -----
[0.3409, 2262.0, 0.3454, 0.03414, 1675.0, 0.227, 0.4891, 0.01008, 3.777e-05]
Cost = 228
----- Optimized Parameters (2 sig. digits) -----
[0.3409, 2262.0, 0.3454, 0.03414, 1675.0, 0.227, 0.4891, 0.01008, 3.777e-05]
Cost = 228
----- Optimized Parameters (2 sig. digits) -----
[0.3409, 2262.0, 0.3454, 0.03414, 1675.0, 0.227, 0.4891, 0.01008, 3.777e-05]
Cost = 228
----- Optimized Parameters (2 sig. digits) -----
[0.3409, 2262.0, 0.3454, 0.03414, 1675.0, 0.227, 0.4891, 0.01008, 3.777e-05]
Cost = 228
----- Optimized Parameters (2 sig. digits) -----
[0.3409, 2262.0, 0.3454, 0.03414, 1675.0, 0.227, 0.4891, 0.01008, 3.778e-05]
Cost = 228
----- Optimized Parameters (2 sig. digits) -----
[0.4022, 1249.0, 0.4377, 0.02823, 1969.0, 0.2003, 0.3596, 0.01004, 5.457e-05]
Cost = 200
----- Optimized Parameters (2 sig. digits) -----
[0.4022, 1249.0, 0.4377, 0.02823, 1969.0, 0.2003, 0.3596, 0.01004, 5.457e-05]
Cost = 200
----- Optimized Parameters (2 sig. digits) -----
[0.4022, 1249.0, 0.4377, 0.02823, 1969.0, 0.2003, 0.3596, 0.01004, 5.457e-05]
Cost = 200
----- Optimized Parameters (2 sig. digits) -----
[0.4022, 1249.0, 0.4377, 0.02823, 1969.0, 0.2003, 0.3596, 0.01004, 5.457e-05]
Cost = 200
----- Optimized Parameters (2 sig. digits) -----
[0.4022, 1249.0, 0.4377, 0.02823, 1969.0, 0.2003, 0.3596, 0.01004, 5.457e-05]
Cost = 200
----- Optimized Parameters (2 sig. digits) -----
[0.4022, 1249.0, 0.4377, 0.02823, 1969.0, 0.2003, 0.3596, 0.01004, 5.457e-05]
Cost = 200
----- Optimized Parameters (2 sig. digits) -----
[0.4022, 1249.0, 0.4377, 0.02823, 1969.0, 0.2003, 0.3596, 0.01004, 5.457e-05]
Cost = 200
----- Optimized Parameters (2 sig. digits) -----
[0.4022, 1249.0, 0.4377, 0.02823, 1969.0, 0.2003, 0.3596, 0.01004, 5.457e-05]
Cost = 200
----- Optimized Parameters (2 sig. digits) -----
[0.4022, 1249.0, 0.4377, 0.02823, 1969.0, 0.2003, 0.3596, 0.01004, 5.457e-05]
Cost = 200
----- Optimized Parameters (2 sig. digits) -----
[0.4022, 1249.0, 0.4377, 0.02823, 1969.0, 0.2003, 0.3596, 0.01004, 5.458e-05]
Cost = 200
----- Optimized Parameters (2 sig. digits) -----
[0.4022, 1249.0, 0.4377, 0.02823, 1969.0, 0.2003, 0.3596, 0.0101, 5.668e-05]
Cost = 196
----- Optimized Parameters (2 sig. digits) -----
[0.4022, 1249.0, 0.4377, 0.02823, 1969.0, 0.2003, 0.3596, 0.0101, 5.668e-05]
Cost = 196
----- Optimized Parameters (2 sig. digits) -----
[0.4022, 1249.0, 0.4377, 0.02823, 1969.0, 0.2003, 0.3596, 0.0101, 5.668e-05]
Cost = 196
----- Optimized Parameters (2 sig. digits) -----
[0.4022, 1249.0, 0.4377, 0.02823, 1969.0, 0.2003, 0.3596, 0.0101, 5.668e-05]
Cost = 196
----- Optimized Parameters (2 sig. digits) -----
[0.4022, 1249.0, 0.4377, 0.02823, 1969.0, 0.2003, 0.3596, 0.0101, 5.668e-05]
Cost = 196
----- Optimized Parameters (2 sig. digits) -----
[0.4022, 1249.0, 0.4377, 0.02823, 1969.0, 0.2003, 0.3596, 0.0101, 5.668e-05]
Cost = 196
----- Optimized Parameters (2 sig. digits) -----
[0.4022, 1249.0, 0.4377, 0.02823, 1969.0, 0.2003, 0.3596, 0.0101, 5.668e-05]
Cost = 196
----- Optimized Parameters (2 sig. digits) -----
[0.4022, 1249.0, 0.4377, 0.02823, 1969.0, 0.2003, 0.3596, 0.0101, 5.668e-05]
Cost = 196
----- Optimized Parameters (2 sig. digits) -----
[0.4022, 1249.0, 0.4377, 0.02823, 1969.0, 0.2003, 0.3596, 0.0101, 5.668e-05]
Cost = 196
----- Optimized Parameters (2 sig. digits) -----
[0.4022, 1249.0, 0.4377, 0.02823, 1969.0, 0.2003, 0.3596, 0.0101, 5.67e-05]
Cost = 196
----- Optimized Parameters (2 sig. digits) -----
[0.4053, 302.6, 0.457, 0.02757, 1965.0, 0.2015, 0.3366, 0.01007, 6.309e-05]
Cost = 186
----- Optimized Parameters (2 sig. digits) -----
[0.4053, 302.6, 0.457, 0.02757, 1965.0, 0.2015, 0.3366, 0.01007, 6.309e-05]
Cost = 186
----- Optimized Parameters (2 sig. digits) -----
[0.4053, 302.6, 0.457, 0.02757, 1965.0, 0.2015, 0.3366, 0.01007, 6.309e-05]
Cost = 186
----- Optimized Parameters (2 sig. digits) -----
[0.4053, 302.6, 0.457, 0.02757, 1965.0, 0.2015, 0.3366, 0.01007, 6.309e-05]
Cost = 186
----- Optimized Parameters (2 sig. digits) -----
[0.4053, 302.6, 0.457, 0.02757, 1965.0, 0.2015, 0.3366, 0.01007, 6.309e-05]
Cost = 186
----- Optimized Parameters (2 sig. digits) -----
[0.4053, 302.6, 0.457, 0.02757, 1965.0, 0.2015, 0.3366, 0.01007, 6.309e-05]
Cost = 186
----- Optimized Parameters (2 sig. digits) -----
[0.4053, 302.6, 0.457, 0.02757, 1965.0, 0.2015, 0.3366, 0.01007, 6.309e-05]
Cost = 186
----- Optimized Parameters (2 sig. digits) -----
[0.4053, 302.6, 0.457, 0.02757, 1965.0, 0.2015, 0.3366, 0.01007, 6.309e-05]
Cost = 186
----- Optimized Parameters (2 sig. digits) -----
[0.4053, 302.6, 0.457, 0.02757, 1965.0, 0.2015, 0.3366, 0.01007, 6.309e-05]
Cost = 186
----- Optimized Parameters (2 sig. digits) -----
[0.4053, 302.6, 0.457, 0.02757, 1965.0, 0.2015, 0.3366, 0.01007, 6.311e-05]
Cost = 186
----- Optimized Parameters (2 sig. digits) -----
[0.4053, 302.6, 0.4571, 0.02757, 1965.0, 0.2016, 0.3366, 0.01007, 6.371e-05]
Cost = 186
----- Optimized Parameters (2 sig. digits) -----
[0.4053, 302.6, 0.4571, 0.02757, 1965.0, 0.2016, 0.3366, 0.01007, 6.371e-05]
Cost = 186
----- Optimized Parameters (2 sig. digits) -----
[0.4053, 302.6, 0.4571, 0.02757, 1965.0, 0.2016, 0.3366, 0.01007, 6.371e-05]
Cost = 186
----- Optimized Parameters (2 sig. digits) -----
[0.4053, 302.6, 0.4571, 0.02757, 1965.0, 0.2016, 0.3366, 0.01007, 6.371e-05]
Cost = 186
----- Optimized Parameters (2 sig. digits) -----
[0.4053, 302.6, 0.4571, 0.02757, 1965.0, 0.2016, 0.3366, 0.01007, 6.371e-05]
Cost = 186
----- Optimized Parameters (2 sig. digits) -----
[0.4053, 302.6, 0.4571, 0.02757, 1965.0, 0.2016, 0.3366, 0.01007, 6.371e-05]
Cost = 186
----- Optimized Parameters (2 sig. digits) -----
[0.4053, 302.6, 0.4571, 0.02757, 1965.0, 0.2016, 0.3366, 0.01007, 6.371e-05]
Cost = 186
----- Optimized Parameters (2 sig. digits) -----
[0.4053, 302.6, 0.4571, 0.02757, 1965.0, 0.2016, 0.3366, 0.01007, 6.371e-05]
Cost = 186
----- Optimized Parameters (2 sig. digits) -----
[0.4053, 302.6, 0.4571, 0.02757, 1965.0, 0.2016, 0.3366, 0.01007, 6.371e-05]
Cost = 186
----- Optimized Parameters (2 sig. digits) -----
[0.4053, 302.6, 0.4571, 0.02757, 1965.0, 0.2016, 0.3366, 0.01007, 6.372e-05]
Cost = 186
----- Optimized Parameters (2 sig. digits) -----
[0.4053, 302.6, 0.4571, 0.02757, 1965.0, 0.2016, 0.3366, 0.01007, 6.371e-05]
Cost = 186
----- Optimized Parameters (2 sig. digits) -----
[0.661, 2285.0, 0.1449, 0.02157, 602.9, 0.1101, 0.1888, 0.9948, 0.0001307]
Cost = 6.21e+04
----- Optimized Parameters (2 sig. digits) -----
[0.5613, 6857.0, 0.7082, 0.4038, 1328.0, 0.5848, 0.6663, 0.6483, 0.0001341]
Cost = 6.46e+04
----- Optimized Parameters (2 sig. digits) -----
[0.9516, 6065.0, 0.1863, 0.55, 850.9, 0.558, 0.7091, 0.2058, 6.008e-05]
Cost = 4.53e+04
----- Optimized Parameters (2 sig. digits) -----
[0.9516, 6065.0, 0.1863, 0.55, 850.9, 0.558, 0.7091, 0.2058, 6.008e-05]
Cost = 4.53e+04
----- Optimized Parameters (2 sig. digits) -----
[0.9516, 6065.0, 0.1863, 0.55, 850.9, 0.558, 0.7091, 0.2058, 6.008e-05]
Cost = 4.53e+04
----- Optimized Parameters (2 sig. digits) -----
[0.9516, 6065.0, 0.1863, 0.55, 850.9, 0.558, 0.7091, 0.2058, 6.008e-05]
Cost = 4.53e+04
----- Optimized Parameters (2 sig. digits) -----
[0.9516, 6065.0, 0.1863, 0.55, 850.9, 0.558, 0.7091, 0.2058, 6.008e-05]
Cost = 4.53e+04
----- Optimized Parameters (2 sig. digits) -----
[0.9516, 6065.0, 0.1863, 0.55, 850.9, 0.558, 0.7091, 0.2058, 6.008e-05]
Cost = 4.53e+04
----- Optimized Parameters (2 sig. digits) -----
[0.9516, 6065.0, 0.1863, 0.55, 850.9, 0.558, 0.7091, 0.2058, 6.008e-05]
Cost = 4.53e+04
----- Optimized Parameters (2 sig. digits) -----
[0.9516, 6065.0, 0.1863, 0.55, 850.9, 0.558, 0.7091, 0.2058, 6.008e-05]
Cost = 4.53e+04
----- Optimized Parameters (2 sig. digits) -----
[0.9516, 6065.0, 0.1863, 0.55, 850.9, 0.558, 0.7091, 0.2058, 6.008e-05]
Cost = 4.53e+04
----- Optimized Parameters (2 sig. digits) -----
[0.9516, 6065.0, 0.1863, 0.55, 850.9, 0.558, 0.7091, 0.2058, 6.008e-05]
Cost = 4.53e+04
----- Optimized Parameters (2 sig. digits) -----
[0.9516, 6065.0, 0.1863, 0.55, 850.9, 0.558, 0.7091, 0.2058, 6.009e-05]
Cost = 4.53e+04
----- Optimized Parameters (2 sig. digits) -----
[0.4641, 3523.0, 0.1094, 0.7543, 1356.0, 0.3128, 0.8389, 0.1174, 3.31e-05]
Cost = 5.63e+03
----- Optimized Parameters (2 sig. digits) -----
[0.4641, 3523.0, 0.1094, 0.7543, 1356.0, 0.3128, 0.8389, 0.1174, 3.31e-05]
Cost = 5.63e+03
----- Optimized Parameters (2 sig. digits) -----
[0.4641, 3523.0, 0.1094, 0.7543, 1356.0, 0.3128, 0.8389, 0.1174, 3.31e-05]
Cost = 5.63e+03
----- Optimized Parameters (2 sig. digits) -----
[0.4641, 3523.0, 0.1094, 0.7543, 1356.0, 0.3128, 0.8389, 0.1174, 3.31e-05]
Cost = 5.63e+03
----- Optimized Parameters (2 sig. digits) -----
[0.4641, 3523.0, 0.1094, 0.7543, 1356.0, 0.3128, 0.8389, 0.1174, 3.31e-05]
Cost = 5.63e+03
----- Optimized Parameters (2 sig. digits) -----
[0.4641, 3523.0, 0.1094, 0.7543, 1356.0, 0.3128, 0.8389, 0.1174, 3.31e-05]
Cost = 5.63e+03
----- Optimized Parameters (2 sig. digits) -----
[0.4641, 3523.0, 0.1094, 0.7543, 1356.0, 0.3128, 0.8389, 0.1174, 3.31e-05]
Cost = 5.63e+03
----- Optimized Parameters (2 sig. digits) -----
[0.4641, 3523.0, 0.1094, 0.7543, 1356.0, 0.3128, 0.8389, 0.1174, 3.31e-05]
Cost = 5.63e+03
----- Optimized Parameters (2 sig. digits) -----
[0.4641, 3523.0, 0.1094, 0.7543, 1356.0, 0.3128, 0.8389, 0.1174, 3.31e-05]
Cost = 5.63e+03
----- Optimized Parameters (2 sig. digits) -----
[0.4641, 3523.0, 0.1094, 0.7543, 1356.0, 0.3128, 0.8389, 0.1174, 3.312e-05]
Cost = 5.63e+03
----- Optimized Parameters (2 sig. digits) -----
[0.386, 3113.0, 0.09947, 0.7815, 1437.0, 0.2749, 0.8589, 0.1039, 2.909e-05]
Cost = 731
----- Optimized Parameters (2 sig. digits) -----
[0.386, 3113.0, 0.09947, 0.7815, 1437.0, 0.2749, 0.8589, 0.1039, 2.909e-05]
Cost = 731
----- Optimized Parameters (2 sig. digits) -----
[0.386, 3113.0, 0.09947, 0.7815, 1437.0, 0.2749, 0.8589, 0.1039, 2.909e-05]
Cost = 731
----- Optimized Parameters (2 sig. digits) -----
[0.386, 3113.0, 0.09947, 0.7815, 1437.0, 0.2749, 0.8589, 0.1039, 2.909e-05]
Cost = 731
----- Optimized Parameters (2 sig. digits) -----
[0.386, 3113.0, 0.09947, 0.7815, 1437.0, 0.2749, 0.8589, 0.1039, 2.909e-05]
Cost = 731
----- Optimized Parameters (2 sig. digits) -----
[0.386, 3113.0, 0.09947, 0.7815, 1437.0, 0.2749, 0.8589, 0.1039, 2.909e-05]
Cost = 731
----- Optimized Parameters (2 sig. digits) -----
[0.386, 3113.0, 0.09947, 0.7815, 1437.0, 0.2749, 0.8589, 0.1039, 2.909e-05]
Cost = 731
----- Optimized Parameters (2 sig. digits) -----
[0.386, 3113.0, 0.09947, 0.7815, 1437.0, 0.2749, 0.8589, 0.1039, 2.909e-05]
Cost = 731
----- Optimized Parameters (2 sig. digits) -----
[0.386, 3113.0, 0.09947, 0.7815, 1437.0, 0.2749, 0.8589, 0.1039, 2.909e-05]
Cost = 731
----- Optimized Parameters (2 sig. digits) -----
[0.386, 3113.0, 0.09947, 0.7815, 1437.0, 0.2749, 0.8589, 0.1039, 2.911e-05]
Cost = 732
----- Optimized Parameters (2 sig. digits) -----
[0.3844, 2961.0, 0.09873, 0.7866, 1456.0, 0.2664, 0.8626, 0.09877, 2.819e-05]
Cost = 494
----- Optimized Parameters (2 sig. digits) -----
[0.3844, 2961.0, 0.09873, 0.7866, 1456.0, 0.2664, 0.8626, 0.09877, 2.819e-05]
Cost = 494
----- Optimized Parameters (2 sig. digits) -----
[0.3844, 2961.0, 0.09873, 0.7866, 1456.0, 0.2664, 0.8626, 0.09877, 2.819e-05]
Cost = 494
----- Optimized Parameters (2 sig. digits) -----
[0.3844, 2961.0, 0.09873, 0.7866, 1456.0, 0.2664, 0.8626, 0.09877, 2.819e-05]
Cost = 494
----- Optimized Parameters (2 sig. digits) -----
[0.3844, 2961.0, 0.09873, 0.7866, 1456.0, 0.2664, 0.8626, 0.09877, 2.819e-05]
Cost = 494
----- Optimized Parameters (2 sig. digits) -----
[0.3844, 2961.0, 0.09873, 0.7866, 1456.0, 0.2664, 0.8626, 0.09877, 2.819e-05]
Cost = 494
----- Optimized Parameters (2 sig. digits) -----
[0.3844, 2961.0, 0.09873, 0.7866, 1456.0, 0.2664, 0.8626, 0.09877, 2.819e-05]
Cost = 494
----- Optimized Parameters (2 sig. digits) -----
[0.3844, 2961.0, 0.09873, 0.7866, 1456.0, 0.2664, 0.8626, 0.09877, 2.819e-05]
Cost = 494
----- Optimized Parameters (2 sig. digits) -----
[0.3844, 2961.0, 0.09873, 0.7866, 1456.0, 0.2664, 0.8626, 0.09877, 2.819e-05]
Cost = 494
----- Optimized Parameters (2 sig. digits) -----
[0.3844, 2961.0, 0.09873, 0.7866, 1456.0, 0.2664, 0.8626, 0.09877, 2.82e-05]
Cost = 494
----- Optimized Parameters (2 sig. digits) -----
[0.3882, 2715.0, 0.1192, 0.7751, 1456.0, 0.2671, 0.8572, 0.08967, 2.828e-05]
Cost = 479
----- Optimized Parameters (2 sig. digits) -----
[0.3882, 2715.0, 0.1192, 0.7751, 1456.0, 0.2671, 0.8572, 0.08967, 2.828e-05]
Cost = 479
----- Optimized Parameters (2 sig. digits) -----
[0.3882, 2715.0, 0.1192, 0.7751, 1456.0, 0.2671, 0.8572, 0.08967, 2.828e-05]
Cost = 479
----- Optimized Parameters (2 sig. digits) -----
[0.3882, 2715.0, 0.1192, 0.7751, 1456.0, 0.2671, 0.8572, 0.08967, 2.828e-05]
Cost = 479
----- Optimized Parameters (2 sig. digits) -----
[0.3882, 2715.0, 0.1192, 0.7751, 1456.0, 0.2671, 0.8572, 0.08967, 2.828e-05]
Cost = 479
----- Optimized Parameters (2 sig. digits) -----
[0.3882, 2715.0, 0.1192, 0.7751, 1456.0, 0.2671, 0.8572, 0.08967, 2.828e-05]
Cost = 479
----- Optimized Parameters (2 sig. digits) -----
[0.3882, 2715.0, 0.1192, 0.7751, 1456.0, 0.2671, 0.8572, 0.08967, 2.828e-05]
Cost = 479
----- Optimized Parameters (2 sig. digits) -----
[0.3882, 2715.0, 0.1192, 0.7751, 1456.0, 0.2671, 0.8572, 0.08967, 2.828e-05]
Cost = 479
----- Optimized Parameters (2 sig. digits) -----
[0.3882, 2715.0, 0.1192, 0.7751, 1456.0, 0.2671, 0.8572, 0.08967, 2.828e-05]
Cost = 479
----- Optimized Parameters (2 sig. digits) -----
[0.3882, 2715.0, 0.1192, 0.7751, 1456.0, 0.2671, 0.8572, 0.08967, 2.829e-05]
Cost = 479
----- Optimized Parameters (2 sig. digits) -----
[0.4368, 312.1, 0.4193, 0.6771, 1474.0, 0.2675, 0.7075, 0.01857, 1.823e-05]
Cost = 590
----- Optimized Parameters (2 sig. digits) -----
[0.5243, 2320.0, 0.4137, 0.7133, 1498.0, 0.2421, 0.73, 0.0104, 7.848e-06]
Cost = 2.7e+03
----- Optimized Parameters (2 sig. digits) -----
[0.5312, 2655.0, 0.4059, 0.725, 1465.0, 0.2372, 0.7384, 0.0104, 6.051e-06]
Cost = 3.43e+03
----- Optimized Parameters (2 sig. digits) -----
[0.4698, 2715.0, 0.3401, 0.7745, 1456.0, 0.2907, 0.8254, 0.0334, 3.027e-06]
Cost = 4.49e+03
----- Optimized Parameters (2 sig. digits) -----
[0.4032, 2715.0, 0.1811, 0.7749, 1456.0, 0.2748, 0.8509, 0.07748, 2.039e-05]
Cost = 472
----- Optimized Parameters (2 sig. digits) -----
[0.4032, 2715.0, 0.1811, 0.7749, 1456.0, 0.2748, 0.8509, 0.07748, 2.039e-05]
Cost = 472
----- Optimized Parameters (2 sig. digits) -----
[0.4032, 2715.0, 0.1811, 0.7749, 1456.0, 0.2748, 0.8509, 0.07748, 2.039e-05]
Cost = 472
----- Optimized Parameters (2 sig. digits) -----
[0.4032, 2715.0, 0.1811, 0.7749, 1456.0, 0.2748, 0.8509, 0.07748, 2.039e-05]
Cost = 472
----- Optimized Parameters (2 sig. digits) -----
[0.4032, 2715.0, 0.1811, 0.7749, 1456.0, 0.2748, 0.8509, 0.07748, 2.039e-05]
Cost = 472
----- Optimized Parameters (2 sig. digits) -----
[0.4032, 2715.0, 0.1811, 0.7749, 1456.0, 0.2748, 0.8509, 0.07748, 2.039e-05]
Cost = 472
----- Optimized Parameters (2 sig. digits) -----
[0.4032, 2715.0, 0.1811, 0.7749, 1456.0, 0.2748, 0.8509, 0.07748, 2.039e-05]
Cost = 472
----- Optimized Parameters (2 sig. digits) -----
[0.4032, 2715.0, 0.1811, 0.7749, 1456.0, 0.2748, 0.8509, 0.07748, 2.039e-05]
Cost = 472
----- Optimized Parameters (2 sig. digits) -----
[0.4032, 2715.0, 0.1811, 0.7749, 1456.0, 0.2748, 0.8509, 0.07748, 2.039e-05]
Cost = 472
----- Optimized Parameters (2 sig. digits) -----
[0.4032, 2715.0, 0.1811, 0.7749, 1456.0, 0.2748, 0.8509, 0.07748, 2.041e-05]
Cost = 472
----- Optimized Parameters (2 sig. digits) -----
[0.3868, 2715.0, 0.2362, 0.7734, 1456.0, 0.2757, 0.8472, 0.02822, 2.554e-05]
Cost = 569
----- Optimized Parameters (2 sig. digits) -----
[0.401, 2715.0, 0.1915, 0.7747, 1456.0, 0.2743, 0.8506, 0.06121, 2.372e-05]
Cost = 447
----- Optimized Parameters (2 sig. digits) -----
[0.401, 2715.0, 0.1915, 0.7747, 1456.0, 0.2743, 0.8506, 0.06121, 2.372e-05]
Cost = 447
----- Optimized Parameters (2 sig. digits) -----
[0.401, 2715.0, 0.1915, 0.7747, 1456.0, 0.2743, 0.8506, 0.06121, 2.372e-05]
Cost = 447
----- Optimized Parameters (2 sig. digits) -----
[0.401, 2715.0, 0.1915, 0.7747, 1456.0, 0.2743, 0.8506, 0.06121, 2.372e-05]
Cost = 447
----- Optimized Parameters (2 sig. digits) -----
[0.401, 2715.0, 0.1915, 0.7747, 1456.0, 0.2743, 0.8506, 0.06121, 2.372e-05]
Cost = 447
----- Optimized Parameters (2 sig. digits) -----
[0.401, 2715.0, 0.1915, 0.7747, 1456.0, 0.2743, 0.8506, 0.06121, 2.372e-05]
Cost = 447
----- Optimized Parameters (2 sig. digits) -----
[0.401, 2715.0, 0.1915, 0.7747, 1456.0, 0.2743, 0.8506, 0.06121, 2.372e-05]
Cost = 447
----- Optimized Parameters (2 sig. digits) -----
[0.401, 2715.0, 0.1915, 0.7747, 1456.0, 0.2743, 0.8506, 0.06121, 2.372e-05]
Cost = 447
----- Optimized Parameters (2 sig. digits) -----
[0.401, 2715.0, 0.1915, 0.7747, 1456.0, 0.2743, 0.8506, 0.06121, 2.372e-05]
Cost = 447
----- Optimized Parameters (2 sig. digits) -----
[0.401, 2715.0, 0.1915, 0.7747, 1456.0, 0.2743, 0.8506, 0.06121, 2.373e-05]
Cost = 447
----- Optimized Parameters (2 sig. digits) -----
[0.3912, 2715.0, 0.2168, 0.7745, 1456.0, 0.2722, 0.8507, 0.03495, 2.94e-05]
Cost = 445
----- Optimized Parameters (2 sig. digits) -----
[0.3912, 2715.0, 0.2168, 0.7745, 1456.0, 0.2722, 0.8507, 0.03495, 2.94e-05]
Cost = 445
----- Optimized Parameters (2 sig. digits) -----
[0.3912, 2715.0, 0.2168, 0.7745, 1456.0, 0.2722, 0.8507, 0.03495, 2.94e-05]
Cost = 445
----- Optimized Parameters (2 sig. digits) -----
[0.3912, 2715.0, 0.2168, 0.7745, 1456.0, 0.2722, 0.8507, 0.03495, 2.94e-05]
Cost = 445
----- Optimized Parameters (2 sig. digits) -----
[0.3912, 2715.0, 0.2168, 0.7745, 1456.0, 0.2722, 0.8507, 0.03495, 2.94e-05]
Cost = 445
----- Optimized Parameters (2 sig. digits) -----
[0.3912, 2715.0, 0.2168, 0.7745, 1456.0, 0.2722, 0.8507, 0.03495, 2.94e-05]
Cost = 445
----- Optimized Parameters (2 sig. digits) -----
[0.3912, 2715.0, 0.2168, 0.7745, 1456.0, 0.2722, 0.8507, 0.03495, 2.94e-05]
Cost = 445
----- Optimized Parameters (2 sig. digits) -----
[0.3912, 2715.0, 0.2168, 0.7745, 1456.0, 0.2722, 0.8507, 0.03495, 2.94e-05]
Cost = 445
----- Optimized Parameters (2 sig. digits) -----
[0.3912, 2715.0, 0.2168, 0.7745, 1456.0, 0.2722, 0.8507, 0.03495, 2.94e-05]
Cost = 445
----- Optimized Parameters (2 sig. digits) -----
[0.3912, 2715.0, 0.2168, 0.7745, 1456.0, 0.2722, 0.8507, 0.03495, 2.941e-05]
Cost = 444
----- Optimized Parameters (2 sig. digits) -----
[0.388, 2715.0, 0.2237, 0.7744, 1456.0, 0.2719, 0.8506, 0.02971, 3.469e-05]
Cost = 386
----- Optimized Parameters (2 sig. digits) -----
[0.388, 2715.0, 0.2237, 0.7744, 1456.0, 0.2719, 0.8506, 0.02971, 3.469e-05]
Cost = 386
----- Optimized Parameters (2 sig. digits) -----
[0.388, 2715.0, 0.2237, 0.7744, 1456.0, 0.2719, 0.8506, 0.02971, 3.469e-05]
Cost = 386
----- Optimized Parameters (2 sig. digits) -----
[0.388, 2715.0, 0.2237, 0.7744, 1456.0, 0.2719, 0.8506, 0.02971, 3.469e-05]
Cost = 386
----- Optimized Parameters (2 sig. digits) -----
[0.388, 2715.0, 0.2237, 0.7744, 1456.0, 0.2719, 0.8506, 0.02971, 3.469e-05]
Cost = 386
----- Optimized Parameters (2 sig. digits) -----
[0.388, 2715.0, 0.2237, 0.7744, 1456.0, 0.2719, 0.8506, 0.02971, 3.469e-05]
Cost = 386
----- Optimized Parameters (2 sig. digits) -----
[0.388, 2715.0, 0.2237, 0.7744, 1456.0, 0.2719, 0.8506, 0.02971, 3.469e-05]
Cost = 386
----- Optimized Parameters (2 sig. digits) -----
[0.388, 2715.0, 0.2237, 0.7744, 1456.0, 0.2719, 0.8506, 0.02971, 3.469e-05]
Cost = 386
----- Optimized Parameters (2 sig. digits) -----
[0.388, 2715.0, 0.2237, 0.7744, 1456.0, 0.2719, 0.8506, 0.02971, 3.469e-05]
Cost = 386
----- Optimized Parameters (2 sig. digits) -----
[0.388, 2715.0, 0.2237, 0.7744, 1456.0, 0.2719, 0.8506, 0.02971, 3.47e-05]
Cost = 386
----- Optimized Parameters (2 sig. digits) -----
[0.3827, 2715.0, 0.2365, 0.7743, 1456.0, 0.269, 0.8513, 0.01892, 4.314e-05]
Cost = 370
----- Optimized Parameters (2 sig. digits) -----
[0.3827, 2715.0, 0.2365, 0.7743, 1456.0, 0.269, 0.8513, 0.01892, 4.314e-05]
Cost = 370
----- Optimized Parameters (2 sig. digits) -----
[0.3827, 2715.0, 0.2365, 0.7743, 1456.0, 0.269, 0.8513, 0.01892, 4.314e-05]
Cost = 370
----- Optimized Parameters (2 sig. digits) -----
[0.3827, 2715.0, 0.2365, 0.7743, 1456.0, 0.269, 0.8513, 0.01892, 4.314e-05]
Cost = 370
----- Optimized Parameters (2 sig. digits) -----
[0.3827, 2715.0, 0.2365, 0.7743, 1456.0, 0.269, 0.8513, 0.01892, 4.314e-05]
Cost = 370
----- Optimized Parameters (2 sig. digits) -----
[0.3827, 2715.0, 0.2365, 0.7743, 1456.0, 0.269, 0.8513, 0.01892, 4.314e-05]
Cost = 370
----- Optimized Parameters (2 sig. digits) -----
[0.3827, 2715.0, 0.2365, 0.7743, 1456.0, 0.269, 0.8513, 0.01892, 4.314e-05]
Cost = 370
----- Optimized Parameters (2 sig. digits) -----
[0.3827, 2715.0, 0.2365, 0.7743, 1456.0, 0.269, 0.8513, 0.01892, 4.314e-05]
Cost = 370
----- Optimized Parameters (2 sig. digits) -----
[0.3827, 2715.0, 0.2365, 0.7743, 1456.0, 0.269, 0.8513, 0.01892, 4.314e-05]
Cost = 370
----- Optimized Parameters (2 sig. digits) -----
[0.3827, 2715.0, 0.2365, 0.7743, 1456.0, 0.269, 0.8513, 0.01892, 4.316e-05]
Cost = 370
----- Optimized Parameters (2 sig. digits) -----
[0.3733, 2715.0, 0.2503, 0.7742, 1456.0, 0.267, 0.8518, 0.01471, 5.096e-05]
Cost = 317
----- Optimized Parameters (2 sig. digits) -----
[0.3733, 2715.0, 0.2503, 0.7742, 1456.0, 0.267, 0.8518, 0.01471, 5.096e-05]
Cost = 317
----- Optimized Parameters (2 sig. digits) -----
[0.3733, 2715.0, 0.2503, 0.7742, 1456.0, 0.267, 0.8518, 0.01471, 5.096e-05]
Cost = 317
----- Optimized Parameters (2 sig. digits) -----
[0.3733, 2715.0, 0.2503, 0.7742, 1456.0, 0.267, 0.8518, 0.01471, 5.096e-05]
Cost = 317
----- Optimized Parameters (2 sig. digits) -----
[0.3733, 2715.0, 0.2503, 0.7742, 1456.0, 0.267, 0.8518, 0.01471, 5.096e-05]
Cost = 317
----- Optimized Parameters (2 sig. digits) -----
[0.3733, 2715.0, 0.2503, 0.7742, 1456.0, 0.267, 0.8518, 0.01471, 5.096e-05]
Cost = 317
----- Optimized Parameters (2 sig. digits) -----
[0.3733, 2715.0, 0.2503, 0.7742, 1456.0, 0.267, 0.8518, 0.01471, 5.096e-05]
Cost = 317
----- Optimized Parameters (2 sig. digits) -----
[0.3733, 2715.0, 0.2503, 0.7742, 1456.0, 0.267, 0.8518, 0.01471, 5.096e-05]
Cost = 317
----- Optimized Parameters (2 sig. digits) -----
[0.3733, 2715.0, 0.2503, 0.7742, 1456.0, 0.267, 0.8518, 0.01471, 5.096e-05]
Cost = 317
----- Optimized Parameters (2 sig. digits) -----
[0.3733, 2715.0, 0.2503, 0.7742, 1456.0, 0.267, 0.8518, 0.01471, 5.098e-05]
Cost = 317
----- Optimized Parameters (2 sig. digits) -----
[0.3618, 2715.0, 0.2732, 0.7741, 1456.0, 0.2617, 0.8532, 0.01019, 6.013e-05]
Cost = 265
----- Optimized Parameters (2 sig. digits) -----
[0.3618, 2715.0, 0.2732, 0.7741, 1456.0, 0.2617, 0.8532, 0.01019, 6.013e-05]
Cost = 265
----- Optimized Parameters (2 sig. digits) -----
[0.3618, 2715.0, 0.2732, 0.7741, 1456.0, 0.2617, 0.8532, 0.01019, 6.013e-05]
Cost = 265
----- Optimized Parameters (2 sig. digits) -----
[0.3618, 2715.0, 0.2732, 0.7741, 1456.0, 0.2617, 0.8532, 0.01019, 6.013e-05]
Cost = 265
----- Optimized Parameters (2 sig. digits) -----
[0.3618, 2715.0, 0.2732, 0.7741, 1456.0, 0.2617, 0.8532, 0.01019, 6.013e-05]
Cost = 265
----- Optimized Parameters (2 sig. digits) -----
[0.3618, 2715.0, 0.2732, 0.7741, 1456.0, 0.2617, 0.8532, 0.01019, 6.013e-05]
Cost = 265
----- Optimized Parameters (2 sig. digits) -----
[0.3618, 2715.0, 0.2732, 0.7741, 1456.0, 0.2617, 0.8532, 0.01019, 6.013e-05]
Cost = 265
----- Optimized Parameters (2 sig. digits) -----
[0.3618, 2715.0, 0.2732, 0.7741, 1456.0, 0.2617, 0.8532, 0.01019, 6.013e-05]
Cost = 265
----- Optimized Parameters (2 sig. digits) -----
[0.3618, 2715.0, 0.2732, 0.7741, 1456.0, 0.2617, 0.8532, 0.01019, 6.013e-05]
Cost = 265
----- Optimized Parameters (2 sig. digits) -----
[0.3618, 2715.0, 0.2732, 0.7741, 1456.0, 0.2617, 0.8532, 0.01019, 6.015e-05]
Cost = 265
----- Optimized Parameters (2 sig. digits) -----
[0.3596, 2715.0, 0.2775, 0.7741, 1456.0, 0.2611, 0.8533, 0.01041, 6.155e-05]
Cost = 252
----- Optimized Parameters (2 sig. digits) -----
[0.3596, 2715.0, 0.2775, 0.7741, 1456.0, 0.2611, 0.8533, 0.01041, 6.155e-05]
Cost = 252
----- Optimized Parameters (2 sig. digits) -----
[0.3596, 2715.0, 0.2775, 0.7741, 1456.0, 0.2611, 0.8533, 0.01041, 6.155e-05]
Cost = 252
----- Optimized Parameters (2 sig. digits) -----
[0.3596, 2715.0, 0.2775, 0.7741, 1456.0, 0.2611, 0.8533, 0.01041, 6.155e-05]
Cost = 252
----- Optimized Parameters (2 sig. digits) -----
[0.3596, 2715.0, 0.2775, 0.7741, 1456.0, 0.2611, 0.8533, 0.01041, 6.155e-05]
Cost = 252
----- Optimized Parameters (2 sig. digits) -----
[0.3596, 2715.0, 0.2775, 0.7741, 1456.0, 0.2611, 0.8533, 0.01041, 6.155e-05]
Cost = 252
----- Optimized Parameters (2 sig. digits) -----
[0.3596, 2715.0, 0.2775, 0.7741, 1456.0, 0.2611, 0.8533, 0.01041, 6.155e-05]
Cost = 252
----- Optimized Parameters (2 sig. digits) -----
[0.3596, 2715.0, 0.2775, 0.7741, 1456.0, 0.2611, 0.8533, 0.01041, 6.155e-05]
Cost = 252
----- Optimized Parameters (2 sig. digits) -----
[0.3596, 2715.0, 0.2775, 0.7741, 1456.0, 0.2611, 0.8533, 0.01041, 6.155e-05]
Cost = 252
----- Optimized Parameters (2 sig. digits) -----
[0.3596, 2715.0, 0.2775, 0.7741, 1456.0, 0.2611, 0.8533, 0.01041, 6.157e-05]
Cost = 252
----- Optimized Parameters (2 sig. digits) -----
[0.346, 2715.0, 0.2996, 0.7741, 1456.0, 0.2506, 0.8539, 0.01025, 6.284e-05]
Cost = 220
----- Optimized Parameters (2 sig. digits) -----
[0.346, 2715.0, 0.2996, 0.7741, 1456.0, 0.2506, 0.8539, 0.01025, 6.284e-05]
Cost = 220
----- Optimized Parameters (2 sig. digits) -----
[0.346, 2715.0, 0.2996, 0.7741, 1456.0, 0.2506, 0.8539, 0.01025, 6.284e-05]
Cost = 220
----- Optimized Parameters (2 sig. digits) -----
[0.346, 2715.0, 0.2996, 0.7741, 1456.0, 0.2506, 0.8539, 0.01025, 6.284e-05]
Cost = 220
----- Optimized Parameters (2 sig. digits) -----
[0.346, 2715.0, 0.2996, 0.7741, 1456.0, 0.2506, 0.8539, 0.01025, 6.284e-05]
Cost = 220
----- Optimized Parameters (2 sig. digits) -----
[0.346, 2715.0, 0.2996, 0.7741, 1456.0, 0.2506, 0.8539, 0.01025, 6.284e-05]
Cost = 220
----- Optimized Parameters (2 sig. digits) -----
[0.346, 2715.0, 0.2996, 0.7741, 1456.0, 0.2506, 0.8539, 0.01025, 6.284e-05]
Cost = 220
----- Optimized Parameters (2 sig. digits) -----
[0.346, 2715.0, 0.2996, 0.7741, 1456.0, 0.2506, 0.8539, 0.01025, 6.284e-05]
Cost = 220
----- Optimized Parameters (2 sig. digits) -----
[0.346, 2715.0, 0.2996, 0.7741, 1456.0, 0.2506, 0.8539, 0.01025, 6.284e-05]
Cost = 220
----- Optimized Parameters (2 sig. digits) -----
[0.346, 2715.0, 0.2996, 0.7741, 1456.0, 0.2506, 0.8539, 0.01025, 6.285e-05]
Cost = 220
----- Optimized Parameters (2 sig. digits) -----
[0.3372, 2715.0, 0.3506, 0.7755, 1456.0, 0.2183, 0.8423, 0.01012, 7.259e-05]
Cost = 197
----- Optimized Parameters (2 sig. digits) -----
[0.3372, 2715.0, 0.3506, 0.7755, 1456.0, 0.2183, 0.8423, 0.01012, 7.259e-05]
Cost = 197
----- Optimized Parameters (2 sig. digits) -----
[0.3372, 2715.0, 0.3506, 0.7755, 1456.0, 0.2183, 0.8423, 0.01012, 7.259e-05]
Cost = 197
----- Optimized Parameters (2 sig. digits) -----
[0.3372, 2715.0, 0.3506, 0.7755, 1456.0, 0.2183, 0.8423, 0.01012, 7.259e-05]
Cost = 197
----- Optimized Parameters (2 sig. digits) -----
[0.3372, 2715.0, 0.3506, 0.7755, 1456.0, 0.2183, 0.8423, 0.01012, 7.259e-05]
Cost = 197
----- Optimized Parameters (2 sig. digits) -----
[0.3372, 2715.0, 0.3506, 0.7755, 1456.0, 0.2183, 0.8423, 0.01012, 7.259e-05]
Cost = 197
----- Optimized Parameters (2 sig. digits) -----
[0.3372, 2715.0, 0.3506, 0.7755, 1456.0, 0.2183, 0.8423, 0.01012, 7.259e-05]
Cost = 197
----- Optimized Parameters (2 sig. digits) -----
[0.3372, 2715.0, 0.3506, 0.7755, 1456.0, 0.2183, 0.8423, 0.01012, 7.259e-05]
Cost = 197
----- Optimized Parameters (2 sig. digits) -----
[0.3372, 2715.0, 0.3506, 0.7755, 1456.0, 0.2183, 0.8423, 0.01012, 7.259e-05]
Cost = 197
----- Optimized Parameters (2 sig. digits) -----
[0.3372, 2715.0, 0.3506, 0.7755, 1456.0, 0.2183, 0.8423, 0.01012, 7.261e-05]
Cost = 197
----- Optimized Parameters (2 sig. digits) -----
[0.3372, 2715.0, 0.3506, 0.7755, 1456.0, 0.2183, 0.8423, 0.01019, 7.549e-05]
Cost = 191
----- Optimized Parameters (2 sig. digits) -----
[0.3372, 2715.0, 0.3506, 0.7755, 1456.0, 0.2183, 0.8423, 0.01019, 7.549e-05]
Cost = 191
----- Optimized Parameters (2 sig. digits) -----
[0.3372, 2715.0, 0.3506, 0.7755, 1456.0, 0.2183, 0.8423, 0.01019, 7.549e-05]
Cost = 191
----- Optimized Parameters (2 sig. digits) -----
[0.3372, 2715.0, 0.3506, 0.7755, 1456.0, 0.2183, 0.8423, 0.01019, 7.549e-05]
Cost = 191
----- Optimized Parameters (2 sig. digits) -----
[0.3372, 2715.0, 0.3506, 0.7755, 1456.0, 0.2183, 0.8423, 0.01019, 7.549e-05]
Cost = 191
----- Optimized Parameters (2 sig. digits) -----
[0.3372, 2715.0, 0.3506, 0.7755, 1456.0, 0.2183, 0.8423, 0.01019, 7.549e-05]
Cost = 191
----- Optimized Parameters (2 sig. digits) -----
[0.3372, 2715.0, 0.3506, 0.7755, 1456.0, 0.2183, 0.8423, 0.01019, 7.549e-05]
Cost = 191
----- Optimized Parameters (2 sig. digits) -----
[0.3372, 2715.0, 0.3506, 0.7755, 1456.0, 0.2183, 0.8423, 0.01019, 7.549e-05]
Cost = 191
----- Optimized Parameters (2 sig. digits) -----
[0.3372, 2715.0, 0.3506, 0.7755, 1456.0, 0.2183, 0.8423, 0.01019, 7.549e-05]
Cost = 191
----- Optimized Parameters (2 sig. digits) -----
[0.3372, 2715.0, 0.3506, 0.7755, 1456.0, 0.2183, 0.8423, 0.01019, 7.551e-05]
Cost = 191
----- Optimized Parameters (2 sig. digits) -----
[0.3866, 2714.0, 0.4429, 0.7912, 1456.0, 0.1897, 0.769, 0.01004, 4.846e-05]
Cost = 243
----- Optimized Parameters (2 sig. digits) -----
[0.3397, 2715.0, 0.38, 0.7764, 1456.0, 0.2212, 0.8316, 0.01, 5.447e-05]
Cost = 191
----- Optimized Parameters (2 sig. digits) -----
[0.3397, 2715.0, 0.38, 0.7764, 1456.0, 0.2212, 0.8316, 0.01, 5.447e-05]
Cost = 191
----- Optimized Parameters (2 sig. digits) -----
[0.3397, 2715.0, 0.38, 0.7764, 1456.0, 0.2212, 0.8316, 0.01, 5.447e-05]
Cost = 191
----- Optimized Parameters (2 sig. digits) -----
[0.3397, 2715.0, 0.38, 0.7764, 1456.0, 0.2212, 0.8316, 0.01, 5.447e-05]
Cost = 191
----- Optimized Parameters (2 sig. digits) -----
[0.3397, 2715.0, 0.38, 0.7764, 1456.0, 0.2212, 0.8316, 0.01, 5.447e-05]
Cost = 191
----- Optimized Parameters (2 sig. digits) -----
[0.3397, 2715.0, 0.38, 0.7764, 1456.0, 0.2212, 0.8316, 0.01, 5.447e-05]
Cost = 191
----- Optimized Parameters (2 sig. digits) -----
[0.3397, 2715.0, 0.38, 0.7764, 1456.0, 0.2212, 0.8316, 0.01, 5.447e-05]
Cost = 191
----- Optimized Parameters (2 sig. digits) -----
[0.3397, 2715.0, 0.38, 0.7764, 1456.0, 0.2212, 0.8316, 0.01, 5.447e-05]
Cost = 191
----- Optimized Parameters (2 sig. digits) -----
[0.3397, 2715.0, 0.38, 0.7764, 1456.0, 0.2212, 0.8316, 0.01, 5.447e-05]
Cost = 191
----- Optimized Parameters (2 sig. digits) -----
[0.3397, 2715.0, 0.38, 0.7764, 1456.0, 0.2212, 0.8316, 0.01, 5.449e-05]
Cost = 190
----- Optimized Parameters (2 sig. digits) -----
[0.3397, 2715.0, 0.38, 0.7764, 1456.0, 0.2212, 0.8316, 0.01002, 5.718e-05]
Cost = 184
----- Optimized Parameters (2 sig. digits) -----
[0.3397, 2715.0, 0.38, 0.7764, 1456.0, 0.2212, 0.8316, 0.01002, 5.718e-05]
Cost = 184
----- Optimized Parameters (2 sig. digits) -----
[0.3397, 2715.0, 0.38, 0.7764, 1456.0, 0.2212, 0.8316, 0.01002, 5.718e-05]
Cost = 184
----- Optimized Parameters (2 sig. digits) -----
[0.3397, 2715.0, 0.38, 0.7764, 1456.0, 0.2212, 0.8316, 0.01002, 5.718e-05]
Cost = 184
----- Optimized Parameters (2 sig. digits) -----
[0.3397, 2715.0, 0.38, 0.7764, 1456.0, 0.2212, 0.8316, 0.01002, 5.718e-05]
Cost = 184
----- Optimized Parameters (2 sig. digits) -----
[0.3397, 2715.0, 0.38, 0.7764, 1456.0, 0.2212, 0.8316, 0.01002, 5.718e-05]
Cost = 184
----- Optimized Parameters (2 sig. digits) -----
[0.3397, 2715.0, 0.38, 0.7764, 1456.0, 0.2212, 0.8316, 0.01002, 5.718e-05]
Cost = 184
----- Optimized Parameters (2 sig. digits) -----
[0.3397, 2715.0, 0.38, 0.7764, 1456.0, 0.2212, 0.8316, 0.01002, 5.718e-05]
Cost = 184
----- Optimized Parameters (2 sig. digits) -----
[0.3397, 2715.0, 0.38, 0.7764, 1456.0, 0.2212, 0.8316, 0.01002, 5.718e-05]
Cost = 184
----- Optimized Parameters (2 sig. digits) -----
[0.3397, 2715.0, 0.38, 0.7764, 1456.0, 0.2212, 0.8316, 0.01002, 5.72e-05]
Cost = 184
----- Optimized Parameters (2 sig. digits) -----
[0.3397, 2715.0, 0.38, 0.7764, 1456.0, 0.2212, 0.8316, 0.01002, 5.718e-05]
Cost = 184
----- Optimized Parameters (2 sig. digits) -----
[0.3397, 2715.0, 0.38, 0.7764, 1456.0, 0.2212, 0.8316, 0.01002, 5.718e-05]
Cost = 184
----- Optimized Parameters (2 sig. digits) -----
[0.3397, 2715.0, 0.38, 0.7764, 1456.0, 0.2212, 0.8316, 0.01002, 5.718e-05]
Cost = 184
----- Optimized Parameters (2 sig. digits) -----
[0.3397, 2715.0, 0.38, 0.7764, 1456.0, 0.2212, 0.8316, 0.01002, 5.718e-05]
Cost = 184
----- Optimized Parameters (2 sig. digits) -----
[0.3397, 2715.0, 0.38, 0.7764, 1456.0, 0.2212, 0.8316, 0.01002, 5.718e-05]
Cost = 184
----- Optimized Parameters (2 sig. digits) -----
[0.3397, 2715.0, 0.38, 0.7764, 1456.0, 0.2212, 0.8316, 0.01002, 5.718e-05]
Cost = 184
----- Optimized Parameters (2 sig. digits) -----
[0.3397, 2715.0, 0.38, 0.7764, 1456.0, 0.2212, 0.8316, 0.01002, 5.718e-05]
Cost = 184
----- Optimized Parameters (2 sig. digits) -----
[0.3397, 2715.0, 0.38, 0.7764, 1456.0, 0.2212, 0.8316, 0.01002, 5.718e-05]
Cost = 184
----- Optimized Parameters (2 sig. digits) -----
[0.3397, 2715.0, 0.38, 0.7764, 1456.0, 0.2212, 0.8316, 0.01002, 5.718e-05]
Cost = 184
----- Optimized Parameters (2 sig. digits) -----
[0.3397, 2715.0, 0.38, 0.7764, 1456.0, 0.2212, 0.8316, 0.01002, 5.718e-05]
Cost = 184
----- Optimized Parameters (2 sig. digits) -----
[0.3397, 2715.0, 0.38, 0.7764, 1456.0, 0.2212, 0.8316, 0.01002, 5.72e-05]
Cost = 184
----- Optimized Parameters (2 sig. digits) -----
[0.4925, 1474.0, 0.5828, 0.9066, 1322.0, 0.08111, 0.5337, 0.01001, 7.945e-05]
Cost = 3.25e+03
----- Optimized Parameters (2 sig. digits) -----
[0.5301, 2404.0, 0.6163, 0.9317, 1440.0, 0.058, 0.4838, 0.01001, 7.977e-05]
Cost = 5.39e+03
----- Optimized Parameters (2 sig. digits) -----
[0.5392, 2646.0, 0.6243, 0.9311, 1453.0, 0.04986, 0.4727, 0.01001, 7.987e-05]
Cost = 6e+03
----- Optimized Parameters (2 sig. digits) -----
[0.4675, 2714.0, 0.5358, 0.7927, 1456.0, 0.1101, 0.6576, 0.01, 8.052e-05]
Cost = 1.79e+03
----- Optimized Parameters (2 sig. digits) -----
[0.3679, 2714.0, 0.417, 0.7789, 1456.0, 0.1809, 0.7981, 0.01, 7.944e-05]
Cost = 229
----- Optimized Parameters (2 sig. digits) -----
[0.3413, 2715.0, 0.3842, 0.7767, 1456.0, 0.2057, 0.8285, 0.01001, 7.209e-05]
Cost = 185
----- Optimized Parameters (2 sig. digits) -----
[0.3394, 2715.0, 0.3803, 0.7764, 1456.0, 0.2172, 0.8315, 0.01002, 6.172e-05]
Cost = 182
----- Optimized Parameters (2 sig. digits) -----
[0.3394, 2715.0, 0.3803, 0.7764, 1456.0, 0.2172, 0.8315, 0.01002, 6.172e-05]
Cost = 182
----- Optimized Parameters (2 sig. digits) -----
[0.3394, 2715.0, 0.3803, 0.7764, 1456.0, 0.2172, 0.8315, 0.01002, 6.172e-05]
Cost = 182
----- Optimized Parameters (2 sig. digits) -----
[0.3394, 2715.0, 0.3803, 0.7764, 1456.0, 0.2172, 0.8315, 0.01002, 6.172e-05]
Cost = 182
----- Optimized Parameters (2 sig. digits) -----
[0.3394, 2715.0, 0.3803, 0.7764, 1456.0, 0.2172, 0.8315, 0.01002, 6.172e-05]
Cost = 182
----- Optimized Parameters (2 sig. digits) -----
[0.3394, 2715.0, 0.3803, 0.7764, 1456.0, 0.2172, 0.8315, 0.01002, 6.172e-05]
Cost = 182
----- Optimized Parameters (2 sig. digits) -----
[0.3394, 2715.0, 0.3803, 0.7764, 1456.0, 0.2172, 0.8315, 0.01002, 6.172e-05]
Cost = 182
----- Optimized Parameters (2 sig. digits) -----
[0.3394, 2715.0, 0.3803, 0.7764, 1456.0, 0.2172, 0.8315, 0.01002, 6.172e-05]
Cost = 182
----- Optimized Parameters (2 sig. digits) -----
[0.3394, 2715.0, 0.3803, 0.7764, 1456.0, 0.2172, 0.8315, 0.01002, 6.172e-05]
Cost = 182
----- Optimized Parameters (2 sig. digits) -----
[0.3394, 2715.0, 0.3803, 0.7764, 1456.0, 0.2172, 0.8315, 0.01002, 6.173e-05]
Cost = 182
----- Optimized Parameters (2 sig. digits) -----
[0.3408, 2715.0, 0.3855, 0.7766, 1456.0, 0.2109, 0.829, 0.01001, 6.682e-05]
Cost = 181
----- Optimized Parameters (2 sig. digits) -----
[0.3408, 2715.0, 0.3855, 0.7766, 1456.0, 0.2109, 0.829, 0.01001, 6.682e-05]
Cost = 181
----- Optimized Parameters (2 sig. digits) -----
[0.3408, 2715.0, 0.3855, 0.7766, 1456.0, 0.2109, 0.829, 0.01001, 6.682e-05]
Cost = 181
----- Optimized Parameters (2 sig. digits) -----
[0.3408, 2715.0, 0.3855, 0.7766, 1456.0, 0.2109, 0.829, 0.01001, 6.682e-05]
Cost = 181
----- Optimized Parameters (2 sig. digits) -----
[0.3408, 2715.0, 0.3855, 0.7766, 1456.0, 0.2109, 0.829, 0.01001, 6.682e-05]
Cost = 181
----- Optimized Parameters (2 sig. digits) -----
[0.3408, 2715.0, 0.3855, 0.7766, 1456.0, 0.2109, 0.829, 0.01001, 6.682e-05]
Cost = 181
----- Optimized Parameters (2 sig. digits) -----
[0.3408, 2715.0, 0.3855, 0.7766, 1456.0, 0.2109, 0.829, 0.01001, 6.682e-05]
Cost = 181
----- Optimized Parameters (2 sig. digits) -----
[0.3408, 2715.0, 0.3855, 0.7766, 1456.0, 0.2109, 0.829, 0.01001, 6.682e-05]
Cost = 181
----- Optimized Parameters (2 sig. digits) -----
[0.3408, 2715.0, 0.3855, 0.7766, 1456.0, 0.2109, 0.829, 0.01001, 6.682e-05]
Cost = 181
----- Optimized Parameters (2 sig. digits) -----
[0.3408, 2715.0, 0.3855, 0.7766, 1456.0, 0.2109, 0.829, 0.01001, 6.683e-05]
Cost = 181
----- Optimized Parameters (2 sig. digits) -----
[0.3487, 2715.0, 0.4011, 0.7773, 1456.0, 0.2083, 0.8202, 0.01, 6.107e-05]
Cost = 179
----- Optimized Parameters (2 sig. digits) -----
[0.3487, 2715.0, 0.4011, 0.7773, 1456.0, 0.2083, 0.8202, 0.01, 6.107e-05]
Cost = 179
----- Optimized Parameters (2 sig. digits) -----
[0.3487, 2715.0, 0.4011, 0.7773, 1456.0, 0.2083, 0.8202, 0.01, 6.107e-05]
Cost = 179
----- Optimized Parameters (2 sig. digits) -----
[0.3487, 2715.0, 0.4011, 0.7773, 1456.0, 0.2083, 0.8202, 0.01, 6.107e-05]
Cost = 179
----- Optimized Parameters (2 sig. digits) -----
[0.3487, 2715.0, 0.4011, 0.7773, 1456.0, 0.2083, 0.8202, 0.01, 6.107e-05]
Cost = 179
----- Optimized Parameters (2 sig. digits) -----
[0.3487, 2715.0, 0.4011, 0.7773, 1456.0, 0.2083, 0.8202, 0.01, 6.107e-05]
Cost = 179
----- Optimized Parameters (2 sig. digits) -----
[0.3487, 2715.0, 0.4011, 0.7773, 1456.0, 0.2083, 0.8202, 0.01, 6.107e-05]
Cost = 179
----- Optimized Parameters (2 sig. digits) -----
[0.3487, 2715.0, 0.4011, 0.7773, 1456.0, 0.2083, 0.8202, 0.01, 6.107e-05]
Cost = 179
----- Optimized Parameters (2 sig. digits) -----
[0.3487, 2715.0, 0.4011, 0.7773, 1456.0, 0.2083, 0.8202, 0.01, 6.107e-05]
Cost = 179
----- Optimized Parameters (2 sig. digits) -----
[0.3487, 2715.0, 0.4011, 0.7773, 1456.0, 0.2083, 0.8202, 0.01, 6.108e-05]
Cost = 179
----- Optimized Parameters (2 sig. digits) -----
[0.3666, 2714.0, 0.4232, 0.7787, 1456.0, 0.1922, 0.8032, 0.01, 6.817e-05]
Cost = 176
----- Optimized Parameters (2 sig. digits) -----
[0.3666, 2714.0, 0.4232, 0.7787, 1456.0, 0.1922, 0.8032, 0.01, 6.817e-05]
Cost = 176
----- Optimized Parameters (2 sig. digits) -----
[0.3666, 2714.0, 0.4232, 0.7787, 1456.0, 0.1922, 0.8032, 0.01, 6.817e-05]
Cost = 176
----- Optimized Parameters (2 sig. digits) -----
[0.3666, 2714.0, 0.4232, 0.7787, 1456.0, 0.1922, 0.8032, 0.01, 6.817e-05]
Cost = 176
----- Optimized Parameters (2 sig. digits) -----
[0.3666, 2714.0, 0.4232, 0.7787, 1456.0, 0.1922, 0.8032, 0.01, 6.817e-05]
Cost = 176
----- Optimized Parameters (2 sig. digits) -----
[0.3666, 2714.0, 0.4232, 0.7787, 1456.0, 0.1922, 0.8032, 0.01, 6.817e-05]
Cost = 176
----- Optimized Parameters (2 sig. digits) -----
[0.3666, 2714.0, 0.4232, 0.7787, 1456.0, 0.1922, 0.8032, 0.01, 6.817e-05]
Cost = 176
----- Optimized Parameters (2 sig. digits) -----
[0.3666, 2714.0, 0.4232, 0.7787, 1456.0, 0.1922, 0.8032, 0.01, 6.817e-05]
Cost = 176
----- Optimized Parameters (2 sig. digits) -----
[0.3666, 2714.0, 0.4232, 0.7787, 1456.0, 0.1922, 0.8032, 0.01, 6.817e-05]
Cost = 176
----- Optimized Parameters (2 sig. digits) -----
[0.3666, 2714.0, 0.4232, 0.7787, 1456.0, 0.1922, 0.8032, 0.01, 6.818e-05]
Cost = 176
----- Optimized Parameters (2 sig. digits) -----
[0.3859, 2714.0, 0.4473, 0.7812, 1456.0, 0.1851, 0.7804, 0.01, 6.391e-05]
Cost = 170
----- Optimized Parameters (2 sig. digits) -----
[0.3859, 2714.0, 0.4473, 0.7812, 1456.0, 0.1851, 0.7804, 0.01, 6.391e-05]
Cost = 170
----- Optimized Parameters (2 sig. digits) -----
[0.3859, 2714.0, 0.4473, 0.7812, 1456.0, 0.1851, 0.7804, 0.01, 6.391e-05]
Cost = 170
----- Optimized Parameters (2 sig. digits) -----
[0.3859, 2714.0, 0.4473, 0.7812, 1456.0, 0.1851, 0.7804, 0.01, 6.391e-05]
Cost = 170
----- Optimized Parameters (2 sig. digits) -----
[0.3859, 2714.0, 0.4473, 0.7812, 1456.0, 0.1851, 0.7804, 0.01, 6.391e-05]
Cost = 170
----- Optimized Parameters (2 sig. digits) -----
[0.3859, 2714.0, 0.4473, 0.7812, 1456.0, 0.1851, 0.7804, 0.01, 6.391e-05]
Cost = 170
----- Optimized Parameters (2 sig. digits) -----
[0.3859, 2714.0, 0.4473, 0.7812, 1456.0, 0.1851, 0.7804, 0.01, 6.391e-05]
Cost = 170
----- Optimized Parameters (2 sig. digits) -----
[0.3859, 2714.0, 0.4473, 0.7812, 1456.0, 0.1851, 0.7804, 0.01, 6.391e-05]
Cost = 170
----- Optimized Parameters (2 sig. digits) -----
[0.3859, 2714.0, 0.4473, 0.7812, 1456.0, 0.1851, 0.7804, 0.01, 6.391e-05]
Cost = 170
----- Optimized Parameters (2 sig. digits) -----
[0.3859, 2714.0, 0.4473, 0.7812, 1456.0, 0.1851, 0.7804, 0.01, 6.392e-05]
Cost = 170
----- Optimized Parameters (2 sig. digits) -----
[0.4201, 2714.0, 0.4916, 0.7861, 1456.0, 0.165, 0.7317, 0.01, 6.524e-05]
Cost = 166
----- Optimized Parameters (2 sig. digits) -----
[0.4202, 2714.0, 0.4916, 0.7861, 1456.0, 0.165, 0.7317, 0.01, 6.524e-05]
Cost = 166
----- Optimized Parameters (2 sig. digits) -----
[0.4201, 2714.0, 0.4916, 0.7861, 1456.0, 0.165, 0.7317, 0.01, 6.524e-05]
Cost = 166
----- Optimized Parameters (2 sig. digits) -----
[0.4201, 2714.0, 0.4916, 0.7861, 1456.0, 0.165, 0.7317, 0.01, 6.524e-05]
Cost = 166
----- Optimized Parameters (2 sig. digits) -----
[0.4201, 2714.0, 0.4916, 0.7861, 1456.0, 0.165, 0.7317, 0.01, 6.524e-05]
Cost = 166
----- Optimized Parameters (2 sig. digits) -----
[0.4201, 2714.0, 0.4916, 0.7861, 1456.0, 0.165, 0.7317, 0.01, 6.524e-05]
Cost = 166
----- Optimized Parameters (2 sig. digits) -----
[0.4201, 2714.0, 0.4916, 0.7861, 1456.0, 0.165, 0.7317, 0.01, 6.524e-05]
Cost = 166
----- Optimized Parameters (2 sig. digits) -----
[0.4201, 2714.0, 0.4916, 0.7861, 1456.0, 0.165, 0.7317, 0.01, 6.524e-05]
Cost = 166
----- Optimized Parameters (2 sig. digits) -----
[0.4201, 2714.0, 0.4916, 0.7861, 1456.0, 0.165, 0.7317, 0.01, 6.524e-05]
Cost = 166
----- Optimized Parameters (2 sig. digits) -----
[0.4201, 2714.0, 0.4916, 0.7861, 1456.0, 0.165, 0.7317, 0.01, 6.525e-05]
Cost = 166
----- Optimized Parameters (2 sig. digits) -----
[0.4397, 2714.0, 0.5148, 0.8495, 1456.0, 0.1566, 0.6897, 0.01, 6.448e-05]
Cost = 158
----- Optimized Parameters (2 sig. digits) -----
[0.4397, 2714.0, 0.5148, 0.8495, 1456.0, 0.1566, 0.6897, 0.01, 6.448e-05]
Cost = 158
----- Optimized Parameters (2 sig. digits) -----
[0.4397, 2714.0, 0.5148, 0.8495, 1456.0, 0.1566, 0.6897, 0.01, 6.448e-05]
Cost = 158
----- Optimized Parameters (2 sig. digits) -----
[0.4397, 2714.0, 0.5148, 0.8495, 1456.0, 0.1566, 0.6897, 0.01, 6.448e-05]
Cost = 158
----- Optimized Parameters (2 sig. digits) -----
[0.4397, 2714.0, 0.5148, 0.8495, 1456.0, 0.1566, 0.6897, 0.01, 6.448e-05]
Cost = 158
----- Optimized Parameters (2 sig. digits) -----
[0.4397, 2714.0, 0.5148, 0.8495, 1456.0, 0.1566, 0.6897, 0.01, 6.448e-05]
Cost = 158
----- Optimized Parameters (2 sig. digits) -----
[0.4397, 2714.0, 0.5148, 0.8495, 1456.0, 0.1566, 0.6897, 0.01, 6.448e-05]
Cost = 158
----- Optimized Parameters (2 sig. digits) -----
[0.4397, 2714.0, 0.5148, 0.8495, 1456.0, 0.1566, 0.6897, 0.01, 6.448e-05]
Cost = 158
----- Optimized Parameters (2 sig. digits) -----
[0.4397, 2714.0, 0.5148, 0.8495, 1456.0, 0.1566, 0.6897, 0.01, 6.448e-05]
Cost = 158
----- Optimized Parameters (2 sig. digits) -----
[0.4397, 2714.0, 0.5148, 0.8495, 1456.0, 0.1566, 0.6897, 0.01, 6.45e-05]
Cost = 158
----- Optimized Parameters (2 sig. digits) -----
[0.4906, 2713.0, 0.5814, 0.8678, 1456.0, 0.129, 0.5759, 0.01, 6.519e-05]
Cost = 163
----- Optimized Parameters (2 sig. digits) -----
[0.4524, 2714.0, 0.535, 0.8508, 1456.0, 0.1484, 0.6631, 0.01, 6.633e-05]
Cost = 155
----- Optimized Parameters (2 sig. digits) -----
[0.4524, 2714.0, 0.535, 0.8508, 1456.0, 0.1484, 0.6631, 0.01, 6.633e-05]
Cost = 155
----- Optimized Parameters (2 sig. digits) -----
[0.4524, 2714.0, 0.535, 0.8508, 1456.0, 0.1484, 0.6631, 0.01, 6.633e-05]
Cost = 155
----- Optimized Parameters (2 sig. digits) -----
[0.4524, 2714.0, 0.535, 0.8508, 1456.0, 0.1484, 0.6631, 0.01, 6.633e-05]
Cost = 155
----- Optimized Parameters (2 sig. digits) -----
[0.4524, 2714.0, 0.535, 0.8508, 1456.0, 0.1484, 0.6631, 0.01, 6.633e-05]
Cost = 155
----- Optimized Parameters (2 sig. digits) -----
[0.4524, 2714.0, 0.535, 0.8508, 1456.0, 0.1484, 0.6631, 0.01, 6.633e-05]
Cost = 155
----- Optimized Parameters (2 sig. digits) -----
[0.4524, 2714.0, 0.535, 0.8508, 1456.0, 0.1484, 0.6631, 0.01, 6.633e-05]
Cost = 155
----- Optimized Parameters (2 sig. digits) -----
[0.4524, 2714.0, 0.535, 0.8508, 1456.0, 0.1484, 0.6631, 0.01, 6.633e-05]
Cost = 155
----- Optimized Parameters (2 sig. digits) -----
[0.4524, 2714.0, 0.535, 0.8508, 1456.0, 0.1484, 0.6631, 0.01, 6.633e-05]
Cost = 155
----- Optimized Parameters (2 sig. digits) -----
[0.4524, 2714.0, 0.535, 0.8508, 1456.0, 0.1484, 0.6631, 0.01, 6.634e-05]
Cost = 155
----- Optimized Parameters (2 sig. digits) -----
[0.4792, 2713.0, 0.5706, 0.8545, 1456.0, 0.1368, 0.6074, 0.01, 6.378e-05]
Cost = 150
----- Optimized Parameters (2 sig. digits) -----
[0.4792, 2713.0, 0.5706, 0.8545, 1456.0, 0.1368, 0.6074, 0.01, 6.378e-05]
Cost = 150
----- Optimized Parameters (2 sig. digits) -----
[0.4792, 2713.0, 0.5706, 0.8545, 1456.0, 0.1368, 0.6074, 0.01, 6.378e-05]
Cost = 150
----- Optimized Parameters (2 sig. digits) -----
[0.4792, 2713.0, 0.5706, 0.8545, 1456.0, 0.1368, 0.6074, 0.01, 6.378e-05]
Cost = 150
----- Optimized Parameters (2 sig. digits) -----
[0.4792, 2713.0, 0.5706, 0.8545, 1456.0, 0.1368, 0.6074, 0.01, 6.378e-05]
Cost = 150
----- Optimized Parameters (2 sig. digits) -----
[0.4792, 2713.0, 0.5706, 0.8545, 1456.0, 0.1368, 0.6074, 0.01, 6.378e-05]
Cost = 150
----- Optimized Parameters (2 sig. digits) -----
[0.4792, 2713.0, 0.5706, 0.8545, 1456.0, 0.1368, 0.6074, 0.01, 6.378e-05]
Cost = 150
----- Optimized Parameters (2 sig. digits) -----
[0.4792, 2713.0, 0.5706, 0.8545, 1456.0, 0.1368, 0.6074, 0.01, 6.378e-05]
Cost = 150
----- Optimized Parameters (2 sig. digits) -----
[0.4792, 2713.0, 0.5706, 0.8545, 1456.0, 0.1368, 0.6074, 0.01, 6.378e-05]
Cost = 150
----- Optimized Parameters (2 sig. digits) -----
[0.4792, 2713.0, 0.5706, 0.8545, 1456.0, 0.1368, 0.6074, 0.01, 6.38e-05]
Cost = 150
----- Optimized Parameters (2 sig. digits) -----
[0.5062, 2710.0, 0.6043, 0.9103, 1456.0, 0.1236, 0.5304, 0.01, 6.404e-05]
Cost = 143
----- Optimized Parameters (2 sig. digits) -----
[0.5062, 2710.0, 0.6043, 0.9103, 1456.0, 0.1236, 0.5304, 0.01, 6.404e-05]
Cost = 143
----- Optimized Parameters (2 sig. digits) -----
[0.5062, 2710.0, 0.6043, 0.9103, 1456.0, 0.1236, 0.5304, 0.01, 6.404e-05]
Cost = 143
----- Optimized Parameters (2 sig. digits) -----
[0.5062, 2710.0, 0.6043, 0.9103, 1456.0, 0.1236, 0.5304, 0.01, 6.404e-05]
Cost = 143
----- Optimized Parameters (2 sig. digits) -----
[0.5062, 2710.0, 0.6043, 0.9103, 1456.0, 0.1236, 0.5304, 0.01, 6.404e-05]
Cost = 143
----- Optimized Parameters (2 sig. digits) -----
[0.5062, 2710.0, 0.6043, 0.9103, 1456.0, 0.1236, 0.5304, 0.01, 6.404e-05]
Cost = 143
----- Optimized Parameters (2 sig. digits) -----
[0.5062, 2710.0, 0.6043, 0.9103, 1456.0, 0.1236, 0.5304, 0.01, 6.404e-05]
Cost = 143
----- Optimized Parameters (2 sig. digits) -----
[0.5062, 2710.0, 0.6043, 0.9103, 1456.0, 0.1236, 0.5304, 0.01, 6.404e-05]
Cost = 143
----- Optimized Parameters (2 sig. digits) -----
[0.5062, 2710.0, 0.6043, 0.9103, 1456.0, 0.1236, 0.5304, 0.01, 6.404e-05]
Cost = 143
----- Optimized Parameters (2 sig. digits) -----
[0.5062, 2710.0, 0.6043, 0.9103, 1456.0, 0.1236, 0.5304, 0.01, 6.405e-05]
Cost = 143
----- Optimized Parameters (2 sig. digits) -----
[0.5228, 2701.0, 0.627, 0.9998, 1456.0, 0.1158, 0.4751, 0.01, 6.371e-05]
Cost = 137
----- Optimized Parameters (2 sig. digits) -----
[0.5228, 2701.0, 0.627, 0.9998, 1456.0, 0.1158, 0.4751, 0.01, 6.371e-05]
Cost = 137
----- Optimized Parameters (2 sig. digits) -----
[0.5228, 2701.0, 0.627, 0.9998, 1456.0, 0.1158, 0.4751, 0.01, 6.371e-05]
Cost = 137
----- Optimized Parameters (2 sig. digits) -----
[0.5228, 2701.0, 0.627, 0.9998, 1456.0, 0.1158, 0.4751, 0.01, 6.371e-05]
Cost = 137
----- Optimized Parameters (2 sig. digits) -----
[0.5228, 2701.0, 0.627, 0.9998, 1456.0, 0.1158, 0.4751, 0.01, 6.371e-05]
Cost = 137
----- Optimized Parameters (2 sig. digits) -----
[0.5228, 2701.0, 0.627, 0.9998, 1456.0, 0.1158, 0.4751, 0.01, 6.371e-05]
Cost = 137
----- Optimized Parameters (2 sig. digits) -----
[0.5228, 2701.0, 0.627, 0.9998, 1456.0, 0.1158, 0.4751, 0.01, 6.371e-05]
Cost = 137
----- Optimized Parameters (2 sig. digits) -----
[0.5228, 2701.0, 0.627, 0.9998, 1456.0, 0.1158, 0.4751, 0.01, 6.371e-05]
Cost = 137
----- Optimized Parameters (2 sig. digits) -----
[0.5228, 2701.0, 0.627, 0.9998, 1456.0, 0.1158, 0.4751, 0.01, 6.371e-05]
Cost = 137
----- Optimized Parameters (2 sig. digits) -----
[0.5228, 2701.0, 0.627, 0.9998, 1456.0, 0.1158, 0.4751, 0.01, 6.373e-05]
Cost = 137
----- Optimized Parameters (2 sig. digits) -----
[0.5516, 2677.0, 0.6659, 1.0, 1456.0, 0.103, 0.3863, 0.01, 6.245e-05]
Cost = 130
----- Optimized Parameters (2 sig. digits) -----
[0.5516, 2677.0, 0.6659, 1.0, 1456.0, 0.103, 0.3863, 0.01, 6.245e-05]
Cost = 130
----- Optimized Parameters (2 sig. digits) -----
[0.5516, 2677.0, 0.6659, 1.0, 1456.0, 0.103, 0.3863, 0.01, 6.245e-05]
Cost = 130
----- Optimized Parameters (2 sig. digits) -----
[0.5516, 2677.0, 0.6659, 1.0, 1456.0, 0.103, 0.3863, 0.01, 6.245e-05]
Cost = 130
----- Optimized Parameters (2 sig. digits) -----
[0.5516, 2677.0, 0.6659, 1.0, 1456.0, 0.103, 0.3863, 0.01, 6.245e-05]
Cost = 130
----- Optimized Parameters (2 sig. digits) -----
[0.5516, 2677.0, 0.6659, 1.0, 1456.0, 0.103, 0.3863, 0.01, 6.245e-05]
Cost = 130
----- Optimized Parameters (2 sig. digits) -----
[0.5516, 2677.0, 0.6659, 1.0, 1456.0, 0.103, 0.3863, 0.01, 6.245e-05]
Cost = 130
----- Optimized Parameters (2 sig. digits) -----
[0.5516, 2677.0, 0.6659, 1.0, 1456.0, 0.103, 0.3863, 0.01, 6.245e-05]
Cost = 130
----- Optimized Parameters (2 sig. digits) -----
[0.5516, 2677.0, 0.6659, 1.0, 1456.0, 0.103, 0.3863, 0.01, 6.245e-05]
Cost = 130
----- Optimized Parameters (2 sig. digits) -----
[0.5516, 2677.0, 0.6659, 1.0, 1456.0, 0.103, 0.3863, 0.01, 6.247e-05]
Cost = 130
----- Optimized Parameters (2 sig. digits) -----
[0.5516, 2677.0, 0.6659, 1.0, 1456.0, 0.103, 0.3863, 0.01, 6.386e-05]
Cost = 128
----- Optimized Parameters (2 sig. digits) -----
[0.5516, 2677.0, 0.6659, 1.0, 1456.0, 0.103, 0.3863, 0.01, 6.386e-05]
Cost = 128
----- Optimized Parameters (2 sig. digits) -----
[0.5516, 2677.0, 0.6659, 1.0, 1456.0, 0.103, 0.3863, 0.01, 6.386e-05]
Cost = 128
----- Optimized Parameters (2 sig. digits) -----
[0.5516, 2677.0, 0.6659, 1.0, 1456.0, 0.103, 0.3863, 0.01, 6.386e-05]
Cost = 128
----- Optimized Parameters (2 sig. digits) -----
[0.5516, 2677.0, 0.6659, 1.0, 1456.0, 0.103, 0.3863, 0.01, 6.386e-05]
Cost = 128
----- Optimized Parameters (2 sig. digits) -----
[0.5516, 2677.0, 0.6659, 1.0, 1456.0, 0.103, 0.3863, 0.01, 6.386e-05]
Cost = 128
----- Optimized Parameters (2 sig. digits) -----
[0.5516, 2677.0, 0.6659, 1.0, 1456.0, 0.103, 0.3863, 0.01, 6.386e-05]
Cost = 128
----- Optimized Parameters (2 sig. digits) -----
[0.5516, 2677.0, 0.6659, 1.0, 1456.0, 0.103, 0.3863, 0.01, 6.386e-05]
Cost = 128
----- Optimized Parameters (2 sig. digits) -----
[0.5516, 2677.0, 0.6659, 1.0, 1456.0, 0.103, 0.3863, 0.01, 6.386e-05]
Cost = 128
----- Optimized Parameters (2 sig. digits) -----
[0.5516, 2677.0, 0.6659, 1.0, 1456.0, 0.103, 0.3863, 0.01, 6.388e-05]
Cost = 128
----- Optimized Parameters (2 sig. digits) -----
[0.5516, 2677.0, 0.6659, 1.0, 1456.0, 0.103, 0.3863, 0.01, 6.386e-05]
Cost = 128
Job Statistics for 7018594:
           JobID       User               Start                 End    Elapsed   TotalCPU      State        NodeList 
---------------- ---------- ------------------- ------------------- ---------- ---------- ---------- --------------- 
         7018594     sxa126 2025-07-26T07:36:46 2025-07-26T08:44:45   01:07:59   05:10:13  COMPLETED   r1pl-hpcf-n17 
   7018594.batch            2025-07-26T07:36:46 2025-07-26T08:44:45   01:07:59   05:10:13  COMPLETED   r1pl-hpcf-n17 
  7018594.extern            2025-07-26T07:36:46 2025-07-26T08:44:45   01:07:59  00:00.001  COMPLETED   r1pl-hpcf-n17 
Requested Resources: billing=5,cpu=5,mem=37275M,node=1
Maximum CPU Memory: 141.94M; 	CPU Efficiency: 91.26% of 05:39:55 core-walltime
