----- Optimized Parameters (2 sig. digits) -----
[0.7534, 5411.0, 0.4989, 0.7094, 295.4, 0.09634, 0.7362, 0.01364, 6.768e-06]
Cost = 1.68e+03
----- Optimized Parameters (2 sig. digits) -----
[0.7534, 5411.0, 0.4989, 0.7094, 295.4, 0.09634, 0.7362, 0.01364, 6.768e-06]
Cost = 1.68e+03
----- Optimized Parameters (2 sig. digits) -----
[0.7534, 5411.0, 0.4989, 0.7094, 295.4, 0.09634, 0.7362, 0.01364, 6.768e-06]
Cost = 1.68e+03
----- Optimized Parameters (2 sig. digits) -----
[0.7534, 5411.0, 0.4989, 0.7094, 295.4, 0.09634, 0.7362, 0.01364, 6.768e-06]
Cost = 1.68e+03
----- Optimized Parameters (2 sig. digits) -----
[0.7534, 5411.0, 0.4989, 0.7094, 295.4, 0.09634, 0.7362, 0.01364, 6.768e-06]
Cost = 1.68e+03
----- Optimized Parameters (2 sig. digits) -----
[0.7534, 5411.0, 0.4989, 0.7094, 295.4, 0.09634, 0.7362, 0.01364, 6.768e-06]
Cost = 1.68e+03
----- Optimized Parameters (2 sig. digits) -----
[0.7534, 5411.0, 0.4989, 0.7094, 295.4, 0.09634, 0.7362, 0.01364, 6.768e-06]
Cost = 1.68e+03
----- Optimized Parameters (2 sig. digits) -----
[0.7534, 5411.0, 0.4989, 0.7094, 295.4, 0.09634, 0.7362, 0.01364, 6.768e-06]
Cost = 1.68e+03
----- Optimized Parameters (2 sig. digits) -----
[0.7534, 5411.0, 0.4989, 0.7094, 295.4, 0.09634, 0.7362, 0.01364, 6.768e-06]
Cost = 1.68e+03
----- Optimized Parameters (2 sig. digits) -----
[0.7534, 5411.0, 0.4989, 0.7094, 295.4, 0.09634, 0.7362, 0.01364, 6.768e-06]
Cost = 1.68e+03
----- Optimized Parameters (2 sig. digits) -----
[0.7534, 5411.0, 0.4989, 0.7094, 295.4, 0.09634, 0.7362, 0.01364, 6.783e-06]
Cost = 1.68e+03
----- Optimized Parameters (2 sig. digits) -----
[0.4397, 4842.0, 0.4628, 0.6039, 455.5, 0.09021, 0.7549, 0.01357, 6.598e-06]
Cost = 897
----- Optimized Parameters (2 sig. digits) -----
[0.4397, 4842.0, 0.4628, 0.6039, 455.5, 0.09021, 0.7549, 0.01357, 6.598e-06]
Cost = 897
----- Optimized Parameters (2 sig. digits) -----
[0.4397, 4842.0, 0.4628, 0.6039, 455.5, 0.09021, 0.7549, 0.01357, 6.598e-06]
Cost = 897
----- Optimized Parameters (2 sig. digits) -----
[0.4397, 4842.0, 0.4628, 0.6039, 455.5, 0.09021, 0.7549, 0.01357, 6.598e-06]
Cost = 897
----- Optimized Parameters (2 sig. digits) -----
[0.4397, 4842.0, 0.4628, 0.6039, 455.5, 0.09021, 0.7549, 0.01357, 6.598e-06]
Cost = 897
----- Optimized Parameters (2 sig. digits) -----
[0.4397, 4842.0, 0.4628, 0.6039, 455.5, 0.09021, 0.7549, 0.01357, 6.598e-06]
Cost = 897
----- Optimized Parameters (2 sig. digits) -----
[0.4397, 4842.0, 0.4628, 0.6039, 455.5, 0.09021, 0.7549, 0.01357, 6.598e-06]
Cost = 897
----- Optimized Parameters (2 sig. digits) -----
[0.4397, 4842.0, 0.4628, 0.6039, 455.5, 0.09021, 0.7549, 0.01357, 6.598e-06]
Cost = 897
----- Optimized Parameters (2 sig. digits) -----
[0.4397, 4842.0, 0.4628, 0.6039, 455.5, 0.09021, 0.7549, 0.01357, 6.598e-06]
Cost = 897
----- Optimized Parameters (2 sig. digits) -----
[0.4397, 4842.0, 0.4628, 0.6039, 455.5, 0.09021, 0.7549, 0.01357, 6.613e-06]
Cost = 894
----- Optimized Parameters (2 sig. digits) -----
[0.4397, 4842.0, 0.4628, 0.6039, 455.5, 0.09021, 0.7549, 0.01357, 7.772e-06]
Cost = 772
----- Optimized Parameters (2 sig. digits) -----
[0.4397, 4842.0, 0.4628, 0.6039, 455.5, 0.09021, 0.7549, 0.01357, 7.772e-06]
Cost = 772
----- Optimized Parameters (2 sig. digits) -----
[0.4397, 4842.0, 0.4628, 0.6039, 455.5, 0.09021, 0.7549, 0.01357, 7.772e-06]
Cost = 772
----- Optimized Parameters (2 sig. digits) -----
[0.4397, 4842.0, 0.4628, 0.6039, 455.5, 0.09021, 0.7549, 0.01357, 7.772e-06]
Cost = 772
----- Optimized Parameters (2 sig. digits) -----
[0.4397, 4842.0, 0.4628, 0.6039, 455.5, 0.09021, 0.7549, 0.01357, 7.772e-06]
Cost = 772
----- Optimized Parameters (2 sig. digits) -----
[0.4397, 4842.0, 0.4628, 0.6039, 455.5, 0.09021, 0.7549, 0.01357, 7.772e-06]
Cost = 772
----- Optimized Parameters (2 sig. digits) -----
[0.4397, 4842.0, 0.4628, 0.6039, 455.5, 0.09021, 0.7549, 0.01357, 7.772e-06]
Cost = 772
----- Optimized Parameters (2 sig. digits) -----
[0.4397, 4842.0, 0.4628, 0.6039, 455.5, 0.09021, 0.7549, 0.01357, 7.772e-06]
Cost = 772
----- Optimized Parameters (2 sig. digits) -----
[0.4397, 4842.0, 0.4628, 0.6039, 455.5, 0.09021, 0.7549, 0.01357, 7.772e-06]
Cost = 772
----- Optimized Parameters (2 sig. digits) -----
[0.4397, 4842.0, 0.4628, 0.6039, 455.5, 0.09021, 0.7549, 0.01357, 7.787e-06]
Cost = 771
----- Optimized Parameters (2 sig. digits) -----
[0.4397, 4842.0, 0.4628, 0.6039, 455.5, 0.09021, 0.7549, 0.01357, 7.772e-06]
Cost = 772
----- Optimized Parameters (2 sig. digits) -----
[0.4397, 4842.0, 0.4628, 0.6039, 455.5, 0.09021, 0.7549, 0.01357, 7.772e-06]
Cost = 772
----- Optimized Parameters (2 sig. digits) -----
[0.4397, 4842.0, 0.4628, 0.6039, 455.5, 0.09021, 0.7549, 0.01357, 7.772e-06]
Cost = 772
----- Optimized Parameters (2 sig. digits) -----
[0.4397, 4842.0, 0.4628, 0.6039, 455.5, 0.09021, 0.7549, 0.01357, 7.772e-06]
Cost = 772
----- Optimized Parameters (2 sig. digits) -----
[0.4397, 4842.0, 0.4628, 0.6039, 455.5, 0.09021, 0.7549, 0.01357, 7.772e-06]
Cost = 772
----- Optimized Parameters (2 sig. digits) -----
[0.4397, 4842.0, 0.4628, 0.6039, 455.5, 0.09021, 0.7549, 0.01357, 7.772e-06]
Cost = 772
----- Optimized Parameters (2 sig. digits) -----
[0.4397, 4842.0, 0.4628, 0.6039, 455.5, 0.09021, 0.7549, 0.01357, 7.772e-06]
Cost = 772
----- Optimized Parameters (2 sig. digits) -----
[0.4397, 4842.0, 0.4628, 0.6039, 455.5, 0.09021, 0.7549, 0.01357, 7.772e-06]
Cost = 772
----- Optimized Parameters (2 sig. digits) -----
[0.4397, 4842.0, 0.4628, 0.6039, 455.5, 0.09021, 0.7549, 0.01357, 7.772e-06]
Cost = 772
----- Optimized Parameters (2 sig. digits) -----
[0.4397, 4842.0, 0.4628, 0.6039, 455.5, 0.09021, 0.7549, 0.01357, 7.772e-06]
Cost = 772
----- Optimized Parameters (2 sig. digits) -----
[0.4397, 4842.0, 0.4628, 0.6039, 455.5, 0.09021, 0.7549, 0.01357, 7.787e-06]
Cost = 771
----- Optimized Parameters (2 sig. digits) -----
[0.3714, 3588.0, 0.4654, 0.4502, 913.2, 0.06619, 0.8329, 0.01265, 2.272e-05]
Cost = 7.1e+03
----- Optimized Parameters (2 sig. digits) -----
[0.4241, 4797.0, 0.3866, 0.4191, 668.9, 0.04604, 0.9111, 0.01207, 1.998e-05]
Cost = 7.91e+03
----- Optimized Parameters (2 sig. digits) -----
[0.454, 4834.0, 0.3435, 0.442, 505.4, 0.03477, 0.942, 0.01176, 1.83e-05]
Cost = 8.27e+03
----- Optimized Parameters (2 sig. digits) -----
[0.4735, 4842.0, 0.3428, 0.5747, 458.5, 0.02934, 0.8399, 0.01164, 1.705e-05]
Cost = 8.41e+03
----- Optimized Parameters (2 sig. digits) -----
[0.4509, 4842.0, 0.4421, 0.603, 455.6, 0.06829, 0.7596, 0.01297, 1.073e-05]
Cost = 956
----- Optimized Parameters (2 sig. digits) -----
[0.4425, 4842.0, 0.4579, 0.6037, 455.6, 0.08467, 0.7559, 0.01342, 8.636e-06]
Cost = 735
----- Optimized Parameters (2 sig. digits) -----
[0.4425, 4842.0, 0.4579, 0.6037, 455.6, 0.08467, 0.7559, 0.01342, 8.636e-06]
Cost = 735
----- Optimized Parameters (2 sig. digits) -----
[0.4425, 4842.0, 0.4579, 0.6037, 455.6, 0.08467, 0.7559, 0.01342, 8.636e-06]
Cost = 735
----- Optimized Parameters (2 sig. digits) -----
[0.4425, 4842.0, 0.4579, 0.6037, 455.6, 0.08467, 0.7559, 0.01342, 8.636e-06]
Cost = 735
----- Optimized Parameters (2 sig. digits) -----
[0.4425, 4842.0, 0.4579, 0.6037, 455.6, 0.08467, 0.7559, 0.01342, 8.636e-06]
Cost = 735
----- Optimized Parameters (2 sig. digits) -----
[0.4425, 4842.0, 0.4579, 0.6037, 455.6, 0.08467, 0.7559, 0.01342, 8.636e-06]
Cost = 735
----- Optimized Parameters (2 sig. digits) -----
[0.4425, 4842.0, 0.4579, 0.6037, 455.6, 0.08467, 0.7559, 0.01342, 8.636e-06]
Cost = 735
----- Optimized Parameters (2 sig. digits) -----
[0.4425, 4842.0, 0.4579, 0.6037, 455.6, 0.08467, 0.7559, 0.01342, 8.636e-06]
Cost = 735
----- Optimized Parameters (2 sig. digits) -----
[0.4425, 4842.0, 0.4579, 0.6037, 455.6, 0.08467, 0.7559, 0.01342, 8.636e-06]
Cost = 735
----- Optimized Parameters (2 sig. digits) -----
[0.4425, 4842.0, 0.4579, 0.6037, 455.6, 0.08467, 0.7559, 0.01342, 8.651e-06]
Cost = 734
----- Optimized Parameters (2 sig. digits) -----
[0.4468, 4842.0, 0.4483, 0.6035, 455.6, 0.07388, 0.7581, 0.01317, 1.074e-05]
Cost = 658
----- Optimized Parameters (2 sig. digits) -----
[0.4468, 4842.0, 0.4483, 0.6035, 455.6, 0.07388, 0.7581, 0.01317, 1.074e-05]
Cost = 658
----- Optimized Parameters (2 sig. digits) -----
[0.4468, 4842.0, 0.4483, 0.6035, 455.6, 0.07388, 0.7581, 0.01317, 1.074e-05]
Cost = 658
----- Optimized Parameters (2 sig. digits) -----
[0.4468, 4842.0, 0.4483, 0.6035, 455.6, 0.07388, 0.7581, 0.01317, 1.074e-05]
Cost = 658
----- Optimized Parameters (2 sig. digits) -----
[0.4468, 4842.0, 0.4483, 0.6035, 455.6, 0.07388, 0.7581, 0.01317, 1.074e-05]
Cost = 658
----- Optimized Parameters (2 sig. digits) -----
[0.4468, 4842.0, 0.4483, 0.6035, 455.6, 0.07388, 0.7581, 0.01317, 1.074e-05]
Cost = 658
----- Optimized Parameters (2 sig. digits) -----
[0.4468, 4842.0, 0.4483, 0.6035, 455.6, 0.07388, 0.7581, 0.01317, 1.074e-05]
Cost = 658
----- Optimized Parameters (2 sig. digits) -----
[0.4468, 4842.0, 0.4483, 0.6035, 455.6, 0.07388, 0.7581, 0.01317, 1.074e-05]
Cost = 658
----- Optimized Parameters (2 sig. digits) -----
[0.4468, 4842.0, 0.4483, 0.6035, 455.6, 0.07388, 0.7581, 0.01317, 1.074e-05]
Cost = 658
----- Optimized Parameters (2 sig. digits) -----
[0.4468, 4842.0, 0.4483, 0.6035, 455.6, 0.07388, 0.7581, 0.01317, 1.076e-05]
Cost = 657
----- Optimized Parameters (2 sig. digits) -----
[0.4468, 4842.0, 0.4483, 0.6035, 455.6, 0.07388, 0.7581, 0.01317, 1.196e-05]
Cost = 608
----- Optimized Parameters (2 sig. digits) -----
[0.4468, 4842.0, 0.4483, 0.6035, 455.6, 0.07388, 0.7581, 0.01317, 1.196e-05]
Cost = 608
----- Optimized Parameters (2 sig. digits) -----
[0.4468, 4842.0, 0.4483, 0.6035, 455.6, 0.07388, 0.7581, 0.01317, 1.196e-05]
Cost = 608
----- Optimized Parameters (2 sig. digits) -----
[0.4468, 4842.0, 0.4483, 0.6035, 455.6, 0.07388, 0.7581, 0.01317, 1.196e-05]
Cost = 608
----- Optimized Parameters (2 sig. digits) -----
[0.4468, 4842.0, 0.4483, 0.6035, 455.6, 0.07388, 0.7581, 0.01317, 1.196e-05]
Cost = 608
----- Optimized Parameters (2 sig. digits) -----
[0.4468, 4842.0, 0.4483, 0.6035, 455.6, 0.07388, 0.7581, 0.01317, 1.196e-05]
Cost = 608
----- Optimized Parameters (2 sig. digits) -----
[0.4468, 4842.0, 0.4483, 0.6035, 455.6, 0.07388, 0.7581, 0.01317, 1.196e-05]
Cost = 608
----- Optimized Parameters (2 sig. digits) -----
[0.4468, 4842.0, 0.4483, 0.6035, 455.6, 0.07388, 0.7581, 0.01317, 1.196e-05]
Cost = 608
----- Optimized Parameters (2 sig. digits) -----
[0.4468, 4842.0, 0.4483, 0.6035, 455.6, 0.07388, 0.7581, 0.01317, 1.196e-05]
Cost = 608
----- Optimized Parameters (2 sig. digits) -----
[0.4468, 4842.0, 0.4483, 0.6035, 455.6, 0.07388, 0.7581, 0.01317, 1.197e-05]
Cost = 608
----- Optimized Parameters (2 sig. digits) -----
[0.4468, 4842.0, 0.4483, 0.6035, 455.6, 0.07388, 0.7581, 0.01317, 1.196e-05]
Cost = 608
----- Optimized Parameters (2 sig. digits) -----
[0.05589, 5517.0, 0.4472, 0.9414, 155.4, 0.1835, 0.5278, 0.6842, 1.11e-05]
Cost = 1.18e+04
----- Optimized Parameters (2 sig. digits) -----
[0.05589, 5517.0, 0.4472, 0.9414, 155.4, 0.1835, 0.5278, 0.6842, 1.11e-05]
Cost = 1.18e+04
----- Optimized Parameters (2 sig. digits) -----
[0.05589, 5517.0, 0.4472, 0.9414, 155.4, 0.1835, 0.5278, 0.6842, 1.11e-05]
Cost = 1.18e+04
----- Optimized Parameters (2 sig. digits) -----
[0.05589, 5517.0, 0.4472, 0.9414, 155.4, 0.1835, 0.5278, 0.6842, 1.11e-05]
Cost = 1.18e+04
----- Optimized Parameters (2 sig. digits) -----
[0.05589, 5517.0, 0.4472, 0.9414, 155.4, 0.1835, 0.5278, 0.6842, 1.11e-05]
Cost = 1.18e+04
----- Optimized Parameters (2 sig. digits) -----
[0.05589, 5517.0, 0.4472, 0.9414, 155.4, 0.1835, 0.5278, 0.6842, 1.11e-05]
Cost = 1.18e+04
----- Optimized Parameters (2 sig. digits) -----
[0.05589, 5517.0, 0.4472, 0.9414, 155.4, 0.1835, 0.5278, 0.6842, 1.11e-05]
Cost = 1.18e+04
----- Optimized Parameters (2 sig. digits) -----
[0.05589, 5517.0, 0.4472, 0.9414, 155.4, 0.1835, 0.5278, 0.6842, 1.11e-05]
Cost = 1.18e+04
----- Optimized Parameters (2 sig. digits) -----
[0.05589, 5517.0, 0.4472, 0.9414, 155.4, 0.1835, 0.5278, 0.6842, 1.11e-05]
Cost = 1.18e+04
----- Optimized Parameters (2 sig. digits) -----
[0.05589, 5517.0, 0.4472, 0.9414, 155.4, 0.1835, 0.5278, 0.6842, 1.11e-05]
Cost = 1.18e+04
----- Optimized Parameters (2 sig. digits) -----
[0.05589, 5517.0, 0.4472, 0.9414, 155.4, 0.1835, 0.5278, 0.6842, 1.112e-05]
Cost = 1.18e+04
----- Optimized Parameters (2 sig. digits) -----
[0.04487, 3695.0, 0.2969, 0.9616, 794.0, 0.1236, 0.6876, 0.4473, 7.302e-06]
Cost = 1.02e+03
----- Optimized Parameters (2 sig. digits) -----
[0.04487, 3695.0, 0.2969, 0.9616, 794.0, 0.1236, 0.6876, 0.4473, 7.302e-06]
Cost = 1.02e+03
----- Optimized Parameters (2 sig. digits) -----
[0.04487, 3695.0, 0.2969, 0.9616, 794.0, 0.1236, 0.6876, 0.4473, 7.302e-06]
Cost = 1.02e+03
----- Optimized Parameters (2 sig. digits) -----
[0.04487, 3695.0, 0.2969, 0.9616, 794.0, 0.1236, 0.6876, 0.4473, 7.302e-06]
Cost = 1.02e+03
----- Optimized Parameters (2 sig. digits) -----
[0.04487, 3695.0, 0.2969, 0.9616, 794.0, 0.1236, 0.6876, 0.4473, 7.302e-06]
Cost = 1.02e+03
----- Optimized Parameters (2 sig. digits) -----
[0.04487, 3695.0, 0.2969, 0.9616, 794.0, 0.1236, 0.6876, 0.4473, 7.302e-06]
Cost = 1.02e+03
----- Optimized Parameters (2 sig. digits) -----
[0.04487, 3695.0, 0.2969, 0.9616, 794.0, 0.1236, 0.6876, 0.4473, 7.302e-06]
Cost = 1.02e+03
----- Optimized Parameters (2 sig. digits) -----
[0.04487, 3695.0, 0.2969, 0.9616, 794.0, 0.1236, 0.6876, 0.4473, 7.302e-06]
Cost = 1.02e+03
----- Optimized Parameters (2 sig. digits) -----
[0.04487, 3695.0, 0.2969, 0.9616, 794.0, 0.1236, 0.6876, 0.4473, 7.302e-06]
Cost = 1.02e+03
----- Optimized Parameters (2 sig. digits) -----
[0.04487, 3695.0, 0.2969, 0.9616, 794.0, 0.1236, 0.6876, 0.4473, 7.317e-06]
Cost = 1.02e+03
----- Optimized Parameters (2 sig. digits) -----
[0.6606, 3327.0, 0.2822, 0.962, 893.6, 0.1152, 0.708, 0.4107, 6.972e-06]
Cost = 598
----- Optimized Parameters (2 sig. digits) -----
[0.6606, 3327.0, 0.2822, 0.962, 893.6, 0.1152, 0.708, 0.4107, 6.972e-06]
Cost = 598
----- Optimized Parameters (2 sig. digits) -----
[0.6606, 3327.0, 0.2822, 0.962, 893.6, 0.1152, 0.708, 0.4107, 6.972e-06]
Cost = 598
----- Optimized Parameters (2 sig. digits) -----
[0.6606, 3327.0, 0.2822, 0.962, 893.6, 0.1152, 0.708, 0.4107, 6.972e-06]
Cost = 598
----- Optimized Parameters (2 sig. digits) -----
[0.6606, 3327.0, 0.2822, 0.962, 893.6, 0.1152, 0.708, 0.4107, 6.972e-06]
Cost = 598
----- Optimized Parameters (2 sig. digits) -----
[0.6606, 3327.0, 0.2822, 0.962, 893.6, 0.1152, 0.708, 0.4107, 6.972e-06]
Cost = 598
----- Optimized Parameters (2 sig. digits) -----
[0.6606, 3327.0, 0.2822, 0.962, 893.6, 0.1152, 0.708, 0.4107, 6.972e-06]
Cost = 598
----- Optimized Parameters (2 sig. digits) -----
[0.6606, 3327.0, 0.2822, 0.962, 893.6, 0.1152, 0.708, 0.4107, 6.972e-06]
Cost = 598
----- Optimized Parameters (2 sig. digits) -----
[0.6606, 3327.0, 0.2822, 0.962, 893.6, 0.1152, 0.708, 0.4107, 6.972e-06]
Cost = 598
----- Optimized Parameters (2 sig. digits) -----
[0.6606, 3327.0, 0.2822, 0.962, 893.6, 0.1152, 0.708, 0.4107, 6.987e-06]
Cost = 598
----- Optimized Parameters (2 sig. digits) -----
[0.6579, 1477.0, 0.4175, 0.8333, 1084.0, 0.06169, 0.7232, 0.1788, 1.36e-05]
Cost = 2.85e+03
----- Optimized Parameters (2 sig. digits) -----
[0.6634, 2954.0, 0.3592, 0.8287, 1045.0, 0.05137, 0.7278, 0.1405, 1.383e-05]
Cost = 4.11e+03
----- Optimized Parameters (2 sig. digits) -----
[0.6652, 3268.0, 0.3336, 0.8287, 945.9, 0.04583, 0.7308, 0.1231, 1.371e-05]
Cost = 4.71e+03
----- Optimized Parameters (2 sig. digits) -----
[0.6658, 3319.0, 0.3228, 0.8344, 902.4, 0.04375, 0.7318, 0.1239, 1.363e-05]
Cost = 4.78e+03
----- Optimized Parameters (2 sig. digits) -----
[0.6693, 3327.0, 0.2637, 0.9549, 893.6, 0.03204, 0.7169, 0.3665, 1.277e-05]
Cost = 3.24e+03
----- Optimized Parameters (2 sig. digits) -----
[0.6627, 3327.0, 0.2777, 0.9616, 893.6, 0.09242, 0.7096, 0.4049, 8.658e-06]
Cost = 580
----- Optimized Parameters (2 sig. digits) -----
[0.6627, 3327.0, 0.2777, 0.9616, 893.6, 0.09242, 0.7096, 0.4049, 8.658e-06]
Cost = 580
----- Optimized Parameters (2 sig. digits) -----
[0.6627, 3327.0, 0.2777, 0.9616, 893.6, 0.09242, 0.7096, 0.4049, 8.658e-06]
Cost = 580
----- Optimized Parameters (2 sig. digits) -----
[0.6627, 3327.0, 0.2777, 0.9616, 893.6, 0.09242, 0.7096, 0.4049, 8.658e-06]
Cost = 580
----- Optimized Parameters (2 sig. digits) -----
[0.6627, 3327.0, 0.2777, 0.9616, 893.6, 0.09242, 0.7096, 0.4049, 8.658e-06]
Cost = 580
----- Optimized Parameters (2 sig. digits) -----
[0.6627, 3327.0, 0.2777, 0.9616, 893.6, 0.09242, 0.7096, 0.4049, 8.658e-06]
Cost = 580
----- Optimized Parameters (2 sig. digits) -----
[0.6627, 3327.0, 0.2777, 0.9616, 893.6, 0.09242, 0.7096, 0.4049, 8.658e-06]
Cost = 580
----- Optimized Parameters (2 sig. digits) -----
[0.6627, 3327.0, 0.2777, 0.9616, 893.6, 0.09242, 0.7096, 0.4049, 8.658e-06]
Cost = 580
----- Optimized Parameters (2 sig. digits) -----
[0.6627, 3327.0, 0.2777, 0.9616, 893.6, 0.09242, 0.7096, 0.4049, 8.658e-06]
Cost = 580
----- Optimized Parameters (2 sig. digits) -----
[0.6627, 3327.0, 0.2777, 0.9616, 893.6, 0.09242, 0.7096, 0.4049, 8.673e-06]
Cost = 579
----- Optimized Parameters (2 sig. digits) -----
[0.666, 3327.0, 0.264, 0.9612, 893.6, 0.07224, 0.7103, 0.3974, 1.162e-05]
Cost = 579
----- Optimized Parameters (2 sig. digits) -----
[0.666, 3327.0, 0.264, 0.9612, 893.6, 0.07224, 0.7103, 0.3974, 1.162e-05]
Cost = 579
----- Optimized Parameters (2 sig. digits) -----
[0.666, 3327.0, 0.264, 0.9612, 893.6, 0.07224, 0.7103, 0.3974, 1.162e-05]
Cost = 579
----- Optimized Parameters (2 sig. digits) -----
[0.666, 3327.0, 0.264, 0.9612, 893.6, 0.07224, 0.7103, 0.3974, 1.162e-05]
Cost = 579
----- Optimized Parameters (2 sig. digits) -----
[0.666, 3327.0, 0.264, 0.9612, 893.6, 0.07224, 0.7103, 0.3974, 1.162e-05]
Cost = 579
----- Optimized Parameters (2 sig. digits) -----
[0.666, 3327.0, 0.264, 0.9612, 893.6, 0.07224, 0.7103, 0.3974, 1.162e-05]
Cost = 579
----- Optimized Parameters (2 sig. digits) -----
[0.666, 3327.0, 0.264, 0.9612, 893.6, 0.07224, 0.7103, 0.3974, 1.162e-05]
Cost = 579
----- Optimized Parameters (2 sig. digits) -----
[0.666, 3327.0, 0.264, 0.9612, 893.6, 0.07224, 0.7103, 0.3974, 1.162e-05]
Cost = 579
----- Optimized Parameters (2 sig. digits) -----
[0.666, 3327.0, 0.264, 0.9612, 893.6, 0.07224, 0.7103, 0.3974, 1.162e-05]
Cost = 579
----- Optimized Parameters (2 sig. digits) -----
[0.666, 3327.0, 0.264, 0.9612, 893.6, 0.07224, 0.7103, 0.3974, 1.163e-05]
Cost = 578
----- Optimized Parameters (2 sig. digits) -----
[0.6677, 3327.0, 0.2592, 0.9611, 893.6, 0.06895, 0.71, 0.3948, 1.353e-05]
Cost = 537
----- Optimized Parameters (2 sig. digits) -----
[0.6677, 3327.0, 0.2592, 0.9611, 893.6, 0.06895, 0.71, 0.3948, 1.353e-05]
Cost = 537
----- Optimized Parameters (2 sig. digits) -----
[0.6677, 3327.0, 0.2592, 0.9611, 893.6, 0.06895, 0.71, 0.3948, 1.353e-05]
Cost = 537
----- Optimized Parameters (2 sig. digits) -----
[0.6677, 3327.0, 0.2592, 0.9611, 893.6, 0.06895, 0.71, 0.3948, 1.353e-05]
Cost = 537
----- Optimized Parameters (2 sig. digits) -----
[0.6677, 3327.0, 0.2592, 0.9611, 893.6, 0.06895, 0.71, 0.3948, 1.353e-05]
Cost = 537
----- Optimized Parameters (2 sig. digits) -----
[0.6677, 3327.0, 0.2592, 0.9611, 893.6, 0.06895, 0.71, 0.3948, 1.353e-05]
Cost = 537
----- Optimized Parameters (2 sig. digits) -----
[0.6677, 3327.0, 0.2592, 0.9611, 893.6, 0.06895, 0.71, 0.3948, 1.353e-05]
Cost = 537
----- Optimized Parameters (2 sig. digits) -----
[0.6677, 3327.0, 0.2592, 0.9611, 893.6, 0.06895, 0.71, 0.3948, 1.353e-05]
Cost = 537
----- Optimized Parameters (2 sig. digits) -----
[0.6677, 3327.0, 0.2592, 0.9611, 893.6, 0.06895, 0.71, 0.3948, 1.353e-05]
Cost = 537
----- Optimized Parameters (2 sig. digits) -----
[0.6677, 3327.0, 0.2592, 0.9611, 893.6, 0.06895, 0.71, 0.3948, 1.354e-05]
Cost = 537
----- Optimized Parameters (2 sig. digits) -----
[0.6707, 3327.0, 0.2504, 0.961, 893.6, 0.06114, 0.7095, 0.3896, 1.6e-05]
Cost = 534
----- Optimized Parameters (2 sig. digits) -----
[0.6707, 3327.0, 0.2504, 0.961, 893.6, 0.06114, 0.7095, 0.3896, 1.6e-05]
Cost = 534
----- Optimized Parameters (2 sig. digits) -----
[0.6707, 3327.0, 0.2504, 0.961, 893.6, 0.06114, 0.7095, 0.3896, 1.6e-05]
Cost = 534
----- Optimized Parameters (2 sig. digits) -----
[0.6707, 3327.0, 0.2504, 0.961, 893.6, 0.06114, 0.7095, 0.3896, 1.6e-05]
Cost = 534
----- Optimized Parameters (2 sig. digits) -----
[0.6707, 3327.0, 0.2504, 0.961, 893.6, 0.06114, 0.7095, 0.3896, 1.6e-05]
Cost = 534
----- Optimized Parameters (2 sig. digits) -----
[0.6707, 3327.0, 0.2504, 0.961, 893.6, 0.06114, 0.7095, 0.3896, 1.6e-05]
Cost = 534
----- Optimized Parameters (2 sig. digits) -----
[0.6707, 3327.0, 0.2504, 0.961, 893.6, 0.06114, 0.7095, 0.3896, 1.6e-05]
Cost = 534
----- Optimized Parameters (2 sig. digits) -----
[0.6707, 3327.0, 0.2504, 0.961, 893.6, 0.06114, 0.7095, 0.3896, 1.6e-05]
Cost = 534
----- Optimized Parameters (2 sig. digits) -----
[0.6707, 3327.0, 0.2504, 0.961, 893.6, 0.06114, 0.7095, 0.3896, 1.6e-05]
Cost = 534
----- Optimized Parameters (2 sig. digits) -----
[0.6707, 3327.0, 0.2504, 0.961, 893.6, 0.06114, 0.7095, 0.3896, 1.602e-05]
Cost = 533
----- Optimized Parameters (2 sig. digits) -----
[0.6752, 3327.0, 0.2396, 0.9609, 893.6, 0.06065, 0.7085, 0.3835, 1.71e-05]
Cost = 527
----- Optimized Parameters (2 sig. digits) -----
[0.6752, 3327.0, 0.2396, 0.9609, 893.6, 0.06065, 0.7085, 0.3835, 1.71e-05]
Cost = 527
----- Optimized Parameters (2 sig. digits) -----
[0.6752, 3327.0, 0.2396, 0.9609, 893.6, 0.06065, 0.7085, 0.3835, 1.71e-05]
Cost = 527
----- Optimized Parameters (2 sig. digits) -----
[0.6752, 3327.0, 0.2396, 0.9609, 893.6, 0.06065, 0.7085, 0.3835, 1.71e-05]
Cost = 527
----- Optimized Parameters (2 sig. digits) -----
[0.6752, 3327.0, 0.2396, 0.9609, 893.6, 0.06065, 0.7085, 0.3835, 1.71e-05]
Cost = 527
----- Optimized Parameters (2 sig. digits) -----
[0.6752, 3327.0, 0.2396, 0.9609, 893.6, 0.06065, 0.7085, 0.3835, 1.71e-05]
Cost = 527
----- Optimized Parameters (2 sig. digits) -----
[0.6752, 3327.0, 0.2396, 0.9609, 893.6, 0.06065, 0.7085, 0.3835, 1.71e-05]
Cost = 527
----- Optimized Parameters (2 sig. digits) -----
[0.6752, 3327.0, 0.2396, 0.9609, 893.6, 0.06065, 0.7085, 0.3835, 1.71e-05]
Cost = 527
----- Optimized Parameters (2 sig. digits) -----
[0.6752, 3327.0, 0.2396, 0.9609, 893.6, 0.06065, 0.7085, 0.3835, 1.71e-05]
Cost = 527
----- Optimized Parameters (2 sig. digits) -----
[0.6752, 3327.0, 0.2396, 0.9609, 893.6, 0.06065, 0.7085, 0.3835, 1.712e-05]
Cost = 527
----- Optimized Parameters (2 sig. digits) -----
[0.687, 3327.0, 0.2308, 0.9607, 893.6, 0.06174, 0.7053, 0.3724, 1.743e-05]
Cost = 522
----- Optimized Parameters (2 sig. digits) -----
[0.687, 3327.0, 0.2308, 0.9607, 893.6, 0.06174, 0.7053, 0.3724, 1.743e-05]
Cost = 522
----- Optimized Parameters (2 sig. digits) -----
[0.687, 3327.0, 0.2308, 0.9607, 893.6, 0.06174, 0.7053, 0.3724, 1.743e-05]
Cost = 522
----- Optimized Parameters (2 sig. digits) -----
[0.687, 3327.0, 0.2308, 0.9607, 893.6, 0.06174, 0.7053, 0.3724, 1.743e-05]
Cost = 522
----- Optimized Parameters (2 sig. digits) -----
[0.687, 3327.0, 0.2308, 0.9607, 893.6, 0.06174, 0.7053, 0.3724, 1.743e-05]
Cost = 522
----- Optimized Parameters (2 sig. digits) -----
[0.687, 3327.0, 0.2308, 0.9607, 893.6, 0.06174, 0.7053, 0.3724, 1.743e-05]
Cost = 522
----- Optimized Parameters (2 sig. digits) -----
[0.687, 3327.0, 0.2308, 0.9607, 893.6, 0.06174, 0.7053, 0.3724, 1.743e-05]
Cost = 522
----- Optimized Parameters (2 sig. digits) -----
[0.687, 3327.0, 0.2308, 0.9607, 893.6, 0.06174, 0.7053, 0.3724, 1.743e-05]
Cost = 522
----- Optimized Parameters (2 sig. digits) -----
[0.687, 3327.0, 0.2308, 0.9607, 893.6, 0.06174, 0.7053, 0.3724, 1.743e-05]
Cost = 522
----- Optimized Parameters (2 sig. digits) -----
[0.687, 3327.0, 0.2308, 0.9607, 893.6, 0.06174, 0.7053, 0.3724, 1.745e-05]
Cost = 522
----- Optimized Parameters (2 sig. digits) -----
[0.7097, 3327.0, 0.2161, 0.9599, 893.6, 0.06205, 0.6978, 0.3472, 1.866e-05]
Cost = 513
----- Optimized Parameters (2 sig. digits) -----
[0.7097, 3327.0, 0.2161, 0.9599, 893.6, 0.06205, 0.6978, 0.3472, 1.866e-05]
Cost = 513
----- Optimized Parameters (2 sig. digits) -----
[0.7097, 3327.0, 0.2161, 0.9599, 893.6, 0.06205, 0.6978, 0.3472, 1.866e-05]
Cost = 513
----- Optimized Parameters (2 sig. digits) -----
[0.7097, 3327.0, 0.2161, 0.9599, 893.6, 0.06205, 0.6978, 0.3472, 1.866e-05]
Cost = 513
----- Optimized Parameters (2 sig. digits) -----
[0.7097, 3327.0, 0.2161, 0.9599, 893.6, 0.06205, 0.6978, 0.3472, 1.866e-05]
Cost = 513
----- Optimized Parameters (2 sig. digits) -----
[0.7097, 3327.0, 0.2161, 0.9599, 893.6, 0.06205, 0.6978, 0.3472, 1.866e-05]
Cost = 513
----- Optimized Parameters (2 sig. digits) -----
[0.7097, 3327.0, 0.2161, 0.9599, 893.6, 0.06205, 0.6978, 0.3472, 1.866e-05]
Cost = 513
----- Optimized Parameters (2 sig. digits) -----
[0.7097, 3327.0, 0.2161, 0.9599, 893.6, 0.06205, 0.6978, 0.3472, 1.866e-05]
Cost = 513
----- Optimized Parameters (2 sig. digits) -----
[0.7097, 3327.0, 0.2161, 0.9599, 893.6, 0.06205, 0.6978, 0.3472, 1.866e-05]
Cost = 513
----- Optimized Parameters (2 sig. digits) -----
[0.7097, 3327.0, 0.2161, 0.9599, 893.6, 0.06205, 0.6978, 0.3472, 1.868e-05]
Cost = 513
----- Optimized Parameters (2 sig. digits) -----
[0.734, 3327.0, 0.2142, 0.957, 893.6, 0.06851, 0.6836, 0.2468, 2.058e-05]
Cost = 508
----- Optimized Parameters (2 sig. digits) -----
[0.734, 3327.0, 0.2142, 0.957, 893.6, 0.06851, 0.6836, 0.2468, 2.058e-05]
Cost = 508
----- Optimized Parameters (2 sig. digits) -----
[0.734, 3327.0, 0.2142, 0.957, 893.6, 0.06851, 0.6836, 0.2468, 2.058e-05]
Cost = 508
----- Optimized Parameters (2 sig. digits) -----
[0.734, 3327.0, 0.2142, 0.957, 893.6, 0.06851, 0.6836, 0.2468, 2.058e-05]
Cost = 508
----- Optimized Parameters (2 sig. digits) -----
[0.734, 3327.0, 0.2142, 0.957, 893.6, 0.06851, 0.6836, 0.2468, 2.058e-05]
Cost = 508
----- Optimized Parameters (2 sig. digits) -----
[0.734, 3327.0, 0.2142, 0.957, 893.6, 0.06851, 0.6836, 0.2468, 2.058e-05]
Cost = 508
----- Optimized Parameters (2 sig. digits) -----
[0.734, 3327.0, 0.2142, 0.957, 893.6, 0.06851, 0.6836, 0.2468, 2.058e-05]
Cost = 508
----- Optimized Parameters (2 sig. digits) -----
[0.734, 3327.0, 0.2142, 0.957, 893.6, 0.06851, 0.6836, 0.2468, 2.058e-05]
Cost = 508
----- Optimized Parameters (2 sig. digits) -----
[0.734, 3327.0, 0.2142, 0.957, 893.6, 0.06851, 0.6836, 0.2468, 2.058e-05]
Cost = 508
----- Optimized Parameters (2 sig. digits) -----
[0.734, 3327.0, 0.2142, 0.957, 893.6, 0.06851, 0.6836, 0.2468, 2.06e-05]
Cost = 508
----- Optimized Parameters (2 sig. digits) -----
[0.7627, 3322.0, 0.2534, 0.9347, 893.1, 0.0727, 0.6629, 0.1917, 2.105e-05]
Cost = 489
----- Optimized Parameters (2 sig. digits) -----
[0.7627, 3322.0, 0.2534, 0.9347, 893.1, 0.0727, 0.6629, 0.1917, 2.105e-05]
Cost = 489
----- Optimized Parameters (2 sig. digits) -----
[0.7627, 3322.0, 0.2534, 0.9347, 893.1, 0.0727, 0.6629, 0.1917, 2.105e-05]
Cost = 489
----- Optimized Parameters (2 sig. digits) -----
[0.7627, 3322.0, 0.2534, 0.9347, 893.1, 0.0727, 0.6629, 0.1917, 2.105e-05]
Cost = 489
----- Optimized Parameters (2 sig. digits) -----
[0.7627, 3322.0, 0.2534, 0.9347, 893.1, 0.0727, 0.6629, 0.1917, 2.105e-05]
Cost = 489
----- Optimized Parameters (2 sig. digits) -----
[0.7627, 3322.0, 0.2534, 0.9347, 893.1, 0.0727, 0.6629, 0.1917, 2.105e-05]
Cost = 489
----- Optimized Parameters (2 sig. digits) -----
[0.7627, 3322.0, 0.2534, 0.9347, 893.1, 0.0727, 0.6629, 0.1917, 2.105e-05]
Cost = 489
----- Optimized Parameters (2 sig. digits) -----
[0.7627, 3322.0, 0.2534, 0.9347, 893.1, 0.0727, 0.6629, 0.1917, 2.105e-05]
Cost = 489
----- Optimized Parameters (2 sig. digits) -----
[0.7627, 3322.0, 0.2534, 0.9347, 893.1, 0.0727, 0.6629, 0.1917, 2.105e-05]
Cost = 489
----- Optimized Parameters (2 sig. digits) -----
[0.7627, 3322.0, 0.2534, 0.9347, 893.1, 0.0727, 0.6629, 0.1917, 2.107e-05]
Cost = 489
----- Optimized Parameters (2 sig. digits) -----
[0.7632, 3314.0, 0.3788, 0.885, 892.4, 0.07956, 0.6241, 0.04793, 2.405e-05]
Cost = 978
----- Optimized Parameters (2 sig. digits) -----
[0.7628, 3322.0, 0.2866, 0.934, 893.1, 0.0749, 0.6584, 0.1429, 2.318e-05]
Cost = 478
----- Optimized Parameters (2 sig. digits) -----
[0.7628, 3322.0, 0.2866, 0.934, 893.1, 0.0749, 0.6584, 0.1429, 2.318e-05]
Cost = 478
----- Optimized Parameters (2 sig. digits) -----
[0.7628, 3322.0, 0.2866, 0.934, 893.1, 0.0749, 0.6584, 0.1429, 2.318e-05]
Cost = 478
----- Optimized Parameters (2 sig. digits) -----
[0.7628, 3322.0, 0.2866, 0.934, 893.1, 0.0749, 0.6584, 0.1429, 2.318e-05]
Cost = 478
----- Optimized Parameters (2 sig. digits) -----
[0.7628, 3322.0, 0.2866, 0.934, 893.1, 0.0749, 0.6584, 0.1429, 2.318e-05]
Cost = 478
----- Optimized Parameters (2 sig. digits) -----
[0.7628, 3322.0, 0.2866, 0.934, 893.1, 0.0749, 0.6584, 0.1429, 2.318e-05]
Cost = 478
----- Optimized Parameters (2 sig. digits) -----
[0.7628, 3322.0, 0.2866, 0.934, 893.1, 0.0749, 0.6584, 0.1429, 2.318e-05]
Cost = 478
----- Optimized Parameters (2 sig. digits) -----
[0.7628, 3322.0, 0.2866, 0.934, 893.1, 0.0749, 0.6584, 0.1429, 2.318e-05]
Cost = 478
----- Optimized Parameters (2 sig. digits) -----
[0.7628, 3322.0, 0.2866, 0.934, 893.1, 0.0749, 0.6584, 0.1429, 2.318e-05]
Cost = 478
----- Optimized Parameters (2 sig. digits) -----
[0.7628, 3322.0, 0.2866, 0.934, 893.1, 0.0749, 0.6584, 0.1429, 2.32e-05]
Cost = 478
----- Optimized Parameters (2 sig. digits) -----
[0.7502, 3322.0, 0.3717, 0.9318, 893.1, 0.08001, 0.6467, 0.06644, 2.625e-05]
Cost = 515
----- Optimized Parameters (2 sig. digits) -----
[0.7615, 3322.0, 0.3043, 0.9338, 893.1, 0.07617, 0.6568, 0.119, 2.542e-05]
Cost = 465
----- Optimized Parameters (2 sig. digits) -----
[0.7615, 3322.0, 0.3043, 0.9338, 893.1, 0.07617, 0.6568, 0.119, 2.542e-05]
Cost = 465
----- Optimized Parameters (2 sig. digits) -----
[0.7615, 3322.0, 0.3043, 0.9338, 893.1, 0.07617, 0.6568, 0.119, 2.542e-05]
Cost = 465
----- Optimized Parameters (2 sig. digits) -----
[0.7615, 3322.0, 0.3043, 0.9338, 893.1, 0.07617, 0.6568, 0.119, 2.542e-05]
Cost = 465
----- Optimized Parameters (2 sig. digits) -----
[0.7615, 3322.0, 0.3043, 0.9338, 893.1, 0.07617, 0.6568, 0.119, 2.542e-05]
Cost = 465
----- Optimized Parameters (2 sig. digits) -----
[0.7615, 3322.0, 0.3043, 0.9338, 893.1, 0.07617, 0.6568, 0.119, 2.542e-05]
Cost = 465
----- Optimized Parameters (2 sig. digits) -----
[0.7615, 3322.0, 0.3043, 0.9338, 893.1, 0.07617, 0.6568, 0.119, 2.542e-05]
Cost = 465
----- Optimized Parameters (2 sig. digits) -----
[0.7615, 3322.0, 0.3043, 0.9338, 893.1, 0.07617, 0.6568, 0.119, 2.542e-05]
Cost = 465
----- Optimized Parameters (2 sig. digits) -----
[0.7615, 3322.0, 0.3043, 0.9338, 893.1, 0.07617, 0.6568, 0.119, 2.542e-05]
Cost = 465
----- Optimized Parameters (2 sig. digits) -----
[0.7615, 3322.0, 0.3043, 0.9338, 893.1, 0.07617, 0.6568, 0.119, 2.543e-05]
Cost = 465
----- Optimized Parameters (2 sig. digits) -----
[0.7565, 3322.0, 0.3434, 0.9335, 893.1, 0.07551, 0.6546, 0.07529, 3.117e-05]
Cost = 472
----- Optimized Parameters (2 sig. digits) -----
[0.7608, 3322.0, 0.3116, 0.9338, 893.1, 0.07542, 0.6563, 0.1057, 2.813e-05]
Cost = 458
----- Optimized Parameters (2 sig. digits) -----
[0.7608, 3322.0, 0.3116, 0.9338, 893.1, 0.07542, 0.6563, 0.1057, 2.813e-05]
Cost = 458
----- Optimized Parameters (2 sig. digits) -----
[0.7608, 3322.0, 0.3116, 0.9338, 893.1, 0.07542, 0.6563, 0.1057, 2.813e-05]
Cost = 458
----- Optimized Parameters (2 sig. digits) -----
[0.7608, 3322.0, 0.3116, 0.9338, 893.1, 0.07542, 0.6563, 0.1057, 2.813e-05]
Cost = 458
----- Optimized Parameters (2 sig. digits) -----
[0.7608, 3322.0, 0.3116, 0.9338, 893.1, 0.07542, 0.6563, 0.1057, 2.813e-05]
Cost = 458
----- Optimized Parameters (2 sig. digits) -----
[0.7608, 3322.0, 0.3116, 0.9338, 893.1, 0.07542, 0.6563, 0.1057, 2.813e-05]
Cost = 458
----- Optimized Parameters (2 sig. digits) -----
[0.7608, 3322.0, 0.3116, 0.9338, 893.1, 0.07542, 0.6563, 0.1057, 2.813e-05]
Cost = 458
----- Optimized Parameters (2 sig. digits) -----
[0.7608, 3322.0, 0.3116, 0.9338, 893.1, 0.07542, 0.6563, 0.1057, 2.813e-05]
Cost = 458
----- Optimized Parameters (2 sig. digits) -----
[0.7608, 3322.0, 0.3116, 0.9338, 893.1, 0.07542, 0.6563, 0.1057, 2.813e-05]
Cost = 458
----- Optimized Parameters (2 sig. digits) -----
[0.7608, 3322.0, 0.3116, 0.9338, 893.1, 0.07542, 0.6563, 0.1057, 2.815e-05]
Cost = 458
----- Optimized Parameters (2 sig. digits) -----
[0.7588, 3322.0, 0.3283, 0.9337, 893.1, 0.07426, 0.6554, 0.08081, 3.342e-05]
Cost = 452
----- Optimized Parameters (2 sig. digits) -----
[0.7588, 3322.0, 0.3283, 0.9337, 893.1, 0.07426, 0.6554, 0.08081, 3.342e-05]
Cost = 452
----- Optimized Parameters (2 sig. digits) -----
[0.7588, 3322.0, 0.3283, 0.9337, 893.1, 0.07426, 0.6554, 0.08081, 3.342e-05]
Cost = 452
----- Optimized Parameters (2 sig. digits) -----
[0.7588, 3322.0, 0.3283, 0.9337, 893.1, 0.07426, 0.6554, 0.08081, 3.342e-05]
Cost = 452
----- Optimized Parameters (2 sig. digits) -----
[0.7588, 3322.0, 0.3283, 0.9337, 893.1, 0.07426, 0.6554, 0.08081, 3.342e-05]
Cost = 452
----- Optimized Parameters (2 sig. digits) -----
[0.7588, 3322.0, 0.3283, 0.9337, 893.1, 0.07426, 0.6554, 0.08081, 3.342e-05]
Cost = 452
----- Optimized Parameters (2 sig. digits) -----
[0.7588, 3322.0, 0.3283, 0.9337, 893.1, 0.07426, 0.6554, 0.08081, 3.342e-05]
Cost = 452
----- Optimized Parameters (2 sig. digits) -----
[0.7588, 3322.0, 0.3283, 0.9337, 893.1, 0.07426, 0.6554, 0.08081, 3.342e-05]
Cost = 452
----- Optimized Parameters (2 sig. digits) -----
[0.7588, 3322.0, 0.3283, 0.9337, 893.1, 0.07426, 0.6554, 0.08081, 3.342e-05]
Cost = 452
----- Optimized Parameters (2 sig. digits) -----
[0.7588, 3322.0, 0.3283, 0.9337, 893.1, 0.07426, 0.6554, 0.08081, 3.343e-05]
Cost = 451
----- Optimized Parameters (2 sig. digits) -----
[0.7554, 3322.0, 0.3498, 0.9336, 893.1, 0.07656, 0.6543, 0.06223, 3.729e-05]
Cost = 430
----- Optimized Parameters (2 sig. digits) -----
[0.7554, 3322.0, 0.3498, 0.9336, 893.1, 0.07656, 0.6543, 0.06223, 3.729e-05]
Cost = 430
----- Optimized Parameters (2 sig. digits) -----
[0.7554, 3322.0, 0.3498, 0.9336, 893.1, 0.07656, 0.6543, 0.06223, 3.729e-05]
Cost = 430
----- Optimized Parameters (2 sig. digits) -----
[0.7554, 3322.0, 0.3498, 0.9336, 893.1, 0.07656, 0.6543, 0.06223, 3.729e-05]
Cost = 430
----- Optimized Parameters (2 sig. digits) -----
[0.7554, 3322.0, 0.3498, 0.9336, 893.1, 0.07656, 0.6543, 0.06223, 3.729e-05]
Cost = 430
----- Optimized Parameters (2 sig. digits) -----
[0.7554, 3322.0, 0.3498, 0.9336, 893.1, 0.07656, 0.6543, 0.06223, 3.729e-05]
Cost = 430
----- Optimized Parameters (2 sig. digits) -----
[0.7554, 3322.0, 0.3498, 0.9336, 893.1, 0.07656, 0.6543, 0.06223, 3.729e-05]
Cost = 430
----- Optimized Parameters (2 sig. digits) -----
[0.7554, 3322.0, 0.3498, 0.9336, 893.1, 0.07656, 0.6543, 0.06223, 3.729e-05]
Cost = 430
----- Optimized Parameters (2 sig. digits) -----
[0.7554, 3322.0, 0.3498, 0.9336, 893.1, 0.07656, 0.6543, 0.06223, 3.729e-05]
Cost = 430
----- Optimized Parameters (2 sig. digits) -----
[0.7554, 3322.0, 0.3498, 0.9336, 893.1, 0.07656, 0.6543, 0.06223, 3.731e-05]
Cost = 430
----- Optimized Parameters (2 sig. digits) -----
[0.7455, 3322.0, 0.3964, 0.9332, 893.1, 0.07634, 0.6526, 0.03606, 4.642e-05]
Cost = 435
----- Optimized Parameters (2 sig. digits) -----
[0.7539, 3322.0, 0.3587, 0.9336, 893.1, 0.07583, 0.654, 0.05055, 4.398e-05]
Cost = 418
----- Optimized Parameters (2 sig. digits) -----
[0.7539, 3322.0, 0.3587, 0.9336, 893.1, 0.07583, 0.654, 0.05055, 4.398e-05]
Cost = 418
----- Optimized Parameters (2 sig. digits) -----
[0.7539, 3322.0, 0.3587, 0.9336, 893.1, 0.07583, 0.654, 0.05055, 4.398e-05]
Cost = 418
----- Optimized Parameters (2 sig. digits) -----
[0.7539, 3322.0, 0.3587, 0.9336, 893.1, 0.07583, 0.654, 0.05055, 4.398e-05]
Cost = 418
----- Optimized Parameters (2 sig. digits) -----
[0.7539, 3322.0, 0.3587, 0.9336, 893.1, 0.07583, 0.654, 0.05055, 4.398e-05]
Cost = 418
----- Optimized Parameters (2 sig. digits) -----
[0.7539, 3322.0, 0.3587, 0.9336, 893.1, 0.07583, 0.654, 0.05055, 4.398e-05]
Cost = 418
----- Optimized Parameters (2 sig. digits) -----
[0.7539, 3322.0, 0.3587, 0.9336, 893.1, 0.07583, 0.654, 0.05055, 4.398e-05]
Cost = 418
----- Optimized Parameters (2 sig. digits) -----
[0.7539, 3322.0, 0.3587, 0.9336, 893.1, 0.07583, 0.654, 0.05055, 4.398e-05]
Cost = 418
----- Optimized Parameters (2 sig. digits) -----
[0.7539, 3322.0, 0.3587, 0.9336, 893.1, 0.07583, 0.654, 0.05055, 4.398e-05]
Cost = 418
----- Optimized Parameters (2 sig. digits) -----
[0.7539, 3322.0, 0.3587, 0.9336, 893.1, 0.07583, 0.654, 0.05055, 4.399e-05]
Cost = 418
----- Optimized Parameters (2 sig. digits) -----
[0.7493, 3322.0, 0.3814, 0.9334, 893.1, 0.07589, 0.6532, 0.03581, 5.296e-05]
Cost = 402
----- Optimized Parameters (2 sig. digits) -----
[0.7493, 3322.0, 0.3814, 0.9334, 893.1, 0.07589, 0.6532, 0.03581, 5.296e-05]
Cost = 402
----- Optimized Parameters (2 sig. digits) -----
[0.7493, 3322.0, 0.3814, 0.9334, 893.1, 0.07589, 0.6532, 0.03581, 5.296e-05]
Cost = 402
----- Optimized Parameters (2 sig. digits) -----
[0.7493, 3322.0, 0.3814, 0.9334, 893.1, 0.07589, 0.6532, 0.03581, 5.296e-05]
Cost = 402
----- Optimized Parameters (2 sig. digits) -----
[0.7493, 3322.0, 0.3814, 0.9334, 893.1, 0.07589, 0.6532, 0.03581, 5.296e-05]
Cost = 402
----- Optimized Parameters (2 sig. digits) -----
[0.7493, 3322.0, 0.3814, 0.9334, 893.1, 0.07589, 0.6532, 0.03581, 5.296e-05]
Cost = 402
----- Optimized Parameters (2 sig. digits) -----
[0.7493, 3322.0, 0.3814, 0.9334, 893.1, 0.07589, 0.6532, 0.03581, 5.296e-05]
Cost = 402
----- Optimized Parameters (2 sig. digits) -----
[0.7493, 3322.0, 0.3814, 0.9334, 893.1, 0.07589, 0.6532, 0.03581, 5.296e-05]
Cost = 402
----- Optimized Parameters (2 sig. digits) -----
[0.7493, 3322.0, 0.3814, 0.9334, 893.1, 0.07589, 0.6532, 0.03581, 5.296e-05]
Cost = 402
----- Optimized Parameters (2 sig. digits) -----
[0.7493, 3322.0, 0.3814, 0.9334, 893.1, 0.07589, 0.6532, 0.03581, 5.298e-05]
Cost = 402
----- Optimized Parameters (2 sig. digits) -----
[0.7436, 3322.0, 0.4053, 0.9332, 893.1, 0.07674, 0.6523, 0.0282, 5.994e-05]
Cost = 367
----- Optimized Parameters (2 sig. digits) -----
[0.7436, 3322.0, 0.4053, 0.9332, 893.1, 0.07674, 0.6523, 0.0282, 5.994e-05]
Cost = 367
----- Optimized Parameters (2 sig. digits) -----
[0.7436, 3322.0, 0.4053, 0.9332, 893.1, 0.07674, 0.6523, 0.0282, 5.994e-05]
Cost = 367
----- Optimized Parameters (2 sig. digits) -----
[0.7436, 3322.0, 0.4053, 0.9332, 893.1, 0.07674, 0.6523, 0.0282, 5.994e-05]
Cost = 367
----- Optimized Parameters (2 sig. digits) -----
[0.7436, 3322.0, 0.4053, 0.9332, 893.1, 0.07674, 0.6523, 0.0282, 5.994e-05]
Cost = 367
----- Optimized Parameters (2 sig. digits) -----
[0.7436, 3322.0, 0.4053, 0.9332, 893.1, 0.07674, 0.6523, 0.0282, 5.994e-05]
Cost = 367
----- Optimized Parameters (2 sig. digits) -----
[0.7436, 3322.0, 0.4053, 0.9332, 893.1, 0.07674, 0.6523, 0.0282, 5.994e-05]
Cost = 367
----- Optimized Parameters (2 sig. digits) -----
[0.7436, 3322.0, 0.4053, 0.9332, 893.1, 0.07674, 0.6523, 0.0282, 5.994e-05]
Cost = 367
----- Optimized Parameters (2 sig. digits) -----
[0.7436, 3322.0, 0.4053, 0.9332, 893.1, 0.07674, 0.6523, 0.0282, 5.994e-05]
Cost = 367
----- Optimized Parameters (2 sig. digits) -----
[0.7436, 3322.0, 0.4053, 0.9332, 893.1, 0.07674, 0.6523, 0.0282, 5.996e-05]
Cost = 367
----- Optimized Parameters (2 sig. digits) -----
[0.7101, 3322.0, 0.4465, 0.9328, 893.1, 0.07666, 0.6508, 0.01749, 7.317e-05]
Cost = 335
----- Optimized Parameters (2 sig. digits) -----
[0.7101, 3322.0, 0.4465, 0.9328, 893.1, 0.07666, 0.6508, 0.01749, 7.317e-05]
Cost = 335
----- Optimized Parameters (2 sig. digits) -----
[0.7101, 3322.0, 0.4465, 0.9328, 893.1, 0.07666, 0.6508, 0.01749, 7.317e-05]
Cost = 335
----- Optimized Parameters (2 sig. digits) -----
[0.7101, 3322.0, 0.4465, 0.9328, 893.1, 0.07666, 0.6508, 0.01749, 7.317e-05]
Cost = 335
----- Optimized Parameters (2 sig. digits) -----
[0.7101, 3322.0, 0.4465, 0.9328, 893.1, 0.07666, 0.6508, 0.01749, 7.317e-05]
Cost = 335
----- Optimized Parameters (2 sig. digits) -----
[0.7101, 3322.0, 0.4465, 0.9328, 893.1, 0.07666, 0.6508, 0.01749, 7.317e-05]
Cost = 335
----- Optimized Parameters (2 sig. digits) -----
[0.7101, 3322.0, 0.4465, 0.9328, 893.1, 0.07666, 0.6508, 0.01749, 7.317e-05]
Cost = 335
----- Optimized Parameters (2 sig. digits) -----
[0.7101, 3322.0, 0.4465, 0.9328, 893.1, 0.07666, 0.6508, 0.01749, 7.317e-05]
Cost = 335
----- Optimized Parameters (2 sig. digits) -----
[0.7101, 3322.0, 0.4465, 0.9328, 893.1, 0.07666, 0.6508, 0.01749, 7.317e-05]
Cost = 335
----- Optimized Parameters (2 sig. digits) -----
[0.7101, 3322.0, 0.4465, 0.9328, 893.1, 0.07666, 0.6508, 0.01749, 7.319e-05]
Cost = 335
----- Optimized Parameters (2 sig. digits) -----
[0.6899, 3322.0, 0.4876, 0.9324, 893.1, 0.07727, 0.6488, 0.01411, 7.857e-05]
Cost = 265
----- Optimized Parameters (2 sig. digits) -----
[0.6899, 3322.0, 0.4876, 0.9324, 893.1, 0.07727, 0.6488, 0.01411, 7.857e-05]
Cost = 265
----- Optimized Parameters (2 sig. digits) -----
[0.6899, 3322.0, 0.4876, 0.9324, 893.1, 0.07727, 0.6488, 0.01411, 7.857e-05]
Cost = 265
----- Optimized Parameters (2 sig. digits) -----
[0.6899, 3322.0, 0.4876, 0.9324, 893.1, 0.07727, 0.6488, 0.01411, 7.857e-05]
Cost = 265
----- Optimized Parameters (2 sig. digits) -----
[0.6899, 3322.0, 0.4876, 0.9324, 893.1, 0.07727, 0.6488, 0.01411, 7.857e-05]
Cost = 265
----- Optimized Parameters (2 sig. digits) -----
[0.6899, 3322.0, 0.4876, 0.9324, 893.1, 0.07727, 0.6488, 0.01411, 7.857e-05]
Cost = 265
----- Optimized Parameters (2 sig. digits) -----
[0.6899, 3322.0, 0.4876, 0.9324, 893.1, 0.07727, 0.6488, 0.01411, 7.857e-05]
Cost = 265
----- Optimized Parameters (2 sig. digits) -----
[0.6899, 3322.0, 0.4876, 0.9324, 893.1, 0.07727, 0.6488, 0.01411, 7.857e-05]
Cost = 265
----- Optimized Parameters (2 sig. digits) -----
[0.6899, 3322.0, 0.4876, 0.9324, 893.1, 0.07727, 0.6488, 0.01411, 7.857e-05]
Cost = 265
----- Optimized Parameters (2 sig. digits) -----
[0.6899, 3322.0, 0.4876, 0.9324, 893.1, 0.07727, 0.6488, 0.01411, 7.858e-05]
Cost = 265
----- Optimized Parameters (2 sig. digits) -----
[0.6365, 3322.0, 0.5311, 0.9319, 893.1, 0.07693, 0.6465, 0.01019, 8.853e-05]
Cost = 206
----- Optimized Parameters (2 sig. digits) -----
[0.6365, 3322.0, 0.5311, 0.9319, 893.1, 0.07693, 0.6465, 0.01019, 8.853e-05]
Cost = 206
----- Optimized Parameters (2 sig. digits) -----
[0.6365, 3322.0, 0.5311, 0.9319, 893.1, 0.07693, 0.6465, 0.01019, 8.853e-05]
Cost = 206
----- Optimized Parameters (2 sig. digits) -----
[0.6365, 3322.0, 0.5311, 0.9319, 893.1, 0.07693, 0.6465, 0.01019, 8.853e-05]
Cost = 206
----- Optimized Parameters (2 sig. digits) -----
[0.6365, 3322.0, 0.5311, 0.9319, 893.1, 0.07693, 0.6465, 0.01019, 8.853e-05]
Cost = 206
----- Optimized Parameters (2 sig. digits) -----
[0.6365, 3322.0, 0.5311, 0.9319, 893.1, 0.07693, 0.6465, 0.01019, 8.853e-05]
Cost = 206
----- Optimized Parameters (2 sig. digits) -----
[0.6365, 3322.0, 0.5311, 0.9319, 893.1, 0.07693, 0.6465, 0.01019, 8.853e-05]
Cost = 206
----- Optimized Parameters (2 sig. digits) -----
[0.6365, 3322.0, 0.5311, 0.9319, 893.1, 0.07693, 0.6465, 0.01019, 8.853e-05]
Cost = 206
----- Optimized Parameters (2 sig. digits) -----
[0.6365, 3322.0, 0.5311, 0.9319, 893.1, 0.07693, 0.6465, 0.01019, 8.853e-05]
Cost = 206
----- Optimized Parameters (2 sig. digits) -----
[0.6365, 3322.0, 0.5311, 0.9319, 893.1, 0.07693, 0.6465, 0.01019, 8.855e-05]
Cost = 206
----- Optimized Parameters (2 sig. digits) -----
[0.6274, 3322.0, 0.5367, 0.9319, 893.1, 0.07713, 0.6462, 0.01028, 8.933e-05]
Cost = 197
----- Optimized Parameters (2 sig. digits) -----
[0.6274, 3322.0, 0.5367, 0.9319, 893.1, 0.07713, 0.6462, 0.01028, 8.933e-05]
Cost = 197
----- Optimized Parameters (2 sig. digits) -----
[0.6274, 3322.0, 0.5367, 0.9319, 893.1, 0.07713, 0.6462, 0.01028, 8.933e-05]
Cost = 197
----- Optimized Parameters (2 sig. digits) -----
[0.6274, 3322.0, 0.5367, 0.9319, 893.1, 0.07713, 0.6462, 0.01028, 8.933e-05]
Cost = 197
----- Optimized Parameters (2 sig. digits) -----
[0.6274, 3322.0, 0.5367, 0.9319, 893.1, 0.07713, 0.6462, 0.01028, 8.933e-05]
Cost = 197
----- Optimized Parameters (2 sig. digits) -----
[0.6274, 3322.0, 0.5367, 0.9319, 893.1, 0.07713, 0.6462, 0.01028, 8.933e-05]
Cost = 197
----- Optimized Parameters (2 sig. digits) -----
[0.6274, 3322.0, 0.5367, 0.9319, 893.1, 0.07713, 0.6462, 0.01028, 8.933e-05]
Cost = 197
----- Optimized Parameters (2 sig. digits) -----
[0.6274, 3322.0, 0.5367, 0.9319, 893.1, 0.07713, 0.6462, 0.01028, 8.933e-05]
Cost = 197
----- Optimized Parameters (2 sig. digits) -----
[0.6274, 3322.0, 0.5367, 0.9319, 893.1, 0.07713, 0.6462, 0.01028, 8.933e-05]
Cost = 197
----- Optimized Parameters (2 sig. digits) -----
[0.6274, 3322.0, 0.5367, 0.9319, 893.1, 0.07713, 0.6462, 0.01028, 8.935e-05]
Cost = 197
----- Optimized Parameters (2 sig. digits) -----
[0.5731, 3322.0, 0.6124, 0.9323, 893.1, 0.07516, 0.6329, 0.01, 6.959e-05]
Cost = 158
----- Optimized Parameters (2 sig. digits) -----
[0.5731, 3322.0, 0.6124, 0.9323, 893.1, 0.07516, 0.6329, 0.01, 6.959e-05]
Cost = 158
----- Optimized Parameters (2 sig. digits) -----
[0.5731, 3322.0, 0.6124, 0.9323, 893.1, 0.07516, 0.6329, 0.01, 6.959e-05]
Cost = 158
----- Optimized Parameters (2 sig. digits) -----
[0.5731, 3322.0, 0.6124, 0.9323, 893.1, 0.07516, 0.6329, 0.01, 6.959e-05]
Cost = 158
----- Optimized Parameters (2 sig. digits) -----
[0.5731, 3322.0, 0.6124, 0.9323, 893.1, 0.07516, 0.6329, 0.01, 6.959e-05]
Cost = 158
----- Optimized Parameters (2 sig. digits) -----
[0.5731, 3322.0, 0.6124, 0.9323, 893.1, 0.07516, 0.6329, 0.01, 6.959e-05]
Cost = 158
----- Optimized Parameters (2 sig. digits) -----
[0.5731, 3322.0, 0.6124, 0.9323, 893.1, 0.07516, 0.6329, 0.01, 6.959e-05]
Cost = 158
----- Optimized Parameters (2 sig. digits) -----
[0.5731, 3322.0, 0.6124, 0.9323, 893.1, 0.07516, 0.6329, 0.01, 6.959e-05]
Cost = 158
----- Optimized Parameters (2 sig. digits) -----
[0.5731, 3322.0, 0.6124, 0.9323, 893.1, 0.07516, 0.6329, 0.01, 6.959e-05]
Cost = 158
----- Optimized Parameters (2 sig. digits) -----
[0.5731, 3322.0, 0.6124, 0.9323, 893.1, 0.07516, 0.6329, 0.01, 6.96e-05]
Cost = 158
----- Optimized Parameters (2 sig. digits) -----
[0.5731, 3322.0, 0.6124, 0.9323, 893.1, 0.07522, 0.6329, 0.01001, 7.152e-05]
Cost = 155
----- Optimized Parameters (2 sig. digits) -----
[0.5731, 3322.0, 0.6124, 0.9323, 893.1, 0.07522, 0.6329, 0.01001, 7.152e-05]
Cost = 155
----- Optimized Parameters (2 sig. digits) -----
[0.5731, 3322.0, 0.6124, 0.9323, 893.1, 0.07522, 0.6329, 0.01001, 7.152e-05]
Cost = 155
----- Optimized Parameters (2 sig. digits) -----
[0.5731, 3322.0, 0.6124, 0.9323, 893.1, 0.07522, 0.6329, 0.01001, 7.152e-05]
Cost = 155
----- Optimized Parameters (2 sig. digits) -----
[0.5731, 3322.0, 0.6124, 0.9323, 893.1, 0.07522, 0.6329, 0.01001, 7.152e-05]
Cost = 155
----- Optimized Parameters (2 sig. digits) -----
[0.5731, 3322.0, 0.6124, 0.9323, 893.1, 0.07522, 0.6329, 0.01001, 7.152e-05]
Cost = 155
----- Optimized Parameters (2 sig. digits) -----
[0.5731, 3322.0, 0.6124, 0.9323, 893.1, 0.07522, 0.6329, 0.01001, 7.152e-05]
Cost = 155
----- Optimized Parameters (2 sig. digits) -----
[0.5731, 3322.0, 0.6124, 0.9323, 893.1, 0.07522, 0.6329, 0.01001, 7.152e-05]
Cost = 155
----- Optimized Parameters (2 sig. digits) -----
[0.5731, 3322.0, 0.6124, 0.9323, 893.1, 0.07522, 0.6329, 0.01001, 7.152e-05]
Cost = 155
----- Optimized Parameters (2 sig. digits) -----
[0.5731, 3322.0, 0.6124, 0.9323, 893.1, 0.07522, 0.6329, 0.01001, 7.154e-05]
Cost = 155
----- Optimized Parameters (2 sig. digits) -----
[0.5787, 3321.0, 0.6783, 0.9386, 893.1, 0.06205, 0.4585, 0.01, 6.721e-05]
Cost = 144
----- Optimized Parameters (2 sig. digits) -----
[0.5787, 3321.0, 0.6783, 0.9386, 893.1, 0.06205, 0.4585, 0.01, 6.721e-05]
Cost = 144
----- Optimized Parameters (2 sig. digits) -----
[0.5787, 3321.0, 0.6783, 0.9386, 893.1, 0.06205, 0.4585, 0.01, 6.721e-05]
Cost = 144
----- Optimized Parameters (2 sig. digits) -----
[0.5787, 3321.0, 0.6783, 0.9386, 893.1, 0.06205, 0.4585, 0.01, 6.721e-05]
Cost = 144
----- Optimized Parameters (2 sig. digits) -----
[0.5787, 3321.0, 0.6783, 0.9386, 893.1, 0.06205, 0.4585, 0.01, 6.721e-05]
Cost = 144
----- Optimized Parameters (2 sig. digits) -----
[0.5787, 3321.0, 0.6783, 0.9386, 893.1, 0.06205, 0.4585, 0.01, 6.721e-05]
Cost = 144
----- Optimized Parameters (2 sig. digits) -----
[0.5787, 3321.0, 0.6783, 0.9386, 893.1, 0.06205, 0.4585, 0.01, 6.721e-05]
Cost = 144
----- Optimized Parameters (2 sig. digits) -----
[0.5787, 3321.0, 0.6783, 0.9386, 893.1, 0.06205, 0.4585, 0.01, 6.721e-05]
Cost = 144
----- Optimized Parameters (2 sig. digits) -----
[0.5787, 3321.0, 0.6783, 0.9386, 893.1, 0.06205, 0.4585, 0.01, 6.721e-05]
Cost = 144
----- Optimized Parameters (2 sig. digits) -----
[0.5787, 3321.0, 0.6783, 0.9386, 893.1, 0.06205, 0.4585, 0.01, 6.723e-05]
Cost = 144
----- Optimized Parameters (2 sig. digits) -----
[0.5787, 3321.0, 0.6783, 0.9386, 893.1, 0.06215, 0.4585, 0.01007, 6.997e-05]
Cost = 138
----- Optimized Parameters (2 sig. digits) -----
[0.5787, 3321.0, 0.6783, 0.9386, 893.1, 0.06215, 0.4585, 0.01007, 6.997e-05]
Cost = 138
----- Optimized Parameters (2 sig. digits) -----
[0.5787, 3321.0, 0.6783, 0.9386, 893.1, 0.06215, 0.4585, 0.01007, 6.997e-05]
Cost = 138
----- Optimized Parameters (2 sig. digits) -----
[0.5787, 3321.0, 0.6783, 0.9386, 893.1, 0.06215, 0.4585, 0.01007, 6.997e-05]
Cost = 138
----- Optimized Parameters (2 sig. digits) -----
[0.5787, 3321.0, 0.6783, 0.9386, 893.1, 0.06215, 0.4585, 0.01007, 6.997e-05]
Cost = 138
----- Optimized Parameters (2 sig. digits) -----
[0.5787, 3321.0, 0.6783, 0.9386, 893.1, 0.06215, 0.4585, 0.01007, 6.997e-05]
Cost = 138
----- Optimized Parameters (2 sig. digits) -----
[0.5787, 3321.0, 0.6783, 0.9386, 893.1, 0.06215, 0.4585, 0.01007, 6.997e-05]
Cost = 138
----- Optimized Parameters (2 sig. digits) -----
[0.5787, 3321.0, 0.6783, 0.9386, 893.1, 0.06215, 0.4585, 0.01007, 6.997e-05]
Cost = 138
----- Optimized Parameters (2 sig. digits) -----
[0.5787, 3321.0, 0.6783, 0.9386, 893.1, 0.06215, 0.4585, 0.01007, 6.997e-05]
Cost = 138
----- Optimized Parameters (2 sig. digits) -----
[0.5787, 3321.0, 0.6783, 0.9386, 893.1, 0.06215, 0.4585, 0.01007, 6.999e-05]
Cost = 138
----- Optimized Parameters (2 sig. digits) -----
[0.6068, 3298.0, 0.7285, 0.9893, 890.5, 0.05515, 0.352, 0.01, 6.207e-05]
Cost = 128
----- Optimized Parameters (2 sig. digits) -----
[0.6068, 3298.0, 0.7285, 0.9893, 890.5, 0.05515, 0.352, 0.01, 6.207e-05]
Cost = 128
----- Optimized Parameters (2 sig. digits) -----
[0.6068, 3298.0, 0.7285, 0.9893, 890.5, 0.05515, 0.352, 0.01, 6.207e-05]
Cost = 128
----- Optimized Parameters (2 sig. digits) -----
[0.6068, 3298.0, 0.7285, 0.9893, 890.5, 0.05515, 0.352, 0.01, 6.207e-05]
Cost = 128
----- Optimized Parameters (2 sig. digits) -----
[0.6068, 3298.0, 0.7285, 0.9893, 890.5, 0.05515, 0.352, 0.01, 6.207e-05]
Cost = 128
----- Optimized Parameters (2 sig. digits) -----
[0.6068, 3298.0, 0.7285, 0.9893, 890.5, 0.05515, 0.352, 0.01, 6.207e-05]
Cost = 128
----- Optimized Parameters (2 sig. digits) -----
[0.6068, 3298.0, 0.7285, 0.9893, 890.5, 0.05515, 0.352, 0.01, 6.207e-05]
Cost = 128
----- Optimized Parameters (2 sig. digits) -----
[0.6068, 3298.0, 0.7285, 0.9893, 890.5, 0.05515, 0.352, 0.01, 6.207e-05]
Cost = 128
----- Optimized Parameters (2 sig. digits) -----
[0.6068, 3298.0, 0.7285, 0.9893, 890.5, 0.05515, 0.352, 0.01, 6.207e-05]
Cost = 128
----- Optimized Parameters (2 sig. digits) -----
[0.6068, 3298.0, 0.7285, 0.9893, 890.5, 0.05515, 0.352, 0.01, 6.208e-05]
Cost = 128
----- Optimized Parameters (2 sig. digits) -----
[0.6068, 3298.0, 0.7285, 0.9893, 890.5, 0.0552, 0.352, 0.01, 6.345e-05]
Cost = 126
----- Optimized Parameters (2 sig. digits) -----
[0.6068, 3298.0, 0.7285, 0.9893, 890.5, 0.0552, 0.352, 0.01, 6.345e-05]
Cost = 126
----- Optimized Parameters (2 sig. digits) -----
[0.6068, 3298.0, 0.7285, 0.9893, 890.5, 0.0552, 0.352, 0.01, 6.345e-05]
Cost = 126
----- Optimized Parameters (2 sig. digits) -----
[0.6068, 3298.0, 0.7285, 0.9893, 890.5, 0.0552, 0.352, 0.01, 6.345e-05]
Cost = 126
----- Optimized Parameters (2 sig. digits) -----
[0.6068, 3298.0, 0.7285, 0.9893, 890.5, 0.0552, 0.352, 0.01, 6.345e-05]
Cost = 126
----- Optimized Parameters (2 sig. digits) -----
[0.6068, 3298.0, 0.7285, 0.9893, 890.5, 0.0552, 0.352, 0.01, 6.345e-05]
Cost = 126
----- Optimized Parameters (2 sig. digits) -----
[0.6068, 3298.0, 0.7285, 0.9893, 890.5, 0.0552, 0.352, 0.01, 6.345e-05]
Cost = 126
----- Optimized Parameters (2 sig. digits) -----
[0.6068, 3298.0, 0.7285, 0.9893, 890.5, 0.0552, 0.352, 0.01, 6.345e-05]
Cost = 126
----- Optimized Parameters (2 sig. digits) -----
[0.6068, 3298.0, 0.7285, 0.9893, 890.5, 0.0552, 0.352, 0.01, 6.345e-05]
Cost = 126
----- Optimized Parameters (2 sig. digits) -----
[0.6068, 3298.0, 0.7285, 0.9893, 890.5, 0.0552, 0.352, 0.01, 6.347e-05]
Cost = 126
----- Optimized Parameters (2 sig. digits) -----
[0.6617, 3245.0, 0.8045, 0.9966, 882.1, 0.04529, 0.2282, 0.01, 5.846e-05]
Cost = 125
----- Optimized Parameters (2 sig. digits) -----
[0.6617, 3245.0, 0.8045, 0.9966, 882.1, 0.04529, 0.2282, 0.01, 5.846e-05]
Cost = 125
----- Optimized Parameters (2 sig. digits) -----
[0.6617, 3245.0, 0.8045, 0.9966, 882.1, 0.04529, 0.2282, 0.01, 5.846e-05]
Cost = 125
----- Optimized Parameters (2 sig. digits) -----
[0.6617, 3245.0, 0.8045, 0.9966, 882.1, 0.04529, 0.2282, 0.01, 5.846e-05]
Cost = 125
----- Optimized Parameters (2 sig. digits) -----
[0.6617, 3245.0, 0.8045, 0.9966, 882.1, 0.04529, 0.2282, 0.01, 5.846e-05]
Cost = 125
----- Optimized Parameters (2 sig. digits) -----
[0.6617, 3245.0, 0.8045, 0.9966, 882.1, 0.04529, 0.2282, 0.01, 5.846e-05]
Cost = 125
----- Optimized Parameters (2 sig. digits) -----
[0.6617, 3245.0, 0.8045, 0.9966, 882.1, 0.04529, 0.2282, 0.01, 5.846e-05]
Cost = 125
----- Optimized Parameters (2 sig. digits) -----
[0.6617, 3245.0, 0.8045, 0.9966, 882.1, 0.04529, 0.2282, 0.01, 5.846e-05]
Cost = 125
----- Optimized Parameters (2 sig. digits) -----
[0.6617, 3245.0, 0.8045, 0.9966, 882.1, 0.04529, 0.2282, 0.01, 5.846e-05]
Cost = 125
----- Optimized Parameters (2 sig. digits) -----
[0.6617, 3245.0, 0.8045, 0.9966, 882.1, 0.04529, 0.2282, 0.01, 5.848e-05]
Cost = 125
----- Optimized Parameters (2 sig. digits) -----
[0.6617, 3245.0, 0.8045, 0.9966, 882.1, 0.04542, 0.2282, 0.01008, 6.138e-05]
Cost = 115
----- Optimized Parameters (2 sig. digits) -----
[0.6617, 3245.0, 0.8045, 0.9966, 882.1, 0.04542, 0.2282, 0.01008, 6.138e-05]
Cost = 115
----- Optimized Parameters (2 sig. digits) -----
[0.6617, 3245.0, 0.8045, 0.9966, 882.1, 0.04542, 0.2282, 0.01008, 6.138e-05]
Cost = 115
----- Optimized Parameters (2 sig. digits) -----
[0.6617, 3245.0, 0.8045, 0.9966, 882.1, 0.04542, 0.2282, 0.01008, 6.138e-05]
Cost = 115
----- Optimized Parameters (2 sig. digits) -----
[0.6617, 3245.0, 0.8045, 0.9966, 882.1, 0.04542, 0.2282, 0.01008, 6.138e-05]
Cost = 115
----- Optimized Parameters (2 sig. digits) -----
[0.6617, 3245.0, 0.8045, 0.9966, 882.1, 0.04542, 0.2282, 0.01008, 6.138e-05]
Cost = 115
----- Optimized Parameters (2 sig. digits) -----
[0.6617, 3245.0, 0.8045, 0.9966, 882.1, 0.04542, 0.2282, 0.01008, 6.138e-05]
Cost = 115
----- Optimized Parameters (2 sig. digits) -----
[0.6617, 3245.0, 0.8045, 0.9966, 882.1, 0.04542, 0.2282, 0.01008, 6.138e-05]
Cost = 115
----- Optimized Parameters (2 sig. digits) -----
[0.6617, 3245.0, 0.8045, 0.9966, 882.1, 0.04542, 0.2282, 0.01008, 6.138e-05]
Cost = 115
----- Optimized Parameters (2 sig. digits) -----
[0.6617, 3245.0, 0.8045, 0.9966, 882.1, 0.04542, 0.2282, 0.01008, 6.139e-05]
Cost = 115
----- Optimized Parameters (2 sig. digits) -----
[0.6767, 3230.0, 0.821, 0.9991, 880.0, 0.04406, 0.1943, 0.01001, 5.506e-05]
Cost = 111
----- Optimized Parameters (2 sig. digits) -----
[0.6767, 3230.0, 0.821, 0.9991, 880.0, 0.04406, 0.1943, 0.01001, 5.506e-05]
Cost = 111
----- Optimized Parameters (2 sig. digits) -----
[0.6767, 3230.0, 0.821, 0.9991, 880.0, 0.04406, 0.1943, 0.01001, 5.506e-05]
Cost = 111
----- Optimized Parameters (2 sig. digits) -----
[0.6767, 3230.0, 0.821, 0.9991, 880.0, 0.04406, 0.1943, 0.01001, 5.506e-05]
Cost = 111
----- Optimized Parameters (2 sig. digits) -----
[0.6767, 3230.0, 0.821, 0.9991, 880.0, 0.04406, 0.1943, 0.01001, 5.506e-05]
Cost = 111
----- Optimized Parameters (2 sig. digits) -----
[0.6767, 3230.0, 0.821, 0.9991, 880.0, 0.04406, 0.1943, 0.01001, 5.506e-05]
Cost = 111
----- Optimized Parameters (2 sig. digits) -----
[0.6767, 3230.0, 0.821, 0.9991, 880.0, 0.04406, 0.1943, 0.01001, 5.506e-05]
Cost = 111
----- Optimized Parameters (2 sig. digits) -----
[0.6767, 3230.0, 0.821, 0.9991, 880.0, 0.04406, 0.1943, 0.01001, 5.506e-05]
Cost = 111
----- Optimized Parameters (2 sig. digits) -----
[0.6767, 3230.0, 0.821, 0.9991, 880.0, 0.04406, 0.1943, 0.01001, 5.506e-05]
Cost = 111
----- Optimized Parameters (2 sig. digits) -----
[0.6767, 3230.0, 0.821, 0.9991, 880.0, 0.04406, 0.1943, 0.01001, 5.508e-05]
Cost = 111
----- Optimized Parameters (2 sig. digits) -----
[0.6871, 3201.0, 0.8351, 0.9998, 876.5, 0.04267, 0.1697, 0.01, 5.233e-05]
Cost = 109
----- Optimized Parameters (2 sig. digits) -----
[0.6871, 3201.0, 0.8351, 0.9998, 876.5, 0.04267, 0.1697, 0.01, 5.233e-05]
Cost = 109
----- Optimized Parameters (2 sig. digits) -----
[0.6871, 3201.0, 0.8351, 0.9998, 876.5, 0.04267, 0.1697, 0.01, 5.233e-05]
Cost = 109
----- Optimized Parameters (2 sig. digits) -----
[0.6871, 3201.0, 0.8351, 0.9998, 876.5, 0.04267, 0.1697, 0.01, 5.233e-05]
Cost = 109
----- Optimized Parameters (2 sig. digits) -----
[0.6871, 3201.0, 0.8351, 0.9998, 876.5, 0.04267, 0.1697, 0.01, 5.233e-05]
Cost = 109
----- Optimized Parameters (2 sig. digits) -----
[0.6871, 3201.0, 0.8351, 0.9998, 876.5, 0.04267, 0.1697, 0.01, 5.233e-05]
Cost = 109
----- Optimized Parameters (2 sig. digits) -----
[0.6871, 3201.0, 0.8351, 0.9998, 876.5, 0.04267, 0.1697, 0.01, 5.233e-05]
Cost = 109
----- Optimized Parameters (2 sig. digits) -----
[0.6871, 3201.0, 0.8351, 0.9998, 876.5, 0.04267, 0.1697, 0.01, 5.233e-05]
Cost = 109
----- Optimized Parameters (2 sig. digits) -----
[0.6871, 3201.0, 0.8351, 0.9998, 876.5, 0.04267, 0.1697, 0.01, 5.233e-05]
Cost = 109
----- Optimized Parameters (2 sig. digits) -----
[0.6871, 3201.0, 0.8351, 0.9998, 876.5, 0.04267, 0.1697, 0.01, 5.235e-05]
Cost = 109
----- Optimized Parameters (2 sig. digits) -----
[0.7007, 3170.0, 0.8512, 1.0, 872.4, 0.04126, 0.1476, 0.01, 4.969e-05]
Cost = 107
----- Optimized Parameters (2 sig. digits) -----
[0.7007, 3170.0, 0.8512, 1.0, 872.4, 0.04126, 0.1476, 0.01, 4.969e-05]
Cost = 107
----- Optimized Parameters (2 sig. digits) -----
[0.7007, 3170.0, 0.8512, 1.0, 872.4, 0.04126, 0.1476, 0.01, 4.969e-05]
Cost = 107
----- Optimized Parameters (2 sig. digits) -----
[0.7007, 3170.0, 0.8512, 1.0, 872.4, 0.04126, 0.1476, 0.01, 4.969e-05]
Cost = 107
----- Optimized Parameters (2 sig. digits) -----
[0.7007, 3170.0, 0.8512, 1.0, 872.4, 0.04126, 0.1476, 0.01, 4.969e-05]
Cost = 107
----- Optimized Parameters (2 sig. digits) -----
[0.7007, 3170.0, 0.8512, 1.0, 872.4, 0.04126, 0.1476, 0.01, 4.969e-05]
Cost = 107
----- Optimized Parameters (2 sig. digits) -----
[0.7007, 3170.0, 0.8512, 1.0, 872.4, 0.04126, 0.1476, 0.01, 4.969e-05]
Cost = 107
----- Optimized Parameters (2 sig. digits) -----
[0.7007, 3170.0, 0.8512, 1.0, 872.4, 0.04126, 0.1476, 0.01, 4.969e-05]
Cost = 107
----- Optimized Parameters (2 sig. digits) -----
[0.7007, 3170.0, 0.8512, 1.0, 872.4, 0.04126, 0.1476, 0.01, 4.969e-05]
Cost = 107
----- Optimized Parameters (2 sig. digits) -----
[0.7007, 3170.0, 0.8512, 1.0, 872.4, 0.04126, 0.1476, 0.01, 4.97e-05]
Cost = 107
----- Optimized Parameters (2 sig. digits) -----
[0.71, 3106.0, 0.8627, 1.0, 866.3, 0.04033, 0.1344, 0.01, 4.776e-05]
Cost = 106
----- Optimized Parameters (2 sig. digits) -----
[0.71, 3106.0, 0.8627, 1.0, 866.3, 0.04033, 0.1344, 0.01, 4.776e-05]
Cost = 106
----- Optimized Parameters (2 sig. digits) -----
[0.71, 3106.0, 0.8627, 1.0, 866.3, 0.04033, 0.1344, 0.01, 4.776e-05]
Cost = 106
----- Optimized Parameters (2 sig. digits) -----
[0.71, 3106.0, 0.8627, 1.0, 866.3, 0.04033, 0.1344, 0.01, 4.776e-05]
Cost = 106
----- Optimized Parameters (2 sig. digits) -----
[0.71, 3106.0, 0.8627, 1.0, 866.3, 0.04033, 0.1344, 0.01, 4.776e-05]
Cost = 106
----- Optimized Parameters (2 sig. digits) -----
[0.71, 3106.0, 0.8627, 1.0, 866.3, 0.04033, 0.1344, 0.01, 4.776e-05]
Cost = 106
----- Optimized Parameters (2 sig. digits) -----
[0.71, 3106.0, 0.8627, 1.0, 866.3, 0.04033, 0.1344, 0.01, 4.776e-05]
Cost = 106
----- Optimized Parameters (2 sig. digits) -----
[0.71, 3106.0, 0.8627, 1.0, 866.3, 0.04033, 0.1344, 0.01, 4.776e-05]
Cost = 106
----- Optimized Parameters (2 sig. digits) -----
[0.71, 3106.0, 0.8627, 1.0, 866.3, 0.04033, 0.1344, 0.01, 4.776e-05]
Cost = 106
----- Optimized Parameters (2 sig. digits) -----
[0.71, 3106.0, 0.8627, 1.0, 866.3, 0.04033, 0.1344, 0.01, 4.778e-05]
Cost = 106
----- Optimized Parameters (2 sig. digits) -----
[0.7186, 2974.0, 0.8739, 1.0, 857.2, 0.03951, 0.1246, 0.01, 4.623e-05]
Cost = 106
----- Optimized Parameters (2 sig. digits) -----
[0.7186, 2974.0, 0.8739, 1.0, 857.2, 0.03951, 0.1246, 0.01, 4.623e-05]
Cost = 106
----- Optimized Parameters (2 sig. digits) -----
[0.7186, 2974.0, 0.8739, 1.0, 857.2, 0.03951, 0.1246, 0.01, 4.623e-05]
Cost = 106
----- Optimized Parameters (2 sig. digits) -----
[0.7186, 2974.0, 0.8739, 1.0, 857.2, 0.03951, 0.1246, 0.01, 4.623e-05]
Cost = 106
----- Optimized Parameters (2 sig. digits) -----
[0.7186, 2974.0, 0.8739, 1.0, 857.2, 0.03951, 0.1246, 0.01, 4.623e-05]
Cost = 106
----- Optimized Parameters (2 sig. digits) -----
[0.7186, 2974.0, 0.8739, 1.0, 857.2, 0.03951, 0.1246, 0.01, 4.623e-05]
Cost = 106
----- Optimized Parameters (2 sig. digits) -----
[0.7186, 2974.0, 0.8739, 1.0, 857.2, 0.03951, 0.1246, 0.01, 4.623e-05]
Cost = 106
----- Optimized Parameters (2 sig. digits) -----
[0.7186, 2974.0, 0.8739, 1.0, 857.2, 0.03951, 0.1246, 0.01, 4.623e-05]
Cost = 106
----- Optimized Parameters (2 sig. digits) -----
[0.7186, 2974.0, 0.8739, 1.0, 857.2, 0.03951, 0.1246, 0.01, 4.623e-05]
Cost = 106
----- Optimized Parameters (2 sig. digits) -----
[0.7186, 2974.0, 0.8739, 1.0, 857.2, 0.03951, 0.1246, 0.01, 4.625e-05]
Cost = 106
----- Optimized Parameters (2 sig. digits) -----
[0.7235, 2703.0, 0.8819, 1.0, 847.2, 0.03918, 0.1192, 0.01, 4.51e-05]
Cost = 105
----- Optimized Parameters (2 sig. digits) -----
[0.7235, 2703.0, 0.8819, 1.0, 847.2, 0.03918, 0.1192, 0.01, 4.51e-05]
Cost = 105
----- Optimized Parameters (2 sig. digits) -----
[0.7235, 2703.0, 0.8819, 1.0, 847.2, 0.03918, 0.1192, 0.01, 4.51e-05]
Cost = 105
----- Optimized Parameters (2 sig. digits) -----
[0.7235, 2703.0, 0.8819, 1.0, 847.2, 0.03918, 0.1192, 0.01, 4.51e-05]
Cost = 105
----- Optimized Parameters (2 sig. digits) -----
[0.7235, 2703.0, 0.8819, 1.0, 847.2, 0.03918, 0.1192, 0.01, 4.51e-05]
Cost = 105
----- Optimized Parameters (2 sig. digits) -----
[0.7235, 2703.0, 0.8819, 1.0, 847.2, 0.03918, 0.1192, 0.01, 4.51e-05]
Cost = 105
----- Optimized Parameters (2 sig. digits) -----
[0.7235, 2703.0, 0.8819, 1.0, 847.2, 0.03918, 0.1192, 0.01, 4.51e-05]
Cost = 105
----- Optimized Parameters (2 sig. digits) -----
[0.7235, 2703.0, 0.8819, 1.0, 847.2, 0.03918, 0.1192, 0.01, 4.51e-05]
Cost = 105
----- Optimized Parameters (2 sig. digits) -----
[0.7235, 2703.0, 0.8819, 1.0, 847.2, 0.03918, 0.1192, 0.01, 4.51e-05]
Cost = 105
----- Optimized Parameters (2 sig. digits) -----
[0.7235, 2703.0, 0.8819, 1.0, 847.2, 0.03918, 0.1192, 0.01, 4.511e-05]
Cost = 105
----- Optimized Parameters (2 sig. digits) -----
[0.7225, 2142.0, 0.8853, 1.0, 840.0, 0.03987, 0.1188, 0.01, 4.428e-05]
Cost = 105
----- Optimized Parameters (2 sig. digits) -----
[0.7225, 2142.0, 0.8853, 1.0, 840.0, 0.03987, 0.1188, 0.01, 4.428e-05]
Cost = 105
----- Optimized Parameters (2 sig. digits) -----
[0.7225, 2142.0, 0.8853, 1.0, 840.0, 0.03987, 0.1188, 0.01, 4.428e-05]
Cost = 105
----- Optimized Parameters (2 sig. digits) -----
[0.7225, 2142.0, 0.8853, 1.0, 840.0, 0.03987, 0.1188, 0.01, 4.428e-05]
Cost = 105
----- Optimized Parameters (2 sig. digits) -----
[0.7225, 2142.0, 0.8853, 1.0, 840.0, 0.03987, 0.1188, 0.01, 4.428e-05]
Cost = 105
----- Optimized Parameters (2 sig. digits) -----
[0.7225, 2142.0, 0.8853, 1.0, 840.0, 0.03987, 0.1188, 0.01, 4.428e-05]
Cost = 105
----- Optimized Parameters (2 sig. digits) -----
[0.7225, 2142.0, 0.8853, 1.0, 840.0, 0.03987, 0.1188, 0.01, 4.428e-05]
Cost = 105
----- Optimized Parameters (2 sig. digits) -----
[0.7225, 2142.0, 0.8853, 1.0, 840.0, 0.03987, 0.1188, 0.01, 4.428e-05]
Cost = 105
----- Optimized Parameters (2 sig. digits) -----
[0.7225, 2142.0, 0.8853, 1.0, 840.0, 0.03987, 0.1188, 0.01, 4.428e-05]
Cost = 105
----- Optimized Parameters (2 sig. digits) -----
[0.7225, 2142.0, 0.8853, 1.0, 840.0, 0.03987, 0.1188, 0.01, 4.43e-05]
Cost = 105
----- Optimized Parameters (2 sig. digits) -----
[0.7225, 2142.0, 0.8853, 1.0, 840.0, 0.03988, 0.1188, 0.01, 4.441e-05]
Cost = 105
----- Optimized Parameters (2 sig. digits) -----
[0.7225, 2142.0, 0.8853, 1.0, 840.0, 0.03988, 0.1188, 0.01, 4.441e-05]
Cost = 105
----- Optimized Parameters (2 sig. digits) -----
[0.7225, 2142.0, 0.8853, 1.0, 840.0, 0.03988, 0.1188, 0.01, 4.441e-05]
Cost = 105
----- Optimized Parameters (2 sig. digits) -----
[0.7225, 2142.0, 0.8853, 1.0, 840.0, 0.03988, 0.1188, 0.01, 4.441e-05]
Cost = 105
----- Optimized Parameters (2 sig. digits) -----
[0.7225, 2142.0, 0.8853, 1.0, 840.0, 0.03988, 0.1188, 0.01, 4.441e-05]
Cost = 105
----- Optimized Parameters (2 sig. digits) -----
[0.7225, 2142.0, 0.8853, 1.0, 840.0, 0.03988, 0.1188, 0.01, 4.441e-05]
Cost = 105
----- Optimized Parameters (2 sig. digits) -----
[0.7225, 2142.0, 0.8853, 1.0, 840.0, 0.03988, 0.1188, 0.01, 4.441e-05]
Cost = 105
----- Optimized Parameters (2 sig. digits) -----
[0.7225, 2142.0, 0.8853, 1.0, 840.0, 0.03988, 0.1188, 0.01, 4.441e-05]
Cost = 105
----- Optimized Parameters (2 sig. digits) -----
[0.7225, 2142.0, 0.8853, 1.0, 840.0, 0.03988, 0.1188, 0.01, 4.441e-05]
Cost = 105
----- Optimized Parameters (2 sig. digits) -----
[0.7225, 2142.0, 0.8853, 1.0, 840.0, 0.03988, 0.1188, 0.01, 4.443e-05]
Cost = 105
----- Optimized Parameters (2 sig. digits) -----
[0.7225, 2142.0, 0.8853, 1.0, 840.0, 0.03988, 0.1188, 0.01, 4.441e-05]
Cost = 105
----- Optimized Parameters (2 sig. digits) -----
[0.7225, 2142.0, 0.8853, 1.0, 840.0, 0.03988, 0.1188, 0.01, 4.441e-05]
Cost = 105
----- Optimized Parameters (2 sig. digits) -----
[0.7225, 2142.0, 0.8853, 1.0, 840.0, 0.03988, 0.1188, 0.01, 4.441e-05]
Cost = 105
----- Optimized Parameters (2 sig. digits) -----
[0.7225, 2142.0, 0.8853, 1.0, 840.0, 0.03988, 0.1188, 0.01, 4.441e-05]
Cost = 105
----- Optimized Parameters (2 sig. digits) -----
[0.7225, 2142.0, 0.8853, 1.0, 840.0, 0.03988, 0.1188, 0.01, 4.441e-05]
Cost = 105
----- Optimized Parameters (2 sig. digits) -----
[0.7225, 2142.0, 0.8853, 1.0, 840.0, 0.03988, 0.1188, 0.01, 4.441e-05]
Cost = 105
----- Optimized Parameters (2 sig. digits) -----
[0.7225, 2142.0, 0.8853, 1.0, 840.0, 0.03988, 0.1188, 0.01, 4.441e-05]
Cost = 105
----- Optimized Parameters (2 sig. digits) -----
[0.7225, 2142.0, 0.8853, 1.0, 840.0, 0.03988, 0.1188, 0.01, 4.441e-05]
Cost = 105
----- Optimized Parameters (2 sig. digits) -----
[0.7225, 2142.0, 0.8853, 1.0, 840.0, 0.03988, 0.1188, 0.01, 4.441e-05]
Cost = 105
----- Optimized Parameters (2 sig. digits) -----
[0.7225, 2142.0, 0.8853, 1.0, 840.0, 0.03988, 0.1188, 0.01, 4.441e-05]
Cost = 105
----- Optimized Parameters (2 sig. digits) -----
[0.7225, 2142.0, 0.8853, 1.0, 840.0, 0.03988, 0.1188, 0.01, 4.443e-05]
Cost = 105
----- Optimized Parameters (2 sig. digits) -----
[0.715, 1537.0, 0.886, 1.0, 835.4, 0.0413, 0.1265, 0.01, 4.395e-05]
Cost = 105
----- Optimized Parameters (2 sig. digits) -----
[0.715, 1537.0, 0.886, 1.0, 835.4, 0.0413, 0.1265, 0.01, 4.395e-05]
Cost = 105
----- Optimized Parameters (2 sig. digits) -----
[0.715, 1537.0, 0.886, 1.0, 835.4, 0.0413, 0.1265, 0.01, 4.395e-05]
Cost = 105
----- Optimized Parameters (2 sig. digits) -----
[0.715, 1537.0, 0.886, 1.0, 835.4, 0.0413, 0.1265, 0.01, 4.395e-05]
Cost = 105
----- Optimized Parameters (2 sig. digits) -----
[0.715, 1537.0, 0.886, 1.0, 835.4, 0.0413, 0.1265, 0.01, 4.395e-05]
Cost = 105
----- Optimized Parameters (2 sig. digits) -----
[0.715, 1537.0, 0.886, 1.0, 835.4, 0.0413, 0.1265, 0.01, 4.395e-05]
Cost = 105
----- Optimized Parameters (2 sig. digits) -----
[0.715, 1537.0, 0.886, 1.0, 835.4, 0.0413, 0.1265, 0.01, 4.395e-05]
Cost = 105
----- Optimized Parameters (2 sig. digits) -----
[0.715, 1537.0, 0.886, 1.0, 835.4, 0.0413, 0.1265, 0.01, 4.395e-05]
Cost = 105
----- Optimized Parameters (2 sig. digits) -----
[0.715, 1537.0, 0.886, 1.0, 835.4, 0.0413, 0.1265, 0.01, 4.395e-05]
Cost = 105
----- Optimized Parameters (2 sig. digits) -----
[0.715, 1537.0, 0.886, 1.0, 835.4, 0.0413, 0.1265, 0.01, 4.397e-05]
Cost = 105
----- Optimized Parameters (2 sig. digits) -----
[0.715, 1537.0, 0.886, 1.0, 835.4, 0.0413, 0.1265, 0.01, 4.417e-05]
Cost = 105
----- Optimized Parameters (2 sig. digits) -----
[0.715, 1537.0, 0.886, 1.0, 835.4, 0.0413, 0.1265, 0.01, 4.417e-05]
Cost = 105
----- Optimized Parameters (2 sig. digits) -----
[0.715, 1537.0, 0.886, 1.0, 835.4, 0.0413, 0.1265, 0.01, 4.417e-05]
Cost = 105
----- Optimized Parameters (2 sig. digits) -----
[0.715, 1537.0, 0.886, 1.0, 835.4, 0.0413, 0.1265, 0.01, 4.417e-05]
Cost = 105
----- Optimized Parameters (2 sig. digits) -----
[0.715, 1537.0, 0.886, 1.0, 835.4, 0.0413, 0.1265, 0.01, 4.417e-05]
Cost = 105
----- Optimized Parameters (2 sig. digits) -----
[0.715, 1537.0, 0.886, 1.0, 835.4, 0.0413, 0.1265, 0.01, 4.417e-05]
Cost = 105
----- Optimized Parameters (2 sig. digits) -----
[0.715, 1537.0, 0.886, 1.0, 835.4, 0.04131, 0.1265, 0.01, 4.417e-05]
Cost = 105
----- Optimized Parameters (2 sig. digits) -----
[0.715, 1537.0, 0.886, 1.0, 835.4, 0.0413, 0.1265, 0.01, 4.417e-05]
Cost = 105
----- Optimized Parameters (2 sig. digits) -----
[0.715, 1537.0, 0.886, 1.0, 835.4, 0.0413, 0.1265, 0.01, 4.417e-05]
Cost = 105
----- Optimized Parameters (2 sig. digits) -----
[0.715, 1537.0, 0.886, 1.0, 835.4, 0.0413, 0.1265, 0.01, 4.419e-05]
Cost = 105
----- Optimized Parameters (2 sig. digits) -----
[0.715, 1537.0, 0.886, 1.0, 835.4, 0.0413, 0.1265, 0.01, 4.417e-05]
Cost = 105
Job Statistics for 7018596:
           JobID       User               Start                 End    Elapsed   TotalCPU      State        NodeList 
---------------- ---------- ------------------- ------------------- ---------- ---------- ---------- --------------- 
         7018596     sxa126 2025-07-26T07:43:46 2025-07-26T08:29:02   00:45:16   03:17:56  COMPLETED   r1pl-hpcf-n19 
   7018596.batch            2025-07-26T07:43:46 2025-07-26T08:29:02   00:45:16   03:17:56  COMPLETED   r1pl-hpcf-n19 
  7018596.extern            2025-07-26T07:43:46 2025-07-26T08:29:02   00:45:16  00:00.002  COMPLETED   r1pl-hpcf-n19 
Requested Resources: billing=5,cpu=5,mem=37275M,node=1
Maximum CPU Memory: 122.14M; 	CPU Efficiency: 87.45% of 03:46:20 core-walltime
