----- Optimized Parameters (2 sig. digits) -----
[0.07846, 6975.0, 0.9834, 0.1492, 1270.0, 0.5586, 0.1779, 0.74, 3.538e-05]
Cost = 4.01e+04
----- Optimized Parameters (2 sig. digits) -----
[0.07846, 6975.0, 0.9834, 0.1492, 1270.0, 0.5586, 0.1779, 0.74, 3.538e-05]
Cost = 4.01e+04
----- Optimized Parameters (2 sig. digits) -----
[0.07846, 6975.0, 0.9834, 0.1492, 1270.0, 0.5586, 0.1779, 0.74, 3.538e-05]
Cost = 4.01e+04
----- Optimized Parameters (2 sig. digits) -----
[0.07846, 6975.0, 0.9834, 0.1492, 1270.0, 0.5586, 0.1779, 0.74, 3.538e-05]
Cost = 4.01e+04
----- Optimized Parameters (2 sig. digits) -----
[0.07846, 6975.0, 0.9834, 0.1492, 1270.0, 0.5586, 0.1779, 0.74, 3.538e-05]
Cost = 4.01e+04
----- Optimized Parameters (2 sig. digits) -----
[0.07846, 6975.0, 0.9834, 0.1492, 1270.0, 0.5586, 0.1779, 0.74, 3.538e-05]
Cost = 4.01e+04
----- Optimized Parameters (2 sig. digits) -----
[0.07846, 6975.0, 0.9834, 0.1492, 1270.0, 0.5586, 0.1779, 0.74, 3.538e-05]
Cost = 4.01e+04
----- Optimized Parameters (2 sig. digits) -----
[0.07846, 6975.0, 0.9834, 0.1492, 1270.0, 0.5586, 0.1779, 0.74, 3.538e-05]
Cost = 4.01e+04
----- Optimized Parameters (2 sig. digits) -----
[0.07846, 6975.0, 0.9834, 0.1492, 1270.0, 0.5586, 0.1779, 0.74, 3.538e-05]
Cost = 4.01e+04
----- Optimized Parameters (2 sig. digits) -----
[0.07846, 6975.0, 0.9834, 0.1492, 1270.0, 0.5586, 0.1779, 0.74, 3.538e-05]
Cost = 4.01e+04
----- Optimized Parameters (2 sig. digits) -----
[0.07846, 6975.0, 0.9834, 0.1492, 1270.0, 0.5586, 0.1779, 0.74, 3.54e-05]
Cost = 4.01e+04
----- Optimized Parameters (2 sig. digits) -----
[0.03383, 2988.0, 0.4028, 0.6574, 1705.0, 0.2313, 0.6682, 0.3045, 1.437e-05]
Cost = 3.69e+03
----- Optimized Parameters (2 sig. digits) -----
[0.03383, 2988.0, 0.4028, 0.6574, 1705.0, 0.2313, 0.6682, 0.3045, 1.437e-05]
Cost = 3.69e+03
----- Optimized Parameters (2 sig. digits) -----
[0.03383, 2988.0, 0.4028, 0.6574, 1705.0, 0.2313, 0.6682, 0.3045, 1.437e-05]
Cost = 3.69e+03
----- Optimized Parameters (2 sig. digits) -----
[0.03383, 2988.0, 0.4028, 0.6574, 1705.0, 0.2313, 0.6682, 0.3045, 1.437e-05]
Cost = 3.69e+03
----- Optimized Parameters (2 sig. digits) -----
[0.03383, 2988.0, 0.4028, 0.6574, 1705.0, 0.2313, 0.6682, 0.3045, 1.437e-05]
Cost = 3.69e+03
----- Optimized Parameters (2 sig. digits) -----
[0.03383, 2988.0, 0.4028, 0.6574, 1705.0, 0.2313, 0.6682, 0.3045, 1.437e-05]
Cost = 3.69e+03
----- Optimized Parameters (2 sig. digits) -----
[0.03383, 2988.0, 0.4028, 0.6574, 1705.0, 0.2313, 0.6682, 0.3045, 1.437e-05]
Cost = 3.69e+03
----- Optimized Parameters (2 sig. digits) -----
[0.03383, 2988.0, 0.4028, 0.6574, 1705.0, 0.2313, 0.6682, 0.3045, 1.437e-05]
Cost = 3.69e+03
----- Optimized Parameters (2 sig. digits) -----
[0.03383, 2988.0, 0.4028, 0.6574, 1705.0, 0.2313, 0.6682, 0.3045, 1.437e-05]
Cost = 3.69e+03
----- Optimized Parameters (2 sig. digits) -----
[0.03383, 2988.0, 0.4028, 0.6574, 1705.0, 0.2313, 0.6682, 0.3045, 1.439e-05]
Cost = 3.7e+03
----- Optimized Parameters (2 sig. digits) -----
[0.04957, 2567.0, 0.3563, 0.6938, 1744.0, 0.2028, 0.7085, 0.2626, 1.273e-05]
Cost = 1.07e+03
----- Optimized Parameters (2 sig. digits) -----
[0.04957, 2567.0, 0.3563, 0.6938, 1744.0, 0.2028, 0.7085, 0.2626, 1.273e-05]
Cost = 1.07e+03
----- Optimized Parameters (2 sig. digits) -----
[0.04957, 2567.0, 0.3563, 0.6938, 1744.0, 0.2028, 0.7085, 0.2626, 1.273e-05]
Cost = 1.07e+03
----- Optimized Parameters (2 sig. digits) -----
[0.04957, 2567.0, 0.3563, 0.6938, 1744.0, 0.2028, 0.7085, 0.2626, 1.273e-05]
Cost = 1.07e+03
----- Optimized Parameters (2 sig. digits) -----
[0.04957, 2567.0, 0.3563, 0.6938, 1744.0, 0.2028, 0.7085, 0.2626, 1.273e-05]
Cost = 1.07e+03
----- Optimized Parameters (2 sig. digits) -----
[0.04957, 2567.0, 0.3563, 0.6938, 1744.0, 0.2028, 0.7085, 0.2626, 1.273e-05]
Cost = 1.07e+03
----- Optimized Parameters (2 sig. digits) -----
[0.04957, 2567.0, 0.3563, 0.6938, 1744.0, 0.2028, 0.7085, 0.2626, 1.273e-05]
Cost = 1.07e+03
----- Optimized Parameters (2 sig. digits) -----
[0.04957, 2567.0, 0.3563, 0.6938, 1744.0, 0.2028, 0.7085, 0.2626, 1.273e-05]
Cost = 1.07e+03
----- Optimized Parameters (2 sig. digits) -----
[0.04957, 2567.0, 0.3563, 0.6938, 1744.0, 0.2028, 0.7085, 0.2626, 1.273e-05]
Cost = 1.07e+03
----- Optimized Parameters (2 sig. digits) -----
[0.04957, 2567.0, 0.3563, 0.6938, 1744.0, 0.2028, 0.7085, 0.2626, 1.275e-05]
Cost = 1.07e+03
----- Optimized Parameters (2 sig. digits) -----
[0.5065, 2240.0, 0.3447, 0.7, 1761.0, 0.1911, 0.7197, 0.2352, 1.22e-05]
Cost = 652
----- Optimized Parameters (2 sig. digits) -----
[0.5065, 2240.0, 0.3447, 0.7, 1761.0, 0.1911, 0.7197, 0.2352, 1.22e-05]
Cost = 652
----- Optimized Parameters (2 sig. digits) -----
[0.5065, 2240.0, 0.3447, 0.7, 1761.0, 0.1911, 0.7197, 0.2352, 1.22e-05]
Cost = 652
----- Optimized Parameters (2 sig. digits) -----
[0.5065, 2240.0, 0.3447, 0.7, 1761.0, 0.1911, 0.7197, 0.2352, 1.22e-05]
Cost = 652
----- Optimized Parameters (2 sig. digits) -----
[0.5065, 2240.0, 0.3447, 0.7, 1761.0, 0.1911, 0.7197, 0.2352, 1.22e-05]
Cost = 652
----- Optimized Parameters (2 sig. digits) -----
[0.5065, 2240.0, 0.3447, 0.7, 1761.0, 0.1911, 0.7197, 0.2352, 1.22e-05]
Cost = 652
----- Optimized Parameters (2 sig. digits) -----
[0.5065, 2240.0, 0.3447, 0.7, 1761.0, 0.1911, 0.7197, 0.2352, 1.22e-05]
Cost = 652
----- Optimized Parameters (2 sig. digits) -----
[0.5065, 2240.0, 0.3447, 0.7, 1761.0, 0.1911, 0.7197, 0.2352, 1.22e-05]
Cost = 652
----- Optimized Parameters (2 sig. digits) -----
[0.5065, 2240.0, 0.3447, 0.7, 1761.0, 0.1911, 0.7197, 0.2352, 1.22e-05]
Cost = 652
----- Optimized Parameters (2 sig. digits) -----
[0.5065, 2240.0, 0.3447, 0.7, 1761.0, 0.1911, 0.7197, 0.2352, 1.221e-05]
Cost = 652
----- Optimized Parameters (2 sig. digits) -----
[0.5092, 2043.0, 0.4275, 0.6652, 1734.0, 0.2008, 0.6993, 0.01105, 1.728e-05]
Cost = 4.01e+03
----- Optimized Parameters (2 sig. digits) -----
[0.5219, 2240.0, 0.3795, 0.6708, 1761.0, 0.1945, 0.6955, 0.01081, 1.905e-05]
Cost = 4.96e+03
----- Optimized Parameters (2 sig. digits) -----
[0.5508, 2240.0, 0.3074, 0.6982, 1761.0, 0.1686, 0.7161, 0.2013, 1.651e-05]
Cost = 635
----- Optimized Parameters (2 sig. digits) -----
[0.5508, 2240.0, 0.3074, 0.6982, 1761.0, 0.1686, 0.7161, 0.2013, 1.651e-05]
Cost = 635
----- Optimized Parameters (2 sig. digits) -----
[0.5508, 2240.0, 0.3074, 0.6982, 1761.0, 0.1686, 0.7161, 0.2013, 1.651e-05]
Cost = 635
----- Optimized Parameters (2 sig. digits) -----
[0.5508, 2240.0, 0.3074, 0.6982, 1761.0, 0.1686, 0.7161, 0.2013, 1.651e-05]
Cost = 635
----- Optimized Parameters (2 sig. digits) -----
[0.5508, 2240.0, 0.3074, 0.6982, 1761.0, 0.1686, 0.7161, 0.2013, 1.651e-05]
Cost = 635
----- Optimized Parameters (2 sig. digits) -----
[0.5508, 2240.0, 0.3074, 0.6982, 1761.0, 0.1686, 0.7161, 0.2013, 1.651e-05]
Cost = 635
----- Optimized Parameters (2 sig. digits) -----
[0.5508, 2240.0, 0.3074, 0.6982, 1761.0, 0.1686, 0.7161, 0.2013, 1.651e-05]
Cost = 635
----- Optimized Parameters (2 sig. digits) -----
[0.5508, 2240.0, 0.3074, 0.6982, 1761.0, 0.1686, 0.7161, 0.2013, 1.651e-05]
Cost = 635
----- Optimized Parameters (2 sig. digits) -----
[0.5508, 2240.0, 0.3074, 0.6982, 1761.0, 0.1686, 0.7161, 0.2013, 1.651e-05]
Cost = 635
----- Optimized Parameters (2 sig. digits) -----
[0.5508, 2240.0, 0.3074, 0.6982, 1761.0, 0.1686, 0.7161, 0.2013, 1.652e-05]
Cost = 634
----- Optimized Parameters (2 sig. digits) -----
[0.6114, 2240.0, 0.2887, 0.6932, 1761.0, 0.1844, 0.6935, 0.1427, 1.954e-05]
Cost = 567
----- Optimized Parameters (2 sig. digits) -----
[0.6114, 2240.0, 0.2887, 0.6932, 1761.0, 0.1844, 0.6935, 0.1427, 1.954e-05]
Cost = 567
----- Optimized Parameters (2 sig. digits) -----
[0.6114, 2240.0, 0.2887, 0.6932, 1761.0, 0.1844, 0.6935, 0.1427, 1.954e-05]
Cost = 567
----- Optimized Parameters (2 sig. digits) -----
[0.6114, 2240.0, 0.2887, 0.6932, 1761.0, 0.1844, 0.6935, 0.1427, 1.954e-05]
Cost = 567
----- Optimized Parameters (2 sig. digits) -----
[0.6114, 2240.0, 0.2887, 0.6932, 1761.0, 0.1844, 0.6935, 0.1427, 1.954e-05]
Cost = 567
----- Optimized Parameters (2 sig. digits) -----
[0.6114, 2240.0, 0.2887, 0.6932, 1761.0, 0.1844, 0.6935, 0.1427, 1.954e-05]
Cost = 567
----- Optimized Parameters (2 sig. digits) -----
[0.6114, 2240.0, 0.2887, 0.6932, 1761.0, 0.1844, 0.6935, 0.1427, 1.954e-05]
Cost = 567
----- Optimized Parameters (2 sig. digits) -----
[0.6114, 2240.0, 0.2887, 0.6932, 1761.0, 0.1844, 0.6935, 0.1427, 1.954e-05]
Cost = 567
----- Optimized Parameters (2 sig. digits) -----
[0.6114, 2240.0, 0.2887, 0.6932, 1761.0, 0.1844, 0.6935, 0.1427, 1.954e-05]
Cost = 567
----- Optimized Parameters (2 sig. digits) -----
[0.6114, 2240.0, 0.2887, 0.6932, 1761.0, 0.1844, 0.6935, 0.1427, 1.955e-05]
Cost = 567
----- Optimized Parameters (2 sig. digits) -----
[0.6442, 2229.0, 0.3392, 0.6586, 1756.0, 0.2006, 0.6547, 0.05689, 2.315e-05]
Cost = 635
----- Optimized Parameters (2 sig. digits) -----
[0.6211, 2240.0, 0.2981, 0.6919, 1761.0, 0.1967, 0.6852, 0.09383, 2.322e-05]
Cost = 538
----- Optimized Parameters (2 sig. digits) -----
[0.6211, 2240.0, 0.2981, 0.6919, 1761.0, 0.1967, 0.6852, 0.09383, 2.322e-05]
Cost = 538
----- Optimized Parameters (2 sig. digits) -----
[0.6211, 2240.0, 0.2981, 0.6919, 1761.0, 0.1967, 0.6852, 0.09383, 2.322e-05]
Cost = 538
----- Optimized Parameters (2 sig. digits) -----
[0.6211, 2240.0, 0.2981, 0.6919, 1761.0, 0.1967, 0.6852, 0.09383, 2.322e-05]
Cost = 538
----- Optimized Parameters (2 sig. digits) -----
[0.6211, 2240.0, 0.2981, 0.6919, 1761.0, 0.1967, 0.6852, 0.09383, 2.322e-05]
Cost = 538
----- Optimized Parameters (2 sig. digits) -----
[0.6211, 2240.0, 0.2981, 0.6919, 1761.0, 0.1967, 0.6852, 0.09383, 2.322e-05]
Cost = 538
----- Optimized Parameters (2 sig. digits) -----
[0.6211, 2240.0, 0.2981, 0.6919, 1761.0, 0.1967, 0.6852, 0.09383, 2.322e-05]
Cost = 538
----- Optimized Parameters (2 sig. digits) -----
[0.6211, 2240.0, 0.2981, 0.6919, 1761.0, 0.1967, 0.6852, 0.09383, 2.322e-05]
Cost = 538
----- Optimized Parameters (2 sig. digits) -----
[0.6211, 2240.0, 0.2981, 0.6919, 1761.0, 0.1967, 0.6852, 0.09383, 2.322e-05]
Cost = 538
----- Optimized Parameters (2 sig. digits) -----
[0.6211, 2240.0, 0.2981, 0.6919, 1761.0, 0.1967, 0.6852, 0.09383, 2.323e-05]
Cost = 538
----- Optimized Parameters (2 sig. digits) -----
[0.6075, 2239.0, 0.3693, 0.6772, 1761.0, 0.2115, 0.6579, 0.02969, 2.806e-05]
Cost = 676
----- Optimized Parameters (2 sig. digits) -----
[0.621, 2240.0, 0.309, 0.6915, 1761.0, 0.2021, 0.6828, 0.0695, 2.76e-05]
Cost = 501
----- Optimized Parameters (2 sig. digits) -----
[0.621, 2240.0, 0.309, 0.6915, 1761.0, 0.2021, 0.6828, 0.0695, 2.76e-05]
Cost = 501
----- Optimized Parameters (2 sig. digits) -----
[0.621, 2240.0, 0.309, 0.6915, 1761.0, 0.2021, 0.6828, 0.0695, 2.76e-05]
Cost = 501
----- Optimized Parameters (2 sig. digits) -----
[0.621, 2240.0, 0.309, 0.6915, 1761.0, 0.2021, 0.6828, 0.0695, 2.76e-05]
Cost = 501
----- Optimized Parameters (2 sig. digits) -----
[0.621, 2240.0, 0.309, 0.6915, 1761.0, 0.2021, 0.6828, 0.0695, 2.76e-05]
Cost = 501
----- Optimized Parameters (2 sig. digits) -----
[0.621, 2240.0, 0.309, 0.6915, 1761.0, 0.2021, 0.6828, 0.0695, 2.76e-05]
Cost = 501
----- Optimized Parameters (2 sig. digits) -----
[0.621, 2240.0, 0.309, 0.6915, 1761.0, 0.2021, 0.6828, 0.0695, 2.76e-05]
Cost = 501
----- Optimized Parameters (2 sig. digits) -----
[0.621, 2240.0, 0.309, 0.6915, 1761.0, 0.2021, 0.6828, 0.0695, 2.76e-05]
Cost = 501
----- Optimized Parameters (2 sig. digits) -----
[0.621, 2240.0, 0.309, 0.6915, 1761.0, 0.2021, 0.6828, 0.0695, 2.76e-05]
Cost = 501
----- Optimized Parameters (2 sig. digits) -----
[0.621, 2240.0, 0.309, 0.6915, 1761.0, 0.2021, 0.6828, 0.0695, 2.761e-05]
Cost = 501
----- Optimized Parameters (2 sig. digits) -----
[0.6123, 2240.0, 0.345, 0.6905, 1761.0, 0.2073, 0.6793, 0.03293, 3.531e-05]
Cost = 542
----- Optimized Parameters (2 sig. digits) -----
[0.6203, 2240.0, 0.3135, 0.6914, 1761.0, 0.2029, 0.6822, 0.05616, 3.244e-05]
Cost = 479
----- Optimized Parameters (2 sig. digits) -----
[0.6203, 2240.0, 0.3135, 0.6914, 1761.0, 0.2029, 0.6822, 0.05616, 3.244e-05]
Cost = 479
----- Optimized Parameters (2 sig. digits) -----
[0.6203, 2240.0, 0.3135, 0.6914, 1761.0, 0.2029, 0.6822, 0.05616, 3.244e-05]
Cost = 479
----- Optimized Parameters (2 sig. digits) -----
[0.6203, 2240.0, 0.3135, 0.6914, 1761.0, 0.2029, 0.6822, 0.05616, 3.244e-05]
Cost = 479
----- Optimized Parameters (2 sig. digits) -----
[0.6203, 2240.0, 0.3135, 0.6914, 1761.0, 0.2029, 0.6822, 0.05616, 3.244e-05]
Cost = 479
----- Optimized Parameters (2 sig. digits) -----
[0.6203, 2240.0, 0.3135, 0.6914, 1761.0, 0.2029, 0.6822, 0.05616, 3.244e-05]
Cost = 479
----- Optimized Parameters (2 sig. digits) -----
[0.6203, 2240.0, 0.3135, 0.6914, 1761.0, 0.2029, 0.6822, 0.05616, 3.244e-05]
Cost = 479
----- Optimized Parameters (2 sig. digits) -----
[0.6203, 2240.0, 0.3135, 0.6914, 1761.0, 0.2029, 0.6822, 0.05616, 3.244e-05]
Cost = 479
----- Optimized Parameters (2 sig. digits) -----
[0.6203, 2240.0, 0.3135, 0.6914, 1761.0, 0.2029, 0.6822, 0.05616, 3.244e-05]
Cost = 479
----- Optimized Parameters (2 sig. digits) -----
[0.6203, 2240.0, 0.3135, 0.6914, 1761.0, 0.2029, 0.6822, 0.05616, 3.246e-05]
Cost = 479
----- Optimized Parameters (2 sig. digits) -----
[0.6163, 2240.0, 0.3286, 0.6912, 1761.0, 0.2032, 0.6815, 0.03397, 4.17e-05]
Cost = 484
----- Optimized Parameters (2 sig. digits) -----
[0.6199, 2240.0, 0.3153, 0.6914, 1761.0, 0.2029, 0.6821, 0.04922, 3.653e-05]
Cost = 465
----- Optimized Parameters (2 sig. digits) -----
[0.6199, 2240.0, 0.3153, 0.6914, 1761.0, 0.2029, 0.6821, 0.04922, 3.653e-05]
Cost = 465
----- Optimized Parameters (2 sig. digits) -----
[0.6199, 2240.0, 0.3153, 0.6914, 1761.0, 0.2029, 0.6821, 0.04922, 3.653e-05]
Cost = 465
----- Optimized Parameters (2 sig. digits) -----
[0.6199, 2240.0, 0.3153, 0.6914, 1761.0, 0.2029, 0.6821, 0.04922, 3.653e-05]
Cost = 465
----- Optimized Parameters (2 sig. digits) -----
[0.6199, 2240.0, 0.3153, 0.6914, 1761.0, 0.2029, 0.6821, 0.04922, 3.653e-05]
Cost = 465
----- Optimized Parameters (2 sig. digits) -----
[0.6199, 2240.0, 0.3153, 0.6914, 1761.0, 0.2029, 0.6821, 0.04922, 3.653e-05]
Cost = 465
----- Optimized Parameters (2 sig. digits) -----
[0.6199, 2240.0, 0.3153, 0.6914, 1761.0, 0.2029, 0.6821, 0.04922, 3.653e-05]
Cost = 465
----- Optimized Parameters (2 sig. digits) -----
[0.6199, 2240.0, 0.3153, 0.6914, 1761.0, 0.2029, 0.6821, 0.04922, 3.653e-05]
Cost = 465
----- Optimized Parameters (2 sig. digits) -----
[0.6199, 2240.0, 0.3153, 0.6914, 1761.0, 0.2029, 0.6821, 0.04922, 3.653e-05]
Cost = 465
----- Optimized Parameters (2 sig. digits) -----
[0.6199, 2240.0, 0.3153, 0.6914, 1761.0, 0.2029, 0.6821, 0.04922, 3.654e-05]
Cost = 465
----- Optimized Parameters (2 sig. digits) -----
[0.6177, 2240.0, 0.3199, 0.6914, 1761.0, 0.2021, 0.682, 0.036, 4.464e-05]
Cost = 453
----- Optimized Parameters (2 sig. digits) -----
[0.6177, 2240.0, 0.3199, 0.6914, 1761.0, 0.2021, 0.682, 0.036, 4.464e-05]
Cost = 453
----- Optimized Parameters (2 sig. digits) -----
[0.6177, 2240.0, 0.3199, 0.6914, 1761.0, 0.2021, 0.682, 0.036, 4.464e-05]
Cost = 453
----- Optimized Parameters (2 sig. digits) -----
[0.6177, 2240.0, 0.3199, 0.6914, 1761.0, 0.2021, 0.682, 0.036, 4.464e-05]
Cost = 453
----- Optimized Parameters (2 sig. digits) -----
[0.6177, 2240.0, 0.3199, 0.6914, 1761.0, 0.2021, 0.682, 0.036, 4.464e-05]
Cost = 453
----- Optimized Parameters (2 sig. digits) -----
[0.6177, 2240.0, 0.3199, 0.6914, 1761.0, 0.2021, 0.682, 0.036, 4.464e-05]
Cost = 453
----- Optimized Parameters (2 sig. digits) -----
[0.6177, 2240.0, 0.3199, 0.6914, 1761.0, 0.2021, 0.682, 0.036, 4.464e-05]
Cost = 453
----- Optimized Parameters (2 sig. digits) -----
[0.6177, 2240.0, 0.3199, 0.6914, 1761.0, 0.2021, 0.682, 0.036, 4.464e-05]
Cost = 453
----- Optimized Parameters (2 sig. digits) -----
[0.6177, 2240.0, 0.3199, 0.6914, 1761.0, 0.2021, 0.682, 0.036, 4.464e-05]
Cost = 453
----- Optimized Parameters (2 sig. digits) -----
[0.6177, 2240.0, 0.3199, 0.6914, 1761.0, 0.2021, 0.682, 0.036, 4.465e-05]
Cost = 453
----- Optimized Parameters (2 sig. digits) -----
[0.6151, 2240.0, 0.3292, 0.6912, 1761.0, 0.2027, 0.6816, 0.02732, 5.371e-05]
Cost = 427
----- Optimized Parameters (2 sig. digits) -----
[0.6151, 2240.0, 0.3292, 0.6912, 1761.0, 0.2027, 0.6816, 0.02732, 5.371e-05]
Cost = 427
----- Optimized Parameters (2 sig. digits) -----
[0.6151, 2240.0, 0.3292, 0.6912, 1761.0, 0.2027, 0.6816, 0.02732, 5.371e-05]
Cost = 427
----- Optimized Parameters (2 sig. digits) -----
[0.6151, 2240.0, 0.3292, 0.6912, 1761.0, 0.2027, 0.6816, 0.02732, 5.371e-05]
Cost = 427
----- Optimized Parameters (2 sig. digits) -----
[0.6151, 2240.0, 0.3292, 0.6912, 1761.0, 0.2027, 0.6816, 0.02732, 5.371e-05]
Cost = 427
----- Optimized Parameters (2 sig. digits) -----
[0.6151, 2240.0, 0.3292, 0.6912, 1761.0, 0.2027, 0.6816, 0.02732, 5.371e-05]
Cost = 427
----- Optimized Parameters (2 sig. digits) -----
[0.6151, 2240.0, 0.3292, 0.6912, 1761.0, 0.2027, 0.6816, 0.02732, 5.371e-05]
Cost = 427
----- Optimized Parameters (2 sig. digits) -----
[0.6151, 2240.0, 0.3292, 0.6912, 1761.0, 0.2027, 0.6816, 0.02732, 5.371e-05]
Cost = 427
----- Optimized Parameters (2 sig. digits) -----
[0.6151, 2240.0, 0.3292, 0.6912, 1761.0, 0.2027, 0.6816, 0.02732, 5.371e-05]
Cost = 427
----- Optimized Parameters (2 sig. digits) -----
[0.6151, 2240.0, 0.3292, 0.6912, 1761.0, 0.2027, 0.6816, 0.02732, 5.373e-05]
Cost = 427
----- Optimized Parameters (2 sig. digits) -----
[0.6076, 2240.0, 0.3505, 0.6909, 1761.0, 0.2021, 0.6811, 0.01911, 6.479e-05]
Cost = 395
----- Optimized Parameters (2 sig. digits) -----
[0.6076, 2240.0, 0.3505, 0.6909, 1761.0, 0.2021, 0.6811, 0.01911, 6.479e-05]
Cost = 395
----- Optimized Parameters (2 sig. digits) -----
[0.6076, 2240.0, 0.3505, 0.6909, 1761.0, 0.2021, 0.6811, 0.01911, 6.479e-05]
Cost = 395
----- Optimized Parameters (2 sig. digits) -----
[0.6076, 2240.0, 0.3505, 0.6909, 1761.0, 0.2021, 0.6811, 0.01911, 6.479e-05]
Cost = 395
----- Optimized Parameters (2 sig. digits) -----
[0.6076, 2240.0, 0.3505, 0.6909, 1761.0, 0.2021, 0.6811, 0.01911, 6.479e-05]
Cost = 395
----- Optimized Parameters (2 sig. digits) -----
[0.6076, 2240.0, 0.3505, 0.6909, 1761.0, 0.2021, 0.6811, 0.01911, 6.479e-05]
Cost = 395
----- Optimized Parameters (2 sig. digits) -----
[0.6076, 2240.0, 0.3505, 0.6909, 1761.0, 0.2021, 0.6811, 0.01911, 6.479e-05]
Cost = 395
----- Optimized Parameters (2 sig. digits) -----
[0.6076, 2240.0, 0.3505, 0.6909, 1761.0, 0.2021, 0.6811, 0.01911, 6.479e-05]
Cost = 395
----- Optimized Parameters (2 sig. digits) -----
[0.6076, 2240.0, 0.3505, 0.6909, 1761.0, 0.2021, 0.6811, 0.01911, 6.479e-05]
Cost = 395
----- Optimized Parameters (2 sig. digits) -----
[0.6076, 2240.0, 0.3505, 0.6909, 1761.0, 0.2021, 0.6811, 0.01911, 6.481e-05]
Cost = 395
----- Optimized Parameters (2 sig. digits) -----
[0.588, 2240.0, 0.3914, 0.6902, 1761.0, 0.2005, 0.6801, 0.0135, 7.387e-05]
Cost = 335
----- Optimized Parameters (2 sig. digits) -----
[0.588, 2240.0, 0.3914, 0.6902, 1761.0, 0.2005, 0.6801, 0.0135, 7.387e-05]
Cost = 335
----- Optimized Parameters (2 sig. digits) -----
[0.588, 2240.0, 0.3914, 0.6902, 1761.0, 0.2005, 0.6801, 0.0135, 7.387e-05]
Cost = 335
----- Optimized Parameters (2 sig. digits) -----
[0.588, 2240.0, 0.3914, 0.6902, 1761.0, 0.2005, 0.6801, 0.0135, 7.387e-05]
Cost = 335
----- Optimized Parameters (2 sig. digits) -----
[0.588, 2240.0, 0.3914, 0.6902, 1761.0, 0.2005, 0.6801, 0.0135, 7.387e-05]
Cost = 335
----- Optimized Parameters (2 sig. digits) -----
[0.588, 2240.0, 0.3914, 0.6902, 1761.0, 0.2005, 0.6801, 0.0135, 7.387e-05]
Cost = 335
----- Optimized Parameters (2 sig. digits) -----
[0.588, 2240.0, 0.3914, 0.6902, 1761.0, 0.2005, 0.6801, 0.0135, 7.387e-05]
Cost = 335
----- Optimized Parameters (2 sig. digits) -----
[0.588, 2240.0, 0.3914, 0.6902, 1761.0, 0.2005, 0.6801, 0.0135, 7.387e-05]
Cost = 335
----- Optimized Parameters (2 sig. digits) -----
[0.588, 2240.0, 0.3914, 0.6902, 1761.0, 0.2005, 0.6801, 0.0135, 7.387e-05]
Cost = 335
----- Optimized Parameters (2 sig. digits) -----
[0.588, 2240.0, 0.3914, 0.6902, 1761.0, 0.2005, 0.6801, 0.0135, 7.388e-05]
Cost = 335
----- Optimized Parameters (2 sig. digits) -----
[0.5446, 2240.0, 0.4312, 0.6891, 1761.0, 0.2002, 0.6779, 0.01028, 8.026e-05]
Cost = 272
----- Optimized Parameters (2 sig. digits) -----
[0.5446, 2240.0, 0.4312, 0.6891, 1761.0, 0.2002, 0.6779, 0.01028, 8.026e-05]
Cost = 272
----- Optimized Parameters (2 sig. digits) -----
[0.5446, 2240.0, 0.4312, 0.6891, 1761.0, 0.2002, 0.6779, 0.01028, 8.026e-05]
Cost = 272
----- Optimized Parameters (2 sig. digits) -----
[0.5446, 2240.0, 0.4312, 0.6891, 1761.0, 0.2002, 0.6779, 0.01028, 8.026e-05]
Cost = 272
----- Optimized Parameters (2 sig. digits) -----
[0.5446, 2240.0, 0.4312, 0.6891, 1761.0, 0.2002, 0.6779, 0.01028, 8.026e-05]
Cost = 272
----- Optimized Parameters (2 sig. digits) -----
[0.5446, 2240.0, 0.4312, 0.6891, 1761.0, 0.2002, 0.6779, 0.01028, 8.026e-05]
Cost = 272
----- Optimized Parameters (2 sig. digits) -----
[0.5446, 2240.0, 0.4312, 0.6891, 1761.0, 0.2002, 0.6779, 0.01028, 8.026e-05]
Cost = 272
----- Optimized Parameters (2 sig. digits) -----
[0.5446, 2240.0, 0.4312, 0.6891, 1761.0, 0.2002, 0.6779, 0.01028, 8.026e-05]
Cost = 272
----- Optimized Parameters (2 sig. digits) -----
[0.5446, 2240.0, 0.4312, 0.6891, 1761.0, 0.2002, 0.6779, 0.01028, 8.026e-05]
Cost = 272
----- Optimized Parameters (2 sig. digits) -----
[0.5446, 2240.0, 0.4312, 0.6891, 1761.0, 0.2002, 0.6779, 0.01028, 8.027e-05]
Cost = 272
----- Optimized Parameters (2 sig. digits) -----
[0.5396, 2240.0, 0.4361, 0.689, 1761.0, 0.2, 0.6777, 0.01017, 8.147e-05]
Cost = 266
----- Optimized Parameters (2 sig. digits) -----
[0.5396, 2240.0, 0.4361, 0.689, 1761.0, 0.2, 0.6777, 0.01017, 8.147e-05]
Cost = 266
----- Optimized Parameters (2 sig. digits) -----
[0.5396, 2240.0, 0.4361, 0.689, 1761.0, 0.2, 0.6777, 0.01017, 8.147e-05]
Cost = 266
----- Optimized Parameters (2 sig. digits) -----
[0.5396, 2240.0, 0.4361, 0.689, 1761.0, 0.2, 0.6777, 0.01017, 8.147e-05]
Cost = 266
----- Optimized Parameters (2 sig. digits) -----
[0.5396, 2240.0, 0.4361, 0.689, 1761.0, 0.2, 0.6777, 0.01017, 8.147e-05]
Cost = 266
----- Optimized Parameters (2 sig. digits) -----
[0.5396, 2240.0, 0.4361, 0.689, 1761.0, 0.2, 0.6777, 0.01017, 8.147e-05]
Cost = 266
----- Optimized Parameters (2 sig. digits) -----
[0.5396, 2240.0, 0.4361, 0.689, 1761.0, 0.2, 0.6777, 0.01017, 8.147e-05]
Cost = 266
----- Optimized Parameters (2 sig. digits) -----
[0.5396, 2240.0, 0.4361, 0.689, 1761.0, 0.2, 0.6777, 0.01017, 8.147e-05]
Cost = 266
----- Optimized Parameters (2 sig. digits) -----
[0.5396, 2240.0, 0.4361, 0.689, 1761.0, 0.2, 0.6777, 0.01017, 8.147e-05]
Cost = 266
----- Optimized Parameters (2 sig. digits) -----
[0.5396, 2240.0, 0.4361, 0.689, 1761.0, 0.2, 0.6777, 0.01017, 8.149e-05]
Cost = 266
----- Optimized Parameters (2 sig. digits) -----
[0.5156, 2239.0, 0.5056, 0.696, 1761.0, 0.1808, 0.6491, 0.01006, 7.732e-05]
Cost = 238
----- Optimized Parameters (2 sig. digits) -----
[0.5156, 2239.0, 0.5056, 0.696, 1761.0, 0.1808, 0.6491, 0.01006, 7.732e-05]
Cost = 238
----- Optimized Parameters (2 sig. digits) -----
[0.5156, 2239.0, 0.5056, 0.696, 1761.0, 0.1808, 0.6491, 0.01006, 7.732e-05]
Cost = 238
----- Optimized Parameters (2 sig. digits) -----
[0.5156, 2239.0, 0.5056, 0.696, 1761.0, 0.1808, 0.6491, 0.01006, 7.732e-05]
Cost = 238
----- Optimized Parameters (2 sig. digits) -----
[0.5156, 2239.0, 0.5056, 0.696, 1761.0, 0.1808, 0.6491, 0.01006, 7.732e-05]
Cost = 238
----- Optimized Parameters (2 sig. digits) -----
[0.5156, 2239.0, 0.5056, 0.696, 1761.0, 0.1808, 0.6491, 0.01006, 7.732e-05]
Cost = 238
----- Optimized Parameters (2 sig. digits) -----
[0.5156, 2239.0, 0.5056, 0.696, 1761.0, 0.1808, 0.6491, 0.01006, 7.732e-05]
Cost = 238
----- Optimized Parameters (2 sig. digits) -----
[0.5156, 2239.0, 0.5056, 0.696, 1761.0, 0.1808, 0.6491, 0.01006, 7.732e-05]
Cost = 238
----- Optimized Parameters (2 sig. digits) -----
[0.5156, 2239.0, 0.5056, 0.696, 1761.0, 0.1808, 0.6491, 0.01006, 7.732e-05]
Cost = 238
----- Optimized Parameters (2 sig. digits) -----
[0.5156, 2239.0, 0.5056, 0.696, 1761.0, 0.1808, 0.6491, 0.01006, 7.733e-05]
Cost = 238
----- Optimized Parameters (2 sig. digits) -----
[0.5156, 2239.0, 0.5056, 0.696, 1761.0, 0.1808, 0.6491, 0.01006, 7.94e-05]
Cost = 236
----- Optimized Parameters (2 sig. digits) -----
[0.5156, 2239.0, 0.5056, 0.696, 1761.0, 0.1808, 0.6491, 0.01006, 7.94e-05]
Cost = 236
----- Optimized Parameters (2 sig. digits) -----
[0.5156, 2239.0, 0.5056, 0.696, 1761.0, 0.1808, 0.6491, 0.01006, 7.94e-05]
Cost = 236
----- Optimized Parameters (2 sig. digits) -----
[0.5156, 2239.0, 0.5056, 0.696, 1761.0, 0.1808, 0.6491, 0.01006, 7.94e-05]
Cost = 236
----- Optimized Parameters (2 sig. digits) -----
[0.5156, 2239.0, 0.5056, 0.696, 1761.0, 0.1808, 0.6491, 0.01006, 7.94e-05]
Cost = 236
----- Optimized Parameters (2 sig. digits) -----
[0.5156, 2239.0, 0.5056, 0.696, 1761.0, 0.1808, 0.6491, 0.01006, 7.94e-05]
Cost = 236
----- Optimized Parameters (2 sig. digits) -----
[0.5156, 2239.0, 0.5056, 0.696, 1761.0, 0.1808, 0.6491, 0.01006, 7.94e-05]
Cost = 236
----- Optimized Parameters (2 sig. digits) -----
[0.5156, 2239.0, 0.5056, 0.696, 1761.0, 0.1808, 0.6491, 0.01006, 7.94e-05]
Cost = 236
----- Optimized Parameters (2 sig. digits) -----
[0.5156, 2239.0, 0.5056, 0.696, 1761.0, 0.1808, 0.6491, 0.01006, 7.94e-05]
Cost = 236
----- Optimized Parameters (2 sig. digits) -----
[0.5156, 2239.0, 0.5056, 0.696, 1761.0, 0.1808, 0.6491, 0.01006, 7.942e-05]
Cost = 236
----- Optimized Parameters (2 sig. digits) -----
[0.5156, 2239.0, 0.5056, 0.696, 1761.0, 0.1808, 0.6491, 0.01006, 7.94e-05]
Cost = 236
----- Optimized Parameters (2 sig. digits) -----
[0.5156, 2239.0, 0.5056, 0.696, 1761.0, 0.1808, 0.6491, 0.01006, 7.94e-05]
Cost = 236
----- Optimized Parameters (2 sig. digits) -----
[0.5156, 2239.0, 0.5056, 0.696, 1761.0, 0.1808, 0.6491, 0.01006, 7.94e-05]
Cost = 236
----- Optimized Parameters (2 sig. digits) -----
[0.5156, 2239.0, 0.5056, 0.696, 1761.0, 0.1808, 0.6491, 0.01006, 7.94e-05]
Cost = 236
----- Optimized Parameters (2 sig. digits) -----
[0.5156, 2239.0, 0.5056, 0.696, 1761.0, 0.1808, 0.6491, 0.01006, 7.94e-05]
Cost = 236
----- Optimized Parameters (2 sig. digits) -----
[0.5156, 2239.0, 0.5056, 0.696, 1761.0, 0.1808, 0.6491, 0.01006, 7.94e-05]
Cost = 236
----- Optimized Parameters (2 sig. digits) -----
[0.5156, 2239.0, 0.5056, 0.696, 1761.0, 0.1808, 0.6491, 0.01006, 7.94e-05]
Cost = 236
----- Optimized Parameters (2 sig. digits) -----
[0.5156, 2239.0, 0.5056, 0.696, 1761.0, 0.1808, 0.6491, 0.01006, 7.94e-05]
Cost = 236
----- Optimized Parameters (2 sig. digits) -----
[0.5156, 2239.0, 0.5056, 0.696, 1761.0, 0.1808, 0.6491, 0.01006, 7.94e-05]
Cost = 236
----- Optimized Parameters (2 sig. digits) -----
[0.5156, 2239.0, 0.5056, 0.696, 1761.0, 0.1808, 0.6491, 0.01006, 7.94e-05]
Cost = 236
----- Optimized Parameters (2 sig. digits) -----
[0.5156, 2239.0, 0.5056, 0.696, 1761.0, 0.1808, 0.6491, 0.01006, 7.942e-05]
Cost = 236
----- Optimized Parameters (2 sig. digits) -----
[0.5436, 747.7, 0.5899, 0.9008, 1750.0, 0.1469, 0.4298, 0.01002, 8.991e-05]
Cost = 204
----- Optimized Parameters (2 sig. digits) -----
[0.5436, 747.7, 0.5899, 0.9008, 1750.0, 0.1469, 0.4298, 0.01002, 8.991e-05]
Cost = 204
----- Optimized Parameters (2 sig. digits) -----
[0.5436, 747.7, 0.5899, 0.9008, 1750.0, 0.1469, 0.4298, 0.01002, 8.991e-05]
Cost = 204
----- Optimized Parameters (2 sig. digits) -----
[0.5436, 747.7, 0.5899, 0.9008, 1750.0, 0.1469, 0.4298, 0.01002, 8.991e-05]
Cost = 204
----- Optimized Parameters (2 sig. digits) -----
[0.5436, 747.7, 0.5899, 0.9008, 1750.0, 0.1469, 0.4298, 0.01002, 8.991e-05]
Cost = 204
----- Optimized Parameters (2 sig. digits) -----
[0.5436, 747.7, 0.5899, 0.9008, 1750.0, 0.1469, 0.4298, 0.01002, 8.991e-05]
Cost = 204
----- Optimized Parameters (2 sig. digits) -----
[0.5436, 747.7, 0.5899, 0.9008, 1750.0, 0.1469, 0.4298, 0.01002, 8.991e-05]
Cost = 204
----- Optimized Parameters (2 sig. digits) -----
[0.5436, 747.7, 0.5899, 0.9008, 1750.0, 0.1469, 0.4298, 0.01002, 8.991e-05]
Cost = 204
----- Optimized Parameters (2 sig. digits) -----
[0.5436, 747.7, 0.5899, 0.9008, 1750.0, 0.1469, 0.4298, 0.01002, 8.991e-05]
Cost = 204
----- Optimized Parameters (2 sig. digits) -----
[0.5436, 747.7, 0.5899, 0.9008, 1750.0, 0.1469, 0.4298, 0.01002, 8.993e-05]
Cost = 204
----- Optimized Parameters (2 sig. digits) -----
[0.5436, 747.7, 0.5899, 0.9008, 1750.0, 0.147, 0.4298, 0.01015, 9.211e-05]
Cost = 201
----- Optimized Parameters (2 sig. digits) -----
[0.5436, 747.7, 0.5899, 0.9008, 1750.0, 0.147, 0.4298, 0.01015, 9.211e-05]
Cost = 201
----- Optimized Parameters (2 sig. digits) -----
[0.5436, 747.7, 0.5899, 0.9008, 1750.0, 0.147, 0.4298, 0.01015, 9.211e-05]
Cost = 201
----- Optimized Parameters (2 sig. digits) -----
[0.5436, 747.7, 0.5899, 0.9008, 1750.0, 0.147, 0.4298, 0.01015, 9.211e-05]
Cost = 201
----- Optimized Parameters (2 sig. digits) -----
[0.5436, 747.7, 0.5899, 0.9008, 1750.0, 0.147, 0.4298, 0.01015, 9.211e-05]
Cost = 201
----- Optimized Parameters (2 sig. digits) -----
[0.5436, 747.7, 0.5899, 0.9008, 1750.0, 0.147, 0.4298, 0.01015, 9.211e-05]
Cost = 201
----- Optimized Parameters (2 sig. digits) -----
[0.5436, 747.7, 0.5899, 0.9008, 1750.0, 0.147, 0.4298, 0.01015, 9.211e-05]
Cost = 201
----- Optimized Parameters (2 sig. digits) -----
[0.5436, 747.7, 0.5899, 0.9008, 1750.0, 0.147, 0.4298, 0.01015, 9.211e-05]
Cost = 201
----- Optimized Parameters (2 sig. digits) -----
[0.5436, 747.7, 0.5899, 0.9008, 1750.0, 0.147, 0.4298, 0.01015, 9.211e-05]
Cost = 201
----- Optimized Parameters (2 sig. digits) -----
[0.5436, 747.7, 0.5899, 0.9008, 1750.0, 0.147, 0.4298, 0.01015, 9.213e-05]
Cost = 201
----- Optimized Parameters (2 sig. digits) -----
[0.5399, 306.0, 0.5928, 0.8962, 1743.0, 0.1495, 0.4271, 0.01015, 9.467e-05]
Cost = 197
----- Optimized Parameters (2 sig. digits) -----
[0.5399, 306.0, 0.5928, 0.8962, 1743.0, 0.1495, 0.4271, 0.01015, 9.467e-05]
Cost = 197
----- Optimized Parameters (2 sig. digits) -----
[0.5399, 306.0, 0.5928, 0.8962, 1743.0, 0.1495, 0.4271, 0.01015, 9.467e-05]
Cost = 197
----- Optimized Parameters (2 sig. digits) -----
[0.5399, 306.0, 0.5928, 0.8962, 1743.0, 0.1495, 0.4271, 0.01015, 9.467e-05]
Cost = 197
----- Optimized Parameters (2 sig. digits) -----
[0.5399, 306.0, 0.5928, 0.8962, 1743.0, 0.1495, 0.4271, 0.01015, 9.467e-05]
Cost = 197
----- Optimized Parameters (2 sig. digits) -----
[0.5399, 306.0, 0.5928, 0.8962, 1743.0, 0.1495, 0.4271, 0.01015, 9.467e-05]
Cost = 197
----- Optimized Parameters (2 sig. digits) -----
[0.5399, 306.0, 0.5928, 0.8962, 1743.0, 0.1495, 0.4271, 0.01015, 9.467e-05]
Cost = 197
----- Optimized Parameters (2 sig. digits) -----
[0.5399, 306.0, 0.5928, 0.8962, 1743.0, 0.1495, 0.4271, 0.01015, 9.467e-05]
Cost = 197
----- Optimized Parameters (2 sig. digits) -----
[0.5399, 306.0, 0.5928, 0.8962, 1743.0, 0.1495, 0.4271, 0.01015, 9.467e-05]
Cost = 197
----- Optimized Parameters (2 sig. digits) -----
[0.5399, 306.0, 0.5928, 0.8962, 1743.0, 0.1495, 0.4271, 0.01015, 9.468e-05]
Cost = 197
----- Optimized Parameters (2 sig. digits) -----
[0.5381, 320.0, 0.5931, 0.9205, 1741.0, 0.1482, 0.4147, 0.01012, 9.503e-05]
Cost = 196
----- Optimized Parameters (2 sig. digits) -----
[0.5381, 320.0, 0.5931, 0.9205, 1741.0, 0.1482, 0.4147, 0.01012, 9.503e-05]
Cost = 196
----- Optimized Parameters (2 sig. digits) -----
[0.5381, 320.0, 0.5931, 0.9205, 1741.0, 0.1482, 0.4147, 0.01012, 9.503e-05]
Cost = 196
----- Optimized Parameters (2 sig. digits) -----
[0.5381, 320.0, 0.5931, 0.9205, 1741.0, 0.1482, 0.4147, 0.01012, 9.503e-05]
Cost = 196
----- Optimized Parameters (2 sig. digits) -----
[0.5381, 320.0, 0.5931, 0.9205, 1741.0, 0.1482, 0.4147, 0.01012, 9.503e-05]
Cost = 196
----- Optimized Parameters (2 sig. digits) -----
[0.5381, 320.0, 0.5931, 0.9205, 1741.0, 0.1482, 0.4147, 0.01012, 9.503e-05]
Cost = 196
----- Optimized Parameters (2 sig. digits) -----
[0.5381, 320.0, 0.5931, 0.9205, 1741.0, 0.1482, 0.4147, 0.01012, 9.503e-05]
Cost = 196
----- Optimized Parameters (2 sig. digits) -----
[0.5381, 320.0, 0.5931, 0.9205, 1741.0, 0.1482, 0.4147, 0.01012, 9.503e-05]
Cost = 196
----- Optimized Parameters (2 sig. digits) -----
[0.5381, 320.0, 0.5931, 0.9205, 1741.0, 0.1482, 0.4147, 0.01012, 9.503e-05]
Cost = 196
----- Optimized Parameters (2 sig. digits) -----
[0.5381, 320.0, 0.5931, 0.9205, 1741.0, 0.1482, 0.4147, 0.01012, 9.504e-05]
Cost = 196
----- Optimized Parameters (2 sig. digits) -----
[0.4879, 313.6, 0.5539, 0.9472, 1760.0, 0.1366, 0.2044, 0.01007, 9.302e-05]
Cost = 192
----- Optimized Parameters (2 sig. digits) -----
[0.4879, 313.6, 0.5539, 0.9472, 1760.0, 0.1366, 0.2044, 0.01007, 9.302e-05]
Cost = 192
----- Optimized Parameters (2 sig. digits) -----
[0.4879, 313.6, 0.5539, 0.9472, 1760.0, 0.1366, 0.2044, 0.01007, 9.302e-05]
Cost = 192
----- Optimized Parameters (2 sig. digits) -----
[0.4879, 313.6, 0.5539, 0.9472, 1760.0, 0.1366, 0.2044, 0.01007, 9.302e-05]
Cost = 192
----- Optimized Parameters (2 sig. digits) -----
[0.4879, 313.6, 0.5539, 0.9472, 1760.0, 0.1366, 0.2044, 0.01007, 9.302e-05]
Cost = 192
----- Optimized Parameters (2 sig. digits) -----
[0.4879, 313.6, 0.5539, 0.9472, 1760.0, 0.1366, 0.2044, 0.01007, 9.302e-05]
Cost = 192
----- Optimized Parameters (2 sig. digits) -----
[0.4879, 313.6, 0.5539, 0.9472, 1760.0, 0.1366, 0.2044, 0.01007, 9.302e-05]
Cost = 192
----- Optimized Parameters (2 sig. digits) -----
[0.4879, 313.6, 0.5539, 0.9472, 1760.0, 0.1366, 0.2044, 0.01007, 9.302e-05]
Cost = 192
----- Optimized Parameters (2 sig. digits) -----
[0.4879, 313.6, 0.5539, 0.9472, 1760.0, 0.1366, 0.2044, 0.01007, 9.302e-05]
Cost = 192
----- Optimized Parameters (2 sig. digits) -----
[0.4879, 313.6, 0.5539, 0.9472, 1760.0, 0.1366, 0.2044, 0.01007, 9.303e-05]
Cost = 192
----- Optimized Parameters (2 sig. digits) -----
[0.4775, 312.9, 0.5491, 0.9513, 1762.0, 0.1351, 0.1915, 0.01006, 9.329e-05]
Cost = 186
----- Optimized Parameters (2 sig. digits) -----
[0.4775, 312.9, 0.5491, 0.9513, 1762.0, 0.1351, 0.1915, 0.01006, 9.329e-05]
Cost = 186
----- Optimized Parameters (2 sig. digits) -----
[0.4775, 312.9, 0.5491, 0.9513, 1762.0, 0.1351, 0.1915, 0.01006, 9.329e-05]
Cost = 186
----- Optimized Parameters (2 sig. digits) -----
[0.4775, 312.9, 0.5491, 0.9513, 1762.0, 0.1351, 0.1915, 0.01006, 9.329e-05]
Cost = 186
----- Optimized Parameters (2 sig. digits) -----
[0.4775, 312.9, 0.5491, 0.9513, 1762.0, 0.1351, 0.1915, 0.01006, 9.329e-05]
Cost = 186
----- Optimized Parameters (2 sig. digits) -----
[0.4775, 312.9, 0.5491, 0.9513, 1762.0, 0.1351, 0.1915, 0.01006, 9.329e-05]
Cost = 186
----- Optimized Parameters (2 sig. digits) -----
[0.4775, 312.9, 0.5491, 0.9513, 1762.0, 0.1351, 0.1915, 0.01006, 9.329e-05]
Cost = 186
----- Optimized Parameters (2 sig. digits) -----
[0.4775, 312.9, 0.5491, 0.9513, 1762.0, 0.1351, 0.1915, 0.01006, 9.329e-05]
Cost = 186
----- Optimized Parameters (2 sig. digits) -----
[0.4775, 312.9, 0.5491, 0.9513, 1762.0, 0.1351, 0.1915, 0.01006, 9.329e-05]
Cost = 186
----- Optimized Parameters (2 sig. digits) -----
[0.4775, 312.9, 0.5491, 0.9513, 1762.0, 0.1351, 0.1915, 0.01006, 9.331e-05]
Cost = 186
----- Optimized Parameters (2 sig. digits) -----
[0.4579, 309.1, 0.5339, 0.9683, 1770.0, 0.13, 0.14, 0.01004, 0.0001029]
Cost = 184
----- Optimized Parameters (2 sig. digits) -----
[0.4579, 309.1, 0.5339, 0.9683, 1770.0, 0.13, 0.14, 0.01004, 0.0001029]
Cost = 184
----- Optimized Parameters (2 sig. digits) -----
[0.4579, 309.1, 0.5339, 0.9683, 1770.0, 0.13, 0.14, 0.01004, 0.0001029]
Cost = 184
----- Optimized Parameters (2 sig. digits) -----
[0.4579, 309.1, 0.5339, 0.9683, 1770.0, 0.13, 0.14, 0.01004, 0.0001029]
Cost = 184
----- Optimized Parameters (2 sig. digits) -----
[0.4579, 309.1, 0.5339, 0.9683, 1770.0, 0.13, 0.14, 0.01004, 0.0001029]
Cost = 184
----- Optimized Parameters (2 sig. digits) -----
[0.4579, 309.1, 0.5339, 0.9683, 1770.0, 0.13, 0.14, 0.01004, 0.0001029]
Cost = 184
----- Optimized Parameters (2 sig. digits) -----
[0.4579, 309.1, 0.5339, 0.9683, 1770.0, 0.13, 0.14, 0.01004, 0.0001029]
Cost = 184
----- Optimized Parameters (2 sig. digits) -----
[0.4579, 309.1, 0.5339, 0.9683, 1770.0, 0.13, 0.14, 0.01004, 0.0001029]
Cost = 184
----- Optimized Parameters (2 sig. digits) -----
[0.4579, 309.1, 0.5339, 0.9683, 1770.0, 0.13, 0.14, 0.01004, 0.0001029]
Cost = 184
----- Optimized Parameters (2 sig. digits) -----
[0.4579, 309.1, 0.5339, 0.9683, 1770.0, 0.13, 0.14, 0.01004, 0.0001029]
Cost = 184
----- Optimized Parameters (2 sig. digits) -----
[0.4579, 309.1, 0.534, 0.9683, 1770.0, 0.13, 0.14, 0.01004, 0.0001032]
Cost = 184
----- Optimized Parameters (2 sig. digits) -----
[0.4579, 309.1, 0.534, 0.9683, 1770.0, 0.13, 0.14, 0.01004, 0.0001032]
Cost = 184
----- Optimized Parameters (2 sig. digits) -----
[0.4579, 309.1, 0.534, 0.9683, 1770.0, 0.13, 0.14, 0.01004, 0.0001032]
Cost = 184
----- Optimized Parameters (2 sig. digits) -----
[0.4579, 309.1, 0.534, 0.9683, 1770.0, 0.13, 0.14, 0.01004, 0.0001032]
Cost = 184
----- Optimized Parameters (2 sig. digits) -----
[0.4579, 309.1, 0.534, 0.9683, 1770.0, 0.13, 0.14, 0.01004, 0.0001032]
Cost = 184
----- Optimized Parameters (2 sig. digits) -----
[0.4579, 309.1, 0.534, 0.9683, 1770.0, 0.13, 0.14, 0.01004, 0.0001032]
Cost = 184
----- Optimized Parameters (2 sig. digits) -----
[0.4579, 309.1, 0.534, 0.9683, 1770.0, 0.13, 0.14, 0.01004, 0.0001032]
Cost = 184
----- Optimized Parameters (2 sig. digits) -----
[0.4579, 309.1, 0.534, 0.9683, 1770.0, 0.13, 0.14, 0.01004, 0.0001032]
Cost = 184
----- Optimized Parameters (2 sig. digits) -----
[0.4579, 309.1, 0.534, 0.9683, 1770.0, 0.13, 0.14, 0.01004, 0.0001032]
Cost = 184
----- Optimized Parameters (2 sig. digits) -----
[0.4579, 309.1, 0.534, 0.9683, 1770.0, 0.13, 0.14, 0.01004, 0.0001032]
Cost = 184
----- Optimized Parameters (2 sig. digits) -----
[0.4579, 309.1, 0.534, 0.9683, 1770.0, 0.13, 0.14, 0.01004, 0.0001032]
Cost = 184
----- Optimized Parameters (2 sig. digits) -----
[0.8153, 4523.0, 0.4334, 0.04455, 815.7, 0.6085, 0.8491, 0.3909, 3.285e-06]
Cost = 2.05e+03
----- Optimized Parameters (2 sig. digits) -----
[0.8153, 4523.0, 0.4334, 0.04455, 815.7, 0.6085, 0.8491, 0.3909, 3.285e-06]
Cost = 2.05e+03
----- Optimized Parameters (2 sig. digits) -----
[0.8153, 4523.0, 0.4334, 0.04455, 815.7, 0.6085, 0.8491, 0.3909, 3.285e-06]
Cost = 2.05e+03
----- Optimized Parameters (2 sig. digits) -----
[0.8153, 4523.0, 0.4334, 0.04455, 815.7, 0.6085, 0.8491, 0.3909, 3.285e-06]
Cost = 2.05e+03
----- Optimized Parameters (2 sig. digits) -----
[0.8153, 4523.0, 0.4334, 0.04455, 815.7, 0.6085, 0.8491, 0.3909, 3.285e-06]
Cost = 2.05e+03
----- Optimized Parameters (2 sig. digits) -----
[0.8153, 4523.0, 0.4334, 0.04455, 815.7, 0.6085, 0.8491, 0.3909, 3.285e-06]
Cost = 2.05e+03
----- Optimized Parameters (2 sig. digits) -----
[0.8153, 4523.0, 0.4334, 0.04455, 815.7, 0.6085, 0.8491, 0.3909, 3.285e-06]
Cost = 2.05e+03
----- Optimized Parameters (2 sig. digits) -----
[0.8153, 4523.0, 0.4334, 0.04455, 815.7, 0.6085, 0.8491, 0.3909, 3.285e-06]
Cost = 2.05e+03
----- Optimized Parameters (2 sig. digits) -----
[0.8153, 4523.0, 0.4334, 0.04455, 815.7, 0.6085, 0.8491, 0.3909, 3.285e-06]
Cost = 2.05e+03
----- Optimized Parameters (2 sig. digits) -----
[0.8153, 4523.0, 0.4334, 0.04455, 815.7, 0.6085, 0.8491, 0.3909, 3.285e-06]
Cost = 2.05e+03
----- Optimized Parameters (2 sig. digits) -----
[0.8153, 4523.0, 0.4334, 0.04455, 815.7, 0.6085, 0.8491, 0.3909, 3.3e-06]
Cost = 2.07e+03
----- Optimized Parameters (2 sig. digits) -----
[0.6088, 3286.0, 0.3153, 0.2858, 1116.0, 0.457, 0.8866, 0.2932, 2.691e-06]
Cost = 787
----- Optimized Parameters (2 sig. digits) -----
[0.6088, 3286.0, 0.3153, 0.2858, 1116.0, 0.457, 0.8866, 0.2932, 2.691e-06]
Cost = 787
----- Optimized Parameters (2 sig. digits) -----
[0.6088, 3286.0, 0.3153, 0.2858, 1116.0, 0.457, 0.8866, 0.2932, 2.691e-06]
Cost = 787
----- Optimized Parameters (2 sig. digits) -----
[0.6088, 3286.0, 0.3153, 0.2858, 1116.0, 0.457, 0.8866, 0.2932, 2.691e-06]
Cost = 787
----- Optimized Parameters (2 sig. digits) -----
[0.6088, 3286.0, 0.3153, 0.2858, 1116.0, 0.457, 0.8866, 0.2932, 2.691e-06]
Cost = 787
----- Optimized Parameters (2 sig. digits) -----
[0.6088, 3286.0, 0.3153, 0.2858, 1116.0, 0.457, 0.8866, 0.2932, 2.691e-06]
Cost = 787
----- Optimized Parameters (2 sig. digits) -----
[0.6088, 3286.0, 0.3153, 0.2858, 1116.0, 0.457, 0.8866, 0.2932, 2.691e-06]
Cost = 787
----- Optimized Parameters (2 sig. digits) -----
[0.6088, 3286.0, 0.3153, 0.2858, 1116.0, 0.457, 0.8866, 0.2932, 2.691e-06]
Cost = 787
----- Optimized Parameters (2 sig. digits) -----
[0.6088, 3286.0, 0.3153, 0.2858, 1116.0, 0.457, 0.8866, 0.2932, 2.691e-06]
Cost = 787
----- Optimized Parameters (2 sig. digits) -----
[0.6088, 3286.0, 0.3153, 0.2858, 1116.0, 0.457, 0.8866, 0.2932, 2.706e-06]
Cost = 784
----- Optimized Parameters (2 sig. digits) -----
[0.6157, 487.1, 0.02222, 0.3033, 1285.0, 0.4341, 0.9459, 0.1157, 4.538e-06]
Cost = 4.99e+03
----- Optimized Parameters (2 sig. digits) -----
[0.6191, 2942.0, 0.02701, 0.3004, 1231.0, 0.4363, 0.941, 0.1352, 4.005e-06]
Cost = 2.2e+03
----- Optimized Parameters (2 sig. digits) -----
[0.6197, 3263.0, 0.02711, 0.2995, 1138.0, 0.437, 0.9392, 0.142, 3.847e-06]
Cost = 1.66e+03
----- Optimized Parameters (2 sig. digits) -----
[0.6333, 3286.0, 0.172, 0.2985, 1116.0, 0.4255, 0.9288, 0.2054, 3.467e-06]
Cost = 706
----- Optimized Parameters (2 sig. digits) -----
[0.6333, 3286.0, 0.172, 0.2985, 1116.0, 0.4255, 0.9288, 0.2054, 3.467e-06]
Cost = 706
----- Optimized Parameters (2 sig. digits) -----
[0.6333, 3286.0, 0.172, 0.2985, 1116.0, 0.4255, 0.9288, 0.2054, 3.467e-06]
Cost = 706
----- Optimized Parameters (2 sig. digits) -----
[0.6333, 3286.0, 0.172, 0.2985, 1116.0, 0.4255, 0.9288, 0.2054, 3.467e-06]
Cost = 706
----- Optimized Parameters (2 sig. digits) -----
[0.6333, 3286.0, 0.172, 0.2985, 1116.0, 0.4255, 0.9288, 0.2054, 3.467e-06]
Cost = 706
----- Optimized Parameters (2 sig. digits) -----
[0.6333, 3286.0, 0.172, 0.2985, 1116.0, 0.4255, 0.9288, 0.2054, 3.467e-06]
Cost = 706
----- Optimized Parameters (2 sig. digits) -----
[0.6333, 3286.0, 0.172, 0.2985, 1116.0, 0.4255, 0.9288, 0.2054, 3.467e-06]
Cost = 706
----- Optimized Parameters (2 sig. digits) -----
[0.6333, 3286.0, 0.172, 0.2985, 1116.0, 0.4255, 0.9288, 0.2054, 3.467e-06]
Cost = 706
----- Optimized Parameters (2 sig. digits) -----
[0.6333, 3286.0, 0.172, 0.2985, 1116.0, 0.4255, 0.9288, 0.2054, 3.467e-06]
Cost = 706
----- Optimized Parameters (2 sig. digits) -----
[0.6333, 3286.0, 0.172, 0.2985, 1116.0, 0.4255, 0.9288, 0.2054, 3.482e-06]
Cost = 701
----- Optimized Parameters (2 sig. digits) -----
[0.6657, 3281.0, 0.08232, 0.3011, 1120.0, 0.4096, 0.972, 0.1159, 5.107e-06]
Cost = 767
----- Optimized Parameters (2 sig. digits) -----
[0.6377, 3286.0, 0.1316, 0.2988, 1116.0, 0.4182, 0.9362, 0.18, 4.394e-06]
Cost = 580
----- Optimized Parameters (2 sig. digits) -----
[0.6377, 3286.0, 0.1316, 0.2988, 1116.0, 0.4182, 0.9362, 0.18, 4.394e-06]
Cost = 580
----- Optimized Parameters (2 sig. digits) -----
[0.6377, 3286.0, 0.1316, 0.2988, 1116.0, 0.4182, 0.9362, 0.18, 4.394e-06]
Cost = 580
----- Optimized Parameters (2 sig. digits) -----
[0.6377, 3286.0, 0.1316, 0.2988, 1116.0, 0.4182, 0.9362, 0.18, 4.394e-06]
Cost = 580
----- Optimized Parameters (2 sig. digits) -----
[0.6377, 3286.0, 0.1316, 0.2988, 1116.0, 0.4182, 0.9362, 0.18, 4.394e-06]
Cost = 580
----- Optimized Parameters (2 sig. digits) -----
[0.6377, 3286.0, 0.1316, 0.2988, 1116.0, 0.4182, 0.9362, 0.18, 4.394e-06]
Cost = 580
----- Optimized Parameters (2 sig. digits) -----
[0.6377, 3286.0, 0.1316, 0.2988, 1116.0, 0.4182, 0.9362, 0.18, 4.394e-06]
Cost = 580
----- Optimized Parameters (2 sig. digits) -----
[0.6377, 3286.0, 0.1316, 0.2988, 1116.0, 0.4182, 0.9362, 0.18, 4.394e-06]
Cost = 580
----- Optimized Parameters (2 sig. digits) -----
[0.6377, 3286.0, 0.1316, 0.2988, 1116.0, 0.4182, 0.9362, 0.18, 4.394e-06]
Cost = 580
----- Optimized Parameters (2 sig. digits) -----
[0.6377, 3286.0, 0.1316, 0.2988, 1116.0, 0.4182, 0.9362, 0.18, 4.409e-06]
Cost = 579
----- Optimized Parameters (2 sig. digits) -----
[0.6379, 3286.0, 0.1044, 0.3024, 1116.0, 0.4019, 0.9581, 0.08958, 5.833e-06]
Cost = 615
----- Optimized Parameters (2 sig. digits) -----
[0.6392, 3286.0, 0.1111, 0.2988, 1116.0, 0.4145, 0.9393, 0.1664, 4.993e-06]
Cost = 545
----- Optimized Parameters (2 sig. digits) -----
[0.6392, 3286.0, 0.1111, 0.2988, 1116.0, 0.4145, 0.9393, 0.1664, 4.993e-06]
Cost = 545
----- Optimized Parameters (2 sig. digits) -----
[0.6392, 3286.0, 0.1111, 0.2988, 1116.0, 0.4145, 0.9393, 0.1664, 4.993e-06]
Cost = 545
----- Optimized Parameters (2 sig. digits) -----
[0.6392, 3286.0, 0.1111, 0.2988, 1116.0, 0.4145, 0.9393, 0.1664, 4.993e-06]
Cost = 545
----- Optimized Parameters (2 sig. digits) -----
[0.6392, 3286.0, 0.1111, 0.2988, 1116.0, 0.4145, 0.9393, 0.1664, 4.993e-06]
Cost = 545
----- Optimized Parameters (2 sig. digits) -----
[0.6392, 3286.0, 0.1111, 0.2988, 1116.0, 0.4145, 0.9393, 0.1664, 4.993e-06]
Cost = 545
----- Optimized Parameters (2 sig. digits) -----
[0.6392, 3286.0, 0.1111, 0.2988, 1116.0, 0.4145, 0.9393, 0.1664, 4.993e-06]
Cost = 545
----- Optimized Parameters (2 sig. digits) -----
[0.6392, 3286.0, 0.1111, 0.2988, 1116.0, 0.4145, 0.9393, 0.1664, 4.993e-06]
Cost = 545
----- Optimized Parameters (2 sig. digits) -----
[0.6392, 3286.0, 0.1111, 0.2988, 1116.0, 0.4145, 0.9393, 0.1664, 4.993e-06]
Cost = 545
----- Optimized Parameters (2 sig. digits) -----
[0.6392, 3286.0, 0.1111, 0.2988, 1116.0, 0.4145, 0.9393, 0.1664, 5.008e-06]
Cost = 545
----- Optimized Parameters (2 sig. digits) -----
[0.6439, 3286.0, 0.1022, 0.299, 1116.0, 0.398, 0.9525, 0.1542, 5.584e-06]
Cost = 529
----- Optimized Parameters (2 sig. digits) -----
[0.6439, 3286.0, 0.1022, 0.299, 1116.0, 0.398, 0.9525, 0.1542, 5.584e-06]
Cost = 529
----- Optimized Parameters (2 sig. digits) -----
[0.6439, 3286.0, 0.1022, 0.299, 1116.0, 0.398, 0.9525, 0.1542, 5.584e-06]
Cost = 529
----- Optimized Parameters (2 sig. digits) -----
[0.6439, 3286.0, 0.1022, 0.299, 1116.0, 0.398, 0.9525, 0.1542, 5.584e-06]
Cost = 529
----- Optimized Parameters (2 sig. digits) -----
[0.6439, 3286.0, 0.1022, 0.299, 1116.0, 0.398, 0.9525, 0.1542, 5.584e-06]
Cost = 529
----- Optimized Parameters (2 sig. digits) -----
[0.6439, 3286.0, 0.1022, 0.299, 1116.0, 0.398, 0.9525, 0.1542, 5.584e-06]
Cost = 529
----- Optimized Parameters (2 sig. digits) -----
[0.6439, 3286.0, 0.1022, 0.299, 1116.0, 0.398, 0.9525, 0.1542, 5.584e-06]
Cost = 529
----- Optimized Parameters (2 sig. digits) -----
[0.6439, 3286.0, 0.1022, 0.299, 1116.0, 0.398, 0.9525, 0.1542, 5.584e-06]
Cost = 529
----- Optimized Parameters (2 sig. digits) -----
[0.6439, 3286.0, 0.1022, 0.299, 1116.0, 0.398, 0.9525, 0.1542, 5.584e-06]
Cost = 529
----- Optimized Parameters (2 sig. digits) -----
[0.6439, 3286.0, 0.1022, 0.299, 1116.0, 0.398, 0.9525, 0.1542, 5.599e-06]
Cost = 528
----- Optimized Parameters (2 sig. digits) -----
[0.638, 3286.0, 0.1433, 0.302, 1116.0, 0.3795, 0.9673, 0.06712, 6.515e-06]
Cost = 545
----- Optimized Parameters (2 sig. digits) -----
[0.6434, 3286.0, 0.09989, 0.2995, 1116.0, 0.3924, 0.9566, 0.131, 6.131e-06]
Cost = 521
----- Optimized Parameters (2 sig. digits) -----
[0.6434, 3286.0, 0.09989, 0.2995, 1116.0, 0.3924, 0.9566, 0.131, 6.131e-06]
Cost = 521
----- Optimized Parameters (2 sig. digits) -----
[0.6434, 3286.0, 0.09989, 0.2995, 1116.0, 0.3924, 0.9566, 0.131, 6.131e-06]
Cost = 521
----- Optimized Parameters (2 sig. digits) -----
[0.6434, 3286.0, 0.09989, 0.2995, 1116.0, 0.3924, 0.9566, 0.131, 6.131e-06]
Cost = 521
----- Optimized Parameters (2 sig. digits) -----
[0.6434, 3286.0, 0.09989, 0.2995, 1116.0, 0.3924, 0.9566, 0.131, 6.131e-06]
Cost = 521
----- Optimized Parameters (2 sig. digits) -----
[0.6434, 3286.0, 0.09989, 0.2995, 1116.0, 0.3924, 0.9566, 0.131, 6.131e-06]
Cost = 521
----- Optimized Parameters (2 sig. digits) -----
[0.6434, 3286.0, 0.09989, 0.2995, 1116.0, 0.3924, 0.9566, 0.131, 6.131e-06]
Cost = 521
----- Optimized Parameters (2 sig. digits) -----
[0.6434, 3286.0, 0.09989, 0.2995, 1116.0, 0.3924, 0.9566, 0.131, 6.131e-06]
Cost = 521
----- Optimized Parameters (2 sig. digits) -----
[0.6434, 3286.0, 0.09989, 0.2995, 1116.0, 0.3924, 0.9566, 0.131, 6.131e-06]
Cost = 521
----- Optimized Parameters (2 sig. digits) -----
[0.6434, 3286.0, 0.09989, 0.2995, 1116.0, 0.3924, 0.9566, 0.131, 6.146e-06]
Cost = 521
----- Optimized Parameters (2 sig. digits) -----
[0.6392, 3286.0, 0.1286, 0.3007, 1116.0, 0.3836, 0.9635, 0.09126, 6.547e-06]
Cost = 514
----- Optimized Parameters (2 sig. digits) -----
[0.6392, 3286.0, 0.1286, 0.3007, 1116.0, 0.3836, 0.9635, 0.09126, 6.547e-06]
Cost = 514
----- Optimized Parameters (2 sig. digits) -----
[0.6392, 3286.0, 0.1286, 0.3007, 1116.0, 0.3836, 0.9635, 0.09126, 6.547e-06]
Cost = 514
----- Optimized Parameters (2 sig. digits) -----
[0.6392, 3286.0, 0.1286, 0.3007, 1116.0, 0.3836, 0.9635, 0.09126, 6.547e-06]
Cost = 514
----- Optimized Parameters (2 sig. digits) -----
[0.6392, 3286.0, 0.1286, 0.3007, 1116.0, 0.3836, 0.9635, 0.09126, 6.547e-06]
Cost = 514
----- Optimized Parameters (2 sig. digits) -----
[0.6392, 3286.0, 0.1286, 0.3007, 1116.0, 0.3836, 0.9635, 0.09126, 6.547e-06]
Cost = 514
----- Optimized Parameters (2 sig. digits) -----
[0.6392, 3286.0, 0.1286, 0.3007, 1116.0, 0.3836, 0.9635, 0.09126, 6.547e-06]
Cost = 514
----- Optimized Parameters (2 sig. digits) -----
[0.6392, 3286.0, 0.1286, 0.3007, 1116.0, 0.3836, 0.9635, 0.09126, 6.547e-06]
Cost = 514
----- Optimized Parameters (2 sig. digits) -----
[0.6392, 3286.0, 0.1286, 0.3007, 1116.0, 0.3836, 0.9635, 0.09126, 6.547e-06]
Cost = 514
----- Optimized Parameters (2 sig. digits) -----
[0.6392, 3286.0, 0.1286, 0.3007, 1116.0, 0.3836, 0.9635, 0.09126, 6.562e-06]
Cost = 514
----- Optimized Parameters (2 sig. digits) -----
[0.6223, 3286.0, 0.2, 0.3018, 1116.0, 0.3713, 0.9759, 0.02248, 7.192e-06]
Cost = 540
----- Optimized Parameters (2 sig. digits) -----
[0.6365, 3286.0, 0.1474, 0.3009, 1116.0, 0.3805, 0.9658, 0.0742, 6.777e-06]
Cost = 508
----- Optimized Parameters (2 sig. digits) -----
[0.6365, 3286.0, 0.1474, 0.3009, 1116.0, 0.3805, 0.9658, 0.0742, 6.777e-06]
Cost = 508
----- Optimized Parameters (2 sig. digits) -----
[0.6365, 3286.0, 0.1474, 0.3009, 1116.0, 0.3805, 0.9658, 0.0742, 6.777e-06]
Cost = 508
----- Optimized Parameters (2 sig. digits) -----
[0.6365, 3286.0, 0.1474, 0.3009, 1116.0, 0.3805, 0.9658, 0.0742, 6.777e-06]
Cost = 508
----- Optimized Parameters (2 sig. digits) -----
[0.6365, 3286.0, 0.1474, 0.3009, 1116.0, 0.3805, 0.9658, 0.0742, 6.777e-06]
Cost = 508
----- Optimized Parameters (2 sig. digits) -----
[0.6365, 3286.0, 0.1474, 0.3009, 1116.0, 0.3805, 0.9658, 0.0742, 6.777e-06]
Cost = 508
----- Optimized Parameters (2 sig. digits) -----
[0.6365, 3286.0, 0.1474, 0.3009, 1116.0, 0.3805, 0.9658, 0.0742, 6.777e-06]
Cost = 508
----- Optimized Parameters (2 sig. digits) -----
[0.6365, 3286.0, 0.1474, 0.3009, 1116.0, 0.3805, 0.9658, 0.0742, 6.777e-06]
Cost = 508
----- Optimized Parameters (2 sig. digits) -----
[0.6365, 3286.0, 0.1474, 0.3009, 1116.0, 0.3805, 0.9658, 0.0742, 6.777e-06]
Cost = 508
----- Optimized Parameters (2 sig. digits) -----
[0.6365, 3286.0, 0.1474, 0.3009, 1116.0, 0.3805, 0.9658, 0.0742, 6.792e-06]
Cost = 508
----- Optimized Parameters (2 sig. digits) -----
[0.6271, 3286.0, 0.1851, 0.301, 1116.0, 0.3754, 0.9692, 0.04034, 7.113e-06]
Cost = 498
----- Optimized Parameters (2 sig. digits) -----
[0.6271, 3286.0, 0.1851, 0.301, 1116.0, 0.3754, 0.9692, 0.04034, 7.113e-06]
Cost = 498
----- Optimized Parameters (2 sig. digits) -----
[0.6271, 3286.0, 0.1851, 0.301, 1116.0, 0.3754, 0.9692, 0.04034, 7.113e-06]
Cost = 498
----- Optimized Parameters (2 sig. digits) -----
[0.6271, 3286.0, 0.1851, 0.301, 1116.0, 0.3754, 0.9692, 0.04034, 7.113e-06]
Cost = 498
----- Optimized Parameters (2 sig. digits) -----
[0.6271, 3286.0, 0.1851, 0.301, 1116.0, 0.3754, 0.9692, 0.04034, 7.113e-06]
Cost = 498
----- Optimized Parameters (2 sig. digits) -----
[0.6271, 3286.0, 0.1851, 0.301, 1116.0, 0.3754, 0.9692, 0.04034, 7.113e-06]
Cost = 498
----- Optimized Parameters (2 sig. digits) -----
[0.6271, 3286.0, 0.1851, 0.301, 1116.0, 0.3754, 0.9692, 0.04034, 7.113e-06]
Cost = 498
----- Optimized Parameters (2 sig. digits) -----
[0.6271, 3286.0, 0.1851, 0.301, 1116.0, 0.3754, 0.9692, 0.04034, 7.113e-06]
Cost = 498
----- Optimized Parameters (2 sig. digits) -----
[0.6271, 3286.0, 0.1851, 0.301, 1116.0, 0.3754, 0.9692, 0.04034, 7.113e-06]
Cost = 498
----- Optimized Parameters (2 sig. digits) -----
[0.6271, 3286.0, 0.1851, 0.301, 1116.0, 0.3754, 0.9692, 0.04034, 7.128e-06]
Cost = 498
----- Optimized Parameters (2 sig. digits) -----
[0.6141, 3286.0, 0.2325, 0.3006, 1116.0, 0.3729, 0.9716, 0.01098, 7.485e-06]
Cost = 480
----- Optimized Parameters (2 sig. digits) -----
[0.6141, 3286.0, 0.2325, 0.3006, 1116.0, 0.3729, 0.9716, 0.01098, 7.485e-06]
Cost = 480
----- Optimized Parameters (2 sig. digits) -----
[0.6141, 3286.0, 0.2325, 0.3006, 1116.0, 0.3729, 0.9716, 0.01098, 7.485e-06]
Cost = 480
----- Optimized Parameters (2 sig. digits) -----
[0.6141, 3286.0, 0.2325, 0.3006, 1116.0, 0.3729, 0.9716, 0.01098, 7.485e-06]
Cost = 480
----- Optimized Parameters (2 sig. digits) -----
[0.6141, 3286.0, 0.2325, 0.3006, 1116.0, 0.3729, 0.9716, 0.01098, 7.485e-06]
Cost = 480
----- Optimized Parameters (2 sig. digits) -----
[0.6141, 3286.0, 0.2325, 0.3006, 1116.0, 0.3729, 0.9716, 0.01098, 7.485e-06]
Cost = 480
----- Optimized Parameters (2 sig. digits) -----
[0.6141, 3286.0, 0.2325, 0.3006, 1116.0, 0.3729, 0.9716, 0.01098, 7.485e-06]
Cost = 480
----- Optimized Parameters (2 sig. digits) -----
[0.6141, 3286.0, 0.2325, 0.3006, 1116.0, 0.3729, 0.9716, 0.01098, 7.485e-06]
Cost = 480
----- Optimized Parameters (2 sig. digits) -----
[0.6141, 3286.0, 0.2325, 0.3006, 1116.0, 0.3729, 0.9716, 0.01098, 7.485e-06]
Cost = 480
----- Optimized Parameters (2 sig. digits) -----
[0.6141, 3286.0, 0.2325, 0.3006, 1116.0, 0.3729, 0.9716, 0.01098, 7.5e-06]
Cost = 480
----- Optimized Parameters (2 sig. digits) -----
[0.6127, 3286.0, 0.2376, 0.3006, 1116.0, 0.3732, 0.9712, 0.01191, 7.553e-06]
Cost = 472
----- Optimized Parameters (2 sig. digits) -----
[0.6127, 3286.0, 0.2376, 0.3006, 1116.0, 0.3732, 0.9712, 0.01191, 7.553e-06]
Cost = 472
----- Optimized Parameters (2 sig. digits) -----
[0.6127, 3286.0, 0.2376, 0.3006, 1116.0, 0.3732, 0.9712, 0.01191, 7.553e-06]
Cost = 472
----- Optimized Parameters (2 sig. digits) -----
[0.6127, 3286.0, 0.2376, 0.3006, 1116.0, 0.3732, 0.9712, 0.01191, 7.553e-06]
Cost = 472
----- Optimized Parameters (2 sig. digits) -----
[0.6127, 3286.0, 0.2376, 0.3006, 1116.0, 0.3732, 0.9712, 0.01191, 7.553e-06]
Cost = 472
----- Optimized Parameters (2 sig. digits) -----
[0.6127, 3286.0, 0.2376, 0.3006, 1116.0, 0.3732, 0.9712, 0.01191, 7.553e-06]
Cost = 472
----- Optimized Parameters (2 sig. digits) -----
[0.6127, 3286.0, 0.2376, 0.3006, 1116.0, 0.3732, 0.9712, 0.01191, 7.553e-06]
Cost = 472
----- Optimized Parameters (2 sig. digits) -----
[0.6127, 3286.0, 0.2376, 0.3006, 1116.0, 0.3732, 0.9712, 0.01191, 7.553e-06]
Cost = 472
----- Optimized Parameters (2 sig. digits) -----
[0.6127, 3286.0, 0.2376, 0.3006, 1116.0, 0.3732, 0.9712, 0.01191, 7.553e-06]
Cost = 472
----- Optimized Parameters (2 sig. digits) -----
[0.6127, 3286.0, 0.2376, 0.3006, 1116.0, 0.3732, 0.9712, 0.01191, 7.568e-06]
Cost = 472
----- Optimized Parameters (2 sig. digits) -----
[0.5758, 3286.0, 0.2765, 0.2961, 1116.0, 0.3297, 0.9995, 0.01088, 8.623e-06]
Cost = 459
----- Optimized Parameters (2 sig. digits) -----
[0.5758, 3286.0, 0.2765, 0.2961, 1116.0, 0.3297, 0.9995, 0.01088, 8.623e-06]
Cost = 459
----- Optimized Parameters (2 sig. digits) -----
[0.5758, 3286.0, 0.2765, 0.2961, 1116.0, 0.3297, 0.9995, 0.01088, 8.623e-06]
Cost = 459
----- Optimized Parameters (2 sig. digits) -----
[0.5758, 3286.0, 0.2765, 0.2961, 1116.0, 0.3297, 0.9995, 0.01088, 8.623e-06]
Cost = 459
----- Optimized Parameters (2 sig. digits) -----
[0.5758, 3286.0, 0.2765, 0.2961, 1116.0, 0.3297, 0.9995, 0.01088, 8.623e-06]
Cost = 459
----- Optimized Parameters (2 sig. digits) -----
[0.5758, 3286.0, 0.2765, 0.2961, 1116.0, 0.3297, 0.9995, 0.01088, 8.623e-06]
Cost = 459
----- Optimized Parameters (2 sig. digits) -----
[0.5758, 3286.0, 0.2765, 0.2961, 1116.0, 0.3297, 0.9995, 0.01088, 8.623e-06]
Cost = 459
----- Optimized Parameters (2 sig. digits) -----
[0.5758, 3286.0, 0.2765, 0.2961, 1116.0, 0.3297, 0.9995, 0.01088, 8.623e-06]
Cost = 459
----- Optimized Parameters (2 sig. digits) -----
[0.5758, 3286.0, 0.2765, 0.2961, 1116.0, 0.3297, 0.9995, 0.01088, 8.623e-06]
Cost = 459
----- Optimized Parameters (2 sig. digits) -----
[0.5758, 3286.0, 0.2765, 0.2961, 1116.0, 0.3297, 0.9995, 0.01088, 8.638e-06]
Cost = 458
----- Optimized Parameters (2 sig. digits) -----
[0.5758, 3286.0, 0.2765, 0.2961, 1116.0, 0.3297, 0.9995, 0.01088, 8.975e-06]
Cost = 452
----- Optimized Parameters (2 sig. digits) -----
[0.5758, 3286.0, 0.2765, 0.2961, 1116.0, 0.3297, 0.9995, 0.01088, 8.975e-06]
Cost = 452
----- Optimized Parameters (2 sig. digits) -----
[0.5758, 3286.0, 0.2765, 0.2961, 1116.0, 0.3297, 0.9995, 0.01088, 8.975e-06]
Cost = 452
----- Optimized Parameters (2 sig. digits) -----
[0.5758, 3286.0, 0.2765, 0.2961, 1116.0, 0.3297, 0.9995, 0.01088, 8.975e-06]
Cost = 452
----- Optimized Parameters (2 sig. digits) -----
[0.5758, 3286.0, 0.2765, 0.2961, 1116.0, 0.3297, 0.9995, 0.01088, 8.975e-06]
Cost = 452
----- Optimized Parameters (2 sig. digits) -----
[0.5758, 3286.0, 0.2765, 0.2961, 1116.0, 0.3297, 0.9995, 0.01088, 8.975e-06]
Cost = 452
----- Optimized Parameters (2 sig. digits) -----
[0.5758, 3286.0, 0.2765, 0.2961, 1116.0, 0.3297, 0.9995, 0.01088, 8.975e-06]
Cost = 452
----- Optimized Parameters (2 sig. digits) -----
[0.5758, 3286.0, 0.2765, 0.2961, 1116.0, 0.3297, 0.9995, 0.01088, 8.975e-06]
Cost = 452
----- Optimized Parameters (2 sig. digits) -----
[0.5758, 3286.0, 0.2765, 0.2961, 1116.0, 0.3297, 0.9995, 0.01088, 8.975e-06]
Cost = 452
----- Optimized Parameters (2 sig. digits) -----
[0.5758, 3286.0, 0.2765, 0.2961, 1116.0, 0.3297, 0.9995, 0.01088, 8.99e-06]
Cost = 452
----- Optimized Parameters (2 sig. digits) -----
[0.5758, 3286.0, 0.2765, 0.2961, 1116.0, 0.3297, 0.9995, 0.01088, 8.975e-06]
Cost = 452
----- Optimized Parameters (2 sig. digits) -----
[0.5758, 3286.0, 0.2765, 0.2961, 1116.0, 0.3297, 0.9995, 0.01088, 8.975e-06]
Cost = 452
----- Optimized Parameters (2 sig. digits) -----
[0.5758, 3286.0, 0.2765, 0.2961, 1116.0, 0.3297, 0.9995, 0.01088, 8.975e-06]
Cost = 452
----- Optimized Parameters (2 sig. digits) -----
[0.5758, 3286.0, 0.2765, 0.2961, 1116.0, 0.3297, 0.9995, 0.01088, 8.975e-06]
Cost = 452
----- Optimized Parameters (2 sig. digits) -----
[0.5758, 3286.0, 0.2765, 0.2961, 1116.0, 0.3297, 0.9995, 0.01088, 8.975e-06]
Cost = 452
----- Optimized Parameters (2 sig. digits) -----
[0.5758, 3286.0, 0.2765, 0.2961, 1116.0, 0.3297, 0.9995, 0.01088, 8.975e-06]
Cost = 452
----- Optimized Parameters (2 sig. digits) -----
[0.5758, 3286.0, 0.2765, 0.2961, 1116.0, 0.3297, 0.9995, 0.01088, 8.975e-06]
Cost = 452
----- Optimized Parameters (2 sig. digits) -----
[0.5758, 3286.0, 0.2765, 0.2961, 1116.0, 0.3297, 0.9995, 0.01088, 8.975e-06]
Cost = 452
----- Optimized Parameters (2 sig. digits) -----
[0.5758, 3286.0, 0.2765, 0.2961, 1116.0, 0.3297, 0.9995, 0.01088, 8.975e-06]
Cost = 452
----- Optimized Parameters (2 sig. digits) -----
[0.5758, 3286.0, 0.2765, 0.2961, 1116.0, 0.3297, 0.9995, 0.01088, 8.975e-06]
Cost = 452
----- Optimized Parameters (2 sig. digits) -----
[0.5758, 3286.0, 0.2765, 0.2961, 1116.0, 0.3297, 0.9995, 0.01088, 8.99e-06]
Cost = 452
----- Optimized Parameters (2 sig. digits) -----
[0.4808, 3059.0, 0.3757, 0.2744, 1226.0, 0.2758, 0.9734, 0.01079, 1.164e-05]
Cost = 405
----- Optimized Parameters (2 sig. digits) -----
[0.4808, 3059.0, 0.3757, 0.2744, 1226.0, 0.2758, 0.9734, 0.01079, 1.164e-05]
Cost = 405
----- Optimized Parameters (2 sig. digits) -----
[0.4808, 3059.0, 0.3757, 0.2744, 1226.0, 0.2758, 0.9734, 0.01079, 1.164e-05]
Cost = 405
----- Optimized Parameters (2 sig. digits) -----
[0.4808, 3059.0, 0.3757, 0.2744, 1226.0, 0.2758, 0.9734, 0.01079, 1.164e-05]
Cost = 405
----- Optimized Parameters (2 sig. digits) -----
[0.4808, 3059.0, 0.3757, 0.2744, 1226.0, 0.2758, 0.9734, 0.01079, 1.164e-05]
Cost = 405
----- Optimized Parameters (2 sig. digits) -----
[0.4808, 3059.0, 0.3757, 0.2744, 1226.0, 0.2758, 0.9734, 0.01079, 1.164e-05]
Cost = 405
----- Optimized Parameters (2 sig. digits) -----
[0.4808, 3059.0, 0.3757, 0.2744, 1226.0, 0.2758, 0.9734, 0.01079, 1.164e-05]
Cost = 405
----- Optimized Parameters (2 sig. digits) -----
[0.4808, 3059.0, 0.3757, 0.2744, 1226.0, 0.2758, 0.9734, 0.01079, 1.164e-05]
Cost = 405
----- Optimized Parameters (2 sig. digits) -----
[0.4808, 3059.0, 0.3757, 0.2744, 1226.0, 0.2758, 0.9734, 0.01079, 1.164e-05]
Cost = 405
----- Optimized Parameters (2 sig. digits) -----
[0.4808, 3059.0, 0.3757, 0.2744, 1226.0, 0.2758, 0.9734, 0.01079, 1.165e-05]
Cost = 404
----- Optimized Parameters (2 sig. digits) -----
[0.4808, 3059.0, 0.3757, 0.2744, 1226.0, 0.2758, 0.9734, 0.01079, 1.264e-05]
Cost = 378
----- Optimized Parameters (2 sig. digits) -----
[0.4808, 3059.0, 0.3757, 0.2744, 1226.0, 0.2758, 0.9734, 0.01079, 1.264e-05]
Cost = 378
----- Optimized Parameters (2 sig. digits) -----
[0.4808, 3059.0, 0.3757, 0.2744, 1226.0, 0.2758, 0.9734, 0.01079, 1.264e-05]
Cost = 378
----- Optimized Parameters (2 sig. digits) -----
[0.4808, 3059.0, 0.3757, 0.2744, 1226.0, 0.2758, 0.9734, 0.01079, 1.264e-05]
Cost = 378
----- Optimized Parameters (2 sig. digits) -----
[0.4808, 3059.0, 0.3757, 0.2744, 1226.0, 0.2758, 0.9734, 0.01079, 1.264e-05]
Cost = 378
----- Optimized Parameters (2 sig. digits) -----
[0.4808, 3059.0, 0.3757, 0.2744, 1226.0, 0.2758, 0.9734, 0.01079, 1.264e-05]
Cost = 378
----- Optimized Parameters (2 sig. digits) -----
[0.4808, 3059.0, 0.3757, 0.2744, 1226.0, 0.2758, 0.9734, 0.01079, 1.264e-05]
Cost = 378
----- Optimized Parameters (2 sig. digits) -----
[0.4808, 3059.0, 0.3757, 0.2744, 1226.0, 0.2758, 0.9734, 0.01079, 1.264e-05]
Cost = 378
----- Optimized Parameters (2 sig. digits) -----
[0.4808, 3059.0, 0.3757, 0.2744, 1226.0, 0.2758, 0.9734, 0.01079, 1.264e-05]
Cost = 378
----- Optimized Parameters (2 sig. digits) -----
[0.4808, 3059.0, 0.3757, 0.2744, 1226.0, 0.2758, 0.9734, 0.01079, 1.266e-05]
Cost = 378
----- Optimized Parameters (2 sig. digits) -----
[0.4808, 3059.0, 0.3757, 0.2744, 1226.0, 0.2758, 0.9734, 0.01079, 1.264e-05]
Cost = 378
Job Statistics for 7018604:
           JobID       User               Start                 End    Elapsed   TotalCPU      State        NodeList 
---------------- ---------- ------------------- ------------------- ---------- ---------- ---------- --------------- 
         7018604     sxa126 2025-07-26T08:37:46 2025-07-26T09:28:11   00:50:25   03:46:54  COMPLETED   r1pl-hpcf-n02 
   7018604.batch            2025-07-26T08:37:46 2025-07-26T09:28:11   00:50:25   03:46:54  COMPLETED   r1pl-hpcf-n02 
  7018604.extern            2025-07-26T08:37:46 2025-07-26T09:28:11   00:50:25  00:00.002  COMPLETED   r1pl-hpcf-n02 
Requested Resources: billing=5,cpu=5,mem=37275M,node=1
Maximum CPU Memory: 133.96M; 	CPU Efficiency: 90.02% of 04:12:05 core-walltime
