----- Optimized Parameters (2 sig. digits) -----
[0.1036, 1198.0, 0.1938, 0.02351, 1737.0, 0.3957, 0.3118, 0.07813, 5.968e-06]
Cost = 1.21e+03
----- Optimized Parameters (2 sig. digits) -----
[0.1036, 1198.0, 0.1938, 0.02351, 1737.0, 0.3957, 0.3118, 0.07813, 5.968e-06]
Cost = 1.21e+03
----- Optimized Parameters (2 sig. digits) -----
[0.1036, 1198.0, 0.1938, 0.02351, 1737.0, 0.3957, 0.3118, 0.07813, 5.968e-06]
Cost = 1.21e+03
----- Optimized Parameters (2 sig. digits) -----
[0.1036, 1198.0, 0.1938, 0.02351, 1737.0, 0.3957, 0.3118, 0.07813, 5.968e-06]
Cost = 1.21e+03
----- Optimized Parameters (2 sig. digits) -----
[0.1036, 1198.0, 0.1938, 0.02351, 1737.0, 0.3957, 0.3118, 0.07813, 5.968e-06]
Cost = 1.21e+03
----- Optimized Parameters (2 sig. digits) -----
[0.1036, 1198.0, 0.1938, 0.02351, 1737.0, 0.3957, 0.3118, 0.07813, 5.968e-06]
Cost = 1.21e+03
----- Optimized Parameters (2 sig. digits) -----
[0.1036, 1198.0, 0.1938, 0.02351, 1737.0, 0.3957, 0.3118, 0.07813, 5.968e-06]
Cost = 1.21e+03
----- Optimized Parameters (2 sig. digits) -----
[0.1036, 1198.0, 0.1938, 0.02351, 1737.0, 0.3957, 0.3118, 0.07813, 5.968e-06]
Cost = 1.21e+03
----- Optimized Parameters (2 sig. digits) -----
[0.1036, 1198.0, 0.1938, 0.02351, 1737.0, 0.3957, 0.3118, 0.07813, 5.968e-06]
Cost = 1.21e+03
----- Optimized Parameters (2 sig. digits) -----
[0.1036, 1198.0, 0.1938, 0.02351, 1737.0, 0.3957, 0.3118, 0.07813, 5.968e-06]
Cost = 1.21e+03
----- Optimized Parameters (2 sig. digits) -----
[0.1036, 1198.0, 0.1938, 0.02351, 1737.0, 0.3957, 0.3118, 0.07813, 5.983e-06]
Cost = 1.2e+03
----- Optimized Parameters (2 sig. digits) -----
[0.2072, 1057.0, 0.1892, 0.02339, 1734.0, 0.3963, 0.3074, 0.03675, 9.864e-06]
Cost = 645
----- Optimized Parameters (2 sig. digits) -----
[0.2072, 1057.0, 0.1892, 0.02339, 1734.0, 0.3963, 0.3074, 0.03675, 9.864e-06]
Cost = 645
----- Optimized Parameters (2 sig. digits) -----
[0.2072, 1057.0, 0.1892, 0.02339, 1734.0, 0.3963, 0.3074, 0.03675, 9.864e-06]
Cost = 645
----- Optimized Parameters (2 sig. digits) -----
[0.2072, 1057.0, 0.1892, 0.02339, 1734.0, 0.3963, 0.3074, 0.03675, 9.864e-06]
Cost = 645
----- Optimized Parameters (2 sig. digits) -----
[0.2072, 1057.0, 0.1892, 0.02339, 1734.0, 0.3963, 0.3074, 0.03675, 9.864e-06]
Cost = 645
----- Optimized Parameters (2 sig. digits) -----
[0.2072, 1057.0, 0.1892, 0.02339, 1734.0, 0.3963, 0.3074, 0.03675, 9.864e-06]
Cost = 645
----- Optimized Parameters (2 sig. digits) -----
[0.2072, 1057.0, 0.1892, 0.02339, 1734.0, 0.3963, 0.3074, 0.03675, 9.864e-06]
Cost = 645
----- Optimized Parameters (2 sig. digits) -----
[0.2072, 1057.0, 0.1892, 0.02339, 1734.0, 0.3963, 0.3074, 0.03675, 9.864e-06]
Cost = 645
----- Optimized Parameters (2 sig. digits) -----
[0.2072, 1057.0, 0.1892, 0.02339, 1734.0, 0.3963, 0.3074, 0.03675, 9.864e-06]
Cost = 645
----- Optimized Parameters (2 sig. digits) -----
[0.2072, 1057.0, 0.1892, 0.02339, 1734.0, 0.3963, 0.3074, 0.03675, 9.879e-06]
Cost = 642
----- Optimized Parameters (2 sig. digits) -----
[0.1912, 1014.0, 0.2045, 0.0232, 1722.0, 0.3982, 0.303, 0.01235, 1.472e-05]
Cost = 484
----- Optimized Parameters (2 sig. digits) -----
[0.1912, 1014.0, 0.2045, 0.0232, 1722.0, 0.3982, 0.303, 0.01235, 1.472e-05]
Cost = 484
----- Optimized Parameters (2 sig. digits) -----
[0.1912, 1014.0, 0.2045, 0.0232, 1722.0, 0.3982, 0.303, 0.01235, 1.472e-05]
Cost = 484
----- Optimized Parameters (2 sig. digits) -----
[0.1912, 1014.0, 0.2045, 0.0232, 1722.0, 0.3982, 0.303, 0.01235, 1.472e-05]
Cost = 484
----- Optimized Parameters (2 sig. digits) -----
[0.1912, 1014.0, 0.2045, 0.0232, 1722.0, 0.3982, 0.303, 0.01235, 1.472e-05]
Cost = 484
----- Optimized Parameters (2 sig. digits) -----
[0.1912, 1014.0, 0.2045, 0.0232, 1722.0, 0.3982, 0.303, 0.01235, 1.472e-05]
Cost = 484
----- Optimized Parameters (2 sig. digits) -----
[0.1912, 1014.0, 0.2045, 0.0232, 1722.0, 0.3982, 0.303, 0.01235, 1.472e-05]
Cost = 484
----- Optimized Parameters (2 sig. digits) -----
[0.1912, 1014.0, 0.2045, 0.0232, 1722.0, 0.3982, 0.303, 0.01235, 1.472e-05]
Cost = 484
----- Optimized Parameters (2 sig. digits) -----
[0.1912, 1014.0, 0.2045, 0.0232, 1722.0, 0.3982, 0.303, 0.01235, 1.472e-05]
Cost = 484
----- Optimized Parameters (2 sig. digits) -----
[0.1912, 1014.0, 0.2045, 0.0232, 1722.0, 0.3982, 0.303, 0.01235, 1.473e-05]
Cost = 483
----- Optimized Parameters (2 sig. digits) -----
[0.1912, 1014.0, 0.2045, 0.0232, 1722.0, 0.3982, 0.303, 0.01237, 1.952e-05]
Cost = 253
----- Optimized Parameters (2 sig. digits) -----
[0.1912, 1014.0, 0.2045, 0.0232, 1722.0, 0.3982, 0.303, 0.01237, 1.952e-05]
Cost = 253
----- Optimized Parameters (2 sig. digits) -----
[0.1912, 1014.0, 0.2045, 0.0232, 1722.0, 0.3982, 0.303, 0.01237, 1.952e-05]
Cost = 253
----- Optimized Parameters (2 sig. digits) -----
[0.1912, 1014.0, 0.2045, 0.0232, 1722.0, 0.3982, 0.303, 0.01237, 1.952e-05]
Cost = 253
----- Optimized Parameters (2 sig. digits) -----
[0.1912, 1014.0, 0.2045, 0.0232, 1722.0, 0.3982, 0.303, 0.01237, 1.952e-05]
Cost = 253
----- Optimized Parameters (2 sig. digits) -----
[0.1912, 1014.0, 0.2045, 0.0232, 1722.0, 0.3982, 0.303, 0.01237, 1.952e-05]
Cost = 253
----- Optimized Parameters (2 sig. digits) -----
[0.1912, 1014.0, 0.2045, 0.0232, 1722.0, 0.3982, 0.303, 0.01237, 1.952e-05]
Cost = 253
----- Optimized Parameters (2 sig. digits) -----
[0.1912, 1014.0, 0.2045, 0.0232, 1722.0, 0.3982, 0.303, 0.01237, 1.952e-05]
Cost = 253
----- Optimized Parameters (2 sig. digits) -----
[0.1912, 1014.0, 0.2045, 0.0232, 1722.0, 0.3982, 0.303, 0.01237, 1.952e-05]
Cost = 253
----- Optimized Parameters (2 sig. digits) -----
[0.1912, 1014.0, 0.2045, 0.0232, 1722.0, 0.3982, 0.303, 0.01237, 1.954e-05]
Cost = 253
----- Optimized Parameters (2 sig. digits) -----
[0.1912, 1014.0, 0.2045, 0.0232, 1722.0, 0.3982, 0.303, 0.01237, 1.952e-05]
Cost = 253
----- Optimized Parameters (2 sig. digits) -----
[0.1912, 1014.0, 0.2045, 0.0232, 1722.0, 0.3982, 0.303, 0.01237, 1.952e-05]
Cost = 253
----- Optimized Parameters (2 sig. digits) -----
[0.1912, 1014.0, 0.2045, 0.0232, 1722.0, 0.3982, 0.303, 0.01237, 1.952e-05]
Cost = 253
----- Optimized Parameters (2 sig. digits) -----
[0.1912, 1014.0, 0.2045, 0.0232, 1722.0, 0.3982, 0.303, 0.01237, 1.952e-05]
Cost = 253
----- Optimized Parameters (2 sig. digits) -----
[0.1912, 1014.0, 0.2045, 0.0232, 1722.0, 0.3982, 0.303, 0.01237, 1.952e-05]
Cost = 253
----- Optimized Parameters (2 sig. digits) -----
[0.1912, 1014.0, 0.2045, 0.0232, 1722.0, 0.3982, 0.303, 0.01237, 1.952e-05]
Cost = 253
----- Optimized Parameters (2 sig. digits) -----
[0.1912, 1014.0, 0.2045, 0.0232, 1722.0, 0.3982, 0.303, 0.01237, 1.952e-05]
Cost = 253
----- Optimized Parameters (2 sig. digits) -----
[0.1912, 1014.0, 0.2045, 0.0232, 1722.0, 0.3982, 0.303, 0.01237, 1.952e-05]
Cost = 253
----- Optimized Parameters (2 sig. digits) -----
[0.1912, 1014.0, 0.2045, 0.0232, 1722.0, 0.3982, 0.303, 0.01237, 1.952e-05]
Cost = 253
----- Optimized Parameters (2 sig. digits) -----
[0.1912, 1014.0, 0.2045, 0.0232, 1722.0, 0.3982, 0.303, 0.01237, 1.952e-05]
Cost = 253
----- Optimized Parameters (2 sig. digits) -----
[0.1912, 1014.0, 0.2045, 0.0232, 1722.0, 0.3982, 0.303, 0.01237, 1.954e-05]
Cost = 253
----- Optimized Parameters (2 sig. digits) -----
[0.1848, 963.9, 0.2022, 0.02322, 1729.0, 0.3971, 0.3019, 0.01037, 2.427e-05]
Cost = 224
----- Optimized Parameters (2 sig. digits) -----
[0.1848, 963.9, 0.2022, 0.02322, 1729.0, 0.3971, 0.3019, 0.01037, 2.427e-05]
Cost = 224
----- Optimized Parameters (2 sig. digits) -----
[0.1848, 963.9, 0.2022, 0.02322, 1729.0, 0.3971, 0.3019, 0.01037, 2.427e-05]
Cost = 224
----- Optimized Parameters (2 sig. digits) -----
[0.1848, 963.9, 0.2022, 0.02322, 1729.0, 0.3971, 0.3019, 0.01037, 2.427e-05]
Cost = 224
----- Optimized Parameters (2 sig. digits) -----
[0.1848, 963.9, 0.2022, 0.02322, 1729.0, 0.3971, 0.3019, 0.01037, 2.427e-05]
Cost = 224
----- Optimized Parameters (2 sig. digits) -----
[0.1848, 963.9, 0.2022, 0.02322, 1729.0, 0.3971, 0.3019, 0.01037, 2.427e-05]
Cost = 224
----- Optimized Parameters (2 sig. digits) -----
[0.1848, 963.9, 0.2022, 0.02322, 1729.0, 0.3971, 0.3019, 0.01037, 2.427e-05]
Cost = 224
----- Optimized Parameters (2 sig. digits) -----
[0.1848, 963.9, 0.2022, 0.02322, 1729.0, 0.3971, 0.3019, 0.01037, 2.427e-05]
Cost = 224
----- Optimized Parameters (2 sig. digits) -----
[0.1848, 963.9, 0.2022, 0.02322, 1729.0, 0.3971, 0.3019, 0.01037, 2.427e-05]
Cost = 224
----- Optimized Parameters (2 sig. digits) -----
[0.1848, 963.9, 0.2022, 0.02322, 1729.0, 0.3971, 0.3019, 0.01037, 2.428e-05]
Cost = 224
----- Optimized Parameters (2 sig. digits) -----
[0.1834, 947.7, 0.2013, 0.02325, 1731.0, 0.3967, 0.3015, 0.01039, 2.64e-05]
Cost = 215
----- Optimized Parameters (2 sig. digits) -----
[0.1834, 947.7, 0.2013, 0.02325, 1731.0, 0.3967, 0.3015, 0.01039, 2.64e-05]
Cost = 215
----- Optimized Parameters (2 sig. digits) -----
[0.1834, 947.7, 0.2013, 0.02325, 1731.0, 0.3967, 0.3015, 0.01039, 2.64e-05]
Cost = 215
----- Optimized Parameters (2 sig. digits) -----
[0.1834, 947.7, 0.2013, 0.02325, 1731.0, 0.3967, 0.3015, 0.01039, 2.64e-05]
Cost = 215
----- Optimized Parameters (2 sig. digits) -----
[0.1834, 947.7, 0.2013, 0.02325, 1731.0, 0.3967, 0.3015, 0.01039, 2.64e-05]
Cost = 215
----- Optimized Parameters (2 sig. digits) -----
[0.1834, 947.7, 0.2013, 0.02325, 1731.0, 0.3967, 0.3015, 0.01039, 2.64e-05]
Cost = 215
----- Optimized Parameters (2 sig. digits) -----
[0.1834, 947.7, 0.2013, 0.02325, 1731.0, 0.3967, 0.3015, 0.01039, 2.64e-05]
Cost = 215
----- Optimized Parameters (2 sig. digits) -----
[0.1834, 947.7, 0.2013, 0.02325, 1731.0, 0.3967, 0.3015, 0.01039, 2.64e-05]
Cost = 215
----- Optimized Parameters (2 sig. digits) -----
[0.1834, 947.7, 0.2013, 0.02325, 1731.0, 0.3967, 0.3015, 0.01039, 2.64e-05]
Cost = 215
----- Optimized Parameters (2 sig. digits) -----
[0.1834, 947.7, 0.2013, 0.02325, 1731.0, 0.3967, 0.3015, 0.01039, 2.641e-05]
Cost = 215
----- Optimized Parameters (2 sig. digits) -----
[0.2219, 759.1, 0.2374, 0.02459, 1999.0, 0.3615, 0.2716, 0.01027, 3.864e-05]
Cost = 216
----- Optimized Parameters (2 sig. digits) -----
[0.2248, 889.9, 0.2392, 0.02427, 1770.0, 0.2905, 0.2619, 0.01022, 3.961e-05]
Cost = 474
----- Optimized Parameters (2 sig. digits) -----
[0.2258, 934.6, 0.24, 0.02415, 1739.0, 0.2781, 0.2597, 0.01021, 3.967e-05]
Cost = 579
----- Optimized Parameters (2 sig. digits) -----
[0.1974, 947.6, 0.2073, 0.0235, 1731.0, 0.3301, 0.2699, 0.01015, 4.014e-05]
Cost = 292
----- Optimized Parameters (2 sig. digits) -----
[0.177, 947.7, 0.1826, 0.02333, 1731.0, 0.3836, 0.3007, 0.01016, 3.921e-05]
Cost = 241
----- Optimized Parameters (2 sig. digits) -----
[0.1824, 947.7, 0.1944, 0.02327, 1731.0, 0.3944, 0.3018, 0.01034, 3.048e-05]
Cost = 210
----- Optimized Parameters (2 sig. digits) -----
[0.1824, 947.7, 0.1944, 0.02327, 1731.0, 0.3944, 0.3018, 0.01034, 3.048e-05]
Cost = 210
----- Optimized Parameters (2 sig. digits) -----
[0.1824, 947.7, 0.1944, 0.02327, 1731.0, 0.3944, 0.3018, 0.01034, 3.048e-05]
Cost = 210
----- Optimized Parameters (2 sig. digits) -----
[0.1824, 947.7, 0.1944, 0.02327, 1731.0, 0.3944, 0.3018, 0.01034, 3.048e-05]
Cost = 210
----- Optimized Parameters (2 sig. digits) -----
[0.1824, 947.7, 0.1944, 0.02327, 1731.0, 0.3944, 0.3018, 0.01034, 3.048e-05]
Cost = 210
----- Optimized Parameters (2 sig. digits) -----
[0.1824, 947.7, 0.1944, 0.02327, 1731.0, 0.3944, 0.3018, 0.01034, 3.048e-05]
Cost = 210
----- Optimized Parameters (2 sig. digits) -----
[0.1824, 947.7, 0.1944, 0.02327, 1731.0, 0.3944, 0.3018, 0.01034, 3.048e-05]
Cost = 210
----- Optimized Parameters (2 sig. digits) -----
[0.1824, 947.7, 0.1944, 0.02327, 1731.0, 0.3944, 0.3018, 0.01034, 3.048e-05]
Cost = 210
----- Optimized Parameters (2 sig. digits) -----
[0.1824, 947.7, 0.1944, 0.02327, 1731.0, 0.3944, 0.3018, 0.01034, 3.048e-05]
Cost = 210
----- Optimized Parameters (2 sig. digits) -----
[0.1824, 947.7, 0.1944, 0.02327, 1731.0, 0.3944, 0.3018, 0.01034, 3.049e-05]
Cost = 210
----- Optimized Parameters (2 sig. digits) -----
[0.1779, 947.7, 0.1883, 0.02332, 1731.0, 0.3883, 0.3019, 0.01019, 3.71e-05]
Cost = 206
----- Optimized Parameters (2 sig. digits) -----
[0.1779, 947.7, 0.1883, 0.02332, 1731.0, 0.3883, 0.3019, 0.01019, 3.71e-05]
Cost = 206
----- Optimized Parameters (2 sig. digits) -----
[0.1779, 947.7, 0.1883, 0.02332, 1731.0, 0.3883, 0.3019, 0.01019, 3.71e-05]
Cost = 206
----- Optimized Parameters (2 sig. digits) -----
[0.1779, 947.7, 0.1883, 0.02332, 1731.0, 0.3883, 0.3019, 0.01019, 3.71e-05]
Cost = 206
----- Optimized Parameters (2 sig. digits) -----
[0.1779, 947.7, 0.1883, 0.02332, 1731.0, 0.3883, 0.3019, 0.01019, 3.71e-05]
Cost = 206
----- Optimized Parameters (2 sig. digits) -----
[0.1779, 947.7, 0.1883, 0.02332, 1731.0, 0.3883, 0.3019, 0.01019, 3.71e-05]
Cost = 206
----- Optimized Parameters (2 sig. digits) -----
[0.1779, 947.7, 0.1883, 0.02332, 1731.0, 0.3883, 0.3019, 0.01019, 3.71e-05]
Cost = 206
----- Optimized Parameters (2 sig. digits) -----
[0.1779, 947.7, 0.1883, 0.02332, 1731.0, 0.3883, 0.3019, 0.01019, 3.71e-05]
Cost = 206
----- Optimized Parameters (2 sig. digits) -----
[0.1779, 947.7, 0.1883, 0.02332, 1731.0, 0.3883, 0.3019, 0.01019, 3.71e-05]
Cost = 206
----- Optimized Parameters (2 sig. digits) -----
[0.1779, 947.7, 0.1883, 0.02332, 1731.0, 0.3883, 0.3019, 0.01019, 3.712e-05]
Cost = 206
----- Optimized Parameters (2 sig. digits) -----
[0.1771, 947.6, 0.1884, 0.02333, 1731.0, 0.3883, 0.3018, 0.01011, 3.791e-05]
Cost = 204
----- Optimized Parameters (2 sig. digits) -----
[0.1771, 947.6, 0.1884, 0.02333, 1731.0, 0.3883, 0.3018, 0.01011, 3.791e-05]
Cost = 204
----- Optimized Parameters (2 sig. digits) -----
[0.1771, 947.6, 0.1884, 0.02333, 1731.0, 0.3883, 0.3018, 0.01011, 3.791e-05]
Cost = 204
----- Optimized Parameters (2 sig. digits) -----
[0.1771, 947.6, 0.1884, 0.02333, 1731.0, 0.3883, 0.3018, 0.01011, 3.791e-05]
Cost = 204
----- Optimized Parameters (2 sig. digits) -----
[0.1771, 947.6, 0.1884, 0.02333, 1731.0, 0.3883, 0.3018, 0.01011, 3.791e-05]
Cost = 204
----- Optimized Parameters (2 sig. digits) -----
[0.1771, 947.6, 0.1884, 0.02333, 1731.0, 0.3883, 0.3018, 0.01011, 3.791e-05]
Cost = 204
----- Optimized Parameters (2 sig. digits) -----
[0.1771, 947.6, 0.1884, 0.02333, 1731.0, 0.3883, 0.3018, 0.01011, 3.791e-05]
Cost = 204
----- Optimized Parameters (2 sig. digits) -----
[0.1771, 947.6, 0.1884, 0.02333, 1731.0, 0.3883, 0.3018, 0.01011, 3.791e-05]
Cost = 204
----- Optimized Parameters (2 sig. digits) -----
[0.1771, 947.6, 0.1884, 0.02333, 1731.0, 0.3883, 0.3018, 0.01011, 3.791e-05]
Cost = 204
----- Optimized Parameters (2 sig. digits) -----
[0.1771, 947.6, 0.1884, 0.02333, 1731.0, 0.3883, 0.3018, 0.01011, 3.793e-05]
Cost = 204
----- Optimized Parameters (2 sig. digits) -----
[0.1733, 947.6, 0.1878, 0.02334, 1731.0, 0.3813, 0.2998, 0.01001, 4.264e-05]
Cost = 201
----- Optimized Parameters (2 sig. digits) -----
[0.1733, 947.6, 0.1878, 0.02334, 1731.0, 0.3813, 0.2998, 0.01001, 4.264e-05]
Cost = 201
----- Optimized Parameters (2 sig. digits) -----
[0.1733, 947.6, 0.1878, 0.02334, 1731.0, 0.3813, 0.2998, 0.01001, 4.264e-05]
Cost = 201
----- Optimized Parameters (2 sig. digits) -----
[0.1733, 947.6, 0.1878, 0.02334, 1731.0, 0.3813, 0.2998, 0.01001, 4.264e-05]
Cost = 201
----- Optimized Parameters (2 sig. digits) -----
[0.1733, 947.6, 0.1878, 0.02334, 1731.0, 0.3813, 0.2998, 0.01001, 4.264e-05]
Cost = 201
----- Optimized Parameters (2 sig. digits) -----
[0.1733, 947.6, 0.1878, 0.02334, 1731.0, 0.3813, 0.2998, 0.01001, 4.264e-05]
Cost = 201
----- Optimized Parameters (2 sig. digits) -----
[0.1733, 947.6, 0.1878, 0.02334, 1731.0, 0.3813, 0.2998, 0.01001, 4.264e-05]
Cost = 201
----- Optimized Parameters (2 sig. digits) -----
[0.1733, 947.6, 0.1878, 0.02334, 1731.0, 0.3813, 0.2998, 0.01001, 4.264e-05]
Cost = 201
----- Optimized Parameters (2 sig. digits) -----
[0.1733, 947.6, 0.1878, 0.02334, 1731.0, 0.3813, 0.2998, 0.01001, 4.264e-05]
Cost = 201
----- Optimized Parameters (2 sig. digits) -----
[0.1733, 947.6, 0.1878, 0.02334, 1731.0, 0.3813, 0.2998, 0.01001, 4.265e-05]
Cost = 201
----- Optimized Parameters (2 sig. digits) -----
[0.1757, 947.4, 0.1922, 0.02305, 1731.0, 0.3667, 0.2885, 0.01, 4.523e-05]
Cost = 199
----- Optimized Parameters (2 sig. digits) -----
[0.1757, 947.4, 0.1922, 0.02305, 1731.0, 0.3667, 0.2885, 0.01, 4.523e-05]
Cost = 199
----- Optimized Parameters (2 sig. digits) -----
[0.1757, 947.4, 0.1922, 0.02305, 1731.0, 0.3667, 0.2885, 0.01, 4.523e-05]
Cost = 199
----- Optimized Parameters (2 sig. digits) -----
[0.1757, 947.4, 0.1922, 0.02305, 1731.0, 0.3667, 0.2885, 0.01, 4.523e-05]
Cost = 199
----- Optimized Parameters (2 sig. digits) -----
[0.1757, 947.4, 0.1922, 0.02305, 1731.0, 0.3667, 0.2885, 0.01, 4.523e-05]
Cost = 199
----- Optimized Parameters (2 sig. digits) -----
[0.1757, 947.4, 0.1922, 0.02305, 1731.0, 0.3667, 0.2885, 0.01, 4.523e-05]
Cost = 199
----- Optimized Parameters (2 sig. digits) -----
[0.1757, 947.4, 0.1922, 0.02305, 1731.0, 0.3667, 0.2885, 0.01, 4.523e-05]
Cost = 199
----- Optimized Parameters (2 sig. digits) -----
[0.1757, 947.4, 0.1922, 0.02305, 1731.0, 0.3667, 0.2885, 0.01, 4.523e-05]
Cost = 199
----- Optimized Parameters (2 sig. digits) -----
[0.1757, 947.4, 0.1922, 0.02305, 1731.0, 0.3667, 0.2885, 0.01, 4.523e-05]
Cost = 199
----- Optimized Parameters (2 sig. digits) -----
[0.1757, 947.4, 0.1922, 0.02305, 1731.0, 0.3667, 0.2885, 0.01, 4.525e-05]
Cost = 199
----- Optimized Parameters (2 sig. digits) -----
[0.1861, 947.3, 0.2047, 0.0224, 1731.0, 0.3389, 0.2653, 0.01, 4.599e-05]
Cost = 197
----- Optimized Parameters (2 sig. digits) -----
[0.1861, 947.3, 0.2047, 0.0224, 1731.0, 0.3389, 0.2653, 0.01, 4.599e-05]
Cost = 197
----- Optimized Parameters (2 sig. digits) -----
[0.1861, 947.3, 0.2047, 0.0224, 1731.0, 0.3389, 0.2653, 0.01, 4.599e-05]
Cost = 197
----- Optimized Parameters (2 sig. digits) -----
[0.1861, 947.3, 0.2047, 0.0224, 1731.0, 0.3389, 0.2653, 0.01, 4.599e-05]
Cost = 197
----- Optimized Parameters (2 sig. digits) -----
[0.1861, 947.3, 0.2047, 0.0224, 1731.0, 0.3389, 0.2653, 0.01, 4.599e-05]
Cost = 197
----- Optimized Parameters (2 sig. digits) -----
[0.1861, 947.3, 0.2047, 0.0224, 1731.0, 0.3389, 0.2653, 0.01, 4.599e-05]
Cost = 197
----- Optimized Parameters (2 sig. digits) -----
[0.1861, 947.3, 0.2047, 0.0224, 1731.0, 0.3389, 0.2653, 0.01, 4.599e-05]
Cost = 197
----- Optimized Parameters (2 sig. digits) -----
[0.1861, 947.3, 0.2047, 0.0224, 1731.0, 0.3389, 0.2653, 0.01, 4.599e-05]
Cost = 197
----- Optimized Parameters (2 sig. digits) -----
[0.1861, 947.3, 0.2047, 0.0224, 1731.0, 0.3389, 0.2653, 0.01, 4.599e-05]
Cost = 197
----- Optimized Parameters (2 sig. digits) -----
[0.1861, 947.3, 0.2047, 0.0224, 1731.0, 0.3389, 0.2653, 0.01, 4.6e-05]
Cost = 197
----- Optimized Parameters (2 sig. digits) -----
[0.1861, 947.3, 0.2047, 0.0224, 1731.0, 0.3389, 0.2653, 0.01, 4.692e-05]
Cost = 196
----- Optimized Parameters (2 sig. digits) -----
[0.1861, 947.3, 0.2047, 0.0224, 1731.0, 0.3389, 0.2653, 0.01, 4.692e-05]
Cost = 196
----- Optimized Parameters (2 sig. digits) -----
[0.1861, 947.3, 0.2047, 0.0224, 1731.0, 0.3389, 0.2653, 0.01, 4.692e-05]
Cost = 196
----- Optimized Parameters (2 sig. digits) -----
[0.1861, 947.3, 0.2047, 0.0224, 1731.0, 0.3389, 0.2653, 0.01, 4.692e-05]
Cost = 196
----- Optimized Parameters (2 sig. digits) -----
[0.1861, 947.3, 0.2047, 0.0224, 1731.0, 0.3389, 0.2653, 0.01, 4.692e-05]
Cost = 196
----- Optimized Parameters (2 sig. digits) -----
[0.1861, 947.3, 0.2047, 0.0224, 1731.0, 0.3389, 0.2653, 0.01, 4.692e-05]
Cost = 196
----- Optimized Parameters (2 sig. digits) -----
[0.1861, 947.3, 0.2047, 0.0224, 1731.0, 0.3389, 0.2653, 0.01, 4.692e-05]
Cost = 196
----- Optimized Parameters (2 sig. digits) -----
[0.1861, 947.3, 0.2047, 0.0224, 1731.0, 0.3389, 0.2653, 0.01, 4.692e-05]
Cost = 196
----- Optimized Parameters (2 sig. digits) -----
[0.1861, 947.3, 0.2047, 0.0224, 1731.0, 0.3389, 0.2653, 0.01, 4.692e-05]
Cost = 196
----- Optimized Parameters (2 sig. digits) -----
[0.1861, 947.3, 0.2047, 0.0224, 1731.0, 0.3389, 0.2653, 0.01, 4.693e-05]
Cost = 196
----- Optimized Parameters (2 sig. digits) -----
[0.1861, 947.3, 0.2047, 0.0224, 1731.0, 0.3389, 0.2653, 0.01, 4.692e-05]
Cost = 196
----- Optimized Parameters (2 sig. digits) -----
[0.1535, 1891.0, 0.2952, 0.6158, 387.2, 0.06073, 0.6503, 0.5665, 8.921e-05]
Cost = 3.26e+04
----- Optimized Parameters (2 sig. digits) -----
[0.1535, 1891.0, 0.2952, 0.6158, 387.2, 0.06073, 0.6503, 0.5665, 8.921e-05]
Cost = 3.26e+04
----- Optimized Parameters (2 sig. digits) -----
[0.1535, 1891.0, 0.2952, 0.6158, 387.2, 0.06073, 0.6503, 0.5665, 8.921e-05]
Cost = 3.26e+04
----- Optimized Parameters (2 sig. digits) -----
[0.1535, 1891.0, 0.2952, 0.6158, 387.2, 0.06073, 0.6503, 0.5665, 8.921e-05]
Cost = 3.26e+04
----- Optimized Parameters (2 sig. digits) -----
[0.1535, 1891.0, 0.2952, 0.6158, 387.2, 0.06073, 0.6503, 0.5665, 8.921e-05]
Cost = 3.26e+04
----- Optimized Parameters (2 sig. digits) -----
[0.1535, 1891.0, 0.2952, 0.6158, 387.2, 0.06073, 0.6503, 0.5665, 8.921e-05]
Cost = 3.26e+04
----- Optimized Parameters (2 sig. digits) -----
[0.1535, 1891.0, 0.2952, 0.6158, 387.2, 0.06073, 0.6503, 0.5665, 8.921e-05]
Cost = 3.26e+04
----- Optimized Parameters (2 sig. digits) -----
[0.1535, 1891.0, 0.2952, 0.6158, 387.2, 0.06073, 0.6503, 0.5665, 8.921e-05]
Cost = 3.26e+04
----- Optimized Parameters (2 sig. digits) -----
[0.1535, 1891.0, 0.2952, 0.6158, 387.2, 0.06073, 0.6503, 0.5665, 8.921e-05]
Cost = 3.26e+04
----- Optimized Parameters (2 sig. digits) -----
[0.1535, 1891.0, 0.2952, 0.6158, 387.2, 0.06073, 0.6503, 0.5665, 8.921e-05]
Cost = 3.26e+04
----- Optimized Parameters (2 sig. digits) -----
[0.1535, 1891.0, 0.2952, 0.6158, 387.2, 0.06073, 0.6503, 0.5665, 8.922e-05]
Cost = 3.26e+04
----- Optimized Parameters (2 sig. digits) -----
[0.1205, 1504.0, 0.2459, 0.6778, 715.3, 0.05063, 0.7161, 0.4485, 7.336e-05]
Cost = 7.17e+03
----- Optimized Parameters (2 sig. digits) -----
[0.1205, 1504.0, 0.2459, 0.6778, 715.3, 0.05063, 0.7161, 0.4485, 7.336e-05]
Cost = 7.17e+03
----- Optimized Parameters (2 sig. digits) -----
[0.1205, 1504.0, 0.2459, 0.6778, 715.3, 0.05063, 0.7161, 0.4485, 7.336e-05]
Cost = 7.17e+03
----- Optimized Parameters (2 sig. digits) -----
[0.1205, 1504.0, 0.2459, 0.6778, 715.3, 0.05063, 0.7161, 0.4485, 7.336e-05]
Cost = 7.17e+03
----- Optimized Parameters (2 sig. digits) -----
[0.1205, 1504.0, 0.2459, 0.6778, 715.3, 0.05063, 0.7161, 0.4485, 7.336e-05]
Cost = 7.17e+03
----- Optimized Parameters (2 sig. digits) -----
[0.1205, 1504.0, 0.2459, 0.6778, 715.3, 0.05063, 0.7161, 0.4485, 7.336e-05]
Cost = 7.17e+03
----- Optimized Parameters (2 sig. digits) -----
[0.1205, 1504.0, 0.2459, 0.6778, 715.3, 0.05063, 0.7161, 0.4485, 7.336e-05]
Cost = 7.17e+03
----- Optimized Parameters (2 sig. digits) -----
[0.1205, 1504.0, 0.2459, 0.6778, 715.3, 0.05063, 0.7161, 0.4485, 7.336e-05]
Cost = 7.17e+03
----- Optimized Parameters (2 sig. digits) -----
[0.1205, 1504.0, 0.2459, 0.6778, 715.3, 0.05063, 0.7161, 0.4485, 7.336e-05]
Cost = 7.17e+03
----- Optimized Parameters (2 sig. digits) -----
[0.1205, 1504.0, 0.2459, 0.6778, 715.3, 0.05063, 0.7161, 0.4485, 7.338e-05]
Cost = 7.17e+03
----- Optimized Parameters (2 sig. digits) -----
[0.1265, 1293.0, 0.2176, 0.7194, 880.3, 0.04541, 0.7514, 0.3876, 6.363e-05]
Cost = 1.25e+03
----- Optimized Parameters (2 sig. digits) -----
[0.1265, 1293.0, 0.2176, 0.7194, 880.3, 0.04541, 0.7514, 0.3876, 6.363e-05]
Cost = 1.25e+03
----- Optimized Parameters (2 sig. digits) -----
[0.1265, 1293.0, 0.2176, 0.7194, 880.3, 0.04541, 0.7514, 0.3876, 6.363e-05]
Cost = 1.25e+03
----- Optimized Parameters (2 sig. digits) -----
[0.1265, 1293.0, 0.2176, 0.7194, 880.3, 0.04541, 0.7514, 0.3876, 6.363e-05]
Cost = 1.25e+03
----- Optimized Parameters (2 sig. digits) -----
[0.1265, 1293.0, 0.2176, 0.7194, 880.3, 0.04541, 0.7514, 0.3876, 6.363e-05]
Cost = 1.25e+03
----- Optimized Parameters (2 sig. digits) -----
[0.1265, 1293.0, 0.2176, 0.7194, 880.3, 0.04541, 0.7514, 0.3876, 6.363e-05]
Cost = 1.25e+03
----- Optimized Parameters (2 sig. digits) -----
[0.1265, 1293.0, 0.2176, 0.7194, 880.3, 0.04541, 0.7514, 0.3876, 6.363e-05]
Cost = 1.25e+03
----- Optimized Parameters (2 sig. digits) -----
[0.1265, 1293.0, 0.2176, 0.7194, 880.3, 0.04541, 0.7514, 0.3876, 6.363e-05]
Cost = 1.25e+03
----- Optimized Parameters (2 sig. digits) -----
[0.1265, 1293.0, 0.2176, 0.7194, 880.3, 0.04541, 0.7514, 0.3876, 6.363e-05]
Cost = 1.25e+03
----- Optimized Parameters (2 sig. digits) -----
[0.1265, 1293.0, 0.2176, 0.7194, 880.3, 0.04541, 0.7514, 0.3876, 6.364e-05]
Cost = 1.25e+03
----- Optimized Parameters (2 sig. digits) -----
[0.2476, 1172.0, 0.2032, 0.737, 946.9, 0.04329, 0.7655, 0.3612, 5.941e-05]
Cost = 630
----- Optimized Parameters (2 sig. digits) -----
[0.2476, 1172.0, 0.2032, 0.737, 946.9, 0.04329, 0.7655, 0.3612, 5.941e-05]
Cost = 630
----- Optimized Parameters (2 sig. digits) -----
[0.2476, 1172.0, 0.2032, 0.737, 946.9, 0.04329, 0.7655, 0.3612, 5.941e-05]
Cost = 630
----- Optimized Parameters (2 sig. digits) -----
[0.2476, 1172.0, 0.2032, 0.737, 946.9, 0.04329, 0.7655, 0.3612, 5.941e-05]
Cost = 630
----- Optimized Parameters (2 sig. digits) -----
[0.2476, 1172.0, 0.2032, 0.737, 946.9, 0.04329, 0.7655, 0.3612, 5.941e-05]
Cost = 630
----- Optimized Parameters (2 sig. digits) -----
[0.2476, 1172.0, 0.2032, 0.737, 946.9, 0.04329, 0.7655, 0.3612, 5.941e-05]
Cost = 630
----- Optimized Parameters (2 sig. digits) -----
[0.2476, 1172.0, 0.2032, 0.737, 946.9, 0.04329, 0.7655, 0.3612, 5.941e-05]
Cost = 630
----- Optimized Parameters (2 sig. digits) -----
[0.2476, 1172.0, 0.2032, 0.737, 946.9, 0.04329, 0.7655, 0.3612, 5.941e-05]
Cost = 630
----- Optimized Parameters (2 sig. digits) -----
[0.2476, 1172.0, 0.2032, 0.737, 946.9, 0.04329, 0.7655, 0.3612, 5.941e-05]
Cost = 630
----- Optimized Parameters (2 sig. digits) -----
[0.2476, 1172.0, 0.2032, 0.737, 946.9, 0.04329, 0.7655, 0.3612, 5.942e-05]
Cost = 630
----- Optimized Parameters (2 sig. digits) -----
[0.4774, 1008.0, 0.1984, 0.7426, 963.9, 0.04273, 0.767, 0.3426, 5.687e-05]
Cost = 508
----- Optimized Parameters (2 sig. digits) -----
[0.4774, 1008.0, 0.1984, 0.7426, 963.9, 0.04273, 0.767, 0.3426, 5.687e-05]
Cost = 508
----- Optimized Parameters (2 sig. digits) -----
[0.4774, 1008.0, 0.1984, 0.7426, 963.9, 0.04273, 0.767, 0.3426, 5.687e-05]
Cost = 508
----- Optimized Parameters (2 sig. digits) -----
[0.4774, 1008.0, 0.1984, 0.7426, 963.9, 0.04273, 0.767, 0.3426, 5.687e-05]
Cost = 508
----- Optimized Parameters (2 sig. digits) -----
[0.4774, 1008.0, 0.1984, 0.7426, 963.9, 0.04273, 0.767, 0.3426, 5.687e-05]
Cost = 508
----- Optimized Parameters (2 sig. digits) -----
[0.4774, 1008.0, 0.1984, 0.7426, 963.9, 0.04273, 0.767, 0.3426, 5.687e-05]
Cost = 508
----- Optimized Parameters (2 sig. digits) -----
[0.4774, 1008.0, 0.1984, 0.7426, 963.9, 0.04273, 0.767, 0.3426, 5.687e-05]
Cost = 508
----- Optimized Parameters (2 sig. digits) -----
[0.4774, 1008.0, 0.1984, 0.7426, 963.9, 0.04273, 0.767, 0.3426, 5.687e-05]
Cost = 508
----- Optimized Parameters (2 sig. digits) -----
[0.4774, 1008.0, 0.1984, 0.7426, 963.9, 0.04273, 0.767, 0.3426, 5.687e-05]
Cost = 508
----- Optimized Parameters (2 sig. digits) -----
[0.4774, 1008.0, 0.1984, 0.7426, 963.9, 0.04273, 0.767, 0.3426, 5.689e-05]
Cost = 508
----- Optimized Parameters (2 sig. digits) -----
[0.5629, 407.8, 0.2484, 0.7258, 934.6, 0.06167, 0.7183, 0.189, 4.524e-05]
Cost = 637
----- Optimized Parameters (2 sig. digits) -----
[0.569, 858.7, 0.2244, 0.7277, 947.1, 0.06202, 0.7173, 0.1851, 4.492e-05]
Cost = 669
----- Optimized Parameters (2 sig. digits) -----
[0.5706, 971.4, 0.2184, 0.7281, 957.8, 0.06233, 0.7171, 0.1848, 4.488e-05]
Cost = 679
----- Optimized Parameters (2 sig. digits) -----
[0.5704, 1001.0, 0.2162, 0.7299, 962.6, 0.06243, 0.7183, 0.1863, 4.488e-05]
Cost = 677
----- Optimized Parameters (2 sig. digits) -----
[0.523, 1008.0, 0.1853, 0.7427, 963.9, 0.05756, 0.7618, 0.3023, 4.252e-05]
Cost = 524
----- Optimized Parameters (2 sig. digits) -----
[0.487, 1008.0, 0.1943, 0.7426, 963.9, 0.05359, 0.7663, 0.3389, 4.217e-05]
Cost = 517
----- Optimized Parameters (2 sig. digits) -----
[0.479, 1008.0, 0.1978, 0.7426, 963.9, 0.04644, 0.7668, 0.3423, 5.189e-05]
Cost = 505
----- Optimized Parameters (2 sig. digits) -----
[0.479, 1008.0, 0.1978, 0.7426, 963.9, 0.04644, 0.7668, 0.3423, 5.189e-05]
Cost = 505
----- Optimized Parameters (2 sig. digits) -----
[0.479, 1008.0, 0.1978, 0.7426, 963.9, 0.04644, 0.7668, 0.3423, 5.189e-05]
Cost = 505
----- Optimized Parameters (2 sig. digits) -----
[0.479, 1008.0, 0.1978, 0.7426, 963.9, 0.04644, 0.7668, 0.3423, 5.189e-05]
Cost = 505
----- Optimized Parameters (2 sig. digits) -----
[0.479, 1008.0, 0.1978, 0.7426, 963.9, 0.04644, 0.7668, 0.3423, 5.189e-05]
Cost = 505
----- Optimized Parameters (2 sig. digits) -----
[0.479, 1008.0, 0.1978, 0.7426, 963.9, 0.04644, 0.7668, 0.3423, 5.189e-05]
Cost = 505
----- Optimized Parameters (2 sig. digits) -----
[0.479, 1008.0, 0.1978, 0.7426, 963.9, 0.04644, 0.7668, 0.3423, 5.189e-05]
Cost = 505
----- Optimized Parameters (2 sig. digits) -----
[0.479, 1008.0, 0.1978, 0.7426, 963.9, 0.04644, 0.7668, 0.3423, 5.189e-05]
Cost = 505
----- Optimized Parameters (2 sig. digits) -----
[0.479, 1008.0, 0.1978, 0.7426, 963.9, 0.04644, 0.7668, 0.3423, 5.189e-05]
Cost = 505
----- Optimized Parameters (2 sig. digits) -----
[0.479, 1008.0, 0.1978, 0.7426, 963.9, 0.04644, 0.7668, 0.3423, 5.191e-05]
Cost = 505
----- Optimized Parameters (2 sig. digits) -----
[0.4826, 1008.0, 0.1964, 0.7426, 963.9, 0.05356, 0.7665, 0.3412, 4.357e-05]
Cost = 503
----- Optimized Parameters (2 sig. digits) -----
[0.4826, 1008.0, 0.1964, 0.7426, 963.9, 0.05356, 0.7665, 0.3412, 4.357e-05]
Cost = 503
----- Optimized Parameters (2 sig. digits) -----
[0.4826, 1008.0, 0.1964, 0.7426, 963.9, 0.05356, 0.7665, 0.3412, 4.357e-05]
Cost = 503
----- Optimized Parameters (2 sig. digits) -----
[0.4826, 1008.0, 0.1964, 0.7426, 963.9, 0.05356, 0.7665, 0.3412, 4.357e-05]
Cost = 503
----- Optimized Parameters (2 sig. digits) -----
[0.4826, 1008.0, 0.1964, 0.7426, 963.9, 0.05356, 0.7665, 0.3412, 4.357e-05]
Cost = 503
----- Optimized Parameters (2 sig. digits) -----
[0.4826, 1008.0, 0.1964, 0.7426, 963.9, 0.05356, 0.7665, 0.3412, 4.357e-05]
Cost = 503
----- Optimized Parameters (2 sig. digits) -----
[0.4826, 1008.0, 0.1964, 0.7426, 963.9, 0.05356, 0.7665, 0.3412, 4.357e-05]
Cost = 503
----- Optimized Parameters (2 sig. digits) -----
[0.4826, 1008.0, 0.1964, 0.7426, 963.9, 0.05356, 0.7665, 0.3412, 4.357e-05]
Cost = 503
----- Optimized Parameters (2 sig. digits) -----
[0.4826, 1008.0, 0.1964, 0.7426, 963.9, 0.05356, 0.7665, 0.3412, 4.357e-05]
Cost = 503
----- Optimized Parameters (2 sig. digits) -----
[0.4826, 1008.0, 0.1964, 0.7426, 963.9, 0.05356, 0.7665, 0.3412, 4.359e-05]
Cost = 503
----- Optimized Parameters (2 sig. digits) -----
[0.4861, 1008.0, 0.191, 0.7426, 963.9, 0.05942, 0.766, 0.3398, 4.001e-05]
Cost = 497
----- Optimized Parameters (2 sig. digits) -----
[0.4861, 1008.0, 0.191, 0.7426, 963.9, 0.05942, 0.766, 0.3398, 4.001e-05]
Cost = 497
----- Optimized Parameters (2 sig. digits) -----
[0.4861, 1008.0, 0.191, 0.7426, 963.9, 0.05942, 0.766, 0.3398, 4.001e-05]
Cost = 497
----- Optimized Parameters (2 sig. digits) -----
[0.4861, 1008.0, 0.191, 0.7426, 963.9, 0.05942, 0.766, 0.3398, 4.001e-05]
Cost = 497
----- Optimized Parameters (2 sig. digits) -----
[0.4861, 1008.0, 0.191, 0.7426, 963.9, 0.05942, 0.766, 0.3398, 4.001e-05]
Cost = 497
----- Optimized Parameters (2 sig. digits) -----
[0.4861, 1008.0, 0.191, 0.7426, 963.9, 0.05942, 0.766, 0.3398, 4.001e-05]
Cost = 497
----- Optimized Parameters (2 sig. digits) -----
[0.4861, 1008.0, 0.191, 0.7426, 963.9, 0.05942, 0.766, 0.3398, 4.001e-05]
Cost = 497
----- Optimized Parameters (2 sig. digits) -----
[0.4861, 1008.0, 0.191, 0.7426, 963.9, 0.05942, 0.766, 0.3398, 4.001e-05]
Cost = 497
----- Optimized Parameters (2 sig. digits) -----
[0.4861, 1008.0, 0.191, 0.7426, 963.9, 0.05942, 0.766, 0.3398, 4.001e-05]
Cost = 497
----- Optimized Parameters (2 sig. digits) -----
[0.4861, 1008.0, 0.191, 0.7426, 963.9, 0.05942, 0.766, 0.3398, 4.003e-05]
Cost = 497
----- Optimized Parameters (2 sig. digits) -----
[0.4935, 1008.0, 0.1837, 0.7426, 963.9, 0.07223, 0.7648, 0.3349, 3.172e-05]
Cost = 499
----- Optimized Parameters (2 sig. digits) -----
[0.4875, 1008.0, 0.1892, 0.7426, 963.9, 0.06304, 0.7658, 0.3393, 3.785e-05]
Cost = 495
----- Optimized Parameters (2 sig. digits) -----
[0.4875, 1008.0, 0.1892, 0.7426, 963.9, 0.06304, 0.7658, 0.3393, 3.785e-05]
Cost = 495
----- Optimized Parameters (2 sig. digits) -----
[0.4875, 1008.0, 0.1892, 0.7426, 963.9, 0.06304, 0.7658, 0.3393, 3.785e-05]
Cost = 495
----- Optimized Parameters (2 sig. digits) -----
[0.4875, 1008.0, 0.1892, 0.7426, 963.9, 0.06304, 0.7658, 0.3393, 3.785e-05]
Cost = 495
----- Optimized Parameters (2 sig. digits) -----
[0.4875, 1008.0, 0.1892, 0.7426, 963.9, 0.06304, 0.7658, 0.3393, 3.785e-05]
Cost = 495
----- Optimized Parameters (2 sig. digits) -----
[0.4875, 1008.0, 0.1892, 0.7426, 963.9, 0.06304, 0.7658, 0.3393, 3.785e-05]
Cost = 495
----- Optimized Parameters (2 sig. digits) -----
[0.4875, 1008.0, 0.1892, 0.7426, 963.9, 0.06304, 0.7658, 0.3393, 3.785e-05]
Cost = 495
----- Optimized Parameters (2 sig. digits) -----
[0.4875, 1008.0, 0.1892, 0.7426, 963.9, 0.06304, 0.7658, 0.3393, 3.785e-05]
Cost = 495
----- Optimized Parameters (2 sig. digits) -----
[0.4875, 1008.0, 0.1892, 0.7426, 963.9, 0.06304, 0.7658, 0.3393, 3.785e-05]
Cost = 495
----- Optimized Parameters (2 sig. digits) -----
[0.4875, 1008.0, 0.1892, 0.7426, 963.9, 0.06304, 0.7658, 0.3393, 3.787e-05]
Cost = 495
----- Optimized Parameters (2 sig. digits) -----
[0.4904, 1008.0, 0.1885, 0.7425, 963.9, 0.0707, 0.7653, 0.338, 3.274e-05]
Cost = 493
----- Optimized Parameters (2 sig. digits) -----
[0.4904, 1008.0, 0.1885, 0.7425, 963.9, 0.0707, 0.7653, 0.338, 3.274e-05]
Cost = 493
----- Optimized Parameters (2 sig. digits) -----
[0.4904, 1008.0, 0.1885, 0.7425, 963.9, 0.0707, 0.7653, 0.338, 3.274e-05]
Cost = 493
----- Optimized Parameters (2 sig. digits) -----
[0.4904, 1008.0, 0.1885, 0.7425, 963.9, 0.0707, 0.7653, 0.338, 3.274e-05]
Cost = 493
----- Optimized Parameters (2 sig. digits) -----
[0.4904, 1008.0, 0.1885, 0.7425, 963.9, 0.0707, 0.7653, 0.338, 3.274e-05]
Cost = 493
----- Optimized Parameters (2 sig. digits) -----
[0.4904, 1008.0, 0.1885, 0.7425, 963.9, 0.0707, 0.7653, 0.338, 3.274e-05]
Cost = 493
----- Optimized Parameters (2 sig. digits) -----
[0.4904, 1008.0, 0.1885, 0.7425, 963.9, 0.0707, 0.7653, 0.338, 3.274e-05]
Cost = 493
----- Optimized Parameters (2 sig. digits) -----
[0.4904, 1008.0, 0.1885, 0.7425, 963.9, 0.0707, 0.7653, 0.338, 3.274e-05]
Cost = 493
----- Optimized Parameters (2 sig. digits) -----
[0.4904, 1008.0, 0.1885, 0.7425, 963.9, 0.0707, 0.7653, 0.338, 3.274e-05]
Cost = 493
----- Optimized Parameters (2 sig. digits) -----
[0.4904, 1008.0, 0.1885, 0.7425, 963.9, 0.0707, 0.7653, 0.338, 3.275e-05]
Cost = 493
----- Optimized Parameters (2 sig. digits) -----
[0.4936, 1008.0, 0.1859, 0.7425, 963.9, 0.07766, 0.7645, 0.3357, 2.986e-05]
Cost = 489
----- Optimized Parameters (2 sig. digits) -----
[0.4936, 1008.0, 0.1859, 0.7425, 963.9, 0.07766, 0.7645, 0.3357, 2.986e-05]
Cost = 489
----- Optimized Parameters (2 sig. digits) -----
[0.4936, 1008.0, 0.1859, 0.7425, 963.9, 0.07766, 0.7645, 0.3357, 2.986e-05]
Cost = 489
----- Optimized Parameters (2 sig. digits) -----
[0.4936, 1008.0, 0.1859, 0.7425, 963.9, 0.07766, 0.7645, 0.3357, 2.986e-05]
Cost = 489
----- Optimized Parameters (2 sig. digits) -----
[0.4936, 1008.0, 0.1859, 0.7425, 963.9, 0.07766, 0.7645, 0.3357, 2.986e-05]
Cost = 489
----- Optimized Parameters (2 sig. digits) -----
[0.4936, 1008.0, 0.1859, 0.7425, 963.9, 0.07766, 0.7645, 0.3357, 2.986e-05]
Cost = 489
----- Optimized Parameters (2 sig. digits) -----
[0.4936, 1008.0, 0.1859, 0.7425, 963.9, 0.07766, 0.7645, 0.3357, 2.986e-05]
Cost = 489
----- Optimized Parameters (2 sig. digits) -----
[0.4936, 1008.0, 0.1859, 0.7425, 963.9, 0.07766, 0.7645, 0.3357, 2.986e-05]
Cost = 489
----- Optimized Parameters (2 sig. digits) -----
[0.4936, 1008.0, 0.1859, 0.7425, 963.9, 0.07766, 0.7645, 0.3357, 2.986e-05]
Cost = 489
----- Optimized Parameters (2 sig. digits) -----
[0.4936, 1008.0, 0.1859, 0.7425, 963.9, 0.07766, 0.7645, 0.3357, 2.988e-05]
Cost = 489
----- Optimized Parameters (2 sig. digits) -----
[0.5001, 1008.0, 0.1865, 0.7424, 963.9, 0.09087, 0.7626, 0.3279, 2.441e-05]
Cost = 489
----- Optimized Parameters (2 sig. digits) -----
[0.4951, 1008.0, 0.1852, 0.7425, 963.9, 0.08132, 0.7642, 0.3346, 2.859e-05]
Cost = 488
----- Optimized Parameters (2 sig. digits) -----
[0.4951, 1008.0, 0.1852, 0.7425, 963.9, 0.08132, 0.7642, 0.3346, 2.859e-05]
Cost = 488
----- Optimized Parameters (2 sig. digits) -----
[0.4951, 1008.0, 0.1852, 0.7425, 963.9, 0.08132, 0.7642, 0.3346, 2.859e-05]
Cost = 488
----- Optimized Parameters (2 sig. digits) -----
[0.4951, 1008.0, 0.1852, 0.7425, 963.9, 0.08132, 0.7642, 0.3346, 2.859e-05]
Cost = 488
----- Optimized Parameters (2 sig. digits) -----
[0.4951, 1008.0, 0.1852, 0.7425, 963.9, 0.08132, 0.7642, 0.3346, 2.859e-05]
Cost = 488
----- Optimized Parameters (2 sig. digits) -----
[0.4951, 1008.0, 0.1852, 0.7425, 963.9, 0.08132, 0.7642, 0.3346, 2.859e-05]
Cost = 488
----- Optimized Parameters (2 sig. digits) -----
[0.4951, 1008.0, 0.1852, 0.7425, 963.9, 0.08132, 0.7642, 0.3346, 2.859e-05]
Cost = 488
----- Optimized Parameters (2 sig. digits) -----
[0.4951, 1008.0, 0.1852, 0.7425, 963.9, 0.08132, 0.7642, 0.3346, 2.859e-05]
Cost = 488
----- Optimized Parameters (2 sig. digits) -----
[0.4951, 1008.0, 0.1852, 0.7425, 963.9, 0.08132, 0.7642, 0.3346, 2.859e-05]
Cost = 488
----- Optimized Parameters (2 sig. digits) -----
[0.4951, 1008.0, 0.1852, 0.7425, 963.9, 0.08132, 0.7642, 0.3346, 2.86e-05]
Cost = 488
----- Optimized Parameters (2 sig. digits) -----
[0.4978, 1008.0, 0.1851, 0.7424, 963.9, 0.08866, 0.7633, 0.3318, 2.568e-05]
Cost = 486
----- Optimized Parameters (2 sig. digits) -----
[0.4978, 1008.0, 0.1851, 0.7424, 963.9, 0.08866, 0.7633, 0.3318, 2.568e-05]
Cost = 486
----- Optimized Parameters (2 sig. digits) -----
[0.4978, 1008.0, 0.1851, 0.7424, 963.9, 0.08866, 0.7633, 0.3318, 2.568e-05]
Cost = 486
----- Optimized Parameters (2 sig. digits) -----
[0.4978, 1008.0, 0.1851, 0.7424, 963.9, 0.08866, 0.7633, 0.3318, 2.568e-05]
Cost = 486
----- Optimized Parameters (2 sig. digits) -----
[0.4978, 1008.0, 0.1851, 0.7424, 963.9, 0.08866, 0.7633, 0.3318, 2.568e-05]
Cost = 486
----- Optimized Parameters (2 sig. digits) -----
[0.4978, 1008.0, 0.1851, 0.7424, 963.9, 0.08866, 0.7633, 0.3318, 2.568e-05]
Cost = 486
----- Optimized Parameters (2 sig. digits) -----
[0.4978, 1008.0, 0.1851, 0.7424, 963.9, 0.08866, 0.7633, 0.3318, 2.568e-05]
Cost = 486
----- Optimized Parameters (2 sig. digits) -----
[0.4978, 1008.0, 0.1851, 0.7424, 963.9, 0.08866, 0.7633, 0.3318, 2.568e-05]
Cost = 486
----- Optimized Parameters (2 sig. digits) -----
[0.4978, 1008.0, 0.1851, 0.7424, 963.9, 0.08866, 0.7633, 0.3318, 2.568e-05]
Cost = 486
----- Optimized Parameters (2 sig. digits) -----
[0.4978, 1008.0, 0.1851, 0.7424, 963.9, 0.08866, 0.7633, 0.3318, 2.57e-05]
Cost = 486
----- Optimized Parameters (2 sig. digits) -----
[0.5038, 1008.0, 0.1892, 0.7422, 963.9, 0.09962, 0.761, 0.3212, 2.223e-05]
Cost = 485
----- Optimized Parameters (2 sig. digits) -----
[0.5038, 1008.0, 0.1892, 0.7422, 963.9, 0.09962, 0.761, 0.3212, 2.223e-05]
Cost = 485
----- Optimized Parameters (2 sig. digits) -----
[0.5038, 1008.0, 0.1892, 0.7422, 963.9, 0.09962, 0.761, 0.3212, 2.223e-05]
Cost = 485
----- Optimized Parameters (2 sig. digits) -----
[0.5038, 1008.0, 0.1892, 0.7422, 963.9, 0.09962, 0.761, 0.3212, 2.223e-05]
Cost = 485
----- Optimized Parameters (2 sig. digits) -----
[0.5038, 1008.0, 0.1892, 0.7422, 963.9, 0.09962, 0.761, 0.3212, 2.223e-05]
Cost = 485
----- Optimized Parameters (2 sig. digits) -----
[0.5038, 1008.0, 0.1892, 0.7422, 963.9, 0.09962, 0.761, 0.3212, 2.223e-05]
Cost = 485
----- Optimized Parameters (2 sig. digits) -----
[0.5038, 1008.0, 0.1892, 0.7422, 963.9, 0.09962, 0.761, 0.3212, 2.223e-05]
Cost = 485
----- Optimized Parameters (2 sig. digits) -----
[0.5038, 1008.0, 0.1892, 0.7422, 963.9, 0.09962, 0.761, 0.3212, 2.223e-05]
Cost = 485
----- Optimized Parameters (2 sig. digits) -----
[0.5038, 1008.0, 0.1892, 0.7422, 963.9, 0.09962, 0.761, 0.3212, 2.223e-05]
Cost = 485
----- Optimized Parameters (2 sig. digits) -----
[0.5038, 1008.0, 0.1892, 0.7422, 963.9, 0.09962, 0.761, 0.3212, 2.225e-05]
Cost = 484
----- Optimized Parameters (2 sig. digits) -----
[0.5093, 1008.0, 0.1947, 0.7418, 963.9, 0.1053, 0.7584, 0.3065, 2.132e-05]
Cost = 481
----- Optimized Parameters (2 sig. digits) -----
[0.5093, 1008.0, 0.1947, 0.7418, 963.9, 0.1053, 0.7584, 0.3065, 2.132e-05]
Cost = 481
----- Optimized Parameters (2 sig. digits) -----
[0.5093, 1008.0, 0.1947, 0.7418, 963.9, 0.1053, 0.7584, 0.3065, 2.132e-05]
Cost = 481
----- Optimized Parameters (2 sig. digits) -----
[0.5093, 1008.0, 0.1947, 0.7418, 963.9, 0.1053, 0.7584, 0.3065, 2.132e-05]
Cost = 481
----- Optimized Parameters (2 sig. digits) -----
[0.5093, 1008.0, 0.1947, 0.7418, 963.9, 0.1053, 0.7584, 0.3065, 2.132e-05]
Cost = 481
----- Optimized Parameters (2 sig. digits) -----
[0.5093, 1008.0, 0.1947, 0.7418, 963.9, 0.1053, 0.7584, 0.3065, 2.132e-05]
Cost = 481
----- Optimized Parameters (2 sig. digits) -----
[0.5093, 1008.0, 0.1947, 0.7418, 963.9, 0.1053, 0.7584, 0.3065, 2.132e-05]
Cost = 481
----- Optimized Parameters (2 sig. digits) -----
[0.5093, 1008.0, 0.1947, 0.7418, 963.9, 0.1053, 0.7584, 0.3065, 2.132e-05]
Cost = 481
----- Optimized Parameters (2 sig. digits) -----
[0.5093, 1008.0, 0.1947, 0.7418, 963.9, 0.1053, 0.7584, 0.3065, 2.132e-05]
Cost = 481
----- Optimized Parameters (2 sig. digits) -----
[0.5093, 1008.0, 0.1947, 0.7418, 963.9, 0.1053, 0.7584, 0.3065, 2.133e-05]
Cost = 481
----- Optimized Parameters (2 sig. digits) -----
[0.5171, 1008.0, 0.2072, 0.7411, 963.9, 0.1131, 0.7539, 0.2744, 2.016e-05]
Cost = 477
----- Optimized Parameters (2 sig. digits) -----
[0.5171, 1008.0, 0.2072, 0.7411, 963.9, 0.1131, 0.7539, 0.2744, 2.016e-05]
Cost = 477
----- Optimized Parameters (2 sig. digits) -----
[0.5171, 1008.0, 0.2072, 0.7411, 963.9, 0.1131, 0.7539, 0.2744, 2.016e-05]
Cost = 477
----- Optimized Parameters (2 sig. digits) -----
[0.5171, 1008.0, 0.2072, 0.7411, 963.9, 0.1131, 0.7539, 0.2744, 2.016e-05]
Cost = 477
----- Optimized Parameters (2 sig. digits) -----
[0.5171, 1008.0, 0.2072, 0.7411, 963.9, 0.1131, 0.7539, 0.2744, 2.016e-05]
Cost = 477
----- Optimized Parameters (2 sig. digits) -----
[0.5171, 1008.0, 0.2072, 0.7411, 963.9, 0.1131, 0.7539, 0.2744, 2.016e-05]
Cost = 477
----- Optimized Parameters (2 sig. digits) -----
[0.5171, 1008.0, 0.2072, 0.7411, 963.9, 0.1131, 0.7539, 0.2744, 2.016e-05]
Cost = 477
----- Optimized Parameters (2 sig. digits) -----
[0.5171, 1008.0, 0.2072, 0.7411, 963.9, 0.1131, 0.7539, 0.2744, 2.016e-05]
Cost = 477
----- Optimized Parameters (2 sig. digits) -----
[0.5171, 1008.0, 0.2072, 0.7411, 963.9, 0.1131, 0.7539, 0.2744, 2.016e-05]
Cost = 477
----- Optimized Parameters (2 sig. digits) -----
[0.5171, 1008.0, 0.2072, 0.7411, 963.9, 0.1131, 0.7539, 0.2744, 2.017e-05]
Cost = 477
----- Optimized Parameters (2 sig. digits) -----
[0.5259, 1008.0, 0.2323, 0.7398, 963.9, 0.1169, 0.7463, 0.2046, 2.163e-05]
Cost = 469
----- Optimized Parameters (2 sig. digits) -----
[0.5259, 1008.0, 0.2323, 0.7398, 963.9, 0.1169, 0.7463, 0.2046, 2.163e-05]
Cost = 469
----- Optimized Parameters (2 sig. digits) -----
[0.5259, 1008.0, 0.2323, 0.7398, 963.9, 0.1169, 0.7463, 0.2046, 2.163e-05]
Cost = 469
----- Optimized Parameters (2 sig. digits) -----
[0.5259, 1008.0, 0.2323, 0.7398, 963.9, 0.1169, 0.7463, 0.2046, 2.163e-05]
Cost = 469
----- Optimized Parameters (2 sig. digits) -----
[0.5259, 1008.0, 0.2323, 0.7398, 963.9, 0.1169, 0.7463, 0.2046, 2.163e-05]
Cost = 469
----- Optimized Parameters (2 sig. digits) -----
[0.5259, 1008.0, 0.2323, 0.7398, 963.9, 0.1169, 0.7463, 0.2046, 2.163e-05]
Cost = 469
----- Optimized Parameters (2 sig. digits) -----
[0.5259, 1008.0, 0.2323, 0.7398, 963.9, 0.1169, 0.7463, 0.2046, 2.163e-05]
Cost = 469
----- Optimized Parameters (2 sig. digits) -----
[0.5259, 1008.0, 0.2323, 0.7398, 963.9, 0.1169, 0.7463, 0.2046, 2.163e-05]
Cost = 469
----- Optimized Parameters (2 sig. digits) -----
[0.5259, 1008.0, 0.2323, 0.7398, 963.9, 0.1169, 0.7463, 0.2046, 2.163e-05]
Cost = 469
----- Optimized Parameters (2 sig. digits) -----
[0.5259, 1008.0, 0.2323, 0.7398, 963.9, 0.1169, 0.7463, 0.2046, 2.164e-05]
Cost = 469
----- Optimized Parameters (2 sig. digits) -----
[0.5327, 1007.0, 0.3026, 0.7272, 963.8, 0.1303, 0.7061, 0.0746, 2.372e-05]
Cost = 618
----- Optimized Parameters (2 sig. digits) -----
[0.5264, 1008.0, 0.2499, 0.7394, 963.9, 0.1217, 0.7426, 0.1704, 2.261e-05]
Cost = 455
----- Optimized Parameters (2 sig. digits) -----
[0.5264, 1008.0, 0.2499, 0.7394, 963.9, 0.1217, 0.7426, 0.1704, 2.261e-05]
Cost = 455
----- Optimized Parameters (2 sig. digits) -----
[0.5264, 1008.0, 0.2499, 0.7394, 963.9, 0.1217, 0.7426, 0.1704, 2.261e-05]
Cost = 455
----- Optimized Parameters (2 sig. digits) -----
[0.5264, 1008.0, 0.2499, 0.7394, 963.9, 0.1217, 0.7426, 0.1704, 2.261e-05]
Cost = 455
----- Optimized Parameters (2 sig. digits) -----
[0.5264, 1008.0, 0.2499, 0.7394, 963.9, 0.1217, 0.7426, 0.1704, 2.261e-05]
Cost = 455
----- Optimized Parameters (2 sig. digits) -----
[0.5264, 1008.0, 0.2499, 0.7394, 963.9, 0.1217, 0.7426, 0.1704, 2.261e-05]
Cost = 455
----- Optimized Parameters (2 sig. digits) -----
[0.5264, 1008.0, 0.2499, 0.7394, 963.9, 0.1217, 0.7426, 0.1704, 2.261e-05]
Cost = 455
----- Optimized Parameters (2 sig. digits) -----
[0.5264, 1008.0, 0.2499, 0.7394, 963.9, 0.1217, 0.7426, 0.1704, 2.261e-05]
Cost = 455
----- Optimized Parameters (2 sig. digits) -----
[0.5264, 1008.0, 0.2499, 0.7394, 963.9, 0.1217, 0.7426, 0.1704, 2.261e-05]
Cost = 455
----- Optimized Parameters (2 sig. digits) -----
[0.5264, 1008.0, 0.2499, 0.7394, 963.9, 0.1217, 0.7426, 0.1704, 2.262e-05]
Cost = 455
----- Optimized Parameters (2 sig. digits) -----
[0.5217, 1008.0, 0.2856, 0.7389, 963.9, 0.1283, 0.7374, 0.1003, 2.566e-05]
Cost = 454
----- Optimized Parameters (2 sig. digits) -----
[0.5217, 1008.0, 0.2856, 0.7389, 963.9, 0.1283, 0.7374, 0.1003, 2.566e-05]
Cost = 454
----- Optimized Parameters (2 sig. digits) -----
[0.5217, 1008.0, 0.2856, 0.7389, 963.9, 0.1283, 0.7374, 0.1003, 2.566e-05]
Cost = 454
----- Optimized Parameters (2 sig. digits) -----
[0.5217, 1008.0, 0.2856, 0.7389, 963.9, 0.1283, 0.7374, 0.1003, 2.566e-05]
Cost = 454
----- Optimized Parameters (2 sig. digits) -----
[0.5217, 1008.0, 0.2856, 0.7389, 963.9, 0.1283, 0.7374, 0.1003, 2.566e-05]
Cost = 454
----- Optimized Parameters (2 sig. digits) -----
[0.5217, 1008.0, 0.2856, 0.7389, 963.9, 0.1283, 0.7374, 0.1003, 2.566e-05]
Cost = 454
----- Optimized Parameters (2 sig. digits) -----
[0.5217, 1008.0, 0.2856, 0.7389, 963.9, 0.1283, 0.7374, 0.1003, 2.566e-05]
Cost = 454
----- Optimized Parameters (2 sig. digits) -----
[0.5217, 1008.0, 0.2856, 0.7389, 963.9, 0.1283, 0.7374, 0.1003, 2.566e-05]
Cost = 454
----- Optimized Parameters (2 sig. digits) -----
[0.5217, 1008.0, 0.2856, 0.7389, 963.9, 0.1283, 0.7374, 0.1003, 2.566e-05]
Cost = 454
----- Optimized Parameters (2 sig. digits) -----
[0.5217, 1008.0, 0.2856, 0.7389, 963.9, 0.1283, 0.7374, 0.1003, 2.568e-05]
Cost = 453
----- Optimized Parameters (2 sig. digits) -----
[0.5188, 1008.0, 0.2971, 0.7388, 963.9, 0.1318, 0.7361, 0.0851, 2.866e-05]
Cost = 410
----- Optimized Parameters (2 sig. digits) -----
[0.5188, 1008.0, 0.2971, 0.7388, 963.9, 0.1318, 0.7361, 0.0851, 2.866e-05]
Cost = 410
----- Optimized Parameters (2 sig. digits) -----
[0.5188, 1008.0, 0.2971, 0.7388, 963.9, 0.1318, 0.7361, 0.0851, 2.866e-05]
Cost = 410
----- Optimized Parameters (2 sig. digits) -----
[0.5188, 1008.0, 0.2971, 0.7388, 963.9, 0.1318, 0.7361, 0.0851, 2.866e-05]
Cost = 410
----- Optimized Parameters (2 sig. digits) -----
[0.5188, 1008.0, 0.2971, 0.7388, 963.9, 0.1318, 0.7361, 0.0851, 2.866e-05]
Cost = 410
----- Optimized Parameters (2 sig. digits) -----
[0.5188, 1008.0, 0.2971, 0.7388, 963.9, 0.1318, 0.7361, 0.0851, 2.866e-05]
Cost = 410
----- Optimized Parameters (2 sig. digits) -----
[0.5188, 1008.0, 0.2971, 0.7388, 963.9, 0.1318, 0.7361, 0.0851, 2.866e-05]
Cost = 410
----- Optimized Parameters (2 sig. digits) -----
[0.5188, 1008.0, 0.2971, 0.7388, 963.9, 0.1318, 0.7361, 0.0851, 2.866e-05]
Cost = 410
----- Optimized Parameters (2 sig. digits) -----
[0.5188, 1008.0, 0.2971, 0.7388, 963.9, 0.1318, 0.7361, 0.0851, 2.866e-05]
Cost = 410
----- Optimized Parameters (2 sig. digits) -----
[0.5188, 1008.0, 0.2971, 0.7388, 963.9, 0.1318, 0.7361, 0.0851, 2.868e-05]
Cost = 410
----- Optimized Parameters (2 sig. digits) -----
[0.5112, 1008.0, 0.3168, 0.7388, 963.9, 0.1317, 0.7351, 0.05099, 3.612e-05]
Cost = 413
----- Optimized Parameters (2 sig. digits) -----
[0.5176, 1008.0, 0.3004, 0.7389, 963.9, 0.1315, 0.7359, 0.07543, 3.163e-05]
Cost = 399
----- Optimized Parameters (2 sig. digits) -----
[0.5176, 1008.0, 0.3004, 0.7389, 963.9, 0.1315, 0.7359, 0.07543, 3.163e-05]
Cost = 399
----- Optimized Parameters (2 sig. digits) -----
[0.5176, 1008.0, 0.3004, 0.7389, 963.9, 0.1315, 0.7359, 0.07543, 3.163e-05]
Cost = 399
----- Optimized Parameters (2 sig. digits) -----
[0.5176, 1008.0, 0.3004, 0.7389, 963.9, 0.1315, 0.7359, 0.07543, 3.163e-05]
Cost = 399
----- Optimized Parameters (2 sig. digits) -----
[0.5176, 1008.0, 0.3004, 0.7389, 963.9, 0.1315, 0.7359, 0.07543, 3.163e-05]
Cost = 399
----- Optimized Parameters (2 sig. digits) -----
[0.5176, 1008.0, 0.3004, 0.7389, 963.9, 0.1315, 0.7359, 0.07543, 3.163e-05]
Cost = 399
----- Optimized Parameters (2 sig. digits) -----
[0.5176, 1008.0, 0.3004, 0.7389, 963.9, 0.1315, 0.7359, 0.07543, 3.163e-05]
Cost = 399
----- Optimized Parameters (2 sig. digits) -----
[0.5176, 1008.0, 0.3004, 0.7389, 963.9, 0.1315, 0.7359, 0.07543, 3.163e-05]
Cost = 399
----- Optimized Parameters (2 sig. digits) -----
[0.5176, 1008.0, 0.3004, 0.7389, 963.9, 0.1315, 0.7359, 0.07543, 3.163e-05]
Cost = 399
----- Optimized Parameters (2 sig. digits) -----
[0.5176, 1008.0, 0.3004, 0.7389, 963.9, 0.1315, 0.7359, 0.07543, 3.164e-05]
Cost = 399
----- Optimized Parameters (2 sig. digits) -----
[0.5143, 1008.0, 0.3082, 0.7389, 963.9, 0.1306, 0.7356, 0.05674, 3.766e-05]
Cost = 385
----- Optimized Parameters (2 sig. digits) -----
[0.5143, 1008.0, 0.3082, 0.7389, 963.9, 0.1306, 0.7356, 0.05674, 3.766e-05]
Cost = 385
----- Optimized Parameters (2 sig. digits) -----
[0.5143, 1008.0, 0.3082, 0.7389, 963.9, 0.1306, 0.7356, 0.05674, 3.766e-05]
Cost = 385
----- Optimized Parameters (2 sig. digits) -----
[0.5143, 1008.0, 0.3082, 0.7389, 963.9, 0.1306, 0.7356, 0.05674, 3.766e-05]
Cost = 385
----- Optimized Parameters (2 sig. digits) -----
[0.5143, 1008.0, 0.3082, 0.7389, 963.9, 0.1306, 0.7356, 0.05674, 3.766e-05]
Cost = 385
----- Optimized Parameters (2 sig. digits) -----
[0.5143, 1008.0, 0.3082, 0.7389, 963.9, 0.1306, 0.7356, 0.05674, 3.766e-05]
Cost = 385
----- Optimized Parameters (2 sig. digits) -----
[0.5143, 1008.0, 0.3082, 0.7389, 963.9, 0.1306, 0.7356, 0.05674, 3.766e-05]
Cost = 385
----- Optimized Parameters (2 sig. digits) -----
[0.5143, 1008.0, 0.3082, 0.7389, 963.9, 0.1306, 0.7356, 0.05674, 3.766e-05]
Cost = 385
----- Optimized Parameters (2 sig. digits) -----
[0.5143, 1008.0, 0.3082, 0.7389, 963.9, 0.1306, 0.7356, 0.05674, 3.766e-05]
Cost = 385
----- Optimized Parameters (2 sig. digits) -----
[0.5143, 1008.0, 0.3082, 0.7389, 963.9, 0.1306, 0.7356, 0.05674, 3.768e-05]
Cost = 385
----- Optimized Parameters (2 sig. digits) -----
[0.5035, 1008.0, 0.3344, 0.7387, 963.9, 0.1349, 0.7341, 0.0316, 4.586e-05]
Cost = 369
----- Optimized Parameters (2 sig. digits) -----
[0.5035, 1008.0, 0.3344, 0.7387, 963.9, 0.1349, 0.7341, 0.0316, 4.586e-05]
Cost = 369
----- Optimized Parameters (2 sig. digits) -----
[0.5035, 1008.0, 0.3344, 0.7387, 963.9, 0.1349, 0.7341, 0.0316, 4.586e-05]
Cost = 369
----- Optimized Parameters (2 sig. digits) -----
[0.5035, 1008.0, 0.3344, 0.7387, 963.9, 0.1349, 0.7341, 0.0316, 4.586e-05]
Cost = 369
----- Optimized Parameters (2 sig. digits) -----
[0.5035, 1008.0, 0.3344, 0.7387, 963.9, 0.1349, 0.7341, 0.0316, 4.586e-05]
Cost = 369
----- Optimized Parameters (2 sig. digits) -----
[0.5035, 1008.0, 0.3344, 0.7387, 963.9, 0.1349, 0.7341, 0.0316, 4.586e-05]
Cost = 369
----- Optimized Parameters (2 sig. digits) -----
[0.5035, 1008.0, 0.3344, 0.7387, 963.9, 0.1349, 0.7341, 0.0316, 4.586e-05]
Cost = 369
----- Optimized Parameters (2 sig. digits) -----
[0.5035, 1008.0, 0.3344, 0.7387, 963.9, 0.1349, 0.7341, 0.0316, 4.586e-05]
Cost = 369
----- Optimized Parameters (2 sig. digits) -----
[0.5035, 1008.0, 0.3344, 0.7387, 963.9, 0.1349, 0.7341, 0.0316, 4.586e-05]
Cost = 369
----- Optimized Parameters (2 sig. digits) -----
[0.5035, 1008.0, 0.3344, 0.7387, 963.9, 0.1349, 0.7341, 0.0316, 4.588e-05]
Cost = 368
----- Optimized Parameters (2 sig. digits) -----
[0.4872, 1008.0, 0.3633, 0.7385, 963.9, 0.1394, 0.7322, 0.02127, 5.251e-05]
Cost = 282
----- Optimized Parameters (2 sig. digits) -----
[0.4872, 1008.0, 0.3633, 0.7385, 963.9, 0.1394, 0.7322, 0.02127, 5.251e-05]
Cost = 282
----- Optimized Parameters (2 sig. digits) -----
[0.4872, 1008.0, 0.3633, 0.7385, 963.9, 0.1394, 0.7322, 0.02127, 5.251e-05]
Cost = 282
----- Optimized Parameters (2 sig. digits) -----
[0.4872, 1008.0, 0.3633, 0.7385, 963.9, 0.1394, 0.7322, 0.02127, 5.251e-05]
Cost = 282
----- Optimized Parameters (2 sig. digits) -----
[0.4872, 1008.0, 0.3633, 0.7385, 963.9, 0.1394, 0.7322, 0.02127, 5.251e-05]
Cost = 282
----- Optimized Parameters (2 sig. digits) -----
[0.4872, 1008.0, 0.3633, 0.7385, 963.9, 0.1394, 0.7322, 0.02127, 5.251e-05]
Cost = 282
----- Optimized Parameters (2 sig. digits) -----
[0.4872, 1008.0, 0.3633, 0.7385, 963.9, 0.1394, 0.7322, 0.02127, 5.251e-05]
Cost = 282
----- Optimized Parameters (2 sig. digits) -----
[0.4872, 1008.0, 0.3633, 0.7385, 963.9, 0.1394, 0.7322, 0.02127, 5.251e-05]
Cost = 282
----- Optimized Parameters (2 sig. digits) -----
[0.4872, 1008.0, 0.3633, 0.7385, 963.9, 0.1394, 0.7322, 0.02127, 5.251e-05]
Cost = 282
----- Optimized Parameters (2 sig. digits) -----
[0.4872, 1008.0, 0.3633, 0.7385, 963.9, 0.1394, 0.7322, 0.02127, 5.253e-05]
Cost = 282
----- Optimized Parameters (2 sig. digits) -----
[0.4503, 1008.0, 0.4093, 0.7381, 963.9, 0.14, 0.7306, 0.01006, 6.236e-05]
Cost = 225
----- Optimized Parameters (2 sig. digits) -----
[0.4503, 1008.0, 0.4093, 0.7381, 963.9, 0.14, 0.7306, 0.01006, 6.236e-05]
Cost = 225
----- Optimized Parameters (2 sig. digits) -----
[0.4503, 1008.0, 0.4093, 0.7381, 963.9, 0.14, 0.7306, 0.01006, 6.236e-05]
Cost = 225
----- Optimized Parameters (2 sig. digits) -----
[0.4503, 1008.0, 0.4093, 0.7381, 963.9, 0.14, 0.7306, 0.01006, 6.236e-05]
Cost = 225
----- Optimized Parameters (2 sig. digits) -----
[0.4503, 1008.0, 0.4093, 0.7381, 963.9, 0.14, 0.7306, 0.01006, 6.236e-05]
Cost = 225
----- Optimized Parameters (2 sig. digits) -----
[0.4503, 1008.0, 0.4093, 0.7381, 963.9, 0.14, 0.7306, 0.01006, 6.236e-05]
Cost = 225
----- Optimized Parameters (2 sig. digits) -----
[0.4503, 1008.0, 0.4093, 0.7381, 963.9, 0.14, 0.7306, 0.01006, 6.236e-05]
Cost = 225
----- Optimized Parameters (2 sig. digits) -----
[0.4503, 1008.0, 0.4093, 0.7381, 963.9, 0.14, 0.7306, 0.01006, 6.236e-05]
Cost = 225
----- Optimized Parameters (2 sig. digits) -----
[0.4503, 1008.0, 0.4093, 0.7381, 963.9, 0.14, 0.7306, 0.01006, 6.236e-05]
Cost = 225
----- Optimized Parameters (2 sig. digits) -----
[0.4503, 1008.0, 0.4093, 0.7381, 963.9, 0.14, 0.7306, 0.01006, 6.237e-05]
Cost = 225
----- Optimized Parameters (2 sig. digits) -----
[0.4388, 1008.0, 0.4161, 0.7381, 963.9, 0.1416, 0.7295, 0.011, 6.297e-05]
Cost = 172
----- Optimized Parameters (2 sig. digits) -----
[0.4388, 1008.0, 0.4161, 0.7381, 963.9, 0.1416, 0.7295, 0.011, 6.297e-05]
Cost = 172
----- Optimized Parameters (2 sig. digits) -----
[0.4388, 1008.0, 0.4161, 0.7381, 963.9, 0.1416, 0.7295, 0.011, 6.297e-05]
Cost = 172
----- Optimized Parameters (2 sig. digits) -----
[0.4388, 1008.0, 0.4161, 0.7381, 963.9, 0.1416, 0.7295, 0.011, 6.297e-05]
Cost = 172
----- Optimized Parameters (2 sig. digits) -----
[0.4388, 1008.0, 0.4161, 0.7381, 963.9, 0.1416, 0.7295, 0.011, 6.297e-05]
Cost = 172
----- Optimized Parameters (2 sig. digits) -----
[0.4388, 1008.0, 0.4161, 0.7381, 963.9, 0.1416, 0.7295, 0.011, 6.297e-05]
Cost = 172
----- Optimized Parameters (2 sig. digits) -----
[0.4388, 1008.0, 0.4161, 0.7381, 963.9, 0.1416, 0.7295, 0.011, 6.297e-05]
Cost = 172
----- Optimized Parameters (2 sig. digits) -----
[0.4388, 1008.0, 0.4161, 0.7381, 963.9, 0.1416, 0.7295, 0.011, 6.297e-05]
Cost = 172
----- Optimized Parameters (2 sig. digits) -----
[0.4388, 1008.0, 0.4161, 0.7381, 963.9, 0.1416, 0.7295, 0.011, 6.297e-05]
Cost = 172
----- Optimized Parameters (2 sig. digits) -----
[0.4388, 1008.0, 0.4161, 0.7381, 963.9, 0.1416, 0.7295, 0.011, 6.298e-05]
Cost = 172
----- Optimized Parameters (2 sig. digits) -----
[0.4098, 1008.0, 0.4606, 0.7394, 963.9, 0.1214, 0.715, 0.01001, 8.373e-05]
Cost = 166
----- Optimized Parameters (2 sig. digits) -----
[0.4098, 1008.0, 0.4606, 0.7394, 963.9, 0.1214, 0.715, 0.01001, 8.373e-05]
Cost = 166
----- Optimized Parameters (2 sig. digits) -----
[0.4098, 1008.0, 0.4606, 0.7394, 963.9, 0.1214, 0.715, 0.01001, 8.373e-05]
Cost = 166
----- Optimized Parameters (2 sig. digits) -----
[0.4098, 1008.0, 0.4606, 0.7394, 963.9, 0.1214, 0.715, 0.01001, 8.373e-05]
Cost = 166
----- Optimized Parameters (2 sig. digits) -----
[0.4098, 1008.0, 0.4606, 0.7394, 963.9, 0.1214, 0.715, 0.01001, 8.373e-05]
Cost = 166
----- Optimized Parameters (2 sig. digits) -----
[0.4098, 1008.0, 0.4606, 0.7394, 963.9, 0.1214, 0.715, 0.01001, 8.373e-05]
Cost = 166
----- Optimized Parameters (2 sig. digits) -----
[0.4098, 1008.0, 0.4606, 0.7394, 963.9, 0.1214, 0.715, 0.01001, 8.373e-05]
Cost = 166
----- Optimized Parameters (2 sig. digits) -----
[0.4098, 1008.0, 0.4606, 0.7394, 963.9, 0.1214, 0.715, 0.01001, 8.373e-05]
Cost = 166
----- Optimized Parameters (2 sig. digits) -----
[0.4098, 1008.0, 0.4606, 0.7394, 963.9, 0.1214, 0.715, 0.01001, 8.373e-05]
Cost = 166
----- Optimized Parameters (2 sig. digits) -----
[0.4098, 1008.0, 0.4606, 0.7394, 963.9, 0.1214, 0.715, 0.01001, 8.375e-05]
Cost = 166
----- Optimized Parameters (2 sig. digits) -----
[0.4089, 1008.0, 0.4618, 0.7394, 963.9, 0.1228, 0.7147, 0.01061, 8.41e-05]
Cost = 143
----- Optimized Parameters (2 sig. digits) -----
[0.4089, 1008.0, 0.4618, 0.7394, 963.9, 0.1228, 0.7147, 0.01061, 8.41e-05]
Cost = 143
----- Optimized Parameters (2 sig. digits) -----
[0.4089, 1008.0, 0.4618, 0.7394, 963.9, 0.1228, 0.7147, 0.01061, 8.41e-05]
Cost = 143
----- Optimized Parameters (2 sig. digits) -----
[0.4089, 1008.0, 0.4618, 0.7394, 963.9, 0.1228, 0.7147, 0.01061, 8.41e-05]
Cost = 143
----- Optimized Parameters (2 sig. digits) -----
[0.4089, 1008.0, 0.4618, 0.7394, 963.9, 0.1228, 0.7147, 0.01061, 8.41e-05]
Cost = 143
----- Optimized Parameters (2 sig. digits) -----
[0.4089, 1008.0, 0.4618, 0.7394, 963.9, 0.1228, 0.7147, 0.01061, 8.41e-05]
Cost = 143
----- Optimized Parameters (2 sig. digits) -----
[0.4089, 1008.0, 0.4618, 0.7394, 963.9, 0.1228, 0.7147, 0.01061, 8.41e-05]
Cost = 143
----- Optimized Parameters (2 sig. digits) -----
[0.4089, 1008.0, 0.4618, 0.7394, 963.9, 0.1228, 0.7147, 0.01061, 8.41e-05]
Cost = 143
----- Optimized Parameters (2 sig. digits) -----
[0.4089, 1008.0, 0.4618, 0.7394, 963.9, 0.1228, 0.7147, 0.01061, 8.41e-05]
Cost = 143
----- Optimized Parameters (2 sig. digits) -----
[0.4089, 1008.0, 0.4618, 0.7394, 963.9, 0.1228, 0.7147, 0.01061, 8.411e-05]
Cost = 143
----- Optimized Parameters (2 sig. digits) -----
[0.4048, 1008.0, 0.4692, 0.7397, 963.9, 0.1261, 0.7116, 0.01019, 7.405e-05]
Cost = 136
----- Optimized Parameters (2 sig. digits) -----
[0.4048, 1008.0, 0.4692, 0.7397, 963.9, 0.1261, 0.7116, 0.01019, 7.405e-05]
Cost = 136
----- Optimized Parameters (2 sig. digits) -----
[0.4048, 1008.0, 0.4692, 0.7397, 963.9, 0.1261, 0.7116, 0.01019, 7.405e-05]
Cost = 136
----- Optimized Parameters (2 sig. digits) -----
[0.4048, 1008.0, 0.4692, 0.7397, 963.9, 0.1261, 0.7116, 0.01019, 7.405e-05]
Cost = 136
----- Optimized Parameters (2 sig. digits) -----
[0.4048, 1008.0, 0.4692, 0.7397, 963.9, 0.1261, 0.7116, 0.01019, 7.405e-05]
Cost = 136
----- Optimized Parameters (2 sig. digits) -----
[0.4048, 1008.0, 0.4692, 0.7397, 963.9, 0.1261, 0.7116, 0.01019, 7.405e-05]
Cost = 136
----- Optimized Parameters (2 sig. digits) -----
[0.4048, 1008.0, 0.4692, 0.7397, 963.9, 0.1261, 0.7116, 0.01019, 7.405e-05]
Cost = 136
----- Optimized Parameters (2 sig. digits) -----
[0.4048, 1008.0, 0.4692, 0.7397, 963.9, 0.1261, 0.7116, 0.01019, 7.405e-05]
Cost = 136
----- Optimized Parameters (2 sig. digits) -----
[0.4048, 1008.0, 0.4692, 0.7397, 963.9, 0.1261, 0.7116, 0.01019, 7.405e-05]
Cost = 136
----- Optimized Parameters (2 sig. digits) -----
[0.4048, 1008.0, 0.4692, 0.7397, 963.9, 0.1261, 0.7116, 0.01019, 7.406e-05]
Cost = 136
----- Optimized Parameters (2 sig. digits) -----
[0.4018, 1008.0, 0.4837, 0.7424, 963.9, 0.1236, 0.6886, 0.01003, 7.036e-05]
Cost = 132
----- Optimized Parameters (2 sig. digits) -----
[0.4018, 1008.0, 0.4837, 0.7424, 963.9, 0.1236, 0.6886, 0.01003, 7.036e-05]
Cost = 132
----- Optimized Parameters (2 sig. digits) -----
[0.4018, 1008.0, 0.4837, 0.7424, 963.9, 0.1236, 0.6886, 0.01003, 7.036e-05]
Cost = 132
----- Optimized Parameters (2 sig. digits) -----
[0.4018, 1008.0, 0.4837, 0.7424, 963.9, 0.1236, 0.6886, 0.01003, 7.036e-05]
Cost = 132
----- Optimized Parameters (2 sig. digits) -----
[0.4018, 1008.0, 0.4837, 0.7424, 963.9, 0.1236, 0.6886, 0.01003, 7.036e-05]
Cost = 132
----- Optimized Parameters (2 sig. digits) -----
[0.4018, 1008.0, 0.4837, 0.7424, 963.9, 0.1236, 0.6886, 0.01003, 7.036e-05]
Cost = 132
----- Optimized Parameters (2 sig. digits) -----
[0.4018, 1008.0, 0.4837, 0.7424, 963.9, 0.1236, 0.6886, 0.01003, 7.036e-05]
Cost = 132
----- Optimized Parameters (2 sig. digits) -----
[0.4018, 1008.0, 0.4837, 0.7424, 963.9, 0.1236, 0.6886, 0.01003, 7.036e-05]
Cost = 132
----- Optimized Parameters (2 sig. digits) -----
[0.4018, 1008.0, 0.4837, 0.7424, 963.9, 0.1236, 0.6886, 0.01003, 7.036e-05]
Cost = 132
----- Optimized Parameters (2 sig. digits) -----
[0.4018, 1008.0, 0.4837, 0.7424, 963.9, 0.1236, 0.6886, 0.01003, 7.038e-05]
Cost = 132
----- Optimized Parameters (2 sig. digits) -----
[0.4055, 1008.0, 0.4972, 0.7452, 963.9, 0.119, 0.6601, 0.01, 6.946e-05]
Cost = 130
----- Optimized Parameters (2 sig. digits) -----
[0.4055, 1008.0, 0.4972, 0.7452, 963.9, 0.119, 0.6601, 0.01, 6.946e-05]
Cost = 130
----- Optimized Parameters (2 sig. digits) -----
[0.4055, 1008.0, 0.4972, 0.7452, 963.9, 0.119, 0.6601, 0.01, 6.946e-05]
Cost = 130
----- Optimized Parameters (2 sig. digits) -----
[0.4055, 1008.0, 0.4972, 0.7452, 963.9, 0.119, 0.6601, 0.01, 6.946e-05]
Cost = 130
----- Optimized Parameters (2 sig. digits) -----
[0.4055, 1008.0, 0.4972, 0.7452, 963.9, 0.119, 0.6601, 0.01, 6.946e-05]
Cost = 130
----- Optimized Parameters (2 sig. digits) -----
[0.4055, 1008.0, 0.4972, 0.7452, 963.9, 0.119, 0.6601, 0.01, 6.946e-05]
Cost = 130
----- Optimized Parameters (2 sig. digits) -----
[0.4055, 1008.0, 0.4972, 0.7452, 963.9, 0.119, 0.6601, 0.01, 6.946e-05]
Cost = 130
----- Optimized Parameters (2 sig. digits) -----
[0.4055, 1008.0, 0.4972, 0.7452, 963.9, 0.119, 0.6601, 0.01, 6.946e-05]
Cost = 130
----- Optimized Parameters (2 sig. digits) -----
[0.4055, 1008.0, 0.4972, 0.7452, 963.9, 0.119, 0.6601, 0.01, 6.946e-05]
Cost = 130
----- Optimized Parameters (2 sig. digits) -----
[0.4055, 1008.0, 0.4972, 0.7452, 963.9, 0.119, 0.6601, 0.01, 6.948e-05]
Cost = 130
----- Optimized Parameters (2 sig. digits) -----
[0.4198, 1008.0, 0.5172, 0.7516, 963.9, 0.1108, 0.6049, 0.01, 6.867e-05]
Cost = 127
----- Optimized Parameters (2 sig. digits) -----
[0.4198, 1008.0, 0.5172, 0.7516, 963.9, 0.1108, 0.6049, 0.01, 6.867e-05]
Cost = 127
----- Optimized Parameters (2 sig. digits) -----
[0.4198, 1008.0, 0.5172, 0.7516, 963.9, 0.1108, 0.6049, 0.01, 6.867e-05]
Cost = 127
----- Optimized Parameters (2 sig. digits) -----
[0.4198, 1008.0, 0.5172, 0.7516, 963.9, 0.1108, 0.6049, 0.01, 6.867e-05]
Cost = 127
----- Optimized Parameters (2 sig. digits) -----
[0.4198, 1008.0, 0.5172, 0.7516, 963.9, 0.1108, 0.6049, 0.01, 6.867e-05]
Cost = 127
----- Optimized Parameters (2 sig. digits) -----
[0.4198, 1008.0, 0.5172, 0.7516, 963.9, 0.1108, 0.6049, 0.01, 6.867e-05]
Cost = 127
----- Optimized Parameters (2 sig. digits) -----
[0.4198, 1008.0, 0.5172, 0.7516, 963.9, 0.1108, 0.6049, 0.01, 6.867e-05]
Cost = 127
----- Optimized Parameters (2 sig. digits) -----
[0.4198, 1008.0, 0.5172, 0.7516, 963.9, 0.1108, 0.6049, 0.01, 6.867e-05]
Cost = 127
----- Optimized Parameters (2 sig. digits) -----
[0.4198, 1008.0, 0.5172, 0.7516, 963.9, 0.1108, 0.6049, 0.01, 6.867e-05]
Cost = 127
----- Optimized Parameters (2 sig. digits) -----
[0.4198, 1008.0, 0.5172, 0.7516, 963.9, 0.1108, 0.6049, 0.01, 6.869e-05]
Cost = 127
----- Optimized Parameters (2 sig. digits) -----
[0.4355, 1005.0, 0.5371, 0.8038, 963.8, 0.1008, 0.5141, 0.01, 6.753e-05]
Cost = 123
----- Optimized Parameters (2 sig. digits) -----
[0.4355, 1005.0, 0.5371, 0.8038, 963.8, 0.1008, 0.5141, 0.01, 6.753e-05]
Cost = 123
----- Optimized Parameters (2 sig. digits) -----
[0.4355, 1005.0, 0.5371, 0.8038, 963.8, 0.1008, 0.5141, 0.01, 6.753e-05]
Cost = 123
----- Optimized Parameters (2 sig. digits) -----
[0.4355, 1005.0, 0.5371, 0.8038, 963.8, 0.1008, 0.5141, 0.01, 6.753e-05]
Cost = 123
----- Optimized Parameters (2 sig. digits) -----
[0.4355, 1005.0, 0.5371, 0.8038, 963.8, 0.1008, 0.5141, 0.01, 6.753e-05]
Cost = 123
----- Optimized Parameters (2 sig. digits) -----
[0.4355, 1005.0, 0.5371, 0.8038, 963.8, 0.1008, 0.5141, 0.01, 6.753e-05]
Cost = 123
----- Optimized Parameters (2 sig. digits) -----
[0.4355, 1005.0, 0.5371, 0.8038, 963.8, 0.1008, 0.5141, 0.01, 6.753e-05]
Cost = 123
----- Optimized Parameters (2 sig. digits) -----
[0.4355, 1005.0, 0.5371, 0.8038, 963.8, 0.1008, 0.5141, 0.01, 6.753e-05]
Cost = 123
----- Optimized Parameters (2 sig. digits) -----
[0.4355, 1005.0, 0.5371, 0.8038, 963.8, 0.1008, 0.5141, 0.01, 6.753e-05]
Cost = 123
----- Optimized Parameters (2 sig. digits) -----
[0.4355, 1005.0, 0.5371, 0.8038, 963.8, 0.1008, 0.5141, 0.01, 6.754e-05]
Cost = 123
----- Optimized Parameters (2 sig. digits) -----
[0.4469, 993.8, 0.5527, 0.9318, 963.5, 0.09359, 0.4402, 0.01, 6.635e-05]
Cost = 118
----- Optimized Parameters (2 sig. digits) -----
[0.4469, 993.8, 0.5527, 0.9318, 963.5, 0.09359, 0.4402, 0.01, 6.635e-05]
Cost = 118
----- Optimized Parameters (2 sig. digits) -----
[0.4469, 993.8, 0.5527, 0.9318, 963.5, 0.09359, 0.4402, 0.01, 6.635e-05]
Cost = 118
----- Optimized Parameters (2 sig. digits) -----
[0.4469, 993.8, 0.5527, 0.9318, 963.5, 0.09359, 0.4402, 0.01, 6.635e-05]
Cost = 118
----- Optimized Parameters (2 sig. digits) -----
[0.4469, 993.8, 0.5527, 0.9318, 963.5, 0.09359, 0.4402, 0.01, 6.635e-05]
Cost = 118
----- Optimized Parameters (2 sig. digits) -----
[0.4469, 993.8, 0.5527, 0.9318, 963.5, 0.09359, 0.4402, 0.01, 6.635e-05]
Cost = 118
----- Optimized Parameters (2 sig. digits) -----
[0.4469, 993.8, 0.5527, 0.9318, 963.5, 0.09359, 0.4402, 0.01, 6.635e-05]
Cost = 118
----- Optimized Parameters (2 sig. digits) -----
[0.4469, 993.8, 0.5527, 0.9318, 963.5, 0.09359, 0.4402, 0.01, 6.635e-05]
Cost = 118
----- Optimized Parameters (2 sig. digits) -----
[0.4469, 993.8, 0.5527, 0.9318, 963.5, 0.09359, 0.4402, 0.01, 6.635e-05]
Cost = 118
----- Optimized Parameters (2 sig. digits) -----
[0.4469, 993.8, 0.5527, 0.9318, 963.5, 0.09359, 0.4402, 0.01, 6.636e-05]
Cost = 118
----- Optimized Parameters (2 sig. digits) -----
[0.4654, 977.9, 0.5765, 0.9944, 960.0, 0.084, 0.3493, 0.01, 6.37e-05]
Cost = 113
----- Optimized Parameters (2 sig. digits) -----
[0.4654, 977.9, 0.5765, 0.9944, 960.0, 0.084, 0.3493, 0.01, 6.37e-05]
Cost = 113
----- Optimized Parameters (2 sig. digits) -----
[0.4654, 977.9, 0.5765, 0.9944, 960.0, 0.084, 0.3493, 0.01, 6.37e-05]
Cost = 113
----- Optimized Parameters (2 sig. digits) -----
[0.4654, 977.9, 0.5765, 0.9944, 960.0, 0.084, 0.3493, 0.01, 6.37e-05]
Cost = 113
----- Optimized Parameters (2 sig. digits) -----
[0.4654, 977.9, 0.5765, 0.9944, 960.0, 0.084, 0.3493, 0.01, 6.37e-05]
Cost = 113
----- Optimized Parameters (2 sig. digits) -----
[0.4654, 977.9, 0.5765, 0.9944, 960.0, 0.084, 0.3493, 0.01, 6.37e-05]
Cost = 113
----- Optimized Parameters (2 sig. digits) -----
[0.4654, 977.9, 0.5765, 0.9944, 960.0, 0.084, 0.3493, 0.01, 6.37e-05]
Cost = 113
----- Optimized Parameters (2 sig. digits) -----
[0.4654, 977.9, 0.5765, 0.9944, 960.0, 0.084, 0.3493, 0.01, 6.37e-05]
Cost = 113
----- Optimized Parameters (2 sig. digits) -----
[0.4654, 977.9, 0.5765, 0.9944, 960.0, 0.084, 0.3493, 0.01, 6.37e-05]
Cost = 113
----- Optimized Parameters (2 sig. digits) -----
[0.4654, 977.9, 0.5765, 0.9944, 960.0, 0.084, 0.3493, 0.01, 6.371e-05]
Cost = 113
----- Optimized Parameters (2 sig. digits) -----
[0.4682, 927.9, 0.5801, 1.0, 958.8, 0.08295, 0.3343, 0.01, 6.307e-05]
Cost = 112
----- Optimized Parameters (2 sig. digits) -----
[0.4682, 927.9, 0.5801, 1.0, 958.8, 0.08295, 0.3343, 0.01, 6.307e-05]
Cost = 112
----- Optimized Parameters (2 sig. digits) -----
[0.4682, 927.9, 0.5801, 1.0, 958.8, 0.08295, 0.3343, 0.01, 6.307e-05]
Cost = 112
----- Optimized Parameters (2 sig. digits) -----
[0.4682, 927.9, 0.5801, 1.0, 958.8, 0.08295, 0.3343, 0.01, 6.307e-05]
Cost = 112
----- Optimized Parameters (2 sig. digits) -----
[0.4682, 927.9, 0.5801, 1.0, 958.8, 0.08295, 0.3343, 0.01, 6.307e-05]
Cost = 112
----- Optimized Parameters (2 sig. digits) -----
[0.4682, 927.9, 0.5801, 1.0, 958.8, 0.08295, 0.3343, 0.01, 6.307e-05]
Cost = 112
----- Optimized Parameters (2 sig. digits) -----
[0.4682, 927.9, 0.5801, 1.0, 958.8, 0.08295, 0.3343, 0.01, 6.307e-05]
Cost = 112
----- Optimized Parameters (2 sig. digits) -----
[0.4682, 927.9, 0.5801, 1.0, 958.8, 0.08295, 0.3343, 0.01, 6.307e-05]
Cost = 112
----- Optimized Parameters (2 sig. digits) -----
[0.4682, 927.9, 0.5801, 1.0, 958.8, 0.08295, 0.3343, 0.01, 6.307e-05]
Cost = 112
----- Optimized Parameters (2 sig. digits) -----
[0.4682, 927.9, 0.5801, 1.0, 958.8, 0.08295, 0.3343, 0.01, 6.309e-05]
Cost = 112
----- Optimized Parameters (2 sig. digits) -----
[0.4753, 836.5, 0.5891, 1.0, 956.0, 0.08017, 0.2987, 0.01, 6.119e-05]
Cost = 109
----- Optimized Parameters (2 sig. digits) -----
[0.4753, 836.5, 0.5891, 1.0, 956.0, 0.08017, 0.2987, 0.01, 6.119e-05]
Cost = 109
----- Optimized Parameters (2 sig. digits) -----
[0.4753, 836.5, 0.5891, 1.0, 956.0, 0.08017, 0.2987, 0.01, 6.119e-05]
Cost = 109
----- Optimized Parameters (2 sig. digits) -----
[0.4753, 836.5, 0.5891, 1.0, 956.0, 0.08017, 0.2987, 0.01, 6.119e-05]
Cost = 109
----- Optimized Parameters (2 sig. digits) -----
[0.4753, 836.5, 0.5891, 1.0, 956.0, 0.08017, 0.2987, 0.01, 6.119e-05]
Cost = 109
----- Optimized Parameters (2 sig. digits) -----
[0.4753, 836.5, 0.5891, 1.0, 956.0, 0.08017, 0.2987, 0.01, 6.119e-05]
Cost = 109
----- Optimized Parameters (2 sig. digits) -----
[0.4753, 836.5, 0.5891, 1.0, 956.0, 0.08017, 0.2987, 0.01, 6.119e-05]
Cost = 109
----- Optimized Parameters (2 sig. digits) -----
[0.4753, 836.5, 0.5891, 1.0, 956.0, 0.08017, 0.2987, 0.01, 6.119e-05]
Cost = 109
----- Optimized Parameters (2 sig. digits) -----
[0.4753, 836.5, 0.5891, 1.0, 956.0, 0.08017, 0.2987, 0.01, 6.119e-05]
Cost = 109
----- Optimized Parameters (2 sig. digits) -----
[0.4753, 836.5, 0.5891, 1.0, 956.0, 0.08017, 0.2987, 0.01, 6.12e-05]
Cost = 109
----- Optimized Parameters (2 sig. digits) -----
[0.491, 805.5, 0.6075, 1.0, 946.5, 0.07415, 0.2422, 0.01, 5.747e-05]
Cost = 107
----- Optimized Parameters (2 sig. digits) -----
[0.491, 805.5, 0.6075, 1.0, 946.5, 0.07415, 0.2422, 0.01, 5.747e-05]
Cost = 107
----- Optimized Parameters (2 sig. digits) -----
[0.491, 805.5, 0.6075, 1.0, 946.5, 0.07415, 0.2422, 0.01, 5.747e-05]
Cost = 107
----- Optimized Parameters (2 sig. digits) -----
[0.491, 805.5, 0.6075, 1.0, 946.5, 0.07415, 0.2422, 0.01, 5.747e-05]
Cost = 107
----- Optimized Parameters (2 sig. digits) -----
[0.491, 805.5, 0.6075, 1.0, 946.5, 0.07415, 0.2422, 0.01, 5.747e-05]
Cost = 107
----- Optimized Parameters (2 sig. digits) -----
[0.491, 805.5, 0.6075, 1.0, 946.5, 0.07415, 0.2422, 0.01, 5.747e-05]
Cost = 107
----- Optimized Parameters (2 sig. digits) -----
[0.491, 805.5, 0.6075, 1.0, 946.5, 0.07415, 0.2422, 0.01, 5.747e-05]
Cost = 107
----- Optimized Parameters (2 sig. digits) -----
[0.491, 805.5, 0.6075, 1.0, 946.5, 0.07415, 0.2422, 0.01, 5.747e-05]
Cost = 107
----- Optimized Parameters (2 sig. digits) -----
[0.491, 805.5, 0.6075, 1.0, 946.5, 0.07415, 0.2422, 0.01, 5.747e-05]
Cost = 107
----- Optimized Parameters (2 sig. digits) -----
[0.491, 805.5, 0.6075, 1.0, 946.5, 0.07415, 0.2422, 0.01, 5.749e-05]
Cost = 107
----- Optimized Parameters (2 sig. digits) -----
[0.4929, 690.4, 0.61, 1.0, 944.0, 0.07404, 0.2348, 0.01, 5.666e-05]
Cost = 106
----- Optimized Parameters (2 sig. digits) -----
[0.4929, 690.4, 0.61, 1.0, 944.0, 0.07404, 0.2348, 0.01, 5.666e-05]
Cost = 106
----- Optimized Parameters (2 sig. digits) -----
[0.4929, 690.4, 0.61, 1.0, 944.0, 0.07404, 0.2348, 0.01, 5.666e-05]
Cost = 106
----- Optimized Parameters (2 sig. digits) -----
[0.4929, 690.4, 0.61, 1.0, 944.0, 0.07404, 0.2348, 0.01, 5.666e-05]
Cost = 106
----- Optimized Parameters (2 sig. digits) -----
[0.4929, 690.4, 0.61, 1.0, 944.0, 0.07404, 0.2348, 0.01, 5.666e-05]
Cost = 106
----- Optimized Parameters (2 sig. digits) -----
[0.4929, 690.4, 0.61, 1.0, 944.0, 0.07404, 0.2348, 0.01, 5.666e-05]
Cost = 106
----- Optimized Parameters (2 sig. digits) -----
[0.4929, 690.4, 0.61, 1.0, 944.0, 0.07404, 0.2348, 0.01, 5.666e-05]
Cost = 106
----- Optimized Parameters (2 sig. digits) -----
[0.4929, 690.4, 0.61, 1.0, 944.0, 0.07404, 0.2348, 0.01, 5.666e-05]
Cost = 106
----- Optimized Parameters (2 sig. digits) -----
[0.4929, 690.4, 0.61, 1.0, 944.0, 0.07404, 0.2348, 0.01, 5.666e-05]
Cost = 106
----- Optimized Parameters (2 sig. digits) -----
[0.4929, 690.4, 0.61, 1.0, 944.0, 0.07404, 0.2348, 0.01, 5.667e-05]
Cost = 106
----- Optimized Parameters (2 sig. digits) -----
[0.4964, 471.5, 0.6151, 1.0, 938.5, 0.07366, 0.2196, 0.01, 5.479e-05]
Cost = 105
----- Optimized Parameters (2 sig. digits) -----
[0.4964, 471.5, 0.6151, 1.0, 938.5, 0.07366, 0.2196, 0.01, 5.479e-05]
Cost = 105
----- Optimized Parameters (2 sig. digits) -----
[0.4964, 471.5, 0.6151, 1.0, 938.5, 0.07366, 0.2196, 0.01, 5.479e-05]
Cost = 105
----- Optimized Parameters (2 sig. digits) -----
[0.4964, 471.5, 0.6151, 1.0, 938.5, 0.07366, 0.2196, 0.01, 5.479e-05]
Cost = 105
----- Optimized Parameters (2 sig. digits) -----
[0.4964, 471.5, 0.6151, 1.0, 938.5, 0.07366, 0.2196, 0.01, 5.479e-05]
Cost = 105
----- Optimized Parameters (2 sig. digits) -----
[0.4964, 471.5, 0.6151, 1.0, 938.5, 0.07366, 0.2196, 0.01, 5.479e-05]
Cost = 105
----- Optimized Parameters (2 sig. digits) -----
[0.4964, 471.5, 0.6151, 1.0, 938.5, 0.07366, 0.2196, 0.01, 5.479e-05]
Cost = 105
----- Optimized Parameters (2 sig. digits) -----
[0.4964, 471.5, 0.6151, 1.0, 938.5, 0.07366, 0.2196, 0.01, 5.479e-05]
Cost = 105
----- Optimized Parameters (2 sig. digits) -----
[0.4964, 471.5, 0.6151, 1.0, 938.5, 0.07366, 0.2196, 0.01, 5.479e-05]
Cost = 105
----- Optimized Parameters (2 sig. digits) -----
[0.4964, 471.5, 0.6151, 1.0, 938.5, 0.07366, 0.2196, 0.01, 5.48e-05]
Cost = 105
----- Optimized Parameters (2 sig. digits) -----
[0.4967, 300.9, 0.6167, 1.0, 935.1, 0.07425, 0.2191, 0.01, 5.429e-05]
Cost = 105
----- Optimized Parameters (2 sig. digits) -----
[0.4967, 300.9, 0.6167, 1.0, 935.1, 0.07425, 0.2191, 0.01, 5.429e-05]
Cost = 105
----- Optimized Parameters (2 sig. digits) -----
[0.4967, 300.9, 0.6167, 1.0, 935.1, 0.07425, 0.2191, 0.01, 5.429e-05]
Cost = 105
----- Optimized Parameters (2 sig. digits) -----
[0.4967, 300.9, 0.6167, 1.0, 935.1, 0.07425, 0.2191, 0.01, 5.429e-05]
Cost = 105
----- Optimized Parameters (2 sig. digits) -----
[0.4967, 300.9, 0.6167, 1.0, 935.1, 0.07425, 0.2191, 0.01, 5.429e-05]
Cost = 105
----- Optimized Parameters (2 sig. digits) -----
[0.4967, 300.9, 0.6167, 1.0, 935.1, 0.07425, 0.2191, 0.01, 5.429e-05]
Cost = 105
----- Optimized Parameters (2 sig. digits) -----
[0.4967, 300.9, 0.6167, 1.0, 935.1, 0.07425, 0.2191, 0.01, 5.429e-05]
Cost = 105
----- Optimized Parameters (2 sig. digits) -----
[0.4967, 300.9, 0.6167, 1.0, 935.1, 0.07425, 0.2191, 0.01, 5.429e-05]
Cost = 105
----- Optimized Parameters (2 sig. digits) -----
[0.4967, 300.9, 0.6167, 1.0, 935.1, 0.07425, 0.2191, 0.01, 5.429e-05]
Cost = 105
----- Optimized Parameters (2 sig. digits) -----
[0.4967, 300.9, 0.6167, 1.0, 935.1, 0.07425, 0.2191, 0.01, 5.431e-05]
Cost = 105
----- Optimized Parameters (2 sig. digits) -----
[0.4967, 301.6, 0.6167, 1.0, 935.1, 0.07427, 0.2192, 0.01, 5.429e-05]
Cost = 105
----- Optimized Parameters (2 sig. digits) -----
[0.4967, 301.6, 0.6167, 1.0, 935.1, 0.07427, 0.2192, 0.01, 5.429e-05]
Cost = 105
----- Optimized Parameters (2 sig. digits) -----
[0.4967, 301.6, 0.6167, 1.0, 935.1, 0.07427, 0.2192, 0.01, 5.429e-05]
Cost = 105
----- Optimized Parameters (2 sig. digits) -----
[0.4967, 301.6, 0.6167, 1.0, 935.1, 0.07427, 0.2192, 0.01, 5.429e-05]
Cost = 105
----- Optimized Parameters (2 sig. digits) -----
[0.4967, 301.6, 0.6167, 1.0, 935.1, 0.07427, 0.2192, 0.01, 5.429e-05]
Cost = 105
----- Optimized Parameters (2 sig. digits) -----
[0.4967, 301.6, 0.6167, 1.0, 935.1, 0.07427, 0.2192, 0.01, 5.429e-05]
Cost = 105
----- Optimized Parameters (2 sig. digits) -----
[0.4967, 301.6, 0.6167, 1.0, 935.1, 0.07427, 0.2192, 0.01, 5.429e-05]
Cost = 105
----- Optimized Parameters (2 sig. digits) -----
[0.4967, 301.6, 0.6167, 1.0, 935.1, 0.07427, 0.2192, 0.01, 5.429e-05]
Cost = 105
----- Optimized Parameters (2 sig. digits) -----
[0.4967, 301.6, 0.6167, 1.0, 935.1, 0.07427, 0.2192, 0.01, 5.429e-05]
Cost = 105
----- Optimized Parameters (2 sig. digits) -----
[0.4967, 301.6, 0.6167, 1.0, 935.1, 0.07427, 0.2192, 0.01, 5.43e-05]
Cost = 105
----- Optimized Parameters (2 sig. digits) -----
[0.4988, 300.1, 0.6209, 1.0, 909.4, 0.0711, 0.2004, 0.01, 5.185e-05]
Cost = 105
----- Optimized Parameters (2 sig. digits) -----
[0.4988, 300.1, 0.6209, 1.0, 909.4, 0.0711, 0.2004, 0.01, 5.185e-05]
Cost = 105
----- Optimized Parameters (2 sig. digits) -----
[0.4988, 300.1, 0.6209, 1.0, 909.4, 0.0711, 0.2004, 0.01, 5.185e-05]
Cost = 105
----- Optimized Parameters (2 sig. digits) -----
[0.4988, 300.1, 0.6209, 1.0, 909.4, 0.0711, 0.2004, 0.01, 5.185e-05]
Cost = 105
----- Optimized Parameters (2 sig. digits) -----
[0.4988, 300.1, 0.6209, 1.0, 909.4, 0.0711, 0.2004, 0.01, 5.185e-05]
Cost = 105
----- Optimized Parameters (2 sig. digits) -----
[0.4988, 300.1, 0.6209, 1.0, 909.4, 0.0711, 0.2004, 0.01, 5.185e-05]
Cost = 105
----- Optimized Parameters (2 sig. digits) -----
[0.4988, 300.1, 0.6209, 1.0, 909.4, 0.0711, 0.2004, 0.01, 5.185e-05]
Cost = 105
----- Optimized Parameters (2 sig. digits) -----
[0.4988, 300.1, 0.6209, 1.0, 909.4, 0.0711, 0.2004, 0.01, 5.185e-05]
Cost = 105
----- Optimized Parameters (2 sig. digits) -----
[0.4988, 300.1, 0.6209, 1.0, 909.4, 0.0711, 0.2004, 0.01, 5.185e-05]
Cost = 105
----- Optimized Parameters (2 sig. digits) -----
[0.4988, 300.1, 0.6209, 1.0, 909.4, 0.0711, 0.2004, 0.01, 5.186e-05]
Cost = 105
----- Optimized Parameters (2 sig. digits) -----
[0.4988, 304.7, 0.621, 1.0, 909.4, 0.07113, 0.2005, 0.01, 5.183e-05]
Cost = 105
----- Optimized Parameters (2 sig. digits) -----
[0.4988, 304.7, 0.621, 1.0, 909.4, 0.07113, 0.2005, 0.01, 5.183e-05]
Cost = 105
----- Optimized Parameters (2 sig. digits) -----
[0.4988, 304.7, 0.621, 1.0, 909.4, 0.07113, 0.2005, 0.01, 5.183e-05]
Cost = 105
----- Optimized Parameters (2 sig. digits) -----
[0.4988, 304.7, 0.621, 1.0, 909.4, 0.07113, 0.2005, 0.01, 5.183e-05]
Cost = 105
----- Optimized Parameters (2 sig. digits) -----
[0.4988, 304.7, 0.621, 1.0, 909.4, 0.07113, 0.2005, 0.01, 5.183e-05]
Cost = 105
----- Optimized Parameters (2 sig. digits) -----
[0.4988, 304.7, 0.621, 1.0, 909.4, 0.07113, 0.2005, 0.01, 5.183e-05]
Cost = 105
----- Optimized Parameters (2 sig. digits) -----
[0.4988, 304.7, 0.621, 1.0, 909.4, 0.07113, 0.2005, 0.01, 5.183e-05]
Cost = 105
----- Optimized Parameters (2 sig. digits) -----
[0.4988, 304.7, 0.621, 1.0, 909.4, 0.07113, 0.2005, 0.01, 5.183e-05]
Cost = 105
----- Optimized Parameters (2 sig. digits) -----
[0.4988, 304.7, 0.621, 1.0, 909.4, 0.07113, 0.2005, 0.01, 5.183e-05]
Cost = 105
----- Optimized Parameters (2 sig. digits) -----
[0.4988, 304.7, 0.621, 1.0, 909.4, 0.07113, 0.2005, 0.01, 5.185e-05]
Cost = 105
----- Optimized Parameters (2 sig. digits) -----
[0.5002, 301.2, 0.6247, 1.0, 887.2, 0.06884, 0.1916, 0.01, 5.032e-05]
Cost = 105
----- Optimized Parameters (2 sig. digits) -----
[0.5002, 301.2, 0.6247, 1.0, 887.2, 0.06884, 0.1916, 0.01, 5.032e-05]
Cost = 105
----- Optimized Parameters (2 sig. digits) -----
[0.5002, 301.2, 0.6247, 1.0, 887.2, 0.06884, 0.1916, 0.01, 5.032e-05]
Cost = 105
----- Optimized Parameters (2 sig. digits) -----
[0.5002, 301.2, 0.6247, 1.0, 887.2, 0.06884, 0.1916, 0.01, 5.032e-05]
Cost = 105
----- Optimized Parameters (2 sig. digits) -----
[0.5002, 301.2, 0.6247, 1.0, 887.2, 0.06884, 0.1916, 0.01, 5.032e-05]
Cost = 105
----- Optimized Parameters (2 sig. digits) -----
[0.5002, 301.2, 0.6247, 1.0, 887.2, 0.06884, 0.1916, 0.01, 5.032e-05]
Cost = 105
----- Optimized Parameters (2 sig. digits) -----
[0.5002, 301.2, 0.6247, 1.0, 887.2, 0.06884, 0.1916, 0.01, 5.032e-05]
Cost = 105
----- Optimized Parameters (2 sig. digits) -----
[0.5002, 301.2, 0.6247, 1.0, 887.2, 0.06884, 0.1916, 0.01, 5.032e-05]
Cost = 105
----- Optimized Parameters (2 sig. digits) -----
[0.5002, 301.2, 0.6247, 1.0, 887.2, 0.06884, 0.1916, 0.01, 5.032e-05]
Cost = 105
----- Optimized Parameters (2 sig. digits) -----
[0.5002, 301.2, 0.6247, 1.0, 887.2, 0.06884, 0.1916, 0.01, 5.033e-05]
Cost = 105
----- Optimized Parameters (2 sig. digits) -----
[0.5002, 301.5, 0.6248, 1.0, 887.1, 0.06886, 0.1917, 0.01, 5.032e-05]
Cost = 105
----- Optimized Parameters (2 sig. digits) -----
[0.5002, 301.5, 0.6248, 1.0, 887.1, 0.06886, 0.1917, 0.01, 5.032e-05]
Cost = 105
----- Optimized Parameters (2 sig. digits) -----
[0.5002, 301.5, 0.6248, 1.0, 887.1, 0.06886, 0.1917, 0.01, 5.032e-05]
Cost = 105
----- Optimized Parameters (2 sig. digits) -----
[0.5002, 301.5, 0.6248, 1.0, 887.1, 0.06886, 0.1917, 0.01, 5.032e-05]
Cost = 105
----- Optimized Parameters (2 sig. digits) -----
[0.5002, 301.5, 0.6248, 1.0, 887.1, 0.06886, 0.1917, 0.01, 5.032e-05]
Cost = 105
----- Optimized Parameters (2 sig. digits) -----
[0.5002, 301.5, 0.6248, 1.0, 887.1, 0.06886, 0.1917, 0.01, 5.032e-05]
Cost = 105
----- Optimized Parameters (2 sig. digits) -----
[0.5002, 301.5, 0.6248, 1.0, 887.1, 0.06886, 0.1917, 0.01, 5.032e-05]
Cost = 105
----- Optimized Parameters (2 sig. digits) -----
[0.5002, 301.5, 0.6248, 1.0, 887.1, 0.06886, 0.1917, 0.01, 5.032e-05]
Cost = 105
----- Optimized Parameters (2 sig. digits) -----
[0.5002, 301.5, 0.6248, 1.0, 887.1, 0.06886, 0.1917, 0.01, 5.032e-05]
Cost = 105
----- Optimized Parameters (2 sig. digits) -----
[0.5002, 301.5, 0.6248, 1.0, 887.1, 0.06886, 0.1917, 0.01, 5.033e-05]
Cost = 105
----- Optimized Parameters (2 sig. digits) -----
[0.5018, 300.7, 0.6291, 1.0, 861.4, 0.06636, 0.1858, 0.01, 4.923e-05]
Cost = 105
----- Optimized Parameters (2 sig. digits) -----
[0.5018, 300.7, 0.6291, 1.0, 861.4, 0.06636, 0.1858, 0.01, 4.923e-05]
Cost = 105
----- Optimized Parameters (2 sig. digits) -----
[0.5018, 300.7, 0.6291, 1.0, 861.4, 0.06636, 0.1858, 0.01, 4.923e-05]
Cost = 105
----- Optimized Parameters (2 sig. digits) -----
[0.5018, 300.7, 0.6291, 1.0, 861.4, 0.06636, 0.1858, 0.01, 4.923e-05]
Cost = 105
----- Optimized Parameters (2 sig. digits) -----
[0.5018, 300.7, 0.6291, 1.0, 861.4, 0.06636, 0.1858, 0.01, 4.923e-05]
Cost = 105
----- Optimized Parameters (2 sig. digits) -----
[0.5018, 300.7, 0.6291, 1.0, 861.4, 0.06636, 0.1858, 0.01, 4.923e-05]
Cost = 105
----- Optimized Parameters (2 sig. digits) -----
[0.5018, 300.7, 0.6291, 1.0, 861.4, 0.06636, 0.1858, 0.01, 4.923e-05]
Cost = 105
----- Optimized Parameters (2 sig. digits) -----
[0.5018, 300.7, 0.6291, 1.0, 861.4, 0.06636, 0.1858, 0.01, 4.923e-05]
Cost = 105
----- Optimized Parameters (2 sig. digits) -----
[0.5018, 300.7, 0.6291, 1.0, 861.4, 0.06636, 0.1858, 0.01, 4.923e-05]
Cost = 105
----- Optimized Parameters (2 sig. digits) -----
[0.5018, 300.7, 0.6291, 1.0, 861.4, 0.06636, 0.1858, 0.01, 4.924e-05]
Cost = 105
----- Optimized Parameters (2 sig. digits) -----
[0.5018, 300.7, 0.6291, 1.0, 861.4, 0.06636, 0.1858, 0.01, 4.929e-05]
Cost = 105
----- Optimized Parameters (2 sig. digits) -----
[0.5018, 300.7, 0.6291, 1.0, 861.4, 0.06636, 0.1858, 0.01, 4.929e-05]
Cost = 105
----- Optimized Parameters (2 sig. digits) -----
[0.5018, 300.7, 0.6291, 1.0, 861.4, 0.06636, 0.1858, 0.01, 4.929e-05]
Cost = 105
----- Optimized Parameters (2 sig. digits) -----
[0.5018, 300.7, 0.6291, 1.0, 861.4, 0.06636, 0.1858, 0.01, 4.929e-05]
Cost = 105
----- Optimized Parameters (2 sig. digits) -----
[0.5018, 300.7, 0.6291, 1.0, 861.4, 0.06636, 0.1858, 0.01, 4.929e-05]
Cost = 105
----- Optimized Parameters (2 sig. digits) -----
[0.5018, 300.7, 0.6291, 1.0, 861.4, 0.06636, 0.1858, 0.01, 4.929e-05]
Cost = 105
----- Optimized Parameters (2 sig. digits) -----
[0.5018, 300.7, 0.6291, 1.0, 861.4, 0.06636, 0.1858, 0.01, 4.929e-05]
Cost = 105
----- Optimized Parameters (2 sig. digits) -----
[0.5018, 300.7, 0.6291, 1.0, 861.4, 0.06636, 0.1858, 0.01, 4.929e-05]
Cost = 105
----- Optimized Parameters (2 sig. digits) -----
[0.5018, 300.7, 0.6291, 1.0, 861.4, 0.06636, 0.1858, 0.01, 4.929e-05]
Cost = 105
----- Optimized Parameters (2 sig. digits) -----
[0.5018, 300.7, 0.6291, 1.0, 861.4, 0.06636, 0.1858, 0.01, 4.93e-05]
Cost = 105
----- Optimized Parameters (2 sig. digits) -----
[0.5018, 300.7, 0.6291, 1.0, 861.4, 0.06636, 0.1858, 0.01, 4.929e-05]
Cost = 105
----- Optimized Parameters (2 sig. digits) -----
[0.5018, 300.7, 0.6291, 1.0, 861.4, 0.06636, 0.1858, 0.01, 4.929e-05]
Cost = 105
----- Optimized Parameters (2 sig. digits) -----
[0.5018, 300.7, 0.6291, 1.0, 861.4, 0.06636, 0.1858, 0.01, 4.929e-05]
Cost = 105
----- Optimized Parameters (2 sig. digits) -----
[0.5018, 300.7, 0.6291, 1.0, 861.4, 0.06636, 0.1858, 0.01, 4.929e-05]
Cost = 105
----- Optimized Parameters (2 sig. digits) -----
[0.5018, 300.7, 0.6291, 1.0, 861.4, 0.06636, 0.1858, 0.01, 4.929e-05]
Cost = 105
----- Optimized Parameters (2 sig. digits) -----
[0.5018, 300.7, 0.6291, 1.0, 861.4, 0.06636, 0.1858, 0.01, 4.929e-05]
Cost = 105
----- Optimized Parameters (2 sig. digits) -----
[0.5018, 300.7, 0.6291, 1.0, 861.4, 0.06636, 0.1858, 0.01, 4.929e-05]
Cost = 105
----- Optimized Parameters (2 sig. digits) -----
[0.5018, 300.7, 0.6291, 1.0, 861.4, 0.06636, 0.1858, 0.01, 4.929e-05]
Cost = 105
----- Optimized Parameters (2 sig. digits) -----
[0.5018, 300.7, 0.6291, 1.0, 861.4, 0.06636, 0.1858, 0.01, 4.929e-05]
Cost = 105
----- Optimized Parameters (2 sig. digits) -----
[0.5018, 300.7, 0.6291, 1.0, 861.4, 0.06636, 0.1858, 0.01, 4.929e-05]
Cost = 105
----- Optimized Parameters (2 sig. digits) -----
[0.5018, 300.7, 0.6291, 1.0, 861.4, 0.06636, 0.1858, 0.01, 4.93e-05]
Cost = 105
----- Optimized Parameters (2 sig. digits) -----
[0.5049, 300.2, 0.6351, 1.0, 825.4, 0.06303, 0.1826, 0.01, 4.854e-05]
Cost = 104
----- Optimized Parameters (2 sig. digits) -----
[0.5049, 300.2, 0.6351, 1.0, 825.4, 0.06303, 0.1826, 0.01, 4.854e-05]
Cost = 104
----- Optimized Parameters (2 sig. digits) -----
[0.5049, 300.2, 0.6351, 1.0, 825.4, 0.06303, 0.1826, 0.01, 4.854e-05]
Cost = 104
----- Optimized Parameters (2 sig. digits) -----
[0.5049, 300.2, 0.6351, 1.0, 825.4, 0.06303, 0.1826, 0.01, 4.854e-05]
Cost = 104
----- Optimized Parameters (2 sig. digits) -----
[0.5049, 300.2, 0.6351, 1.0, 825.4, 0.06303, 0.1826, 0.01, 4.854e-05]
Cost = 104
----- Optimized Parameters (2 sig. digits) -----
[0.5049, 300.2, 0.6351, 1.0, 825.4, 0.06303, 0.1826, 0.01, 4.854e-05]
Cost = 104
----- Optimized Parameters (2 sig. digits) -----
[0.5049, 300.2, 0.6351, 1.0, 825.4, 0.06303, 0.1826, 0.01, 4.854e-05]
Cost = 104
----- Optimized Parameters (2 sig. digits) -----
[0.5049, 300.2, 0.6351, 1.0, 825.4, 0.06303, 0.1826, 0.01, 4.854e-05]
Cost = 104
----- Optimized Parameters (2 sig. digits) -----
[0.5049, 300.2, 0.6351, 1.0, 825.4, 0.06303, 0.1826, 0.01, 4.854e-05]
Cost = 104
----- Optimized Parameters (2 sig. digits) -----
[0.5049, 300.2, 0.6351, 1.0, 825.4, 0.06303, 0.1826, 0.01, 4.856e-05]
Cost = 104
----- Optimized Parameters (2 sig. digits) -----
[0.5049, 300.2, 0.6351, 1.0, 825.4, 0.06304, 0.1826, 0.01, 4.864e-05]
Cost = 104
----- Optimized Parameters (2 sig. digits) -----
[0.5049, 300.2, 0.6351, 1.0, 825.4, 0.06304, 0.1826, 0.01, 4.864e-05]
Cost = 104
----- Optimized Parameters (2 sig. digits) -----
[0.5049, 300.2, 0.6351, 1.0, 825.4, 0.06304, 0.1826, 0.01, 4.864e-05]
Cost = 104
----- Optimized Parameters (2 sig. digits) -----
[0.5049, 300.2, 0.6351, 1.0, 825.4, 0.06304, 0.1826, 0.01, 4.864e-05]
Cost = 104
----- Optimized Parameters (2 sig. digits) -----
[0.5049, 300.2, 0.6351, 1.0, 825.4, 0.06304, 0.1826, 0.01, 4.864e-05]
Cost = 104
----- Optimized Parameters (2 sig. digits) -----
[0.5049, 300.2, 0.6351, 1.0, 825.4, 0.06304, 0.1826, 0.01, 4.864e-05]
Cost = 104
----- Optimized Parameters (2 sig. digits) -----
[0.5049, 300.2, 0.6351, 1.0, 825.4, 0.06304, 0.1826, 0.01, 4.864e-05]
Cost = 104
----- Optimized Parameters (2 sig. digits) -----
[0.5049, 300.2, 0.6351, 1.0, 825.4, 0.06304, 0.1826, 0.01, 4.864e-05]
Cost = 104
----- Optimized Parameters (2 sig. digits) -----
[0.5049, 300.2, 0.6351, 1.0, 825.4, 0.06304, 0.1826, 0.01, 4.864e-05]
Cost = 104
----- Optimized Parameters (2 sig. digits) -----
[0.5049, 300.2, 0.6351, 1.0, 825.4, 0.06304, 0.1826, 0.01, 4.865e-05]
Cost = 104
----- Optimized Parameters (2 sig. digits) -----
[0.5049, 300.2, 0.6351, 1.0, 825.4, 0.06304, 0.1826, 0.01, 4.864e-05]
Cost = 104
Job Statistics for 7018593:
           JobID       User               Start                 End    Elapsed   TotalCPU      State        NodeList 
---------------- ---------- ------------------- ------------------- ---------- ---------- ---------- --------------- 
         7018593     sxa126 2025-07-26T07:31:15 2025-07-26T08:41:46   01:10:31   05:17:16  COMPLETED   r1pl-hpcf-n18 
   7018593.batch            2025-07-26T07:31:15 2025-07-26T08:41:46   01:10:31   05:17:16  COMPLETED   r1pl-hpcf-n18 
  7018593.extern            2025-07-26T07:31:15 2025-07-26T08:41:46   01:10:31  00:00.001  COMPLETED   r1pl-hpcf-n18 
Requested Resources: billing=5,cpu=5,mem=37275M,node=1
Maximum CPU Memory: 128.59M; 	CPU Efficiency: 89.98% of 05:52:35 core-walltime
