----- Optimized Parameters (2 sig. digits) -----
[0.5259, 3799.0, 0.07189, 0.5495, 1528.0, 0.1509, 0.1196, 0.676, 4.713e-06]
Cost = 692
----- Optimized Parameters (2 sig. digits) -----
[0.5259, 3799.0, 0.07189, 0.5495, 1528.0, 0.1509, 0.1196, 0.676, 4.713e-06]
Cost = 692
----- Optimized Parameters (2 sig. digits) -----
[0.5259, 3799.0, 0.07189, 0.5495, 1528.0, 0.1509, 0.1196, 0.676, 4.713e-06]
Cost = 692
----- Optimized Parameters (2 sig. digits) -----
[0.5259, 3799.0, 0.07189, 0.5495, 1528.0, 0.1509, 0.1196, 0.676, 4.713e-06]
Cost = 692
----- Optimized Parameters (2 sig. digits) -----
[0.5259, 3799.0, 0.07189, 0.5495, 1528.0, 0.1509, 0.1196, 0.676, 4.713e-06]
Cost = 692
----- Optimized Parameters (2 sig. digits) -----
[0.5259, 3799.0, 0.07189, 0.5495, 1528.0, 0.1509, 0.1196, 0.676, 4.713e-06]
Cost = 692
----- Optimized Parameters (2 sig. digits) -----
[0.5259, 3799.0, 0.07189, 0.5495, 1528.0, 0.1509, 0.1196, 0.676, 4.713e-06]
Cost = 692
----- Optimized Parameters (2 sig. digits) -----
[0.5259, 3799.0, 0.07189, 0.5495, 1528.0, 0.1509, 0.1196, 0.676, 4.713e-06]
Cost = 692
----- Optimized Parameters (2 sig. digits) -----
[0.5259, 3799.0, 0.07189, 0.5495, 1528.0, 0.1509, 0.1196, 0.676, 4.713e-06]
Cost = 692
----- Optimized Parameters (2 sig. digits) -----
[0.5259, 3799.0, 0.07189, 0.5495, 1528.0, 0.1509, 0.1196, 0.676, 4.713e-06]
Cost = 692
----- Optimized Parameters (2 sig. digits) -----
[0.5259, 3799.0, 0.07189, 0.5495, 1528.0, 0.1509, 0.1196, 0.676, 4.728e-06]
Cost = 691
----- Optimized Parameters (2 sig. digits) -----
[0.5315, 2432.0, 0.1119, 0.5402, 1674.0, 0.1206, 0.1197, 0.6429, 7.093e-06]
Cost = 720
----- Optimized Parameters (2 sig. digits) -----
[0.5356, 3500.0, 0.05419, 0.5394, 1646.0, 0.1149, 0.1197, 0.6367, 7.095e-06]
Cost = 754
----- Optimized Parameters (2 sig. digits) -----
[0.5368, 3743.0, 0.03379, 0.5393, 1573.0, 0.1127, 0.1198, 0.6345, 7.043e-06]
Cost = 759
----- Optimized Parameters (2 sig. digits) -----
[0.5371, 3787.0, 0.02792, 0.5394, 1540.0, 0.112, 0.1198, 0.6342, 7.017e-06]
Cost = 758
----- Optimized Parameters (2 sig. digits) -----
[0.5364, 3798.0, 0.0241, 0.5423, 1528.0, 0.1118, 0.1198, 0.6439, 6.996e-06]
Cost = 754
----- Optimized Parameters (2 sig. digits) -----
[0.5277, 3799.0, 0.05593, 0.5493, 1528.0, 0.139, 0.1196, 0.6746, 5.569e-06]
Cost = 649
----- Optimized Parameters (2 sig. digits) -----
[0.5277, 3799.0, 0.05593, 0.5493, 1528.0, 0.139, 0.1196, 0.6746, 5.569e-06]
Cost = 649
----- Optimized Parameters (2 sig. digits) -----
[0.5277, 3799.0, 0.05593, 0.5493, 1528.0, 0.139, 0.1196, 0.6746, 5.569e-06]
Cost = 649
----- Optimized Parameters (2 sig. digits) -----
[0.5277, 3799.0, 0.05593, 0.5493, 1528.0, 0.139, 0.1196, 0.6746, 5.569e-06]
Cost = 649
----- Optimized Parameters (2 sig. digits) -----
[0.5277, 3799.0, 0.05593, 0.5493, 1528.0, 0.139, 0.1196, 0.6746, 5.569e-06]
Cost = 649
----- Optimized Parameters (2 sig. digits) -----
[0.5277, 3799.0, 0.05593, 0.5493, 1528.0, 0.139, 0.1196, 0.6746, 5.569e-06]
Cost = 649
----- Optimized Parameters (2 sig. digits) -----
[0.5277, 3799.0, 0.05593, 0.5493, 1528.0, 0.139, 0.1196, 0.6746, 5.569e-06]
Cost = 649
----- Optimized Parameters (2 sig. digits) -----
[0.5277, 3799.0, 0.05593, 0.5493, 1528.0, 0.139, 0.1196, 0.6746, 5.569e-06]
Cost = 649
----- Optimized Parameters (2 sig. digits) -----
[0.5277, 3799.0, 0.05593, 0.5493, 1528.0, 0.139, 0.1196, 0.6746, 5.569e-06]
Cost = 649
----- Optimized Parameters (2 sig. digits) -----
[0.5277, 3799.0, 0.05593, 0.5493, 1528.0, 0.139, 0.1196, 0.6746, 5.584e-06]
Cost = 649
----- Optimized Parameters (2 sig. digits) -----
[0.5333, 3799.0, 0.05372, 0.5489, 1528.0, 0.1066, 0.1196, 0.6706, 7.205e-06]
Cost = 651
----- Optimized Parameters (2 sig. digits) -----
[0.5292, 3799.0, 0.05536, 0.5492, 1528.0, 0.1309, 0.1196, 0.6737, 6.093e-06]
Cost = 637
----- Optimized Parameters (2 sig. digits) -----
[0.5292, 3799.0, 0.05536, 0.5492, 1528.0, 0.1309, 0.1196, 0.6737, 6.093e-06]
Cost = 637
----- Optimized Parameters (2 sig. digits) -----
[0.5292, 3799.0, 0.05536, 0.5492, 1528.0, 0.1309, 0.1196, 0.6737, 6.093e-06]
Cost = 637
----- Optimized Parameters (2 sig. digits) -----
[0.5292, 3799.0, 0.05536, 0.5492, 1528.0, 0.1309, 0.1196, 0.6737, 6.093e-06]
Cost = 637
----- Optimized Parameters (2 sig. digits) -----
[0.5292, 3799.0, 0.05536, 0.5492, 1528.0, 0.1309, 0.1196, 0.6737, 6.093e-06]
Cost = 637
----- Optimized Parameters (2 sig. digits) -----
[0.5292, 3799.0, 0.05536, 0.5492, 1528.0, 0.1309, 0.1196, 0.6737, 6.093e-06]
Cost = 637
----- Optimized Parameters (2 sig. digits) -----
[0.5292, 3799.0, 0.05536, 0.5492, 1528.0, 0.1309, 0.1196, 0.6737, 6.093e-06]
Cost = 637
----- Optimized Parameters (2 sig. digits) -----
[0.5292, 3799.0, 0.05536, 0.5492, 1528.0, 0.1309, 0.1196, 0.6737, 6.093e-06]
Cost = 637
----- Optimized Parameters (2 sig. digits) -----
[0.5292, 3799.0, 0.05536, 0.5492, 1528.0, 0.1309, 0.1196, 0.6737, 6.093e-06]
Cost = 637
----- Optimized Parameters (2 sig. digits) -----
[0.5292, 3799.0, 0.05536, 0.5492, 1528.0, 0.1309, 0.1196, 0.6737, 6.108e-06]
Cost = 637
----- Optimized Parameters (2 sig. digits) -----
[0.5347, 3799.0, 0.05348, 0.5489, 1528.0, 0.1243, 0.1196, 0.6668, 6.563e-06]
Cost = 627
----- Optimized Parameters (2 sig. digits) -----
[0.5347, 3799.0, 0.05348, 0.5489, 1528.0, 0.1243, 0.1196, 0.6668, 6.563e-06]
Cost = 627
----- Optimized Parameters (2 sig. digits) -----
[0.5347, 3799.0, 0.05348, 0.5489, 1528.0, 0.1243, 0.1196, 0.6668, 6.563e-06]
Cost = 627
----- Optimized Parameters (2 sig. digits) -----
[0.5347, 3799.0, 0.05348, 0.5489, 1528.0, 0.1243, 0.1196, 0.6668, 6.563e-06]
Cost = 627
----- Optimized Parameters (2 sig. digits) -----
[0.5347, 3799.0, 0.05348, 0.5489, 1528.0, 0.1243, 0.1196, 0.6668, 6.563e-06]
Cost = 627
----- Optimized Parameters (2 sig. digits) -----
[0.5347, 3799.0, 0.05348, 0.5489, 1528.0, 0.1243, 0.1196, 0.6668, 6.563e-06]
Cost = 627
----- Optimized Parameters (2 sig. digits) -----
[0.5347, 3799.0, 0.05348, 0.5489, 1528.0, 0.1243, 0.1196, 0.6668, 6.563e-06]
Cost = 627
----- Optimized Parameters (2 sig. digits) -----
[0.5347, 3799.0, 0.05348, 0.5489, 1528.0, 0.1243, 0.1196, 0.6668, 6.563e-06]
Cost = 627
----- Optimized Parameters (2 sig. digits) -----
[0.5347, 3799.0, 0.05348, 0.5489, 1528.0, 0.1243, 0.1196, 0.6668, 6.563e-06]
Cost = 627
----- Optimized Parameters (2 sig. digits) -----
[0.5347, 3799.0, 0.05348, 0.5489, 1528.0, 0.1243, 0.1196, 0.6668, 6.578e-06]
Cost = 627
----- Optimized Parameters (2 sig. digits) -----
[0.5466, 3799.0, 0.05002, 0.5482, 1528.0, 0.1118, 0.1194, 0.6523, 7.518e-06]
Cost = 615
----- Optimized Parameters (2 sig. digits) -----
[0.5466, 3799.0, 0.05002, 0.5482, 1528.0, 0.1118, 0.1194, 0.6523, 7.518e-06]
Cost = 615
----- Optimized Parameters (2 sig. digits) -----
[0.5466, 3799.0, 0.05002, 0.5482, 1528.0, 0.1118, 0.1194, 0.6523, 7.518e-06]
Cost = 615
----- Optimized Parameters (2 sig. digits) -----
[0.5466, 3799.0, 0.05002, 0.5482, 1528.0, 0.1118, 0.1194, 0.6523, 7.518e-06]
Cost = 615
----- Optimized Parameters (2 sig. digits) -----
[0.5466, 3799.0, 0.05002, 0.5482, 1528.0, 0.1118, 0.1194, 0.6523, 7.518e-06]
Cost = 615
----- Optimized Parameters (2 sig. digits) -----
[0.5466, 3799.0, 0.05002, 0.5482, 1528.0, 0.1118, 0.1194, 0.6523, 7.518e-06]
Cost = 615
----- Optimized Parameters (2 sig. digits) -----
[0.5466, 3799.0, 0.05002, 0.5482, 1528.0, 0.1118, 0.1194, 0.6523, 7.518e-06]
Cost = 615
----- Optimized Parameters (2 sig. digits) -----
[0.5466, 3799.0, 0.05002, 0.5482, 1528.0, 0.1118, 0.1194, 0.6523, 7.518e-06]
Cost = 615
----- Optimized Parameters (2 sig. digits) -----
[0.5466, 3799.0, 0.05002, 0.5482, 1528.0, 0.1118, 0.1194, 0.6523, 7.518e-06]
Cost = 615
----- Optimized Parameters (2 sig. digits) -----
[0.5466, 3799.0, 0.05002, 0.5482, 1528.0, 0.1118, 0.1194, 0.6523, 7.533e-06]
Cost = 615
----- Optimized Parameters (2 sig. digits) -----
[0.5659, 3799.0, 0.03538, 0.5313, 1528.0, 0.06769, 0.1187, 0.6156, 1.181e-05]
Cost = 880
----- Optimized Parameters (2 sig. digits) -----
[0.55, 3799.0, 0.03277, 0.548, 1528.0, 0.1009, 0.1193, 0.6505, 8.978e-06]
Cost = 606
----- Optimized Parameters (2 sig. digits) -----
[0.55, 3799.0, 0.03277, 0.548, 1528.0, 0.1009, 0.1193, 0.6505, 8.978e-06]
Cost = 606
----- Optimized Parameters (2 sig. digits) -----
[0.55, 3799.0, 0.03277, 0.548, 1528.0, 0.1009, 0.1193, 0.6505, 8.978e-06]
Cost = 606
----- Optimized Parameters (2 sig. digits) -----
[0.55, 3799.0, 0.03277, 0.548, 1528.0, 0.1009, 0.1193, 0.6505, 8.978e-06]
Cost = 606
----- Optimized Parameters (2 sig. digits) -----
[0.55, 3799.0, 0.03277, 0.548, 1528.0, 0.1009, 0.1193, 0.6505, 8.978e-06]
Cost = 606
----- Optimized Parameters (2 sig. digits) -----
[0.55, 3799.0, 0.03277, 0.548, 1528.0, 0.1009, 0.1193, 0.6505, 8.978e-06]
Cost = 606
----- Optimized Parameters (2 sig. digits) -----
[0.55, 3799.0, 0.03277, 0.548, 1528.0, 0.1009, 0.1193, 0.6505, 8.978e-06]
Cost = 606
----- Optimized Parameters (2 sig. digits) -----
[0.55, 3799.0, 0.03277, 0.548, 1528.0, 0.1009, 0.1193, 0.6505, 8.978e-06]
Cost = 606
----- Optimized Parameters (2 sig. digits) -----
[0.55, 3799.0, 0.03277, 0.548, 1528.0, 0.1009, 0.1193, 0.6505, 8.978e-06]
Cost = 606
----- Optimized Parameters (2 sig. digits) -----
[0.55, 3799.0, 0.03277, 0.548, 1528.0, 0.1009, 0.1193, 0.6505, 8.993e-06]
Cost = 606
----- Optimized Parameters (2 sig. digits) -----
[0.5599, 3799.0, 0.01066, 0.5454, 1528.0, 0.08372, 0.119, 0.6417, 1.184e-05]
Cost = 613
----- Optimized Parameters (2 sig. digits) -----
[0.5517, 3799.0, 0.02486, 0.5479, 1528.0, 0.09745, 0.1193, 0.6498, 9.847e-06]
Cost = 599
----- Optimized Parameters (2 sig. digits) -----
[0.5517, 3799.0, 0.02486, 0.5479, 1528.0, 0.09745, 0.1193, 0.6498, 9.847e-06]
Cost = 599
----- Optimized Parameters (2 sig. digits) -----
[0.5517, 3799.0, 0.02486, 0.5479, 1528.0, 0.09745, 0.1193, 0.6498, 9.847e-06]
Cost = 599
----- Optimized Parameters (2 sig. digits) -----
[0.5517, 3799.0, 0.02486, 0.5479, 1528.0, 0.09745, 0.1193, 0.6498, 9.847e-06]
Cost = 599
----- Optimized Parameters (2 sig. digits) -----
[0.5517, 3799.0, 0.02486, 0.5479, 1528.0, 0.09745, 0.1193, 0.6498, 9.847e-06]
Cost = 599
----- Optimized Parameters (2 sig. digits) -----
[0.5517, 3799.0, 0.02486, 0.5479, 1528.0, 0.09745, 0.1193, 0.6498, 9.847e-06]
Cost = 599
----- Optimized Parameters (2 sig. digits) -----
[0.5517, 3799.0, 0.02486, 0.5479, 1528.0, 0.09745, 0.1193, 0.6498, 9.847e-06]
Cost = 599
----- Optimized Parameters (2 sig. digits) -----
[0.5517, 3799.0, 0.02486, 0.5479, 1528.0, 0.09745, 0.1193, 0.6498, 9.847e-06]
Cost = 599
----- Optimized Parameters (2 sig. digits) -----
[0.5517, 3799.0, 0.02486, 0.5479, 1528.0, 0.09745, 0.1193, 0.6498, 9.847e-06]
Cost = 599
----- Optimized Parameters (2 sig. digits) -----
[0.5517, 3799.0, 0.02486, 0.5479, 1528.0, 0.09745, 0.1193, 0.6498, 9.862e-06]
Cost = 599
----- Optimized Parameters (2 sig. digits) -----
[0.5588, 3799.0, 0.02434, 0.5477, 1528.0, 0.08647, 0.1191, 0.647, 1.13e-05]
Cost = 599
----- Optimized Parameters (2 sig. digits) -----
[0.5588, 3799.0, 0.02434, 0.5477, 1528.0, 0.08647, 0.1191, 0.647, 1.13e-05]
Cost = 599
----- Optimized Parameters (2 sig. digits) -----
[0.5588, 3799.0, 0.02434, 0.5477, 1528.0, 0.08647, 0.1191, 0.647, 1.13e-05]
Cost = 599
----- Optimized Parameters (2 sig. digits) -----
[0.5588, 3799.0, 0.02434, 0.5477, 1528.0, 0.08647, 0.1191, 0.647, 1.13e-05]
Cost = 599
----- Optimized Parameters (2 sig. digits) -----
[0.5588, 3799.0, 0.02434, 0.5477, 1528.0, 0.08647, 0.1191, 0.647, 1.13e-05]
Cost = 599
----- Optimized Parameters (2 sig. digits) -----
[0.5588, 3799.0, 0.02434, 0.5477, 1528.0, 0.08647, 0.1191, 0.647, 1.13e-05]
Cost = 599
----- Optimized Parameters (2 sig. digits) -----
[0.5588, 3799.0, 0.02434, 0.5477, 1528.0, 0.08647, 0.1191, 0.647, 1.13e-05]
Cost = 599
----- Optimized Parameters (2 sig. digits) -----
[0.5588, 3799.0, 0.02434, 0.5477, 1528.0, 0.08647, 0.1191, 0.647, 1.13e-05]
Cost = 599
----- Optimized Parameters (2 sig. digits) -----
[0.5588, 3799.0, 0.02434, 0.5477, 1528.0, 0.08647, 0.1191, 0.647, 1.13e-05]
Cost = 599
----- Optimized Parameters (2 sig. digits) -----
[0.5588, 3799.0, 0.02434, 0.5477, 1528.0, 0.08647, 0.1191, 0.647, 1.131e-05]
Cost = 598
----- Optimized Parameters (2 sig. digits) -----
[0.5629, 3799.0, 0.01018, 0.5475, 1528.0, 0.08431, 0.119, 0.6455, 1.241e-05]
Cost = 594
----- Optimized Parameters (2 sig. digits) -----
[0.5629, 3799.0, 0.01018, 0.5475, 1528.0, 0.08431, 0.119, 0.6455, 1.241e-05]
Cost = 594
----- Optimized Parameters (2 sig. digits) -----
[0.5629, 3799.0, 0.01018, 0.5475, 1528.0, 0.08431, 0.119, 0.6455, 1.241e-05]
Cost = 594
----- Optimized Parameters (2 sig. digits) -----
[0.5629, 3799.0, 0.01018, 0.5475, 1528.0, 0.08431, 0.119, 0.6455, 1.241e-05]
Cost = 594
----- Optimized Parameters (2 sig. digits) -----
[0.5629, 3799.0, 0.01018, 0.5475, 1528.0, 0.08431, 0.119, 0.6455, 1.241e-05]
Cost = 594
----- Optimized Parameters (2 sig. digits) -----
[0.5629, 3799.0, 0.01018, 0.5475, 1528.0, 0.08431, 0.119, 0.6455, 1.241e-05]
Cost = 594
----- Optimized Parameters (2 sig. digits) -----
[0.5629, 3799.0, 0.01018, 0.5475, 1528.0, 0.08431, 0.119, 0.6455, 1.241e-05]
Cost = 594
----- Optimized Parameters (2 sig. digits) -----
[0.5629, 3799.0, 0.01018, 0.5475, 1528.0, 0.08431, 0.119, 0.6455, 1.241e-05]
Cost = 594
----- Optimized Parameters (2 sig. digits) -----
[0.5629, 3799.0, 0.01018, 0.5475, 1528.0, 0.08431, 0.119, 0.6455, 1.241e-05]
Cost = 594
----- Optimized Parameters (2 sig. digits) -----
[0.5629, 3799.0, 0.01018, 0.5475, 1528.0, 0.08431, 0.119, 0.6455, 1.242e-05]
Cost = 594
----- Optimized Parameters (2 sig. digits) -----
[0.5629, 3799.0, 0.01018, 0.5475, 1528.0, 0.08431, 0.119, 0.6455, 1.252e-05]
Cost = 593
----- Optimized Parameters (2 sig. digits) -----
[0.5629, 3799.0, 0.01018, 0.5475, 1528.0, 0.08431, 0.119, 0.6455, 1.252e-05]
Cost = 593
----- Optimized Parameters (2 sig. digits) -----
[0.5629, 3799.0, 0.01018, 0.5475, 1528.0, 0.08431, 0.119, 0.6455, 1.252e-05]
Cost = 593
----- Optimized Parameters (2 sig. digits) -----
[0.5629, 3799.0, 0.01018, 0.5475, 1528.0, 0.08431, 0.119, 0.6455, 1.252e-05]
Cost = 593
----- Optimized Parameters (2 sig. digits) -----
[0.5629, 3799.0, 0.01018, 0.5475, 1528.0, 0.08431, 0.119, 0.6455, 1.252e-05]
Cost = 593
----- Optimized Parameters (2 sig. digits) -----
[0.5629, 3799.0, 0.01018, 0.5475, 1528.0, 0.08431, 0.119, 0.6455, 1.252e-05]
Cost = 593
----- Optimized Parameters (2 sig. digits) -----
[0.5629, 3799.0, 0.01018, 0.5475, 1528.0, 0.08431, 0.119, 0.6455, 1.252e-05]
Cost = 593
----- Optimized Parameters (2 sig. digits) -----
[0.5629, 3799.0, 0.01018, 0.5475, 1528.0, 0.08431, 0.119, 0.6455, 1.252e-05]
Cost = 593
----- Optimized Parameters (2 sig. digits) -----
[0.5629, 3799.0, 0.01018, 0.5475, 1528.0, 0.08431, 0.119, 0.6455, 1.252e-05]
Cost = 593
----- Optimized Parameters (2 sig. digits) -----
[0.5629, 3799.0, 0.01018, 0.5475, 1528.0, 0.08431, 0.119, 0.6455, 1.254e-05]
Cost = 593
----- Optimized Parameters (2 sig. digits) -----
[0.5629, 3799.0, 0.01018, 0.5475, 1528.0, 0.08431, 0.119, 0.6455, 1.252e-05]
Cost = 593
----- Optimized Parameters (2 sig. digits) -----
[0.5629, 3799.0, 0.01018, 0.5475, 1528.0, 0.08431, 0.119, 0.6455, 1.252e-05]
Cost = 593
----- Optimized Parameters (2 sig. digits) -----
[0.5629, 3799.0, 0.01018, 0.5475, 1528.0, 0.08431, 0.119, 0.6455, 1.252e-05]
Cost = 593
----- Optimized Parameters (2 sig. digits) -----
[0.5629, 3799.0, 0.01018, 0.5475, 1528.0, 0.08431, 0.119, 0.6455, 1.252e-05]
Cost = 593
----- Optimized Parameters (2 sig. digits) -----
[0.5629, 3799.0, 0.01018, 0.5475, 1528.0, 0.08431, 0.119, 0.6455, 1.252e-05]
Cost = 593
----- Optimized Parameters (2 sig. digits) -----
[0.5629, 3799.0, 0.01018, 0.5475, 1528.0, 0.08431, 0.119, 0.6455, 1.252e-05]
Cost = 593
----- Optimized Parameters (2 sig. digits) -----
[0.5629, 3799.0, 0.01018, 0.5475, 1528.0, 0.08431, 0.119, 0.6455, 1.252e-05]
Cost = 593
----- Optimized Parameters (2 sig. digits) -----
[0.5629, 3799.0, 0.01018, 0.5475, 1528.0, 0.08431, 0.119, 0.6455, 1.252e-05]
Cost = 593
----- Optimized Parameters (2 sig. digits) -----
[0.5629, 3799.0, 0.01018, 0.5475, 1528.0, 0.08431, 0.119, 0.6455, 1.252e-05]
Cost = 593
----- Optimized Parameters (2 sig. digits) -----
[0.5629, 3799.0, 0.01018, 0.5475, 1528.0, 0.08431, 0.119, 0.6455, 1.252e-05]
Cost = 593
----- Optimized Parameters (2 sig. digits) -----
[0.5629, 3799.0, 0.01018, 0.5475, 1528.0, 0.08431, 0.119, 0.6455, 1.254e-05]
Cost = 593
----- Optimized Parameters (2 sig. digits) -----
[0.6025, 3349.0, 0.01017, 0.4262, 1869.0, 0.01037, 0.116, 0.4869, 3.244e-05]
Cost = 6.09e+03
----- Optimized Parameters (2 sig. digits) -----
[0.6209, 3738.0, 0.01016, 0.4312, 1540.0, 0.01037, 0.1154, 0.4539, 2.886e-05]
Cost = 5.91e+03
----- Optimized Parameters (2 sig. digits) -----
[0.6483, 3798.0, 0.01013, 0.5408, 1528.0, 0.01037, 0.1154, 0.5438, 2.715e-05]
Cost = 5.55e+03
----- Optimized Parameters (2 sig. digits) -----
[0.5906, 3799.0, 0.01016, 0.5467, 1528.0, 0.07077, 0.1181, 0.6263, 1.513e-05]
Cost = 597
----- Optimized Parameters (2 sig. digits) -----
[0.5705, 3799.0, 0.01018, 0.5474, 1528.0, 0.0831, 0.1188, 0.641, 1.277e-05]
Cost = 592
----- Optimized Parameters (2 sig. digits) -----
[0.5705, 3799.0, 0.01018, 0.5474, 1528.0, 0.0831, 0.1188, 0.641, 1.277e-05]
Cost = 592
----- Optimized Parameters (2 sig. digits) -----
[0.5705, 3799.0, 0.01018, 0.5474, 1528.0, 0.0831, 0.1188, 0.641, 1.277e-05]
Cost = 592
----- Optimized Parameters (2 sig. digits) -----
[0.5705, 3799.0, 0.01018, 0.5474, 1528.0, 0.0831, 0.1188, 0.641, 1.277e-05]
Cost = 592
----- Optimized Parameters (2 sig. digits) -----
[0.5705, 3799.0, 0.01018, 0.5474, 1528.0, 0.0831, 0.1188, 0.641, 1.277e-05]
Cost = 592
----- Optimized Parameters (2 sig. digits) -----
[0.5705, 3799.0, 0.01018, 0.5474, 1528.0, 0.0831, 0.1188, 0.641, 1.277e-05]
Cost = 592
----- Optimized Parameters (2 sig. digits) -----
[0.5705, 3799.0, 0.01018, 0.5474, 1528.0, 0.0831, 0.1188, 0.641, 1.277e-05]
Cost = 592
----- Optimized Parameters (2 sig. digits) -----
[0.5705, 3799.0, 0.01018, 0.5474, 1528.0, 0.0831, 0.1188, 0.641, 1.277e-05]
Cost = 592
----- Optimized Parameters (2 sig. digits) -----
[0.5705, 3799.0, 0.01018, 0.5474, 1528.0, 0.0831, 0.1188, 0.641, 1.277e-05]
Cost = 592
----- Optimized Parameters (2 sig. digits) -----
[0.5705, 3799.0, 0.01018, 0.5474, 1528.0, 0.0831, 0.1188, 0.641, 1.278e-05]
Cost = 592
----- Optimized Parameters (2 sig. digits) -----
[0.5848, 3799.0, 0.01017, 0.547, 1528.0, 0.07816, 0.1183, 0.6314, 1.377e-05]
Cost = 591
----- Optimized Parameters (2 sig. digits) -----
[0.5848, 3799.0, 0.01017, 0.547, 1528.0, 0.07816, 0.1183, 0.6314, 1.377e-05]
Cost = 591
----- Optimized Parameters (2 sig. digits) -----
[0.5848, 3799.0, 0.01017, 0.547, 1528.0, 0.07816, 0.1183, 0.6314, 1.377e-05]
Cost = 591
----- Optimized Parameters (2 sig. digits) -----
[0.5848, 3799.0, 0.01017, 0.547, 1528.0, 0.07816, 0.1183, 0.6314, 1.377e-05]
Cost = 591
----- Optimized Parameters (2 sig. digits) -----
[0.5848, 3799.0, 0.01017, 0.547, 1528.0, 0.07816, 0.1183, 0.6314, 1.377e-05]
Cost = 591
----- Optimized Parameters (2 sig. digits) -----
[0.5848, 3799.0, 0.01017, 0.547, 1528.0, 0.07816, 0.1183, 0.6314, 1.377e-05]
Cost = 591
----- Optimized Parameters (2 sig. digits) -----
[0.5848, 3799.0, 0.01017, 0.547, 1528.0, 0.07816, 0.1183, 0.6314, 1.377e-05]
Cost = 591
----- Optimized Parameters (2 sig. digits) -----
[0.5848, 3799.0, 0.01017, 0.547, 1528.0, 0.07816, 0.1183, 0.6314, 1.377e-05]
Cost = 591
----- Optimized Parameters (2 sig. digits) -----
[0.5848, 3799.0, 0.01017, 0.547, 1528.0, 0.07816, 0.1183, 0.6314, 1.377e-05]
Cost = 591
----- Optimized Parameters (2 sig. digits) -----
[0.5848, 3799.0, 0.01017, 0.547, 1528.0, 0.07816, 0.1183, 0.6314, 1.379e-05]
Cost = 591
----- Optimized Parameters (2 sig. digits) -----
[0.5848, 3799.0, 0.01017, 0.547, 1528.0, 0.07816, 0.1183, 0.6314, 1.385e-05]
Cost = 591
----- Optimized Parameters (2 sig. digits) -----
[0.5848, 3799.0, 0.01017, 0.547, 1528.0, 0.07816, 0.1183, 0.6314, 1.385e-05]
Cost = 591
----- Optimized Parameters (2 sig. digits) -----
[0.5848, 3799.0, 0.01017, 0.547, 1528.0, 0.07816, 0.1183, 0.6314, 1.385e-05]
Cost = 591
----- Optimized Parameters (2 sig. digits) -----
[0.5848, 3799.0, 0.01017, 0.547, 1528.0, 0.07816, 0.1183, 0.6314, 1.385e-05]
Cost = 591
----- Optimized Parameters (2 sig. digits) -----
[0.5848, 3799.0, 0.01017, 0.547, 1528.0, 0.07816, 0.1183, 0.6314, 1.385e-05]
Cost = 591
----- Optimized Parameters (2 sig. digits) -----
[0.5848, 3799.0, 0.01017, 0.547, 1528.0, 0.07816, 0.1183, 0.6314, 1.385e-05]
Cost = 591
----- Optimized Parameters (2 sig. digits) -----
[0.5848, 3799.0, 0.01017, 0.547, 1528.0, 0.07816, 0.1183, 0.6314, 1.385e-05]
Cost = 591
----- Optimized Parameters (2 sig. digits) -----
[0.5848, 3799.0, 0.01017, 0.547, 1528.0, 0.07816, 0.1183, 0.6314, 1.385e-05]
Cost = 591
----- Optimized Parameters (2 sig. digits) -----
[0.5848, 3799.0, 0.01017, 0.547, 1528.0, 0.07816, 0.1183, 0.6314, 1.385e-05]
Cost = 591
----- Optimized Parameters (2 sig. digits) -----
[0.5848, 3799.0, 0.01017, 0.547, 1528.0, 0.07816, 0.1183, 0.6314, 1.386e-05]
Cost = 591
----- Optimized Parameters (2 sig. digits) -----
[0.5848, 3799.0, 0.01017, 0.547, 1528.0, 0.07816, 0.1183, 0.6314, 1.385e-05]
Cost = 591
----- Optimized Parameters (2 sig. digits) -----
[0.7405, 1960.0, 0.5774, 0.2276, 597.7, 0.185, 0.7554, 0.3149, 4.186e-05]
Cost = 3.42e+04
----- Optimized Parameters (2 sig. digits) -----
[0.7405, 1960.0, 0.5774, 0.2276, 597.7, 0.185, 0.7554, 0.3149, 4.186e-05]
Cost = 3.42e+04
----- Optimized Parameters (2 sig. digits) -----
[0.7405, 1960.0, 0.5774, 0.2276, 597.7, 0.185, 0.7554, 0.3149, 4.186e-05]
Cost = 3.42e+04
----- Optimized Parameters (2 sig. digits) -----
[0.7405, 1960.0, 0.5774, 0.2276, 597.7, 0.185, 0.7554, 0.3149, 4.186e-05]
Cost = 3.42e+04
----- Optimized Parameters (2 sig. digits) -----
[0.7405, 1960.0, 0.5774, 0.2276, 597.7, 0.185, 0.7554, 0.3149, 4.186e-05]
Cost = 3.42e+04
----- Optimized Parameters (2 sig. digits) -----
[0.7405, 1960.0, 0.5774, 0.2276, 597.7, 0.185, 0.7554, 0.3149, 4.186e-05]
Cost = 3.42e+04
----- Optimized Parameters (2 sig. digits) -----
[0.7405, 1960.0, 0.5774, 0.2276, 597.7, 0.185, 0.7554, 0.3149, 4.186e-05]
Cost = 3.42e+04
----- Optimized Parameters (2 sig. digits) -----
[0.7405, 1960.0, 0.5774, 0.2276, 597.7, 0.185, 0.7554, 0.3149, 4.186e-05]
Cost = 3.42e+04
----- Optimized Parameters (2 sig. digits) -----
[0.7405, 1960.0, 0.5774, 0.2276, 597.7, 0.185, 0.7554, 0.3149, 4.186e-05]
Cost = 3.42e+04
----- Optimized Parameters (2 sig. digits) -----
[0.7405, 1960.0, 0.5774, 0.2276, 597.7, 0.185, 0.7554, 0.3149, 4.186e-05]
Cost = 3.42e+04
----- Optimized Parameters (2 sig. digits) -----
[0.7405, 1960.0, 0.5774, 0.2276, 597.7, 0.185, 0.7554, 0.3149, 4.188e-05]
Cost = 3.42e+04
----- Optimized Parameters (2 sig. digits) -----
[0.4582, 1373.0, 0.4043, 0.4631, 1063.0, 0.1284, 0.8331, 0.2135, 2.94e-05]
Cost = 3.82e+03
----- Optimized Parameters (2 sig. digits) -----
[0.4582, 1373.0, 0.4043, 0.4631, 1063.0, 0.1284, 0.8331, 0.2135, 2.94e-05]
Cost = 3.82e+03
----- Optimized Parameters (2 sig. digits) -----
[0.4582, 1373.0, 0.4043, 0.4631, 1063.0, 0.1284, 0.8331, 0.2135, 2.94e-05]
Cost = 3.82e+03
----- Optimized Parameters (2 sig. digits) -----
[0.4582, 1373.0, 0.4043, 0.4631, 1063.0, 0.1284, 0.8331, 0.2135, 2.94e-05]
Cost = 3.82e+03
----- Optimized Parameters (2 sig. digits) -----
[0.4582, 1373.0, 0.4043, 0.4631, 1063.0, 0.1284, 0.8331, 0.2135, 2.94e-05]
Cost = 3.82e+03
----- Optimized Parameters (2 sig. digits) -----
[0.4582, 1373.0, 0.4043, 0.4631, 1063.0, 0.1284, 0.8331, 0.2135, 2.94e-05]
Cost = 3.82e+03
----- Optimized Parameters (2 sig. digits) -----
[0.4582, 1373.0, 0.4043, 0.4631, 1063.0, 0.1284, 0.8331, 0.2135, 2.94e-05]
Cost = 3.82e+03
----- Optimized Parameters (2 sig. digits) -----
[0.4582, 1373.0, 0.4043, 0.4631, 1063.0, 0.1284, 0.8331, 0.2135, 2.94e-05]
Cost = 3.82e+03
----- Optimized Parameters (2 sig. digits) -----
[0.4582, 1373.0, 0.4043, 0.4631, 1063.0, 0.1284, 0.8331, 0.2135, 2.94e-05]
Cost = 3.82e+03
----- Optimized Parameters (2 sig. digits) -----
[0.4582, 1373.0, 0.4043, 0.4631, 1063.0, 0.1284, 0.8331, 0.2135, 2.941e-05]
Cost = 3.83e+03
----- Optimized Parameters (2 sig. digits) -----
[0.4481, 1208.0, 0.3604, 0.5148, 1167.0, 0.1155, 0.8497, 0.1861, 2.636e-05]
Cost = 632
----- Optimized Parameters (2 sig. digits) -----
[0.4481, 1208.0, 0.3604, 0.5148, 1167.0, 0.1155, 0.8497, 0.1861, 2.636e-05]
Cost = 632
----- Optimized Parameters (2 sig. digits) -----
[0.4481, 1208.0, 0.3604, 0.5148, 1167.0, 0.1155, 0.8497, 0.1861, 2.636e-05]
Cost = 632
----- Optimized Parameters (2 sig. digits) -----
[0.4481, 1208.0, 0.3604, 0.5148, 1167.0, 0.1155, 0.8497, 0.1861, 2.636e-05]
Cost = 632
----- Optimized Parameters (2 sig. digits) -----
[0.4481, 1208.0, 0.3604, 0.5148, 1167.0, 0.1155, 0.8497, 0.1861, 2.636e-05]
Cost = 632
----- Optimized Parameters (2 sig. digits) -----
[0.4481, 1208.0, 0.3604, 0.5148, 1167.0, 0.1155, 0.8497, 0.1861, 2.636e-05]
Cost = 632
----- Optimized Parameters (2 sig. digits) -----
[0.4481, 1208.0, 0.3604, 0.5148, 1167.0, 0.1155, 0.8497, 0.1861, 2.636e-05]
Cost = 632
----- Optimized Parameters (2 sig. digits) -----
[0.4481, 1208.0, 0.3604, 0.5148, 1167.0, 0.1155, 0.8497, 0.1861, 2.636e-05]
Cost = 632
----- Optimized Parameters (2 sig. digits) -----
[0.4481, 1208.0, 0.3604, 0.5148, 1167.0, 0.1155, 0.8497, 0.1861, 2.636e-05]
Cost = 632
----- Optimized Parameters (2 sig. digits) -----
[0.4481, 1208.0, 0.3604, 0.5148, 1167.0, 0.1155, 0.8497, 0.1861, 2.637e-05]
Cost = 633
----- Optimized Parameters (2 sig. digits) -----
[0.5886, 1095.0, 0.3486, 0.5325, 1186.0, 0.1129, 0.8508, 0.1712, 2.525e-05]
Cost = 463
----- Optimized Parameters (2 sig. digits) -----
[0.5886, 1095.0, 0.3486, 0.5325, 1186.0, 0.1129, 0.8508, 0.1712, 2.525e-05]
Cost = 463
----- Optimized Parameters (2 sig. digits) -----
[0.5886, 1095.0, 0.3486, 0.5325, 1186.0, 0.1129, 0.8508, 0.1712, 2.525e-05]
Cost = 463
----- Optimized Parameters (2 sig. digits) -----
[0.5886, 1095.0, 0.3486, 0.5325, 1186.0, 0.1129, 0.8508, 0.1712, 2.525e-05]
Cost = 463
----- Optimized Parameters (2 sig. digits) -----
[0.5886, 1095.0, 0.3486, 0.5325, 1186.0, 0.1129, 0.8508, 0.1712, 2.525e-05]
Cost = 463
----- Optimized Parameters (2 sig. digits) -----
[0.5886, 1095.0, 0.3486, 0.5325, 1186.0, 0.1129, 0.8508, 0.1712, 2.525e-05]
Cost = 463
----- Optimized Parameters (2 sig. digits) -----
[0.5886, 1095.0, 0.3486, 0.5325, 1186.0, 0.1129, 0.8508, 0.1712, 2.525e-05]
Cost = 463
----- Optimized Parameters (2 sig. digits) -----
[0.5886, 1095.0, 0.3486, 0.5325, 1186.0, 0.1129, 0.8508, 0.1712, 2.525e-05]
Cost = 463
----- Optimized Parameters (2 sig. digits) -----
[0.5886, 1095.0, 0.3486, 0.5325, 1186.0, 0.1129, 0.8508, 0.1712, 2.525e-05]
Cost = 463
----- Optimized Parameters (2 sig. digits) -----
[0.5886, 1095.0, 0.3486, 0.5325, 1186.0, 0.1129, 0.8508, 0.1712, 2.527e-05]
Cost = 463
----- Optimized Parameters (2 sig. digits) -----
[0.6664, 806.2, 0.3904, 0.544, 1126.0, 0.1193, 0.8093, 0.1259, 2.325e-05]
Cost = 427
----- Optimized Parameters (2 sig. digits) -----
[0.6664, 806.2, 0.3904, 0.544, 1126.0, 0.1193, 0.8093, 0.1259, 2.325e-05]
Cost = 427
----- Optimized Parameters (2 sig. digits) -----
[0.6664, 806.2, 0.3904, 0.544, 1126.0, 0.1193, 0.8093, 0.1259, 2.325e-05]
Cost = 427
----- Optimized Parameters (2 sig. digits) -----
[0.6664, 806.2, 0.3904, 0.544, 1126.0, 0.1193, 0.8093, 0.1259, 2.325e-05]
Cost = 427
----- Optimized Parameters (2 sig. digits) -----
[0.6664, 806.2, 0.3904, 0.544, 1126.0, 0.1193, 0.8093, 0.1259, 2.325e-05]
Cost = 427
----- Optimized Parameters (2 sig. digits) -----
[0.6664, 806.2, 0.3904, 0.544, 1126.0, 0.1193, 0.8093, 0.1259, 2.325e-05]
Cost = 427
----- Optimized Parameters (2 sig. digits) -----
[0.6664, 806.2, 0.3904, 0.544, 1126.0, 0.1193, 0.8093, 0.1259, 2.325e-05]
Cost = 427
----- Optimized Parameters (2 sig. digits) -----
[0.6664, 806.2, 0.3904, 0.544, 1126.0, 0.1193, 0.8093, 0.1259, 2.325e-05]
Cost = 427
----- Optimized Parameters (2 sig. digits) -----
[0.6664, 806.2, 0.3904, 0.544, 1126.0, 0.1193, 0.8093, 0.1259, 2.325e-05]
Cost = 427
----- Optimized Parameters (2 sig. digits) -----
[0.6664, 806.2, 0.3904, 0.544, 1126.0, 0.1193, 0.8093, 0.1259, 2.327e-05]
Cost = 427
----- Optimized Parameters (2 sig. digits) -----
[0.6216, 363.9, 0.4293, 0.5275, 1111.0, 0.1276, 0.7929, 0.08624, 2.585e-05]
Cost = 392
----- Optimized Parameters (2 sig. digits) -----
[0.6216, 363.9, 0.4293, 0.5275, 1111.0, 0.1276, 0.7929, 0.08624, 2.585e-05]
Cost = 392
----- Optimized Parameters (2 sig. digits) -----
[0.6216, 363.9, 0.4293, 0.5275, 1111.0, 0.1276, 0.7929, 0.08624, 2.585e-05]
Cost = 392
----- Optimized Parameters (2 sig. digits) -----
[0.6216, 363.9, 0.4293, 0.5275, 1111.0, 0.1276, 0.7929, 0.08624, 2.585e-05]
Cost = 392
----- Optimized Parameters (2 sig. digits) -----
[0.6216, 363.9, 0.4293, 0.5275, 1111.0, 0.1276, 0.7929, 0.08624, 2.585e-05]
Cost = 392
----- Optimized Parameters (2 sig. digits) -----
[0.6216, 363.9, 0.4293, 0.5275, 1111.0, 0.1276, 0.7929, 0.08624, 2.585e-05]
Cost = 392
----- Optimized Parameters (2 sig. digits) -----
[0.6216, 363.9, 0.4293, 0.5275, 1111.0, 0.1276, 0.7929, 0.08624, 2.585e-05]
Cost = 392
----- Optimized Parameters (2 sig. digits) -----
[0.6216, 363.9, 0.4293, 0.5275, 1111.0, 0.1276, 0.7929, 0.08624, 2.585e-05]
Cost = 392
----- Optimized Parameters (2 sig. digits) -----
[0.6216, 363.9, 0.4293, 0.5275, 1111.0, 0.1276, 0.7929, 0.08624, 2.585e-05]
Cost = 392
----- Optimized Parameters (2 sig. digits) -----
[0.6216, 363.9, 0.4293, 0.5275, 1111.0, 0.1276, 0.7929, 0.08624, 2.587e-05]
Cost = 392
----- Optimized Parameters (2 sig. digits) -----
[0.5751, 470.4, 0.4589, 0.5117, 1093.0, 0.1368, 0.7742, 0.05181, 2.87e-05]
Cost = 339
----- Optimized Parameters (2 sig. digits) -----
[0.5751, 470.4, 0.4589, 0.5117, 1093.0, 0.1368, 0.7742, 0.05181, 2.87e-05]
Cost = 339
----- Optimized Parameters (2 sig. digits) -----
[0.5751, 470.4, 0.4589, 0.5117, 1093.0, 0.1368, 0.7742, 0.05181, 2.87e-05]
Cost = 339
----- Optimized Parameters (2 sig. digits) -----
[0.5751, 470.4, 0.4589, 0.5117, 1093.0, 0.1368, 0.7742, 0.05181, 2.87e-05]
Cost = 339
----- Optimized Parameters (2 sig. digits) -----
[0.5751, 470.4, 0.4589, 0.5117, 1093.0, 0.1368, 0.7742, 0.05181, 2.87e-05]
Cost = 339
----- Optimized Parameters (2 sig. digits) -----
[0.5751, 470.4, 0.4589, 0.5117, 1093.0, 0.1368, 0.7742, 0.05181, 2.87e-05]
Cost = 339
----- Optimized Parameters (2 sig. digits) -----
[0.5751, 470.4, 0.4589, 0.5117, 1093.0, 0.1368, 0.7742, 0.05181, 2.87e-05]
Cost = 339
----- Optimized Parameters (2 sig. digits) -----
[0.5751, 470.4, 0.4589, 0.5117, 1093.0, 0.1368, 0.7742, 0.05181, 2.87e-05]
Cost = 339
----- Optimized Parameters (2 sig. digits) -----
[0.5751, 470.4, 0.4589, 0.5117, 1093.0, 0.1368, 0.7742, 0.05181, 2.87e-05]
Cost = 339
----- Optimized Parameters (2 sig. digits) -----
[0.5751, 470.4, 0.4589, 0.5117, 1093.0, 0.1368, 0.7742, 0.05181, 2.872e-05]
Cost = 339
----- Optimized Parameters (2 sig. digits) -----
[0.4692, 421.4, 0.4954, 0.4841, 1063.0, 0.1523, 0.7483, 0.01064, 3.423e-05]
Cost = 454
----- Optimized Parameters (2 sig. digits) -----
[0.5152, 470.3, 0.5078, 0.5073, 1093.0, 0.1481, 0.7632, 0.01056, 3.601e-05]
Cost = 532
----- Optimized Parameters (2 sig. digits) -----
[0.5719, 470.4, 0.4639, 0.5116, 1093.0, 0.1364, 0.7737, 0.02305, 4.063e-05]
Cost = 439
----- Optimized Parameters (2 sig. digits) -----
[0.5748, 470.4, 0.4592, 0.5117, 1093.0, 0.1364, 0.7741, 0.04438, 3.283e-05]
Cost = 319
----- Optimized Parameters (2 sig. digits) -----
[0.5748, 470.4, 0.4592, 0.5117, 1093.0, 0.1364, 0.7741, 0.04438, 3.283e-05]
Cost = 319
----- Optimized Parameters (2 sig. digits) -----
[0.5748, 470.4, 0.4592, 0.5117, 1093.0, 0.1364, 0.7741, 0.04438, 3.283e-05]
Cost = 319
----- Optimized Parameters (2 sig. digits) -----
[0.5748, 470.4, 0.4592, 0.5117, 1093.0, 0.1364, 0.7741, 0.04438, 3.283e-05]
Cost = 319
----- Optimized Parameters (2 sig. digits) -----
[0.5748, 470.4, 0.4592, 0.5117, 1093.0, 0.1364, 0.7741, 0.04438, 3.283e-05]
Cost = 319
----- Optimized Parameters (2 sig. digits) -----
[0.5748, 470.4, 0.4592, 0.5117, 1093.0, 0.1364, 0.7741, 0.04438, 3.283e-05]
Cost = 319
----- Optimized Parameters (2 sig. digits) -----
[0.5748, 470.4, 0.4592, 0.5117, 1093.0, 0.1364, 0.7741, 0.04438, 3.283e-05]
Cost = 319
----- Optimized Parameters (2 sig. digits) -----
[0.5748, 470.4, 0.4592, 0.5117, 1093.0, 0.1364, 0.7741, 0.04438, 3.283e-05]
Cost = 319
----- Optimized Parameters (2 sig. digits) -----
[0.5748, 470.4, 0.4592, 0.5117, 1093.0, 0.1364, 0.7741, 0.04438, 3.283e-05]
Cost = 319
----- Optimized Parameters (2 sig. digits) -----
[0.5748, 470.4, 0.4592, 0.5117, 1093.0, 0.1364, 0.7741, 0.04438, 3.284e-05]
Cost = 319
----- Optimized Parameters (2 sig. digits) -----
[0.5736, 470.4, 0.4605, 0.5117, 1093.0, 0.1354, 0.774, 0.02963, 4.173e-05]
Cost = 301
----- Optimized Parameters (2 sig. digits) -----
[0.5736, 470.4, 0.4605, 0.5117, 1093.0, 0.1354, 0.774, 0.02963, 4.173e-05]
Cost = 301
----- Optimized Parameters (2 sig. digits) -----
[0.5736, 470.4, 0.4605, 0.5117, 1093.0, 0.1354, 0.774, 0.02963, 4.173e-05]
Cost = 301
----- Optimized Parameters (2 sig. digits) -----
[0.5736, 470.4, 0.4605, 0.5117, 1093.0, 0.1354, 0.774, 0.02963, 4.173e-05]
Cost = 301
----- Optimized Parameters (2 sig. digits) -----
[0.5736, 470.4, 0.4605, 0.5117, 1093.0, 0.1354, 0.774, 0.02963, 4.173e-05]
Cost = 301
----- Optimized Parameters (2 sig. digits) -----
[0.5736, 470.4, 0.4605, 0.5117, 1093.0, 0.1354, 0.774, 0.02963, 4.173e-05]
Cost = 301
----- Optimized Parameters (2 sig. digits) -----
[0.5736, 470.4, 0.4605, 0.5117, 1093.0, 0.1354, 0.774, 0.02963, 4.173e-05]
Cost = 301
----- Optimized Parameters (2 sig. digits) -----
[0.5736, 470.4, 0.4605, 0.5117, 1093.0, 0.1354, 0.774, 0.02963, 4.173e-05]
Cost = 301
----- Optimized Parameters (2 sig. digits) -----
[0.5736, 470.4, 0.4605, 0.5117, 1093.0, 0.1354, 0.774, 0.02963, 4.173e-05]
Cost = 301
----- Optimized Parameters (2 sig. digits) -----
[0.5736, 470.4, 0.4605, 0.5117, 1093.0, 0.1354, 0.774, 0.02963, 4.174e-05]
Cost = 301
----- Optimized Parameters (2 sig. digits) -----
[0.5705, 470.4, 0.4664, 0.5116, 1093.0, 0.1391, 0.7732, 0.01875, 5.221e-05]
Cost = 263
----- Optimized Parameters (2 sig. digits) -----
[0.5705, 470.4, 0.4664, 0.5116, 1093.0, 0.1391, 0.7732, 0.01875, 5.221e-05]
Cost = 263
----- Optimized Parameters (2 sig. digits) -----
[0.5705, 470.4, 0.4664, 0.5116, 1093.0, 0.1391, 0.7732, 0.01875, 5.221e-05]
Cost = 263
----- Optimized Parameters (2 sig. digits) -----
[0.5705, 470.4, 0.4664, 0.5116, 1093.0, 0.1391, 0.7732, 0.01875, 5.221e-05]
Cost = 263
----- Optimized Parameters (2 sig. digits) -----
[0.5705, 470.4, 0.4664, 0.5116, 1093.0, 0.1391, 0.7732, 0.01875, 5.221e-05]
Cost = 263
----- Optimized Parameters (2 sig. digits) -----
[0.5705, 470.4, 0.4664, 0.5116, 1093.0, 0.1391, 0.7732, 0.01875, 5.221e-05]
Cost = 263
----- Optimized Parameters (2 sig. digits) -----
[0.5705, 470.4, 0.4664, 0.5116, 1093.0, 0.1391, 0.7732, 0.01875, 5.221e-05]
Cost = 263
----- Optimized Parameters (2 sig. digits) -----
[0.5705, 470.4, 0.4664, 0.5116, 1093.0, 0.1391, 0.7732, 0.01875, 5.221e-05]
Cost = 263
----- Optimized Parameters (2 sig. digits) -----
[0.5705, 470.4, 0.4664, 0.5116, 1093.0, 0.1391, 0.7732, 0.01875, 5.221e-05]
Cost = 263
----- Optimized Parameters (2 sig. digits) -----
[0.5705, 470.4, 0.4664, 0.5116, 1093.0, 0.1391, 0.7732, 0.01875, 5.222e-05]
Cost = 263
----- Optimized Parameters (2 sig. digits) -----
[0.5585, 470.4, 0.4834, 0.5113, 1093.0, 0.1425, 0.7721, 0.01275, 6.06e-05]
Cost = 209
----- Optimized Parameters (2 sig. digits) -----
[0.5585, 470.4, 0.4834, 0.5113, 1093.0, 0.1425, 0.7721, 0.01275, 6.06e-05]
Cost = 209
----- Optimized Parameters (2 sig. digits) -----
[0.5585, 470.4, 0.4834, 0.5113, 1093.0, 0.1425, 0.7721, 0.01275, 6.06e-05]
Cost = 209
----- Optimized Parameters (2 sig. digits) -----
[0.5585, 470.4, 0.4834, 0.5113, 1093.0, 0.1425, 0.7721, 0.01275, 6.06e-05]
Cost = 209
----- Optimized Parameters (2 sig. digits) -----
[0.5585, 470.4, 0.4834, 0.5113, 1093.0, 0.1425, 0.7721, 0.01275, 6.06e-05]
Cost = 209
----- Optimized Parameters (2 sig. digits) -----
[0.5585, 470.4, 0.4834, 0.5113, 1093.0, 0.1425, 0.7721, 0.01275, 6.06e-05]
Cost = 209
----- Optimized Parameters (2 sig. digits) -----
[0.5585, 470.4, 0.4834, 0.5113, 1093.0, 0.1425, 0.7721, 0.01275, 6.06e-05]
Cost = 209
----- Optimized Parameters (2 sig. digits) -----
[0.5585, 470.4, 0.4834, 0.5113, 1093.0, 0.1425, 0.7721, 0.01275, 6.06e-05]
Cost = 209
----- Optimized Parameters (2 sig. digits) -----
[0.5585, 470.4, 0.4834, 0.5113, 1093.0, 0.1425, 0.7721, 0.01275, 6.06e-05]
Cost = 209
----- Optimized Parameters (2 sig. digits) -----
[0.5585, 470.4, 0.4834, 0.5113, 1093.0, 0.1425, 0.7721, 0.01275, 6.061e-05]
Cost = 209
----- Optimized Parameters (2 sig. digits) -----
[0.5386, 470.4, 0.5014, 0.5111, 1093.0, 0.1443, 0.7714, 0.01031, 6.431e-05]
Cost = 170
----- Optimized Parameters (2 sig. digits) -----
[0.5386, 470.4, 0.5014, 0.5111, 1093.0, 0.1443, 0.7714, 0.01031, 6.431e-05]
Cost = 170
----- Optimized Parameters (2 sig. digits) -----
[0.5386, 470.4, 0.5014, 0.5111, 1093.0, 0.1443, 0.7714, 0.01031, 6.431e-05]
Cost = 170
----- Optimized Parameters (2 sig. digits) -----
[0.5386, 470.4, 0.5014, 0.5111, 1093.0, 0.1443, 0.7714, 0.01031, 6.431e-05]
Cost = 170
----- Optimized Parameters (2 sig. digits) -----
[0.5386, 470.4, 0.5014, 0.5111, 1093.0, 0.1443, 0.7714, 0.01031, 6.431e-05]
Cost = 170
----- Optimized Parameters (2 sig. digits) -----
[0.5386, 470.4, 0.5014, 0.5111, 1093.0, 0.1443, 0.7714, 0.01031, 6.431e-05]
Cost = 170
----- Optimized Parameters (2 sig. digits) -----
[0.5386, 470.4, 0.5014, 0.5111, 1093.0, 0.1443, 0.7714, 0.01031, 6.431e-05]
Cost = 170
----- Optimized Parameters (2 sig. digits) -----
[0.5386, 470.4, 0.5014, 0.5111, 1093.0, 0.1443, 0.7714, 0.01031, 6.431e-05]
Cost = 170
----- Optimized Parameters (2 sig. digits) -----
[0.5386, 470.4, 0.5014, 0.5111, 1093.0, 0.1443, 0.7714, 0.01031, 6.431e-05]
Cost = 170
----- Optimized Parameters (2 sig. digits) -----
[0.5386, 470.4, 0.5014, 0.5111, 1093.0, 0.1443, 0.7714, 0.01031, 6.433e-05]
Cost = 170
----- Optimized Parameters (2 sig. digits) -----
[0.5071, 470.3, 0.5295, 0.5113, 1093.0, 0.1347, 0.7694, 0.01008, 7.405e-05]
Cost = 143
----- Optimized Parameters (2 sig. digits) -----
[0.5071, 470.3, 0.5295, 0.5113, 1093.0, 0.1347, 0.7694, 0.01008, 7.405e-05]
Cost = 143
----- Optimized Parameters (2 sig. digits) -----
[0.5071, 470.3, 0.5295, 0.5113, 1093.0, 0.1347, 0.7694, 0.01008, 7.405e-05]
Cost = 143
----- Optimized Parameters (2 sig. digits) -----
[0.5071, 470.3, 0.5295, 0.5113, 1093.0, 0.1347, 0.7694, 0.01008, 7.405e-05]
Cost = 143
----- Optimized Parameters (2 sig. digits) -----
[0.5071, 470.3, 0.5295, 0.5113, 1093.0, 0.1347, 0.7694, 0.01008, 7.405e-05]
Cost = 143
----- Optimized Parameters (2 sig. digits) -----
[0.5071, 470.3, 0.5295, 0.5113, 1093.0, 0.1347, 0.7694, 0.01008, 7.405e-05]
Cost = 143
----- Optimized Parameters (2 sig. digits) -----
[0.5071, 470.3, 0.5295, 0.5113, 1093.0, 0.1347, 0.7694, 0.01008, 7.405e-05]
Cost = 143
----- Optimized Parameters (2 sig. digits) -----
[0.5071, 470.3, 0.5295, 0.5113, 1093.0, 0.1347, 0.7694, 0.01008, 7.405e-05]
Cost = 143
----- Optimized Parameters (2 sig. digits) -----
[0.5071, 470.3, 0.5295, 0.5113, 1093.0, 0.1347, 0.7694, 0.01008, 7.405e-05]
Cost = 143
----- Optimized Parameters (2 sig. digits) -----
[0.5071, 470.3, 0.5295, 0.5113, 1093.0, 0.1347, 0.7694, 0.01008, 7.406e-05]
Cost = 143
----- Optimized Parameters (2 sig. digits) -----
[0.5039, 470.3, 0.5303, 0.5101, 1093.0, 0.1352, 0.7688, 0.01017, 7.423e-05]
Cost = 141
----- Optimized Parameters (2 sig. digits) -----
[0.5039, 470.3, 0.5303, 0.5101, 1093.0, 0.1352, 0.7688, 0.01017, 7.423e-05]
Cost = 141
----- Optimized Parameters (2 sig. digits) -----
[0.5039, 470.3, 0.5303, 0.5101, 1093.0, 0.1352, 0.7688, 0.01017, 7.423e-05]
Cost = 141
----- Optimized Parameters (2 sig. digits) -----
[0.5039, 470.3, 0.5303, 0.5101, 1093.0, 0.1352, 0.7688, 0.01017, 7.423e-05]
Cost = 141
----- Optimized Parameters (2 sig. digits) -----
[0.5039, 470.3, 0.5303, 0.5101, 1093.0, 0.1352, 0.7688, 0.01017, 7.423e-05]
Cost = 141
----- Optimized Parameters (2 sig. digits) -----
[0.5039, 470.3, 0.5303, 0.5101, 1093.0, 0.1352, 0.7688, 0.01017, 7.423e-05]
Cost = 141
----- Optimized Parameters (2 sig. digits) -----
[0.5039, 470.3, 0.5303, 0.5101, 1093.0, 0.1352, 0.7688, 0.01017, 7.423e-05]
Cost = 141
----- Optimized Parameters (2 sig. digits) -----
[0.5039, 470.3, 0.5303, 0.5101, 1093.0, 0.1352, 0.7688, 0.01017, 7.423e-05]
Cost = 141
----- Optimized Parameters (2 sig. digits) -----
[0.5039, 470.3, 0.5303, 0.5101, 1093.0, 0.1352, 0.7688, 0.01017, 7.423e-05]
Cost = 141
----- Optimized Parameters (2 sig. digits) -----
[0.5039, 470.3, 0.5303, 0.5101, 1093.0, 0.1352, 0.7688, 0.01017, 7.424e-05]
Cost = 141
----- Optimized Parameters (2 sig. digits) -----
[0.47, 470.3, 0.5604, 0.5318, 1093.0, 0.1272, 0.6882, 0.01004, 6.858e-05]
Cost = 126
----- Optimized Parameters (2 sig. digits) -----
[0.47, 470.3, 0.5604, 0.5318, 1093.0, 0.1272, 0.6882, 0.01004, 6.858e-05]
Cost = 126
----- Optimized Parameters (2 sig. digits) -----
[0.47, 470.3, 0.5604, 0.5318, 1093.0, 0.1272, 0.6882, 0.01004, 6.858e-05]
Cost = 126
----- Optimized Parameters (2 sig. digits) -----
[0.47, 470.3, 0.5604, 0.5318, 1093.0, 0.1272, 0.6882, 0.01004, 6.858e-05]
Cost = 126
----- Optimized Parameters (2 sig. digits) -----
[0.47, 470.3, 0.5604, 0.5318, 1093.0, 0.1272, 0.6882, 0.01004, 6.858e-05]
Cost = 126
----- Optimized Parameters (2 sig. digits) -----
[0.47, 470.3, 0.5604, 0.5318, 1093.0, 0.1272, 0.6882, 0.01004, 6.858e-05]
Cost = 126
----- Optimized Parameters (2 sig. digits) -----
[0.47, 470.3, 0.5604, 0.5318, 1093.0, 0.1272, 0.6882, 0.01004, 6.858e-05]
Cost = 126
----- Optimized Parameters (2 sig. digits) -----
[0.47, 470.3, 0.5604, 0.5318, 1093.0, 0.1272, 0.6882, 0.01004, 6.858e-05]
Cost = 126
----- Optimized Parameters (2 sig. digits) -----
[0.47, 470.3, 0.5604, 0.5318, 1093.0, 0.1272, 0.6882, 0.01004, 6.858e-05]
Cost = 126
----- Optimized Parameters (2 sig. digits) -----
[0.47, 470.3, 0.5604, 0.5318, 1093.0, 0.1272, 0.6882, 0.01004, 6.859e-05]
Cost = 126
----- Optimized Parameters (2 sig. digits) -----
[0.4632, 470.3, 0.5714, 0.6339, 1093.0, 0.1155, 0.5518, 0.01, 6.715e-05]
Cost = 119
----- Optimized Parameters (2 sig. digits) -----
[0.4632, 470.3, 0.5714, 0.6339, 1093.0, 0.1155, 0.5518, 0.01, 6.715e-05]
Cost = 119
----- Optimized Parameters (2 sig. digits) -----
[0.4632, 470.3, 0.5714, 0.6339, 1093.0, 0.1155, 0.5518, 0.01, 6.715e-05]
Cost = 119
----- Optimized Parameters (2 sig. digits) -----
[0.4632, 470.3, 0.5714, 0.6339, 1093.0, 0.1155, 0.5518, 0.01, 6.715e-05]
Cost = 119
----- Optimized Parameters (2 sig. digits) -----
[0.4632, 470.3, 0.5714, 0.6339, 1093.0, 0.1155, 0.5518, 0.01, 6.715e-05]
Cost = 119
----- Optimized Parameters (2 sig. digits) -----
[0.4632, 470.3, 0.5714, 0.6339, 1093.0, 0.1155, 0.5518, 0.01, 6.715e-05]
Cost = 119
----- Optimized Parameters (2 sig. digits) -----
[0.4632, 470.3, 0.5714, 0.6339, 1093.0, 0.1155, 0.5518, 0.01, 6.715e-05]
Cost = 119
----- Optimized Parameters (2 sig. digits) -----
[0.4632, 470.3, 0.5714, 0.6339, 1093.0, 0.1155, 0.5518, 0.01, 6.715e-05]
Cost = 119
----- Optimized Parameters (2 sig. digits) -----
[0.4632, 470.3, 0.5714, 0.6339, 1093.0, 0.1155, 0.5518, 0.01, 6.715e-05]
Cost = 119
----- Optimized Parameters (2 sig. digits) -----
[0.4632, 470.3, 0.5714, 0.6339, 1093.0, 0.1155, 0.5518, 0.01, 6.717e-05]
Cost = 119
----- Optimized Parameters (2 sig. digits) -----
[0.4999, 469.0, 0.6214, 0.8207, 1091.0, 0.08823, 0.3161, 0.01, 6.333e-05]
Cost = 120
----- Optimized Parameters (2 sig. digits) -----
[0.4692, 470.3, 0.5837, 0.6464, 1093.0, 0.108, 0.4718, 0.01, 6.397e-05]
Cost = 116
----- Optimized Parameters (2 sig. digits) -----
[0.4692, 470.3, 0.5837, 0.6464, 1093.0, 0.108, 0.4718, 0.01, 6.397e-05]
Cost = 116
----- Optimized Parameters (2 sig. digits) -----
[0.4692, 470.3, 0.5837, 0.6464, 1093.0, 0.108, 0.4718, 0.01, 6.397e-05]
Cost = 116
----- Optimized Parameters (2 sig. digits) -----
[0.4692, 470.3, 0.5837, 0.6464, 1093.0, 0.108, 0.4718, 0.01, 6.397e-05]
Cost = 116
----- Optimized Parameters (2 sig. digits) -----
[0.4692, 470.3, 0.5837, 0.6464, 1093.0, 0.108, 0.4718, 0.01, 6.397e-05]
Cost = 116
----- Optimized Parameters (2 sig. digits) -----
[0.4692, 470.3, 0.5837, 0.6464, 1093.0, 0.108, 0.4718, 0.01, 6.397e-05]
Cost = 116
----- Optimized Parameters (2 sig. digits) -----
[0.4692, 470.3, 0.5837, 0.6464, 1093.0, 0.108, 0.4718, 0.01, 6.397e-05]
Cost = 116
----- Optimized Parameters (2 sig. digits) -----
[0.4692, 470.3, 0.5837, 0.6464, 1093.0, 0.108, 0.4718, 0.01, 6.397e-05]
Cost = 116
----- Optimized Parameters (2 sig. digits) -----
[0.4692, 470.3, 0.5837, 0.6464, 1093.0, 0.108, 0.4718, 0.01, 6.397e-05]
Cost = 116
----- Optimized Parameters (2 sig. digits) -----
[0.4692, 470.3, 0.5837, 0.6464, 1093.0, 0.108, 0.4718, 0.01, 6.399e-05]
Cost = 116
----- Optimized Parameters (2 sig. digits) -----
[0.4781, 470.1, 0.5949, 0.7445, 1093.0, 0.09773, 0.362, 0.01, 6.258e-05]
Cost = 111
----- Optimized Parameters (2 sig. digits) -----
[0.4781, 470.1, 0.5949, 0.7445, 1093.0, 0.09773, 0.362, 0.01, 6.258e-05]
Cost = 111
----- Optimized Parameters (2 sig. digits) -----
[0.4781, 470.1, 0.5949, 0.7445, 1093.0, 0.09773, 0.362, 0.01, 6.258e-05]
Cost = 111
----- Optimized Parameters (2 sig. digits) -----
[0.4781, 470.1, 0.5949, 0.7445, 1093.0, 0.09773, 0.362, 0.01, 6.258e-05]
Cost = 111
----- Optimized Parameters (2 sig. digits) -----
[0.4781, 470.1, 0.5949, 0.7445, 1093.0, 0.09773, 0.362, 0.01, 6.258e-05]
Cost = 111
----- Optimized Parameters (2 sig. digits) -----
[0.4781, 470.1, 0.5949, 0.7445, 1093.0, 0.09773, 0.362, 0.01, 6.258e-05]
Cost = 111
----- Optimized Parameters (2 sig. digits) -----
[0.4781, 470.1, 0.5949, 0.7445, 1093.0, 0.09773, 0.362, 0.01, 6.258e-05]
Cost = 111
----- Optimized Parameters (2 sig. digits) -----
[0.4781, 470.1, 0.5949, 0.7445, 1093.0, 0.09773, 0.362, 0.01, 6.258e-05]
Cost = 111
----- Optimized Parameters (2 sig. digits) -----
[0.4781, 470.1, 0.5949, 0.7445, 1093.0, 0.09773, 0.362, 0.01, 6.258e-05]
Cost = 111
----- Optimized Parameters (2 sig. digits) -----
[0.4781, 470.1, 0.5949, 0.7445, 1093.0, 0.09773, 0.362, 0.01, 6.259e-05]
Cost = 111
----- Optimized Parameters (2 sig. digits) -----
[0.4876, 466.8, 0.6059, 0.9281, 1088.0, 0.09043, 0.2836, 0.01, 5.965e-05]
Cost = 107
----- Optimized Parameters (2 sig. digits) -----
[0.4876, 466.8, 0.6059, 0.9281, 1088.0, 0.09043, 0.2836, 0.01, 5.965e-05]
Cost = 107
----- Optimized Parameters (2 sig. digits) -----
[0.4876, 466.8, 0.6059, 0.9281, 1088.0, 0.09043, 0.2836, 0.01, 5.965e-05]
Cost = 107
----- Optimized Parameters (2 sig. digits) -----
[0.4876, 466.8, 0.6059, 0.9281, 1088.0, 0.09043, 0.2836, 0.01, 5.965e-05]
Cost = 107
----- Optimized Parameters (2 sig. digits) -----
[0.4876, 466.8, 0.6059, 0.9281, 1088.0, 0.09043, 0.2836, 0.01, 5.965e-05]
Cost = 107
----- Optimized Parameters (2 sig. digits) -----
[0.4876, 466.8, 0.6059, 0.9281, 1088.0, 0.09043, 0.2836, 0.01, 5.965e-05]
Cost = 107
----- Optimized Parameters (2 sig. digits) -----
[0.4876, 466.8, 0.6059, 0.9281, 1088.0, 0.09043, 0.2836, 0.01, 5.965e-05]
Cost = 107
----- Optimized Parameters (2 sig. digits) -----
[0.4876, 466.8, 0.6059, 0.9281, 1088.0, 0.09043, 0.2836, 0.01, 5.965e-05]
Cost = 107
----- Optimized Parameters (2 sig. digits) -----
[0.4876, 466.8, 0.6059, 0.9281, 1088.0, 0.09043, 0.2836, 0.01, 5.965e-05]
Cost = 107
----- Optimized Parameters (2 sig. digits) -----
[0.4876, 466.8, 0.6059, 0.9281, 1088.0, 0.09043, 0.2836, 0.01, 5.967e-05]
Cost = 107
----- Optimized Parameters (2 sig. digits) -----
[0.512, 457.8, 0.6336, 0.9619, 1067.0, 0.08059, 0.2174, 0.01, 5.522e-05]
Cost = 106
----- Optimized Parameters (2 sig. digits) -----
[0.512, 457.8, 0.6336, 0.9619, 1067.0, 0.08059, 0.2174, 0.01, 5.522e-05]
Cost = 106
----- Optimized Parameters (2 sig. digits) -----
[0.512, 457.8, 0.6336, 0.9619, 1067.0, 0.08059, 0.2174, 0.01, 5.522e-05]
Cost = 106
----- Optimized Parameters (2 sig. digits) -----
[0.512, 457.8, 0.6336, 0.9619, 1067.0, 0.08059, 0.2174, 0.01, 5.522e-05]
Cost = 106
----- Optimized Parameters (2 sig. digits) -----
[0.512, 457.8, 0.6336, 0.9619, 1067.0, 0.08059, 0.2174, 0.01, 5.522e-05]
Cost = 106
----- Optimized Parameters (2 sig. digits) -----
[0.512, 457.8, 0.6336, 0.9619, 1067.0, 0.08059, 0.2174, 0.01, 5.522e-05]
Cost = 106
----- Optimized Parameters (2 sig. digits) -----
[0.512, 457.8, 0.6336, 0.9619, 1067.0, 0.08059, 0.2174, 0.01, 5.522e-05]
Cost = 106
----- Optimized Parameters (2 sig. digits) -----
[0.512, 457.8, 0.6336, 0.9619, 1067.0, 0.08059, 0.2174, 0.01, 5.522e-05]
Cost = 106
----- Optimized Parameters (2 sig. digits) -----
[0.512, 457.8, 0.6336, 0.9619, 1067.0, 0.08059, 0.2174, 0.01, 5.522e-05]
Cost = 106
----- Optimized Parameters (2 sig. digits) -----
[0.512, 457.8, 0.6336, 0.9619, 1067.0, 0.08059, 0.2174, 0.01, 5.523e-05]
Cost = 106
----- Optimized Parameters (2 sig. digits) -----
[0.512, 457.8, 0.6337, 0.9619, 1067.0, 0.08061, 0.2174, 0.01002, 5.629e-05]
Cost = 106
----- Optimized Parameters (2 sig. digits) -----
[0.512, 457.8, 0.6337, 0.9619, 1067.0, 0.08061, 0.2174, 0.01002, 5.629e-05]
Cost = 106
----- Optimized Parameters (2 sig. digits) -----
[0.512, 457.8, 0.6337, 0.9619, 1067.0, 0.08061, 0.2174, 0.01002, 5.629e-05]
Cost = 106
----- Optimized Parameters (2 sig. digits) -----
[0.512, 457.8, 0.6337, 0.9619, 1067.0, 0.08061, 0.2174, 0.01002, 5.629e-05]
Cost = 106
----- Optimized Parameters (2 sig. digits) -----
[0.512, 457.8, 0.6337, 0.9619, 1067.0, 0.08061, 0.2174, 0.01002, 5.629e-05]
Cost = 106
----- Optimized Parameters (2 sig. digits) -----
[0.512, 457.8, 0.6337, 0.9619, 1067.0, 0.08061, 0.2174, 0.01002, 5.629e-05]
Cost = 106
----- Optimized Parameters (2 sig. digits) -----
[0.512, 457.8, 0.6337, 0.9619, 1067.0, 0.08061, 0.2174, 0.01002, 5.629e-05]
Cost = 106
----- Optimized Parameters (2 sig. digits) -----
[0.512, 457.8, 0.6337, 0.9619, 1067.0, 0.08061, 0.2174, 0.01002, 5.629e-05]
Cost = 106
----- Optimized Parameters (2 sig. digits) -----
[0.512, 457.8, 0.6337, 0.9619, 1067.0, 0.08061, 0.2174, 0.01002, 5.629e-05]
Cost = 106
----- Optimized Parameters (2 sig. digits) -----
[0.512, 457.8, 0.6337, 0.9619, 1067.0, 0.08061, 0.2174, 0.01002, 5.631e-05]
Cost = 106
----- Optimized Parameters (2 sig. digits) -----
[0.5154, 300.8, 0.6377, 0.9828, 1061.0, 0.08066, 0.2063, 0.01001, 5.301e-05]
Cost = 105
----- Optimized Parameters (2 sig. digits) -----
[0.5154, 300.8, 0.6377, 0.9828, 1061.0, 0.08066, 0.2063, 0.01001, 5.301e-05]
Cost = 105
----- Optimized Parameters (2 sig. digits) -----
[0.5154, 300.8, 0.6377, 0.9828, 1061.0, 0.08066, 0.2063, 0.01001, 5.301e-05]
Cost = 105
----- Optimized Parameters (2 sig. digits) -----
[0.5154, 300.8, 0.6377, 0.9828, 1061.0, 0.08066, 0.2063, 0.01001, 5.301e-05]
Cost = 105
----- Optimized Parameters (2 sig. digits) -----
[0.5154, 300.8, 0.6377, 0.9828, 1061.0, 0.08066, 0.2063, 0.01001, 5.301e-05]
Cost = 105
----- Optimized Parameters (2 sig. digits) -----
[0.5154, 300.8, 0.6377, 0.9828, 1061.0, 0.08066, 0.2063, 0.01001, 5.301e-05]
Cost = 105
----- Optimized Parameters (2 sig. digits) -----
[0.5154, 300.8, 0.6377, 0.9828, 1061.0, 0.08066, 0.2063, 0.01001, 5.301e-05]
Cost = 105
----- Optimized Parameters (2 sig. digits) -----
[0.5154, 300.8, 0.6377, 0.9828, 1061.0, 0.08066, 0.2063, 0.01001, 5.301e-05]
Cost = 105
----- Optimized Parameters (2 sig. digits) -----
[0.5154, 300.8, 0.6377, 0.9828, 1061.0, 0.08066, 0.2063, 0.01001, 5.301e-05]
Cost = 105
----- Optimized Parameters (2 sig. digits) -----
[0.5154, 300.8, 0.6377, 0.9828, 1061.0, 0.08066, 0.2063, 0.01001, 5.302e-05]
Cost = 105
----- Optimized Parameters (2 sig. digits) -----
[0.5154, 305.1, 0.6378, 0.9831, 1060.0, 0.0807, 0.2063, 0.01001, 5.299e-05]
Cost = 105
----- Optimized Parameters (2 sig. digits) -----
[0.5154, 305.1, 0.6378, 0.9831, 1060.0, 0.0807, 0.2063, 0.01001, 5.299e-05]
Cost = 105
----- Optimized Parameters (2 sig. digits) -----
[0.5154, 305.1, 0.6378, 0.9831, 1060.0, 0.0807, 0.2063, 0.01001, 5.299e-05]
Cost = 105
----- Optimized Parameters (2 sig. digits) -----
[0.5154, 305.1, 0.6378, 0.9831, 1060.0, 0.0807, 0.2063, 0.01001, 5.299e-05]
Cost = 105
----- Optimized Parameters (2 sig. digits) -----
[0.5154, 305.1, 0.6378, 0.9831, 1060.0, 0.0807, 0.2063, 0.01001, 5.299e-05]
Cost = 105
----- Optimized Parameters (2 sig. digits) -----
[0.5154, 305.1, 0.6378, 0.9831, 1060.0, 0.0807, 0.2063, 0.01001, 5.299e-05]
Cost = 105
----- Optimized Parameters (2 sig. digits) -----
[0.5154, 305.1, 0.6378, 0.9831, 1060.0, 0.0807, 0.2063, 0.01001, 5.299e-05]
Cost = 105
----- Optimized Parameters (2 sig. digits) -----
[0.5154, 305.1, 0.6378, 0.9831, 1060.0, 0.0807, 0.2063, 0.01001, 5.299e-05]
Cost = 105
----- Optimized Parameters (2 sig. digits) -----
[0.5154, 305.1, 0.6378, 0.9831, 1060.0, 0.0807, 0.2063, 0.01001, 5.299e-05]
Cost = 105
----- Optimized Parameters (2 sig. digits) -----
[0.5154, 305.1, 0.6378, 0.9831, 1060.0, 0.0807, 0.2063, 0.01001, 5.301e-05]
Cost = 105
----- Optimized Parameters (2 sig. digits) -----
[0.5159, 300.3, 0.6414, 0.9918, 1034.0, 0.07792, 0.1923, 0.01, 5.081e-05]
Cost = 105
----- Optimized Parameters (2 sig. digits) -----
[0.5159, 300.3, 0.6414, 0.9918, 1034.0, 0.07792, 0.1923, 0.01, 5.081e-05]
Cost = 105
----- Optimized Parameters (2 sig. digits) -----
[0.5159, 300.3, 0.6414, 0.9918, 1034.0, 0.07792, 0.1923, 0.01, 5.081e-05]
Cost = 105
----- Optimized Parameters (2 sig. digits) -----
[0.5159, 300.3, 0.6414, 0.9918, 1034.0, 0.07792, 0.1923, 0.01, 5.081e-05]
Cost = 105
----- Optimized Parameters (2 sig. digits) -----
[0.5159, 300.3, 0.6414, 0.9918, 1034.0, 0.07792, 0.1923, 0.01, 5.081e-05]
Cost = 105
----- Optimized Parameters (2 sig. digits) -----
[0.5159, 300.3, 0.6414, 0.9918, 1034.0, 0.07792, 0.1923, 0.01, 5.081e-05]
Cost = 105
----- Optimized Parameters (2 sig. digits) -----
[0.5159, 300.3, 0.6414, 0.9918, 1034.0, 0.07792, 0.1923, 0.01, 5.081e-05]
Cost = 105
----- Optimized Parameters (2 sig. digits) -----
[0.5159, 300.3, 0.6414, 0.9918, 1034.0, 0.07792, 0.1923, 0.01, 5.081e-05]
Cost = 105
----- Optimized Parameters (2 sig. digits) -----
[0.5159, 300.3, 0.6414, 0.9918, 1034.0, 0.07792, 0.1923, 0.01, 5.081e-05]
Cost = 105
----- Optimized Parameters (2 sig. digits) -----
[0.5159, 300.3, 0.6414, 0.9918, 1034.0, 0.07792, 0.1923, 0.01, 5.082e-05]
Cost = 105
----- Optimized Parameters (2 sig. digits) -----
[0.5159, 303.5, 0.6414, 0.9918, 1034.0, 0.07794, 0.1923, 0.01, 5.08e-05]
Cost = 105
----- Optimized Parameters (2 sig. digits) -----
[0.5159, 303.5, 0.6414, 0.9918, 1034.0, 0.07794, 0.1923, 0.01, 5.08e-05]
Cost = 105
----- Optimized Parameters (2 sig. digits) -----
[0.5159, 303.5, 0.6414, 0.9918, 1034.0, 0.07794, 0.1923, 0.01, 5.08e-05]
Cost = 105
----- Optimized Parameters (2 sig. digits) -----
[0.5159, 303.5, 0.6414, 0.9918, 1034.0, 0.07794, 0.1923, 0.01, 5.08e-05]
Cost = 105
----- Optimized Parameters (2 sig. digits) -----
[0.5159, 303.5, 0.6414, 0.9918, 1034.0, 0.07794, 0.1923, 0.01, 5.08e-05]
Cost = 105
----- Optimized Parameters (2 sig. digits) -----
[0.5159, 303.5, 0.6414, 0.9918, 1034.0, 0.07794, 0.1923, 0.01, 5.08e-05]
Cost = 105
----- Optimized Parameters (2 sig. digits) -----
[0.5159, 303.5, 0.6414, 0.9918, 1034.0, 0.07794, 0.1923, 0.01, 5.08e-05]
Cost = 105
----- Optimized Parameters (2 sig. digits) -----
[0.5159, 303.5, 0.6414, 0.9918, 1034.0, 0.07794, 0.1923, 0.01, 5.08e-05]
Cost = 105
----- Optimized Parameters (2 sig. digits) -----
[0.5159, 303.5, 0.6414, 0.9918, 1034.0, 0.07794, 0.1923, 0.01, 5.08e-05]
Cost = 105
----- Optimized Parameters (2 sig. digits) -----
[0.5159, 303.5, 0.6414, 0.9918, 1034.0, 0.07794, 0.1923, 0.01, 5.082e-05]
Cost = 105
----- Optimized Parameters (2 sig. digits) -----
[0.5167, 300.9, 0.6451, 0.9964, 1009.0, 0.07553, 0.1847, 0.01, 4.937e-05]
Cost = 105
----- Optimized Parameters (2 sig. digits) -----
[0.5167, 300.9, 0.6451, 0.9964, 1009.0, 0.07553, 0.1847, 0.01, 4.937e-05]
Cost = 105
----- Optimized Parameters (2 sig. digits) -----
[0.5167, 300.9, 0.6451, 0.9964, 1009.0, 0.07553, 0.1847, 0.01, 4.937e-05]
Cost = 105
----- Optimized Parameters (2 sig. digits) -----
[0.5167, 300.9, 0.6451, 0.9964, 1009.0, 0.07553, 0.1847, 0.01, 4.937e-05]
Cost = 105
----- Optimized Parameters (2 sig. digits) -----
[0.5167, 300.9, 0.6451, 0.9964, 1009.0, 0.07553, 0.1847, 0.01, 4.937e-05]
Cost = 105
----- Optimized Parameters (2 sig. digits) -----
[0.5167, 300.9, 0.6451, 0.9964, 1009.0, 0.07553, 0.1847, 0.01, 4.937e-05]
Cost = 105
----- Optimized Parameters (2 sig. digits) -----
[0.5167, 300.9, 0.6451, 0.9964, 1009.0, 0.07553, 0.1847, 0.01, 4.937e-05]
Cost = 105
----- Optimized Parameters (2 sig. digits) -----
[0.5167, 300.9, 0.6451, 0.9964, 1009.0, 0.07553, 0.1847, 0.01, 4.937e-05]
Cost = 105
----- Optimized Parameters (2 sig. digits) -----
[0.5167, 300.9, 0.6451, 0.9964, 1009.0, 0.07553, 0.1847, 0.01, 4.937e-05]
Cost = 105
----- Optimized Parameters (2 sig. digits) -----
[0.5167, 300.9, 0.6451, 0.9964, 1009.0, 0.07553, 0.1847, 0.01, 4.939e-05]
Cost = 105
----- Optimized Parameters (2 sig. digits) -----
[0.5167, 301.7, 0.6452, 0.9964, 1009.0, 0.07555, 0.1848, 0.01, 4.937e-05]
Cost = 105
----- Optimized Parameters (2 sig. digits) -----
[0.5167, 301.7, 0.6452, 0.9964, 1009.0, 0.07555, 0.1848, 0.01, 4.937e-05]
Cost = 105
----- Optimized Parameters (2 sig. digits) -----
[0.5167, 301.7, 0.6452, 0.9964, 1009.0, 0.07555, 0.1848, 0.01, 4.937e-05]
Cost = 105
----- Optimized Parameters (2 sig. digits) -----
[0.5167, 301.7, 0.6452, 0.9964, 1009.0, 0.07555, 0.1848, 0.01, 4.937e-05]
Cost = 105
----- Optimized Parameters (2 sig. digits) -----
[0.5167, 301.7, 0.6452, 0.9964, 1009.0, 0.07555, 0.1848, 0.01, 4.937e-05]
Cost = 105
----- Optimized Parameters (2 sig. digits) -----
[0.5167, 301.7, 0.6452, 0.9964, 1009.0, 0.07555, 0.1848, 0.01, 4.937e-05]
Cost = 105
----- Optimized Parameters (2 sig. digits) -----
[0.5167, 301.7, 0.6452, 0.9964, 1009.0, 0.07555, 0.1848, 0.01, 4.937e-05]
Cost = 105
----- Optimized Parameters (2 sig. digits) -----
[0.5167, 301.7, 0.6452, 0.9964, 1009.0, 0.07555, 0.1848, 0.01, 4.937e-05]
Cost = 105
----- Optimized Parameters (2 sig. digits) -----
[0.5167, 301.7, 0.6452, 0.9964, 1009.0, 0.07555, 0.1848, 0.01, 4.937e-05]
Cost = 105
----- Optimized Parameters (2 sig. digits) -----
[0.5167, 301.7, 0.6452, 0.9964, 1009.0, 0.07555, 0.1848, 0.01, 4.939e-05]
Cost = 105
----- Optimized Parameters (2 sig. digits) -----
[0.5181, 300.7, 0.6493, 0.9987, 980.9, 0.07301, 0.18, 0.01, 4.843e-05]
Cost = 105
----- Optimized Parameters (2 sig. digits) -----
[0.5181, 300.7, 0.6493, 0.9987, 980.9, 0.07301, 0.18, 0.01, 4.843e-05]
Cost = 105
----- Optimized Parameters (2 sig. digits) -----
[0.5181, 300.7, 0.6493, 0.9987, 980.9, 0.07301, 0.18, 0.01, 4.843e-05]
Cost = 105
----- Optimized Parameters (2 sig. digits) -----
[0.5181, 300.7, 0.6493, 0.9987, 980.9, 0.07301, 0.18, 0.01, 4.843e-05]
Cost = 105
----- Optimized Parameters (2 sig. digits) -----
[0.5181, 300.7, 0.6493, 0.9987, 980.9, 0.07301, 0.18, 0.01, 4.843e-05]
Cost = 105
----- Optimized Parameters (2 sig. digits) -----
[0.5181, 300.7, 0.6493, 0.9987, 980.9, 0.07301, 0.18, 0.01, 4.843e-05]
Cost = 105
----- Optimized Parameters (2 sig. digits) -----
[0.5181, 300.7, 0.6493, 0.9987, 980.9, 0.07301, 0.18, 0.01, 4.843e-05]
Cost = 105
----- Optimized Parameters (2 sig. digits) -----
[0.5181, 300.7, 0.6493, 0.9987, 980.9, 0.07301, 0.18, 0.01, 4.843e-05]
Cost = 105
----- Optimized Parameters (2 sig. digits) -----
[0.5181, 300.7, 0.6493, 0.9987, 980.9, 0.07301, 0.18, 0.01, 4.843e-05]
Cost = 105
----- Optimized Parameters (2 sig. digits) -----
[0.5181, 300.7, 0.6493, 0.9987, 980.9, 0.07301, 0.18, 0.01, 4.845e-05]
Cost = 105
----- Optimized Parameters (2 sig. digits) -----
[0.5181, 301.5, 0.6493, 0.9987, 980.9, 0.07302, 0.18, 0.01, 4.843e-05]
Cost = 105
----- Optimized Parameters (2 sig. digits) -----
[0.5181, 301.5, 0.6493, 0.9987, 980.9, 0.07302, 0.18, 0.01, 4.843e-05]
Cost = 105
----- Optimized Parameters (2 sig. digits) -----
[0.5181, 301.5, 0.6493, 0.9987, 980.9, 0.07302, 0.18, 0.01, 4.843e-05]
Cost = 105
----- Optimized Parameters (2 sig. digits) -----
[0.5181, 301.5, 0.6493, 0.9987, 980.9, 0.07302, 0.18, 0.01, 4.843e-05]
Cost = 105
----- Optimized Parameters (2 sig. digits) -----
[0.5181, 301.5, 0.6493, 0.9987, 980.9, 0.07302, 0.18, 0.01, 4.843e-05]
Cost = 105
----- Optimized Parameters (2 sig. digits) -----
[0.5181, 301.5, 0.6493, 0.9987, 980.9, 0.07302, 0.18, 0.01, 4.843e-05]
Cost = 105
----- Optimized Parameters (2 sig. digits) -----
[0.5181, 301.5, 0.6493, 0.9987, 980.9, 0.07302, 0.18, 0.01, 4.843e-05]
Cost = 105
----- Optimized Parameters (2 sig. digits) -----
[0.5181, 301.5, 0.6493, 0.9987, 980.9, 0.07302, 0.18, 0.01, 4.843e-05]
Cost = 105
----- Optimized Parameters (2 sig. digits) -----
[0.5181, 301.5, 0.6493, 0.9987, 980.9, 0.07302, 0.18, 0.01, 4.843e-05]
Cost = 105
----- Optimized Parameters (2 sig. digits) -----
[0.5181, 301.5, 0.6493, 0.9987, 980.9, 0.07302, 0.18, 0.01, 4.845e-05]
Cost = 105
----- Optimized Parameters (2 sig. digits) -----
[0.5201, 300.8, 0.6537, 0.9996, 953.8, 0.07057, 0.1774, 0.01, 4.787e-05]
Cost = 104
----- Optimized Parameters (2 sig. digits) -----
[0.5201, 300.8, 0.6537, 0.9996, 953.8, 0.07057, 0.1774, 0.01, 4.787e-05]
Cost = 104
----- Optimized Parameters (2 sig. digits) -----
[0.5201, 300.8, 0.6537, 0.9996, 953.8, 0.07057, 0.1774, 0.01, 4.787e-05]
Cost = 104
----- Optimized Parameters (2 sig. digits) -----
[0.5201, 300.8, 0.6537, 0.9996, 953.8, 0.07057, 0.1774, 0.01, 4.787e-05]
Cost = 104
----- Optimized Parameters (2 sig. digits) -----
[0.5201, 300.8, 0.6537, 0.9996, 953.8, 0.07057, 0.1774, 0.01, 4.787e-05]
Cost = 104
----- Optimized Parameters (2 sig. digits) -----
[0.5201, 300.8, 0.6537, 0.9996, 953.8, 0.07057, 0.1774, 0.01, 4.787e-05]
Cost = 104
----- Optimized Parameters (2 sig. digits) -----
[0.5201, 300.8, 0.6537, 0.9996, 953.8, 0.07057, 0.1774, 0.01, 4.787e-05]
Cost = 104
----- Optimized Parameters (2 sig. digits) -----
[0.5201, 300.8, 0.6537, 0.9996, 953.8, 0.07057, 0.1774, 0.01, 4.787e-05]
Cost = 104
----- Optimized Parameters (2 sig. digits) -----
[0.5201, 300.8, 0.6537, 0.9996, 953.8, 0.07057, 0.1774, 0.01, 4.787e-05]
Cost = 104
----- Optimized Parameters (2 sig. digits) -----
[0.5201, 300.8, 0.6537, 0.9996, 953.8, 0.07057, 0.1774, 0.01, 4.789e-05]
Cost = 104
----- Optimized Parameters (2 sig. digits) -----
[0.5201, 301.0, 0.6537, 0.9996, 953.7, 0.07058, 0.1775, 0.01, 4.788e-05]
Cost = 104
----- Optimized Parameters (2 sig. digits) -----
[0.5201, 301.0, 0.6537, 0.9996, 953.7, 0.07058, 0.1775, 0.01, 4.788e-05]
Cost = 104
----- Optimized Parameters (2 sig. digits) -----
[0.5201, 301.0, 0.6537, 0.9996, 953.7, 0.07058, 0.1775, 0.01, 4.788e-05]
Cost = 104
----- Optimized Parameters (2 sig. digits) -----
[0.5201, 301.0, 0.6537, 0.9996, 953.7, 0.07058, 0.1775, 0.01, 4.788e-05]
Cost = 104
----- Optimized Parameters (2 sig. digits) -----
[0.5201, 301.0, 0.6537, 0.9996, 953.7, 0.07058, 0.1775, 0.01, 4.788e-05]
Cost = 104
----- Optimized Parameters (2 sig. digits) -----
[0.5201, 301.0, 0.6537, 0.9996, 953.7, 0.07058, 0.1775, 0.01, 4.788e-05]
Cost = 104
----- Optimized Parameters (2 sig. digits) -----
[0.5201, 301.0, 0.6537, 0.9996, 953.7, 0.07058, 0.1775, 0.01, 4.788e-05]
Cost = 104
----- Optimized Parameters (2 sig. digits) -----
[0.5201, 301.0, 0.6537, 0.9996, 953.7, 0.07058, 0.1775, 0.01, 4.788e-05]
Cost = 104
----- Optimized Parameters (2 sig. digits) -----
[0.5201, 301.0, 0.6537, 0.9996, 953.7, 0.07058, 0.1775, 0.01, 4.788e-05]
Cost = 104
----- Optimized Parameters (2 sig. digits) -----
[0.5201, 301.0, 0.6537, 0.9996, 953.7, 0.07058, 0.1775, 0.01, 4.789e-05]
Cost = 104
----- Optimized Parameters (2 sig. digits) -----
[0.523, 300.7, 0.6588, 0.9999, 925.0, 0.06797, 0.176, 0.01, 4.753e-05]
Cost = 104
----- Optimized Parameters (2 sig. digits) -----
[0.523, 300.7, 0.6588, 0.9999, 925.0, 0.06797, 0.176, 0.01, 4.753e-05]
Cost = 104
----- Optimized Parameters (2 sig. digits) -----
[0.523, 300.7, 0.6588, 0.9999, 925.0, 0.06797, 0.176, 0.01, 4.753e-05]
Cost = 104
----- Optimized Parameters (2 sig. digits) -----
[0.523, 300.7, 0.6588, 0.9999, 925.0, 0.06797, 0.176, 0.01, 4.753e-05]
Cost = 104
----- Optimized Parameters (2 sig. digits) -----
[0.523, 300.7, 0.6588, 0.9999, 925.0, 0.06797, 0.176, 0.01, 4.753e-05]
Cost = 104
----- Optimized Parameters (2 sig. digits) -----
[0.523, 300.7, 0.6588, 0.9999, 925.0, 0.06797, 0.176, 0.01, 4.753e-05]
Cost = 104
----- Optimized Parameters (2 sig. digits) -----
[0.523, 300.7, 0.6588, 0.9999, 925.0, 0.06797, 0.176, 0.01, 4.753e-05]
Cost = 104
----- Optimized Parameters (2 sig. digits) -----
[0.523, 300.7, 0.6588, 0.9999, 925.0, 0.06797, 0.176, 0.01, 4.753e-05]
Cost = 104
----- Optimized Parameters (2 sig. digits) -----
[0.523, 300.7, 0.6588, 0.9999, 925.0, 0.06797, 0.176, 0.01, 4.753e-05]
Cost = 104
----- Optimized Parameters (2 sig. digits) -----
[0.523, 300.7, 0.6588, 0.9999, 925.0, 0.06797, 0.176, 0.01, 4.754e-05]
Cost = 104
----- Optimized Parameters (2 sig. digits) -----
[0.523, 300.7, 0.6588, 0.9999, 925.0, 0.06797, 0.176, 0.01, 4.757e-05]
Cost = 104
----- Optimized Parameters (2 sig. digits) -----
[0.523, 300.7, 0.6588, 0.9999, 925.0, 0.06797, 0.176, 0.01, 4.757e-05]
Cost = 104
----- Optimized Parameters (2 sig. digits) -----
[0.523, 300.7, 0.6588, 0.9999, 925.0, 0.06797, 0.176, 0.01, 4.757e-05]
Cost = 104
----- Optimized Parameters (2 sig. digits) -----
[0.523, 300.7, 0.6588, 0.9999, 925.0, 0.06797, 0.176, 0.01, 4.757e-05]
Cost = 104
----- Optimized Parameters (2 sig. digits) -----
[0.523, 300.7, 0.6588, 0.9999, 925.0, 0.06797, 0.176, 0.01, 4.757e-05]
Cost = 104
----- Optimized Parameters (2 sig. digits) -----
[0.523, 300.7, 0.6588, 0.9999, 925.0, 0.06797, 0.176, 0.01, 4.757e-05]
Cost = 104
----- Optimized Parameters (2 sig. digits) -----
[0.523, 300.7, 0.6588, 0.9999, 925.0, 0.06797, 0.176, 0.01, 4.757e-05]
Cost = 104
----- Optimized Parameters (2 sig. digits) -----
[0.523, 300.7, 0.6588, 0.9999, 925.0, 0.06797, 0.176, 0.01, 4.757e-05]
Cost = 104
----- Optimized Parameters (2 sig. digits) -----
[0.523, 300.7, 0.6588, 0.9999, 925.0, 0.06797, 0.176, 0.01, 4.757e-05]
Cost = 104
----- Optimized Parameters (2 sig. digits) -----
[0.523, 300.7, 0.6588, 0.9999, 925.0, 0.06797, 0.176, 0.01, 4.758e-05]
Cost = 104
----- Optimized Parameters (2 sig. digits) -----
[0.523, 300.7, 0.6588, 0.9999, 925.0, 0.06797, 0.176, 0.01, 4.757e-05]
Cost = 104
----- Optimized Parameters (2 sig. digits) -----
[0.523, 300.7, 0.6588, 0.9999, 925.0, 0.06797, 0.176, 0.01, 4.757e-05]
Cost = 104
----- Optimized Parameters (2 sig. digits) -----
[0.523, 300.7, 0.6588, 0.9999, 925.0, 0.06797, 0.176, 0.01, 4.757e-05]
Cost = 104
----- Optimized Parameters (2 sig. digits) -----
[0.523, 300.7, 0.6588, 0.9999, 925.0, 0.06797, 0.176, 0.01, 4.757e-05]
Cost = 104
----- Optimized Parameters (2 sig. digits) -----
[0.523, 300.7, 0.6588, 0.9999, 925.0, 0.06797, 0.176, 0.01, 4.757e-05]
Cost = 104
----- Optimized Parameters (2 sig. digits) -----
[0.523, 300.7, 0.6588, 0.9999, 925.0, 0.06797, 0.176, 0.01, 4.757e-05]
Cost = 104
----- Optimized Parameters (2 sig. digits) -----
[0.523, 300.7, 0.6588, 0.9999, 925.0, 0.06797, 0.176, 0.01, 4.757e-05]
Cost = 104
----- Optimized Parameters (2 sig. digits) -----
[0.523, 300.7, 0.6588, 0.9999, 925.0, 0.06797, 0.176, 0.01, 4.757e-05]
Cost = 104
----- Optimized Parameters (2 sig. digits) -----
[0.523, 300.7, 0.6588, 0.9999, 925.0, 0.06797, 0.176, 0.01, 4.757e-05]
Cost = 104
----- Optimized Parameters (2 sig. digits) -----
[0.523, 300.7, 0.6588, 0.9999, 925.0, 0.06797, 0.176, 0.01, 4.757e-05]
Cost = 104
----- Optimized Parameters (2 sig. digits) -----
[0.523, 300.7, 0.6588, 0.9999, 925.0, 0.06797, 0.176, 0.01, 4.758e-05]
Cost = 104
----- Optimized Parameters (2 sig. digits) -----
[0.5298, 300.1, 0.669, 1.0, 863.6, 0.06258, 0.1763, 0.01, 4.739e-05]
Cost = 105
----- Optimized Parameters (2 sig. digits) -----
[0.5313, 300.6, 0.6705, 1.0, 908.9, 0.06566, 0.1748, 0.01, 4.725e-05]
Cost = 104
----- Optimized Parameters (2 sig. digits) -----
[0.5316, 300.6, 0.6708, 1.0, 921.0, 0.06649, 0.1744, 0.01, 4.721e-05]
Cost = 104
----- Optimized Parameters (2 sig. digits) -----
[0.5316, 300.6, 0.6708, 1.0, 921.0, 0.06649, 0.1744, 0.01, 4.721e-05]
Cost = 104
----- Optimized Parameters (2 sig. digits) -----
[0.5316, 300.6, 0.6708, 1.0, 921.0, 0.06649, 0.1744, 0.01, 4.721e-05]
Cost = 104
----- Optimized Parameters (2 sig. digits) -----
[0.5316, 300.6, 0.6708, 1.0, 921.0, 0.06649, 0.1744, 0.01, 4.721e-05]
Cost = 104
----- Optimized Parameters (2 sig. digits) -----
[0.5316, 300.6, 0.6708, 1.0, 921.0, 0.06649, 0.1744, 0.01, 4.721e-05]
Cost = 104
----- Optimized Parameters (2 sig. digits) -----
[0.5316, 300.6, 0.6708, 1.0, 921.0, 0.06649, 0.1744, 0.01, 4.721e-05]
Cost = 104
----- Optimized Parameters (2 sig. digits) -----
[0.5316, 300.6, 0.6708, 1.0, 921.0, 0.06649, 0.1744, 0.01, 4.721e-05]
Cost = 104
----- Optimized Parameters (2 sig. digits) -----
[0.5316, 300.6, 0.6708, 1.0, 921.0, 0.06649, 0.1744, 0.01, 4.721e-05]
Cost = 104
----- Optimized Parameters (2 sig. digits) -----
[0.5316, 300.6, 0.6708, 1.0, 921.0, 0.06649, 0.1744, 0.01, 4.721e-05]
Cost = 104
----- Optimized Parameters (2 sig. digits) -----
[0.5316, 300.6, 0.6708, 1.0, 921.0, 0.06649, 0.1744, 0.01, 4.722e-05]
Cost = 104
----- Optimized Parameters (2 sig. digits) -----
[0.5316, 300.6, 0.6708, 1.0, 921.0, 0.06649, 0.1744, 0.01, 4.729e-05]
Cost = 104
----- Optimized Parameters (2 sig. digits) -----
[0.5316, 300.6, 0.6708, 1.0, 921.0, 0.06649, 0.1744, 0.01, 4.729e-05]
Cost = 104
----- Optimized Parameters (2 sig. digits) -----
[0.5316, 300.6, 0.6708, 1.0, 921.0, 0.06649, 0.1744, 0.01, 4.729e-05]
Cost = 104
----- Optimized Parameters (2 sig. digits) -----
[0.5316, 300.6, 0.6708, 1.0, 921.0, 0.06649, 0.1744, 0.01, 4.729e-05]
Cost = 104
----- Optimized Parameters (2 sig. digits) -----
[0.5316, 300.6, 0.6708, 1.0, 921.0, 0.06649, 0.1744, 0.01, 4.729e-05]
Cost = 104
----- Optimized Parameters (2 sig. digits) -----
[0.5316, 300.6, 0.6708, 1.0, 921.0, 0.06649, 0.1744, 0.01, 4.729e-05]
Cost = 104
----- Optimized Parameters (2 sig. digits) -----
[0.5316, 300.6, 0.6708, 1.0, 921.0, 0.06649, 0.1744, 0.01, 4.729e-05]
Cost = 104
----- Optimized Parameters (2 sig. digits) -----
[0.5316, 300.6, 0.6708, 1.0, 921.0, 0.06649, 0.1744, 0.01, 4.729e-05]
Cost = 104
----- Optimized Parameters (2 sig. digits) -----
[0.5316, 300.6, 0.6708, 1.0, 921.0, 0.06649, 0.1744, 0.01, 4.729e-05]
Cost = 104
----- Optimized Parameters (2 sig. digits) -----
[0.5316, 300.6, 0.6708, 1.0, 921.0, 0.06649, 0.1744, 0.01, 4.73e-05]
Cost = 104
----- Optimized Parameters (2 sig. digits) -----
[0.5316, 300.6, 0.6708, 1.0, 921.0, 0.06649, 0.1744, 0.01, 4.729e-05]
Cost = 104
Job Statistics for 7018522:
           JobID       User               Start                 End    Elapsed   TotalCPU      State        NodeList 
---------------- ---------- ------------------- ------------------- ---------- ---------- ---------- --------------- 
         7018522     sxa126 2025-07-26T03:17:43 2025-07-26T04:12:16   00:54:33   04:04:51  COMPLETED   r1pl-hpcf-n24 
   7018522.batch            2025-07-26T03:17:43 2025-07-26T04:12:16   00:54:33   04:04:51  COMPLETED   r1pl-hpcf-n24 
  7018522.extern            2025-07-26T03:17:43 2025-07-26T04:12:16   00:54:33  00:00.002  COMPLETED   r1pl-hpcf-n24 
Requested Resources: billing=5,cpu=5,mem=37275M,node=1
Maximum CPU Memory: 118.95M; 	CPU Efficiency: 89.77% of 04:32:45 core-walltime
